[2025-07-12 00:00:58] Usuario: Juan Lopez (Rol: Administrador) Acción: El usuario ha iniciado sesión.
[2025-07-12 00:01:02] Usuario: Juan Lopez (Rol: Administrador) Acción: Accedió a la sección de Estadísticas
[2025-07-12 00:07:14] Usuario: Juan Lopez (Rol: Administrador) Acción: El usuario ha iniciado sesión.
[2025-07-12 00:07:18] Usuario: Juan Lopez (Rol: Administrador) Acción: Accedió a la sección de Estadísticas
[2025-07-12 00:29:05] Usuario: Juan Lopez (Rol: Administrador) Acción: El usuario ha iniciado sesión.
[2025-07-12 00:29:18] Usuario: Juan Lopez (Rol: Administrador) Acción: Accedió a la sección de Estadísticas
[2025-07-12 00:34:41] Usuario: Juan Lopez (Rol: Administrador) Acción: El usuario ha iniciado sesión.
[2025-07-12 00:34:44] Usuario: Juan Lopez (Rol: Administrador) Acción: Accedió a la sección de Estadísticas
[2025-07-12 00:39:04] Usuario: Juan Lopez (Rol: Administrador) Acción: El usuario ha iniciado sesión.
[2025-07-12 00:39:10] Usuario: Juan Lopez (Rol: Administrador) Acción: Accedió a la sección de Estadísticas
[2025-07-12 00:39:16] Usuario: Juan Lopez (Rol: Administrador) Acción: El usuario ha iniciado sesión.
[2025-07-12 00:39:17] Usuario: Juan Lopez (Rol: Administrador) Acción: Accedió a la sección de Estadísticas
[2025-07-12 00:57:58] Usuario: Juan Lopez (Rol: Administrador) Acción: El usuario ha iniciado sesión.
[2025-07-12 00:58:09] Usuario: Juan Lopez (Rol: Administrador) Acción: Accedió a la sección de Estadísticas
[2025-07-12 01:04:48] Usuario: Juan Lopez (Rol: Administrador) Acción: El usuario ha iniciado sesión.
[2025-07-12 01:04:52] Usuario: Juan Lopez (Rol: Administrador) Acción: Accedió a la sección de Estadísticas
[2025-07-12 01:08:06] Usuario: Juan Lopez (Rol: Administrador) Acción: El usuario ha iniciado sesión.
[2025-07-12 01:08:09] Usuario: Juan Lopez (Rol: Administrador) Acción: Accedió a la sección de Estadísticas
[2025-07-12 01:10:11] Usuario: Juan Lopez (Rol: Administrador) Acción: El usuario ha iniciado sesión.
[2025-07-12 01:10:12] Usuario: Juan Lopez (Rol: Administrador) Acción: Accedió a la sección de Pedidos
[2025-07-12 01:10:38] Usuario: Juan Lopez (Rol: Administrador) Acción: El usuario ha iniciado sesión.
[2025-07-12 01:10:38] Usuario: Juan Lopez (Rol: Administrador) Acción: Accedió a la sección de Pedidos
[2025-07-12 01:10:59] Usuario: Juan Lopez (Rol: Administrador) Acción: Pedido entregado: 2
[2025-07-12 01:12:06] Usuario: Juan Lopez (Rol: Administrador) Acción: El usuario ha iniciado sesión.
[2025-07-12 01:12:09] Usuario: Juan Lopez (Rol: Administrador) Acción: Accedió a la sección de Estadísticas
[2025-07-12 01:14:36] Usuario: Juan Lopez (Rol: Administrador) Acción: El usuario ha iniciado sesión.
[2025-07-12 01:14:37] Usuario: Juan Lopez (Rol: Administrador) Acción: Accedió a la sección de Pedidos
[2025-07-12 01:14:44] Usuario: Juan Lopez (Rol: Administrador) Acción: El usuario ha iniciado sesión.
[2025-07-12 01:14:45] Usuario: Juan Lopez (Rol: Administrador) Acción: Accedió a la sección de Estadísticas
[2025-07-12 01:17:30] Usuario: Juan Lopez (Rol: Administrador) Acción: El usuario ha iniciado sesión.
[2025-07-12 01:17:34] Usuario: Juan Lopez (Rol: Administrador) Acción: Accedió a la sección de Estadísticas
[2025-07-12 01:18:12] Usuario: Juan Lopez (Rol: Administrador) Acción: El usuario ha iniciado sesión.
[2025-07-12 01:18:13] Usuario: Juan Lopez (Rol: Administrador) Acción: Accedió a la sección de Pedidos
[2025-07-12 01:18:19] Usuario: Juan Lopez (Rol: Administrador) Acción: Pedido entregado: 2
[2025-07-12 01:18:21] Usuario: Juan Lopez (Rol: Administrador) Acción: El usuario ha iniciado sesión.
[2025-07-12 01:18:23] Usuario: Juan Lopez (Rol: Administrador) Acción: Accedió a la sección de Estadísticas
[2025-07-12 01:18:33] Usuario: Juan Lopez (Rol: Administrador) Acción: El usuario ha iniciado sesión.
[2025-07-12 01:18:35] Usuario: Juan Lopez (Rol: Administrador) Acción: Accedió a la sección de Pedidos
[2025-07-12 01:25:39] Usuario: Juan Lopez (Rol: Administrador) Acción: El usuario ha iniciado sesión.
[2025-07-12 01:25:41] Usuario: Juan Lopez (Rol: Administrador) Acción: Accedió a la sección de Pedidos
[2025-07-12 01:25:55] Usuario: Juan Lopez (Rol: Administrador) Acción: El usuario ha iniciado sesión.
[2025-07-12 01:25:57] Usuario: Juan Lopez (Rol: Administrador) Acción: Accedió a la sección de Pedidos
[2025-07-12 01:33:06] Usuario: Juan Lopez (Rol: Administrador) Acción: El usuario ha iniciado sesión.
[2025-07-12 01:33:09] Usuario: Juan Lopez (Rol: Administrador) Acción: Accedió a la sección de Pedidos
[2025-07-12 01:33:17] Usuario: Juan Lopez (Rol: Administrador) Acción: El usuario ha iniciado sesión.
[2025-07-12 01:33:18] Usuario: Juan Lopez (Rol: Administrador) Acción: Accedió a la sección de Pedidos
[2025-07-12 01:34:26] Usuario: Juan Lopez (Rol: Administrador) Acción: El usuario ha iniciado sesión.
[2025-07-12 01:34:30] Usuario: Juan Lopez (Rol: Administrador) Acción: Accedió a la sección de Pedidos
[2025-07-12 01:37:02] Usuario: Juan Lopez (Rol: Administrador) Acción: El usuario ha iniciado sesión.
[2025-07-12 01:37:05] Usuario: Juan Lopez (Rol: Administrador) Acción: Accedió a la sección de Pedidos
[2025-07-12 01:37:14] Usuario: Juan Lopez (Rol: Administrador) Acción: Pedido entregado: 3
[2025-07-12 01:37:22] Usuario: Juan Lopez (Rol: Administrador) Acción: El usuario ha iniciado sesión.
[2025-07-12 01:37:23] Usuario: Juan Lopez (Rol: Administrador) Acción: Accedió a la sección de Pedidos
[2025-07-12 01:41:39] Usuario: Juan Lopez (Rol: Administrador) Acción: El usuario ha iniciado sesión.
[2025-07-12 01:41:42] Usuario: Juan Lopez (Rol: Administrador) Acción: Accedió a la sección de Pedidos
[2025-07-12 01:43:14] Usuario: Juan Lopez (Rol: Administrador) Acción: Pedido entregado: 9
[2025-07-12 01:43:25] Usuario: Juan Lopez (Rol: Administrador) Acción: El usuario ha iniciado sesión.
[2025-07-12 01:45:33] Usuario: Juan Lopez (Rol: Administrador) Acción: El usuario ha iniciado sesión.
[2025-07-12 01:45:37] Usuario: Juan Lopez (Rol: Administrador) Acción: Accedió a la sección de Pedidos
[2025-07-12 01:45:47] Usuario: Juan Lopez (Rol: Administrador) Acción: El usuario ha iniciado sesión.
[2025-07-12 01:45:49] Usuario: Juan Lopez (Rol: Administrador) Acción: Accedió a la sección de Productos
[2025-07-12 01:47:53] Usuario: Juan Lopez (Rol: Administrador) Acción: El usuario ha iniciado sesión.
[2025-07-12 01:47:55] Usuario: Juan Lopez (Rol: Administrador) Acción: Accedió a la sección de Productos
[2025-07-12 01:48:03] Usuario: Juan Lopez (Rol: Administrador) Acción: El usuario ha iniciado sesión.
[2025-07-12 01:48:03] Usuario: Juan Lopez (Rol: Administrador) Acción: El usuario regresó al menú principal desde la pantalla de Productos.
[2025-07-12 01:48:05] Usuario: Juan Lopez (Rol: Administrador) Acción: Accedió a la sección de Recetas
[2025-07-12 01:48:07] Usuario: Juan Lopez (Rol: Administrador) Acción: El usuario regresó al menú principal desde la pantalla de gestión de recetas.
[2025-07-12 01:48:07] Usuario: Juan Lopez (Rol: Administrador) Acción: El usuario ha iniciado sesión.
[2025-07-12 01:48:09] Usuario: Juan Lopez (Rol: Administrador) Acción: Accedió a la sección de Stock
[2025-07-12 01:55:01] Usuario: Juan Lopez (Rol: Administrador) Acción: El usuario ha iniciado sesión.
[2025-07-12 01:55:08] Usuario: Juan Lopez (Rol: Administrador) Acción: Accedió a la sección de Stock
[2025-07-12 01:55:31] Usuario: Juan Lopez (Rol: Administrador) Acción: El usuario ha iniciado sesión.
[2025-07-12 01:55:31] Usuario: Juan Lopez (Rol: Administrador) Acción: El usuario regresó al menú principal desde la pantalla de gestión de insumos.
[2025-07-12 01:55:35] Usuario: Juan Lopez (Rol: Administrador) Acción: Accedió a la sección de Stock
[2025-07-12 01:55:46] Usuario: Juan Lopez (Rol: Administrador) Acción: El usuario ha iniciado sesión.
[2025-07-12 01:55:46] Usuario: Juan Lopez (Rol: Administrador) Acción: El usuario regresó al menú principal desde la pantalla de gestión de insumos.
[2025-07-12 01:56:44] Usuario: Juan Lopez (Rol: Administrador) Acción: Accedió a la sección de Estadísticas
[2025-07-12 01:57:00] Usuario: Juan Lopez (Rol: Administrador) Acción: El usuario ha iniciado sesión.
[2025-07-12 01:57:01] Usuario: Juan Lopez (Rol: Administrador) Acción: Accedió a la sección de Pedidos
[2025-07-12 01:57:28] Usuario: Juan Lopez (Rol: Administrador) Acción: Pedido entregado: 8
[2025-07-12 01:57:30] Usuario: Juan Lopez (Rol: Administrador) Acción: El usuario ha iniciado sesión.
[2025-07-12 01:57:34] Usuario: Juan Lopez (Rol: Administrador) Acción: Accedió a la sección de Pedidos
[2025-07-12 01:57:36] Usuario: Juan Lopez (Rol: Administrador) Acción: El usuario ha iniciado sesión.
[2025-07-12 01:57:37] Usuario: Juan Lopez (Rol: Administrador) Acción: Accedió a la sección de Estadísticas
[2025-07-12 01:58:20] Usuario: Juan Lopez (Rol: Administrador) Acción: El usuario ha iniciado sesión.
[2025-07-12 01:58:22] Usuario: Juan Lopez (Rol: Administrador) Acción: Accedió a la sección de Pedidos
[2025-07-12 01:59:38] Usuario: Juan Lopez (Rol: Administrador) Acción: El usuario ha iniciado sesión.
[2025-07-12 02:00:35] Usuario: Juan Lopez (Rol: Administrador) Acción: Accedió a la sección de Estadísticas
[2025-07-12 02:09:56] Usuario: Juan Lopez (Rol: Administrador) Acción: El usuario ha iniciado sesión.
[2025-07-12 02:10:00] Usuario: Juan Lopez (Rol: Administrador) Acción: Accedió a la sección de Estadísticas
[2025-07-12 02:18:26] Usuario: Juan Lopez (Rol: Administrador) Acción: El usuario ha iniciado sesión.
[2025-07-12 02:18:37] Usuario: Juan Lopez (Rol: Administrador) Acción: Accedió a la sección de Estadísticas
[2025-07-12 02:22:46] Usuario: Juan Lopez (Rol: Administrador) Acción: El usuario ha iniciado sesión.
[2025-07-12 02:22:51] Usuario: Juan Lopez (Rol: Administrador) Acción: Accedió a la sección de Estadísticas
[2025-07-12 02:25:15] Usuario: Juan Lopez (Rol: Administrador) Acción: El usuario ha iniciado sesión.
[2025-07-12 02:25:19] Usuario: Juan Lopez (Rol: Administrador) Acción: Accedió a la sección de Estadísticas
[2025-07-12 02:27:38] Usuario: Juan Lopez (Rol: Administrador) Acción: El usuario ha iniciado sesión.
[2025-07-12 02:27:40] Usuario: Juan Lopez (Rol: Administrador) Acción: Accedió a la sección de Estadísticas
[2025-07-12 02:33:09] Usuario: Juan Lopez (Rol: Administrador) Acción: El usuario ha iniciado sesión.
[2025-07-12 02:33:12] Usuario: Juan Lopez (Rol: Administrador) Acción: Accedió a la sección de Estadísticas
[2025-07-12 02:33:51] Usuario: Juan Lopez (Rol: Administrador) Acción: El usuario ha iniciado sesión.
[2025-07-12 02:34:10] Usuario: Juan Lopez (Rol: Administrador) Acción: Accedió a la sección de Stock
[2025-07-12 02:34:24] Usuario: Juan Lopez (Rol: Administrador) Acción: El usuario ha iniciado sesión.
[2025-07-12 02:34:24] Usuario: Juan Lopez (Rol: Administrador) Acción: El usuario regresó al menú principal desde la pantalla de gestión de insumos.
[2025-07-12 02:34:25] Usuario: Juan Lopez (Rol: Administrador) Acción: Accedió a la sección de Pedidos
[2025-07-12 02:36:31] Usuario: Juan Lopez (Rol: Administrador) Acción: El usuario ha iniciado sesión.
[2025-07-12 02:36:33] Usuario: Juan Lopez (Rol: Administrador) Acción: Accedió a la sección de Recetas
[2025-07-12 02:36:36] Usuario: Juan Lopez (Rol: Administrador) Acción: El usuario regresó al menú principal desde la pantalla de gestión de recetas.
[2025-07-12 02:36:36] Usuario: Juan Lopez (Rol: Administrador) Acción: El usuario ha iniciado sesión.
[2025-07-12 02:36:36] Usuario: Juan Lopez (Rol: Administrador) Acción: Accedió a la sección de Productos
[2025-07-12 02:36:40] Usuario: Juan Lopez (Rol: Administrador) Acción: El usuario ha iniciado sesión.
[2025-07-12 02:36:40] Usuario: Juan Lopez (Rol: Administrador) Acción: El usuario regresó al menú principal desde la pantalla de Productos.
[2025-07-12 02:36:40] Usuario: Juan Lopez (Rol: Administrador) Acción: Accedió a la sección de Pedidos
[2025-07-12 02:36:43] Usuario: Juan Lopez (Rol: Administrador) Acción: El usuario ha iniciado sesión.
[2025-07-12 02:36:44] Usuario: Juan Lopez (Rol: Administrador) Acción: Accedió a la sección de Eventos
[2025-07-12 02:36:44] Usuario: Juan Lopez (Rol: Administrador) Acción: Evento agregado para la fecha: 2024-11-15
[2025-07-12 02:36:44] Usuario: Juan Lopez (Rol: Administrador) Acción: Evento agregado para la fecha: 2024-12-10
[2025-07-12 02:36:44] Usuario: Juan Lopez (Rol: Administrador) Acción: Evento agregado para la fecha: 2024-12-20
[2025-07-12 02:36:44] Usuario: Juan Lopez (Rol: Administrador) Acción: Evento agregado para la fecha: 2024-10-27
[2025-07-12 02:36:44] Usuario: Juan Lopez (Rol: Administrador) Acción: Evento agregado para la fecha: 2024-11-30
[2025-07-12 02:36:44] Usuario: Juan Lopez (Rol: Administrador) Acción: Calendario para el mes: 2025-07 generado correctamente.
[2025-07-12 02:36:44] Usuario: Juan Lopez (Rol: Administrador) Acción: Evento agregado para la fecha: 2025-07-05
[2025-07-12 02:36:44] Usuario: Juan Lopez (Rol: Administrador) Acción: Calendario para el mes: 2025-07 generado correctamente.
[2025-07-12 02:36:44] Usuario: Juan Lopez (Rol: Administrador) Acción: Evento agregado para la fecha: 2025-07-18
[2025-07-12 02:36:44] Usuario: Juan Lopez (Rol: Administrador) Acción: Calendario para el mes: 2025-07 generado correctamente.
[2025-07-12 02:36:44] Usuario: Juan Lopez (Rol: Administrador) Acción: Calendario para el mes: 2025-07 generado correctamente.
[2025-07-12 02:36:44] Usuario: Juan Lopez (Rol: Administrador) Acción: Calendario inicializado para el mes: 2025-07
[2025-07-12 02:36:46] Usuario: Juan Lopez (Rol: Administrador) Acción: El usuario ha iniciado sesión.
[2025-07-12 02:36:46] Usuario: Juan Lopez (Rol: Administrador) Acción: Volviendo al menú principal.
[2025-07-12 02:36:47] Usuario: Juan Lopez (Rol: Administrador) Acción: Accedió a la sección de Proveedores
[2025-07-12 02:36:49] Usuario: Juan Lopez (Rol: Administrador) Acción: El usuario ha iniciado sesión.
[2025-07-12 02:36:49] Usuario: Juan Lopez (Rol: Administrador) Acción: El usuario volvió al menú principal.
[2025-07-12 02:40:55] Usuario: Juan Lopez (Rol: Administrador) Acción: El usuario ha iniciado sesión.
[2025-07-12 02:41:02] Usuario: Juan Lopez (Rol: Administrador) Acción: Accedió a la sección de Pedidos
[2025-07-12 02:41:05] Usuario: Juan Lopez (Rol: Administrador) Acción: El usuario ha iniciado sesión.
[2025-07-12 02:41:58] Usuario: Juan Lopez (Rol: Administrador) Acción: El usuario ha iniciado sesión.
[2025-07-12 02:42:00] Usuario: Juan Lopez (Rol: Administrador) Acción: Accedió a la sección de Pedidos
[2025-07-12 02:42:03] Usuario: Juan Lopez (Rol: Administrador) Acción: El usuario ha iniciado sesión.
[2025-07-12 02:42:04] Usuario: Juan Lopez (Rol: Administrador) Acción: Accedió a la sección de Proveedores
[2025-07-12 02:42:08] Usuario: Juan Lopez (Rol: Administrador) Acción: El usuario ha iniciado sesión.
[2025-07-12 02:42:08] Usuario: Juan Lopez (Rol: Administrador) Acción: El usuario volvió al menú principal.
[2025-07-12 02:42:10] Usuario: Juan Lopez (Rol: Administrador) Acción: Accedió a la sección de Stock
[2025-07-12 02:42:25] Usuario: Juan Lopez (Rol: Administrador) Acción: El usuario ha iniciado sesión.
[2025-07-12 02:42:25] Usuario: Juan Lopez (Rol: Administrador) Acción: El usuario regresó al menú principal desde la pantalla de gestión de insumos.
[2025-07-12 02:42:30] Usuario: Juan Lopez (Rol: Administrador) Acción: Accedió a la sección de Pedidos
[2025-07-12 02:49:19] Usuario: Juan Lopez (Rol: Administrador) Acción: El usuario ha iniciado sesión.
[2025-07-12 02:49:23] Usuario: Juan Lopez (Rol: Administrador) Acción: Accedió a la sección de Pedidos
[2025-07-12 02:53:36] Usuario: Juan Lopez (Rol: Administrador) Acción: El usuario ha iniciado sesión.
[2025-07-12 02:53:40] Usuario: Juan Lopez (Rol: Administrador) Acción: Accedió a la sección de Pedidos
[2025-07-12 02:54:56] Usuario: Juan Lopez (Rol: Administrador) Acción: El usuario ha iniciado sesión.
[2025-07-12 02:55:00] Usuario: Juan Lopez (Rol: Administrador) Acción: Accedió a la sección de Pedidos
[2025-07-12 02:58:58] Usuario: Juan Lopez (Rol: Administrador) Acción: El usuario ha iniciado sesión.
[2025-07-12 02:59:03] Usuario: Juan Lopez (Rol: Administrador) Acción: El usuario accedió a la sección de Configuración
[2025-07-12 02:59:14] Usuario: Juan Lopez (Rol: Administrador) Acción: El usuario accedió a la pantalla de gestión de roles.
[2025-07-12 02:59:14] Usuario: Juan Lopez (Rol: Administrador) Acción: Roles cargados desde la base de datos: 3 roles disponibles.
[2025-07-12 02:59:14] Usuario: Juan Lopez (Rol: Administrador) Acción: No se seleccionó ningún rol. Los permisos han sido deshabilitados.
[2025-07-12 02:59:14] Usuario: Juan Lopez (Rol: Administrador) Acción: El usuario accedió a la ventana de control de roles y permisos para gestionar los privilegios de los usuarios.
[2025-07-12 02:59:17] Usuario: Juan Lopez (Rol: Administrador) Acción: El usuario asignó el permiso Settings-ver al rol: Empleado
[2025-07-12 02:59:17] Usuario: Juan Lopez (Rol: Administrador) Acción: El usuario asignó el permiso Sabores-ver al rol: Empleado
[2025-07-12 02:59:17] Usuario: Juan Lopez (Rol: Administrador) Acción: El usuario asignó el permiso Insumos-ver al rol: Empleado
[2025-07-12 02:59:17] Usuario: Juan Lopez (Rol: Administrador) Acción: El usuario asignó el permiso Proveedores-ver al rol: Empleado
[2025-07-12 02:59:17] Usuario: Juan Lopez (Rol: Administrador) Acción: Se cargaron permisos para el rol: Empleado
[2025-07-12 02:59:19] Usuario: Juan Lopez (Rol: Administrador) Acción: El usuario asignó el permiso Config. Empleados-ver al rol: Empleado
[2025-07-12 02:59:23] Usuario: Juan Lopez (Rol: Administrador) Acción: El usuario asignó el permiso Config. Empleados-crear al rol: Empleado
[2025-07-12 02:59:23] Usuario: Juan Lopez (Rol: Administrador) Acción: El usuario asignó el permiso Config. Empleados-modificar al rol: Empleado
[2025-07-12 02:59:23] Usuario: Juan Lopez (Rol: Administrador) Acción: El usuario asignó el permiso Config. Empleados-eliminar al rol: Empleado
[2025-07-12 02:59:23] Usuario: Juan Lopez (Rol: Administrador) Acción: El usuario asignó el permiso Config. Empleados-todos al rol: Empleado
[2025-07-12 02:59:24] Usuario: Juan Lopez (Rol: Administrador) Acción: El usuario revocó el permiso Config. Empleados-todos al rol: Empleado
[2025-07-12 02:59:24] Usuario: Juan Lopez (Rol: Administrador) Acción: El usuario revocó el permiso Config. Empleados-eliminar al rol: Empleado
[2025-07-12 02:59:25] Usuario: Juan Lopez (Rol: Administrador) Acción: El usuario revocó el permiso Config. Empleados-modificar al rol: Empleado
[2025-07-12 02:59:25] Usuario: Juan Lopez (Rol: Administrador) Acción: El usuario revocó el permiso Config. Empleados-crear al rol: Empleado
[2025-07-12 02:59:26] Usuario: Juan Lopez (Rol: Administrador) Acción: El usuario asignó el permiso Config. Empleados-eliminar al rol: Empleado
[2025-07-12 02:59:27] Usuario: Juan Lopez (Rol: Administrador) Acción: El usuario asignó el permiso Config. Empleados-crear al rol: Empleado
[2025-07-12 02:59:27] Usuario: Juan Lopez (Rol: Administrador) Acción: El usuario asignó el permiso Config. Empleados-modificar al rol: Empleado
[2025-07-12 02:59:27] Usuario: Juan Lopez (Rol: Administrador) Acción: El usuario asignó el permiso Config. Empleados-todos al rol: Empleado
[2025-07-12 02:59:28] Usuario: Juan Lopez (Rol: Administrador) Acción: El usuario revocó el permiso Config. Empleados-todos al rol: Empleado
[2025-07-12 02:59:29] Usuario: Juan Lopez (Rol: Administrador) Acción: El usuario asignó el permiso Config. Empleados-todos al rol: Empleado
[2025-07-12 02:59:30] Usuario: Juan Lopez (Rol: Administrador) Acción: El usuario revocó el permiso Config. Empleados-todos al rol: Empleado
[2025-07-12 02:59:30] Usuario: Juan Lopez (Rol: Administrador) Acción: El usuario revocó el permiso Config. Empleados-modificar al rol: Empleado
[2025-07-12 02:59:31] Usuario: Juan Lopez (Rol: Administrador) Acción: El usuario revocó el permiso Config. Empleados-crear al rol: Empleado
[2025-07-12 02:59:35] Usuario: Juan Lopez (Rol: Administrador) Acción: El usuario ha iniciado sesión.
[2025-07-12 02:59:35] Usuario: Juan Lopez (Rol: Administrador) Acción: El usuario regresó al menú principal desde la vista de configuraciones.
[2025-07-12 02:59:40] Usuario: Juan Lopez (Rol: Administrador) Acción: El usuario cerró sesión
[2025-07-12 03:00:10] Usuario: Lionel Messi (Rol: Empleado) Acción: El usuario ha iniciado sesión.
[2025-07-12 03:00:13] Usuario: Lionel Messi (Rol: Empleado) Acción: El usuario accedió a la sección de Configuración
[2025-07-12 03:00:20] Usuario: Lionel Messi (Rol: Empleado) Acción: El usuario abrió el formulario para eliminar un empleado del sistema.
[2025-07-12 03:00:29] Usuario: Lionel Messi (Rol: Empleado) Acción: Intento de auto-eliminación bloqueado para el usuario logeado: Lionel Messi
[2025-07-12 03:00:31] Usuario: Lionel Messi (Rol: Empleado) Acción: El usuario ha iniciado sesión.
[2025-07-12 03:00:31] Usuario: Lionel Messi (Rol: Empleado) Acción: El usuario regresó al menú principal desde la vista de configuraciones.
[2025-07-12 03:00:33] Usuario: Lionel Messi (Rol: Empleado) Acción: El usuario accedió a la sección de Configuración
[2025-07-12 03:00:38] Usuario: Lionel Messi (Rol: Empleado) Acción: El usuario abrió el formulario para eliminar un empleado del sistema.
[2025-07-12 03:00:43] Usuario: Lionel Messi (Rol: Empleado) Acción: Intento de auto-eliminación bloqueado para el usuario logeado: Lionel Messi
[2025-07-12 03:00:44] Usuario: Lionel Messi (Rol: Empleado) Acción: El usuario ha iniciado sesión.
[2025-07-12 03:00:44] Usuario: Lionel Messi (Rol: Empleado) Acción: El usuario regresó al menú principal desde la vista de configuraciones.
[2025-07-12 03:00:59] Usuario: Lionel Messi (Rol: Empleado) Acción: Accedió a la sección de Proveedores
[2025-07-12 03:01:06] Usuario: Lionel Messi (Rol: Empleado) Acción: El usuario ha iniciado sesión.
[2025-07-12 03:01:06] Usuario: Lionel Messi (Rol: Empleado) Acción: El usuario volvió al menú principal.
[2025-07-12 03:01:11] Usuario: Lionel Messi (Rol: Empleado) Acción: El usuario accedió a la sección de Configuración
[2025-07-12 03:01:13] Usuario: Lionel Messi (Rol: Empleado) Acción: El usuario abrió la ventana de gestión de sabores para administrar los sabores disponibles en la pastelería.
[2025-07-12 03:01:14] Usuario: Lionel Messi (Rol: Empleado) Acción: El usuario abrió la ventana de gestión de insumos para supervisar y registrar los ingredientes en stock.
[2025-07-12 03:01:15] Usuario: Lionel Messi (Rol: Empleado) Acción: El usuario abrió la ventana de gestión de sabores para administrar los sabores disponibles en la pastelería.
[2025-07-12 03:01:16] Usuario: Lionel Messi (Rol: Empleado) Acción: El usuario abrió la ventana de gestión de insumos para supervisar y registrar los ingredientes en stock.
[2025-07-12 03:01:18] Usuario: Lionel Messi (Rol: Empleado) Acción: El usuario abrió la ventana de gestión de sabores para administrar los sabores disponibles en la pastelería.
[2025-07-12 03:01:20] Usuario: Lionel Messi (Rol: Empleado) Acción: El usuario abrió el formulario para eliminar un empleado del sistema.
[2025-07-12 03:01:30] Usuario: Lionel Messi (Rol: Empleado) Acción: Intento de auto-eliminación bloqueado para el usuario logeado: Lionel Messi
[2025-07-12 03:01:32] Usuario: Lionel Messi (Rol: Empleado) Acción: El usuario ha iniciado sesión.
[2025-07-12 03:01:32] Usuario: Lionel Messi (Rol: Empleado) Acción: El usuario regresó al menú principal desde la vista de configuraciones.
[2025-07-12 03:05:57] Usuario: Juan Lopez (Rol: Administrador) Acción: El usuario ha iniciado sesión.
[2025-07-12 03:05:59] Usuario: Juan Lopez (Rol: Administrador) Acción: Accedió a la sección de Eventos
[2025-07-12 03:05:59] Usuario: Juan Lopez (Rol: Administrador) Acción: Evento agregado para la fecha: 2024-11-15
[2025-07-12 03:05:59] Usuario: Juan Lopez (Rol: Administrador) Acción: Evento agregado para la fecha: 2024-12-10
[2025-07-12 03:05:59] Usuario: Juan Lopez (Rol: Administrador) Acción: Evento agregado para la fecha: 2024-12-20
[2025-07-12 03:05:59] Usuario: Juan Lopez (Rol: Administrador) Acción: Evento agregado para la fecha: 2024-10-27
[2025-07-12 03:05:59] Usuario: Juan Lopez (Rol: Administrador) Acción: Evento agregado para la fecha: 2024-11-30
[2025-07-12 03:06:00] Usuario: Juan Lopez (Rol: Administrador) Acción: Calendario para el mes: 2025-07 generado correctamente.
[2025-07-12 03:06:00] Usuario: Juan Lopez (Rol: Administrador) Acción: Evento agregado para la fecha: 2025-07-05
[2025-07-12 03:06:00] Usuario: Juan Lopez (Rol: Administrador) Acción: Calendario para el mes: 2025-07 generado correctamente.
[2025-07-12 03:06:00] Usuario: Juan Lopez (Rol: Administrador) Acción: Evento agregado para la fecha: 2025-07-18
[2025-07-12 03:06:00] Usuario: Juan Lopez (Rol: Administrador) Acción: Calendario para el mes: 2025-07 generado correctamente.
[2025-07-12 03:06:00] Usuario: Juan Lopez (Rol: Administrador) Acción: Calendario para el mes: 2025-07 generado correctamente.
[2025-07-12 03:06:00] Usuario: Juan Lopez (Rol: Administrador) Acción: Calendario inicializado para el mes: 2025-07
[2025-07-12 03:06:01] Usuario: Juan Lopez (Rol: Administrador) Acción: El usuario ha iniciado sesión.
[2025-07-12 03:06:01] Usuario: Juan Lopez (Rol: Administrador) Acción: Volviendo al menú principal.
[2025-07-12 03:06:03] Usuario: Juan Lopez (Rol: Administrador) Acción: El usuario cerró sesión
[2025-07-12 03:07:38] Usuario: Juan Lopez (Rol: Administrador) Acción: El usuario ha iniciado sesión.
[2025-07-12 03:07:45] Usuario: Juan Lopez (Rol: Administrador) Acción: Accedió a la sección de Eventos
[2025-07-12 03:07:46] Usuario: Juan Lopez (Rol: Administrador) Acción: Evento agregado para la fecha: 2024-11-15
[2025-07-12 03:07:46] Usuario: Juan Lopez (Rol: Administrador) Acción: Evento agregado para la fecha: 2024-12-10
[2025-07-12 03:07:46] Usuario: Juan Lopez (Rol: Administrador) Acción: Evento agregado para la fecha: 2024-12-20
[2025-07-12 03:07:46] Usuario: Juan Lopez (Rol: Administrador) Acción: Evento agregado para la fecha: 2024-10-27
[2025-07-12 03:07:46] Usuario: Juan Lopez (Rol: Administrador) Acción: Evento agregado para la fecha: 2024-11-30
[2025-07-12 03:07:46] Usuario: Juan Lopez (Rol: Administrador) Acción: Calendario para el mes: 2025-07 generado correctamente.
[2025-07-12 03:07:46] Usuario: Juan Lopez (Rol: Administrador) Acción: Evento agregado para la fecha: 2025-07-05
[2025-07-12 03:07:46] Usuario: Juan Lopez (Rol: Administrador) Acción: Calendario para el mes: 2025-07 generado correctamente.
[2025-07-12 03:07:46] Usuario: Juan Lopez (Rol: Administrador) Acción: Evento agregado para la fecha: 2025-07-18
[2025-07-12 03:07:46] Usuario: Juan Lopez (Rol: Administrador) Acción: Calendario para el mes: 2025-07 generado correctamente.
[2025-07-12 03:07:46] Usuario: Juan Lopez (Rol: Administrador) Acción: Calendario para el mes: 2025-07 generado correctamente.
[2025-07-12 03:07:46] Usuario: Juan Lopez (Rol: Administrador) Acción: Calendario inicializado para el mes: 2025-07
[2025-07-12 03:07:51] Usuario: Juan Lopez (Rol: Administrador) Acción: Detalles del evento cargados para la fecha: 2025-07-05
[2025-07-12 03:07:52] Usuario: Juan Lopez (Rol: Administrador) Acción: Detalles del evento cargados para la fecha: 2025-07-18
[2025-07-12 03:07:53] Usuario: Juan Lopez (Rol: Administrador) Acción: Detalles del evento cargados para la fecha: 2025-07-05
[2025-07-12 03:07:56] Usuario: Juan Lopez (Rol: Administrador) Acción: Detalles del evento cargados para la fecha: 2025-07-18
[2025-07-12 03:07:57] Usuario: Juan Lopez (Rol: Administrador) Acción: Detalles del evento cargados para la fecha: 2025-07-05
[2025-07-12 03:13:41] Usuario: Juan Lopez (Rol: Administrador) Acción: El usuario ha iniciado sesión.
[2025-07-12 03:13:44] Usuario: Juan Lopez (Rol: Administrador) Acción: Accedió a la sección de Eventos
[2025-07-12 03:13:44] Usuario: Juan Lopez (Rol: Administrador) Acción: Evento agregado para la fecha: 2024-11-15
[2025-07-12 03:13:44] Usuario: Juan Lopez (Rol: Administrador) Acción: Evento agregado para la fecha: 2024-12-10
[2025-07-12 03:13:44] Usuario: Juan Lopez (Rol: Administrador) Acción: Evento agregado para la fecha: 2024-12-20
[2025-07-12 03:13:44] Usuario: Juan Lopez (Rol: Administrador) Acción: Evento agregado para la fecha: 2024-10-27
[2025-07-12 03:13:44] Usuario: Juan Lopez (Rol: Administrador) Acción: Evento agregado para la fecha: 2024-11-30
[2025-07-12 03:13:44] Usuario: Juan Lopez (Rol: Administrador) Acción: Calendario para el mes: 2025-07 generado correctamente.
[2025-07-12 03:13:44] Usuario: Juan Lopez (Rol: Administrador) Acción: Evento agregado para la fecha: 2025-07-05
[2025-07-12 03:13:44] Usuario: Juan Lopez (Rol: Administrador) Acción: Calendario para el mes: 2025-07 generado correctamente.
[2025-07-12 03:13:44] Usuario: Juan Lopez (Rol: Administrador) Acción: Evento agregado para la fecha: 2025-07-18
[2025-07-12 03:13:44] Usuario: Juan Lopez (Rol: Administrador) Acción: Calendario para el mes: 2025-07 generado correctamente.
[2025-07-12 03:13:44] Usuario: Juan Lopez (Rol: Administrador) Acción: Calendario para el mes: 2025-07 generado correctamente.
[2025-07-12 03:13:44] Usuario: Juan Lopez (Rol: Administrador) Acción: Calendario inicializado para el mes: 2025-07
[2025-07-12 03:13:53] Usuario: Juan Lopez (Rol: Administrador) Acción: Detalles del evento cargados para la fecha: 2025-07-05
[2025-07-12 03:13:54] Usuario: Juan Lopez (Rol: Administrador) Acción: Detalles del evento cargados para la fecha: 2025-07-18
[2025-07-12 03:13:54] Usuario: Juan Lopez (Rol: Administrador) Acción: Detalles del evento cargados para la fecha: 2025-07-05
[2025-07-12 03:13:55] Usuario: Juan Lopez (Rol: Administrador) Acción: Detalles del evento cargados para la fecha: 2025-07-18
[2025-07-12 03:14:27] Usuario: Juan Lopez (Rol: Administrador) Acción: Detalles del evento cargados para la fecha: 2025-07-18
[2025-07-12 03:14:27] Usuario: Juan Lopez (Rol: Administrador) Acción: Detalles del evento cargados para la fecha: 2025-07-05
[2025-07-12 03:14:29] Usuario: Juan Lopez (Rol: Administrador) Acción: Calendario para el mes: 2025-08 generado correctamente.
[2025-07-12 03:14:29] Usuario: Juan Lopez (Rol: Administrador) Acción: Cambiado al siguiente mes: 2025-08
[2025-07-12 03:14:30] Usuario: Juan Lopez (Rol: Administrador) Acción: Calendario para el mes: 2025-07 generado correctamente.
[2025-07-12 03:14:30] Usuario: Juan Lopez (Rol: Administrador) Acción: Cambiado al mes anterior: 2025-07
[2025-07-12 03:14:31] Usuario: Juan Lopez (Rol: Administrador) Acción: Calendario para el mes: 2025-08 generado correctamente.
[2025-07-12 03:14:31] Usuario: Juan Lopez (Rol: Administrador) Acción: Cambiado al siguiente mes: 2025-08
[2025-07-12 03:14:32] Usuario: Juan Lopez (Rol: Administrador) Acción: Calendario para el mes: 2025-09 generado correctamente.
[2025-07-12 03:14:32] Usuario: Juan Lopez (Rol: Administrador) Acción: Cambiado al siguiente mes: 2025-09
[2025-07-12 03:14:32] Usuario: Juan Lopez (Rol: Administrador) Acción: Calendario para el mes: 2025-10 generado correctamente.
[2025-07-12 03:14:32] Usuario: Juan Lopez (Rol: Administrador) Acción: Cambiado al siguiente mes: 2025-10
[2025-07-12 03:14:33] Usuario: Juan Lopez (Rol: Administrador) Acción: Calendario para el mes: 2025-11 generado correctamente.
[2025-07-12 03:14:33] Usuario: Juan Lopez (Rol: Administrador) Acción: Cambiado al siguiente mes: 2025-11
[2025-07-12 03:14:34] Usuario: Juan Lopez (Rol: Administrador) Acción: Calendario para el mes: 2025-10 generado correctamente.
[2025-07-12 03:14:34] Usuario: Juan Lopez (Rol: Administrador) Acción: Cambiado al mes anterior: 2025-10
[2025-07-12 03:14:34] Usuario: Juan Lopez (Rol: Administrador) Acción: Calendario para el mes: 2025-09 generado correctamente.
[2025-07-12 03:14:34] Usuario: Juan Lopez (Rol: Administrador) Acción: Cambiado al mes anterior: 2025-09
[2025-07-12 03:14:34] Usuario: Juan Lopez (Rol: Administrador) Acción: Calendario para el mes: 2025-08 generado correctamente.
[2025-07-12 03:14:34] Usuario: Juan Lopez (Rol: Administrador) Acción: Cambiado al mes anterior: 2025-08
[2025-07-12 03:14:35] Usuario: Juan Lopez (Rol: Administrador) Acción: Calendario para el mes: 2025-07 generado correctamente.
[2025-07-12 03:14:35] Usuario: Juan Lopez (Rol: Administrador) Acción: Cambiado al mes anterior: 2025-07
[2025-07-12 03:14:37] Usuario: Juan Lopez (Rol: Administrador) Acción: El usuario ha iniciado sesión.
[2025-07-12 03:14:37] Usuario: Juan Lopez (Rol: Administrador) Acción: Volviendo al menú principal.
[2025-07-12 03:20:36] Usuario: Juan Lopez (Rol: Administrador) Acción: El usuario ha iniciado sesión.
[2025-07-12 03:20:52] Usuario: Juan Lopez (Rol: Administrador) Acción: Accedió a la sección de Eventos
[2025-07-12 03:20:53] Usuario: Juan Lopez (Rol: Administrador) Acción: Evento agregado para la fecha: 2024-11-15
[2025-07-12 03:20:53] Usuario: Juan Lopez (Rol: Administrador) Acción: Evento agregado para la fecha: 2024-12-10
[2025-07-12 03:20:53] Usuario: Juan Lopez (Rol: Administrador) Acción: Evento agregado para la fecha: 2024-12-20
[2025-07-12 03:20:53] Usuario: Juan Lopez (Rol: Administrador) Acción: Evento agregado para la fecha: 2024-10-27
[2025-07-12 03:20:53] Usuario: Juan Lopez (Rol: Administrador) Acción: Evento agregado para la fecha: 2024-11-30
[2025-07-12 03:20:53] Usuario: Juan Lopez (Rol: Administrador) Acción: Calendario para el mes: 2025-07 generado correctamente.
[2025-07-12 03:20:53] Usuario: Juan Lopez (Rol: Administrador) Acción: Evento agregado para la fecha: 2025-07-05
[2025-07-12 03:20:53] Usuario: Juan Lopez (Rol: Administrador) Acción: Calendario para el mes: 2025-07 generado correctamente.
[2025-07-12 03:20:53] Usuario: Juan Lopez (Rol: Administrador) Acción: Evento agregado para la fecha: 2025-07-18
[2025-07-12 03:20:53] Usuario: Juan Lopez (Rol: Administrador) Acción: Calendario para el mes: 2025-07 generado correctamente.
[2025-07-12 03:20:53] Usuario: Juan Lopez (Rol: Administrador) Acción: Calendario para el mes: 2025-07 generado correctamente.
[2025-07-12 03:20:53] Usuario: Juan Lopez (Rol: Administrador) Acción: Calendario inicializado para el mes: 2025-07
[2025-07-12 03:20:54] Usuario: Juan Lopez (Rol: Administrador) Acción: Detalles del evento cargados para la fecha: 2025-07-05
[2025-07-12 03:20:56] Usuario: Juan Lopez (Rol: Administrador) Acción: Detalles del evento cargados para la fecha: 2025-07-18
[2025-07-12 03:31:02] Usuario: Juan Lopez (Rol: Administrador) Acción: El usuario ha iniciado sesión.
[2025-07-12 03:31:04] Usuario: Juan Lopez (Rol: Administrador) Acción: Accedió a la sección de Eventos
[2025-07-12 03:31:05] Usuario: Juan Lopez (Rol: Administrador) Acción: Evento agregado para la fecha: 2024-11-15
[2025-07-12 03:31:05] Usuario: Juan Lopez (Rol: Administrador) Acción: Evento agregado para la fecha: 2024-12-10
[2025-07-12 03:31:05] Usuario: Juan Lopez (Rol: Administrador) Acción: Evento agregado para la fecha: 2024-12-20
[2025-07-12 03:31:05] Usuario: Juan Lopez (Rol: Administrador) Acción: Evento agregado para la fecha: 2024-10-27
[2025-07-12 03:31:05] Usuario: Juan Lopez (Rol: Administrador) Acción: Evento agregado para la fecha: 2024-11-30
[2025-07-12 03:31:05] Usuario: Juan Lopez (Rol: Administrador) Acción: Calendario para el mes: 2025-07 generado correctamente.
[2025-07-12 03:31:05] Usuario: Juan Lopez (Rol: Administrador) Acción: Evento agregado para la fecha: 2025-07-05
[2025-07-12 03:31:05] Usuario: Juan Lopez (Rol: Administrador) Acción: Calendario para el mes: 2025-07 generado correctamente.
[2025-07-12 03:31:05] Usuario: Juan Lopez (Rol: Administrador) Acción: Evento agregado para la fecha: 2025-07-18
[2025-07-12 03:31:05] Usuario: Juan Lopez (Rol: Administrador) Acción: Calendario para el mes: 2025-07 generado correctamente.
[2025-07-12 03:31:05] Usuario: Juan Lopez (Rol: Administrador) Acción: Calendario para el mes: 2025-07 generado correctamente.
[2025-07-12 03:31:05] Usuario: Juan Lopez (Rol: Administrador) Acción: Calendario inicializado para el mes: 2025-07
[2025-07-12 03:31:06] Usuario: Juan Lopez (Rol: Administrador) Acción: Detalles del evento cargados para la fecha: 2025-07-18
[2025-07-12 03:31:08] Usuario: Juan Lopez (Rol: Administrador) Acción: Detalles del evento cargados para la fecha: 2025-07-05
[2025-07-12 03:31:11] Usuario: Juan Lopez (Rol: Administrador) Acción: Detalles del evento cargados para la fecha: 2025-07-05
[2025-07-12 03:31:15] Usuario: Juan Lopez (Rol: Administrador) Acción: Estado de evento actualizado a: Realizado
[2025-07-12 03:31:16] Usuario: Juan Lopez (Rol: Administrador) Acción: Estado de evento actualizado a: Realizado
[2025-07-12 03:31:18] Usuario: Juan Lopez (Rol: Administrador) Acción: Detalles del evento cargados para la fecha: 2025-07-18
[2025-07-12 03:31:19] Usuario: Juan Lopez (Rol: Administrador) Acción: Detalles del evento cargados para la fecha: 2025-07-18
[2025-07-12 03:31:20] Usuario: Juan Lopez (Rol: Administrador) Acción: Detalles del evento cargados para la fecha: 2025-07-05
[2025-07-12 03:31:20] Usuario: Juan Lopez (Rol: Administrador) Acción: Detalles del evento cargados para la fecha: 2025-07-18
[2025-07-12 03:31:21] Usuario: Juan Lopez (Rol: Administrador) Acción: Detalles del evento cargados para la fecha: 2025-07-05
[2025-07-12 03:31:56] Usuario: Juan Lopez (Rol: Administrador) Acción: El usuario ha iniciado sesión.
[2025-07-12 03:31:56] Usuario: Juan Lopez (Rol: Administrador) Acción: El usuario volvió al menú principal.
[2025-07-12 03:31:57] Usuario: Juan Lopez (Rol: Administrador) Acción: Accedió a la sección de Eventos
[2025-07-12 03:31:57] Usuario: Juan Lopez (Rol: Administrador) Acción: Evento agregado para la fecha: 2024-11-15
[2025-07-12 03:31:57] Usuario: Juan Lopez (Rol: Administrador) Acción: Evento agregado para la fecha: 2024-12-10
[2025-07-12 03:31:57] Usuario: Juan Lopez (Rol: Administrador) Acción: Evento agregado para la fecha: 2024-12-20
[2025-07-12 03:31:57] Usuario: Juan Lopez (Rol: Administrador) Acción: Evento agregado para la fecha: 2024-10-27
[2025-07-12 03:31:57] Usuario: Juan Lopez (Rol: Administrador) Acción: Evento agregado para la fecha: 2024-11-30
[2025-07-12 03:31:57] Usuario: Juan Lopez (Rol: Administrador) Acción: Calendario para el mes: 2025-07 generado correctamente.
[2025-07-12 03:31:57] Usuario: Juan Lopez (Rol: Administrador) Acción: Evento agregado para la fecha: 2025-07-05
[2025-07-12 03:31:57] Usuario: Juan Lopez (Rol: Administrador) Acción: Calendario para el mes: 2025-07 generado correctamente.
[2025-07-12 03:31:57] Usuario: Juan Lopez (Rol: Administrador) Acción: Evento agregado para la fecha: 2025-07-18
[2025-07-12 03:31:58] Usuario: Juan Lopez (Rol: Administrador) Acción: Calendario para el mes: 2025-07 generado correctamente.
[2025-07-12 03:31:58] Usuario: Juan Lopez (Rol: Administrador) Acción: Calendario para el mes: 2025-07 generado correctamente.
[2025-07-12 03:31:58] Usuario: Juan Lopez (Rol: Administrador) Acción: Calendario inicializado para el mes: 2025-07
[2025-07-12 03:31:58] Usuario: Juan Lopez (Rol: Administrador) Acción: Detalles del evento cargados para la fecha: 2025-07-05
[2025-07-12 03:32:00] Usuario: Juan Lopez (Rol: Administrador) Acción: Detalles del evento cargados para la fecha: 2025-07-18
[2025-07-12 03:32:01] Usuario: Juan Lopez (Rol: Administrador) Acción: Detalles del evento cargados para la fecha: 2025-07-05
[2025-07-12 03:36:16] Usuario: Juan Lopez (Rol: Administrador) Acción: El usuario ha iniciado sesión.
[2025-07-12 03:36:39] Usuario: Juan Lopez (Rol: Administrador) Acción: Accedió a la sección de Eventos
[2025-07-12 03:36:39] Usuario: Juan Lopez (Rol: Administrador) Acción: Evento agregado para la fecha: 2024-11-15
[2025-07-12 03:36:39] Usuario: Juan Lopez (Rol: Administrador) Acción: Evento agregado para la fecha: 2024-12-10
[2025-07-12 03:36:39] Usuario: Juan Lopez (Rol: Administrador) Acción: Evento agregado para la fecha: 2024-12-20
[2025-07-12 03:36:39] Usuario: Juan Lopez (Rol: Administrador) Acción: Evento agregado para la fecha: 2024-10-27
[2025-07-12 03:36:39] Usuario: Juan Lopez (Rol: Administrador) Acción: Evento agregado para la fecha: 2024-11-30
[2025-07-12 03:36:39] Usuario: Juan Lopez (Rol: Administrador) Acción: Calendario para el mes: 2025-07 generado correctamente.
[2025-07-12 03:36:39] Usuario: Juan Lopez (Rol: Administrador) Acción: Evento agregado para la fecha: 2025-07-05
[2025-07-12 03:36:39] Usuario: Juan Lopez (Rol: Administrador) Acción: Calendario para el mes: 2025-07 generado correctamente.
[2025-07-12 03:36:39] Usuario: Juan Lopez (Rol: Administrador) Acción: Evento agregado para la fecha: 2025-07-18
[2025-07-12 03:36:39] Usuario: Juan Lopez (Rol: Administrador) Acción: Calendario para el mes: 2025-07 generado correctamente.
[2025-07-12 03:36:39] Usuario: Juan Lopez (Rol: Administrador) Acción: Calendario para el mes: 2025-07 generado correctamente.
[2025-07-12 03:36:39] Usuario: Juan Lopez (Rol: Administrador) Acción: Calendario inicializado para el mes: 2025-07
[2025-07-12 03:36:40] Usuario: Juan Lopez (Rol: Administrador) Acción: Detalles del evento cargados para la fecha: 2025-07-18
[2025-07-12 03:36:44] Usuario: Juan Lopez (Rol: Administrador) Acción: Estado de evento actualizado a: Agendado
[2025-07-12 03:36:45] Usuario: Juan Lopez (Rol: Administrador) Acción: Estado de evento actualizado a: Realizado
[2025-07-12 03:36:45] Usuario: Juan Lopez (Rol: Administrador) Acción: Detalles del evento cargados para la fecha: 2025-07-05
[2025-07-12 03:36:46] Usuario: Juan Lopez (Rol: Administrador) Acción: Detalles del evento cargados para la fecha: 2025-07-18
[2025-07-12 03:36:47] Usuario: Juan Lopez (Rol: Administrador) Acción: Detalles del evento cargados para la fecha: 2025-07-05
[2025-07-12 03:36:49] Usuario: Juan Lopez (Rol: Administrador) Acción: Detalles del evento cargados para la fecha: 2025-07-18
[2025-07-12 03:36:50] Usuario: Juan Lopez (Rol: Administrador) Acción: Detalles del evento cargados para la fecha: 2025-07-05
[2025-07-12 03:36:50] Usuario: Juan Lopez (Rol: Administrador) Acción: Detalles del evento cargados para la fecha: 2025-07-18
[2025-07-12 03:36:51] Usuario: Juan Lopez (Rol: Administrador) Acción: Detalles del evento cargados para la fecha: 2025-07-05
[2025-07-12 03:36:51] Usuario: Juan Lopez (Rol: Administrador) Acción: Detalles del evento cargados para la fecha: 2025-07-18
[2025-07-12 03:37:45] Usuario: Juan Lopez (Rol: Administrador) Acción: Detalles del evento cargados para la fecha: 2025-07-18
[2025-07-12 03:37:45] Usuario: Juan Lopez (Rol: Administrador) Acción: Detalles del evento cargados para la fecha: 2025-07-05
[2025-07-12 03:40:39] Usuario: Juan Lopez (Rol: Administrador) Acción: El usuario ha iniciado sesión.
[2025-07-12 03:40:44] Usuario: Juan Lopez (Rol: Administrador) Acción: Accedió a la sección de Eventos
[2025-07-12 03:40:44] Usuario: Juan Lopez (Rol: Administrador) Acción: Evento agregado para la fecha: 2024-11-15
[2025-07-12 03:40:44] Usuario: Juan Lopez (Rol: Administrador) Acción: Evento agregado para la fecha: 2024-12-10
[2025-07-12 03:40:44] Usuario: Juan Lopez (Rol: Administrador) Acción: Evento agregado para la fecha: 2024-12-20
[2025-07-12 03:40:44] Usuario: Juan Lopez (Rol: Administrador) Acción: Evento agregado para la fecha: 2024-10-27
[2025-07-12 03:40:44] Usuario: Juan Lopez (Rol: Administrador) Acción: Evento agregado para la fecha: 2024-11-30
[2025-07-12 03:40:44] Usuario: Juan Lopez (Rol: Administrador) Acción: Calendario para el mes: 2025-07 generado correctamente.
[2025-07-12 03:40:44] Usuario: Juan Lopez (Rol: Administrador) Acción: Evento agregado para la fecha: 2025-07-05
[2025-07-12 03:40:44] Usuario: Juan Lopez (Rol: Administrador) Acción: Calendario para el mes: 2025-07 generado correctamente.
[2025-07-12 03:40:44] Usuario: Juan Lopez (Rol: Administrador) Acción: Evento agregado para la fecha: 2025-07-18
[2025-07-12 03:40:44] Usuario: Juan Lopez (Rol: Administrador) Acción: Calendario para el mes: 2025-07 generado correctamente.
[2025-07-12 03:40:44] Usuario: Juan Lopez (Rol: Administrador) Acción: Calendario para el mes: 2025-07 generado correctamente.
[2025-07-12 03:40:44] Usuario: Juan Lopez (Rol: Administrador) Acción: Calendario inicializado para el mes: 2025-07
[2025-07-12 03:40:46] Usuario: Juan Lopez (Rol: Administrador) Acción: Detalles del evento cargados para la fecha: 2025-07-18
[2025-07-12 03:40:48] Usuario: Juan Lopez (Rol: Administrador) Acción: Estado de evento actualizado a: Agendado
[2025-07-12 03:40:49] Usuario: Juan Lopez (Rol: Administrador) Acción: Detalles del evento cargados para la fecha: 2025-07-05
[2025-07-12 03:40:50] Usuario: Juan Lopez (Rol: Administrador) Acción: Detalles del evento cargados para la fecha: 2025-07-18
[2025-07-12 03:40:51] Usuario: Juan Lopez (Rol: Administrador) Acción: Detalles del evento cargados para la fecha: 2025-07-05
[2025-07-12 03:40:52] Usuario: Juan Lopez (Rol: Administrador) Acción: Detalles del evento cargados para la fecha: 2025-07-18
[2025-07-12 03:40:52] Usuario: Juan Lopez (Rol: Administrador) Acción: Detalles del evento cargados para la fecha: 2025-07-05
[2025-07-12 03:40:53] Usuario: Juan Lopez (Rol: Administrador) Acción: Detalles del evento cargados para la fecha: 2025-07-18
[2025-07-12 03:44:09] Usuario: Juan Lopez (Rol: Administrador) Acción: El usuario ha iniciado sesión.
[2025-07-12 03:44:13] Usuario: Juan Lopez (Rol: Administrador) Acción: Accedió a la sección de Eventos
[2025-07-12 03:44:13] Usuario: Juan Lopez (Rol: Administrador) Acción: Evento agregado para la fecha: 2024-11-15
[2025-07-12 03:44:13] Usuario: Juan Lopez (Rol: Administrador) Acción: Evento agregado para la fecha: 2024-12-10
[2025-07-12 03:44:13] Usuario: Juan Lopez (Rol: Administrador) Acción: Evento agregado para la fecha: 2024-12-20
[2025-07-12 03:44:13] Usuario: Juan Lopez (Rol: Administrador) Acción: Evento agregado para la fecha: 2024-10-27
[2025-07-12 03:44:13] Usuario: Juan Lopez (Rol: Administrador) Acción: Evento agregado para la fecha: 2024-11-30
[2025-07-12 03:44:13] Usuario: Juan Lopez (Rol: Administrador) Acción: Calendario para el mes: 2025-07 generado correctamente.
[2025-07-12 03:44:13] Usuario: Juan Lopez (Rol: Administrador) Acción: Evento agregado para la fecha: 2025-07-05
[2025-07-12 03:44:13] Usuario: Juan Lopez (Rol: Administrador) Acción: Calendario para el mes: 2025-07 generado correctamente.
[2025-07-12 03:44:13] Usuario: Juan Lopez (Rol: Administrador) Acción: Evento agregado para la fecha: 2025-07-18
[2025-07-12 03:44:13] Usuario: Juan Lopez (Rol: Administrador) Acción: Calendario para el mes: 2025-07 generado correctamente.
[2025-07-12 03:44:13] Usuario: Juan Lopez (Rol: Administrador) Acción: Calendario para el mes: 2025-07 generado correctamente.
[2025-07-12 03:44:13] Usuario: Juan Lopez (Rol: Administrador) Acción: Calendario inicializado para el mes: 2025-07
[2025-07-12 03:44:14] Usuario: Juan Lopez (Rol: Administrador) Acción: Detalles del evento cargados para la fecha: 2025-07-05
[2025-07-12 03:44:17] Usuario: Juan Lopez (Rol: Administrador) Acción: Detalles del evento cargados para la fecha: 2025-07-18
[2025-07-12 03:44:20] Usuario: Juan Lopez (Rol: Administrador) Acción: Estado de evento actualizado a: Realizado
[2025-07-12 03:44:22] Usuario: Juan Lopez (Rol: Administrador) Acción: Calendario para el mes: 2025-06 generado correctamente.
[2025-07-12 03:44:22] Usuario: Juan Lopez (Rol: Administrador) Acción: Cambiado al mes anterior: 2025-06
[2025-07-12 03:44:22] Usuario: Juan Lopez (Rol: Administrador) Acción: Calendario para el mes: 2025-07 generado correctamente.
[2025-07-12 03:44:22] Usuario: Juan Lopez (Rol: Administrador) Acción: Cambiado al siguiente mes: 2025-07
[2025-07-12 03:44:25] Usuario: Juan Lopez (Rol: Administrador) Acción: Detalles del evento cargados para la fecha: 2025-07-18
[2025-07-12 03:44:27] Usuario: Juan Lopez (Rol: Administrador) Acción: Estado de evento actualizado a: Agendado
[2025-07-12 03:44:28] Usuario: Juan Lopez (Rol: Administrador) Acción: Calendario para el mes: 2025-08 generado correctamente.
[2025-07-12 03:44:28] Usuario: Juan Lopez (Rol: Administrador) Acción: Cambiado al siguiente mes: 2025-08
[2025-07-12 03:44:29] Usuario: Juan Lopez (Rol: Administrador) Acción: Calendario para el mes: 2025-07 generado correctamente.
[2025-07-12 03:44:29] Usuario: Juan Lopez (Rol: Administrador) Acción: Cambiado al mes anterior: 2025-07
[2025-07-12 03:48:46] Usuario: Juan Lopez (Rol: Administrador) Acción: El usuario ha iniciado sesión.
[2025-07-12 03:48:49] Usuario: Juan Lopez (Rol: Administrador) Acción: Accedió a la sección de Eventos
[2025-07-12 03:48:50] Usuario: Juan Lopez (Rol: Administrador) Acción: Evento agregado para la fecha: 2024-11-15
[2025-07-12 03:48:50] Usuario: Juan Lopez (Rol: Administrador) Acción: Evento agregado para la fecha: 2024-12-10
[2025-07-12 03:48:50] Usuario: Juan Lopez (Rol: Administrador) Acción: Evento agregado para la fecha: 2024-12-20
[2025-07-12 03:48:50] Usuario: Juan Lopez (Rol: Administrador) Acción: Evento agregado para la fecha: 2024-10-27
[2025-07-12 03:48:50] Usuario: Juan Lopez (Rol: Administrador) Acción: Evento agregado para la fecha: 2024-11-30
[2025-07-12 03:48:50] Usuario: Juan Lopez (Rol: Administrador) Acción: Calendario para el mes: 2025-07 generado correctamente.
[2025-07-12 03:48:50] Usuario: Juan Lopez (Rol: Administrador) Acción: Evento agregado para la fecha: 2025-07-05
[2025-07-12 03:48:50] Usuario: Juan Lopez (Rol: Administrador) Acción: Calendario para el mes: 2025-07 generado correctamente.
[2025-07-12 03:48:50] Usuario: Juan Lopez (Rol: Administrador) Acción: Evento agregado para la fecha: 2025-07-18
[2025-07-12 03:48:50] Usuario: Juan Lopez (Rol: Administrador) Acción: Calendario para el mes: 2025-07 generado correctamente.
[2025-07-12 03:48:50] Usuario: Juan Lopez (Rol: Administrador) Acción: Calendario para el mes: 2025-07 generado correctamente.
[2025-07-12 03:48:50] Usuario: Juan Lopez (Rol: Administrador) Acción: Calendario inicializado para el mes: 2025-07
[2025-07-12 03:48:51] Usuario: Juan Lopez (Rol: Administrador) Acción: Detalles del evento cargados para la fecha: 2025-07-18
[2025-07-12 03:48:53] Usuario: Juan Lopez (Rol: Administrador) Acción: Estado de evento actualizado a: Realizado
[2025-07-12 03:48:53] Usuario: Juan Lopez (Rol: Administrador) Acción: Calendario para el mes: 2025-07 generado correctamente.
[2025-07-12 03:48:54] Usuario: Juan Lopez (Rol: Administrador) Acción: Detalles del evento cargados para la fecha: 2025-07-05
[2025-07-12 03:48:58] Usuario: Juan Lopez (Rol: Administrador) Acción: Estado de evento actualizado a: Agendado
[2025-07-12 03:48:58] Usuario: Juan Lopez (Rol: Administrador) Acción: Calendario para el mes: 2025-07 generado correctamente.
[2025-07-12 03:48:59] Usuario: Juan Lopez (Rol: Administrador) Acción: Detalles del evento cargados para la fecha: 2025-07-18
[2025-07-12 03:49:01] Usuario: Juan Lopez (Rol: Administrador) Acción: Estado de evento actualizado a: Agendado
[2025-07-12 03:49:01] Usuario: Juan Lopez (Rol: Administrador) Acción: Calendario para el mes: 2025-07 generado correctamente.
[2025-07-12 03:49:02] Usuario: Juan Lopez (Rol: Administrador) Acción: Detalles del evento cargados para la fecha: 2025-07-18
[2025-07-12 03:49:04] Usuario: Juan Lopez (Rol: Administrador) Acción: Estado de evento actualizado a: Realizado
[2025-07-12 03:49:04] Usuario: Juan Lopez (Rol: Administrador) Acción: Calendario para el mes: 2025-07 generado correctamente.
[2025-07-12 03:49:50] Usuario: Juan Lopez (Rol: Administrador) Acción: El usuario ha iniciado sesión.
[2025-07-12 03:49:50] Usuario: Juan Lopez (Rol: Administrador) Acción: El usuario volvió al menú principal.
[2025-07-12 03:49:51] Usuario: Juan Lopez (Rol: Administrador) Acción: Accedió a la sección de Eventos
[2025-07-12 03:49:52] Usuario: Juan Lopez (Rol: Administrador) Acción: Evento agregado para la fecha: 2024-11-15
[2025-07-12 03:49:52] Usuario: Juan Lopez (Rol: Administrador) Acción: Evento agregado para la fecha: 2024-12-10
[2025-07-12 03:49:52] Usuario: Juan Lopez (Rol: Administrador) Acción: Evento agregado para la fecha: 2024-12-20
[2025-07-12 03:49:52] Usuario: Juan Lopez (Rol: Administrador) Acción: Evento agregado para la fecha: 2024-10-27
[2025-07-12 03:49:52] Usuario: Juan Lopez (Rol: Administrador) Acción: Evento agregado para la fecha: 2024-11-30
[2025-07-12 03:49:52] Usuario: Juan Lopez (Rol: Administrador) Acción: Calendario para el mes: 2025-07 generado correctamente.
[2025-07-12 03:49:52] Usuario: Juan Lopez (Rol: Administrador) Acción: Evento agregado para la fecha: 2025-07-05
[2025-07-12 03:49:52] Usuario: Juan Lopez (Rol: Administrador) Acción: Calendario para el mes: 2025-07 generado correctamente.
[2025-07-12 03:49:52] Usuario: Juan Lopez (Rol: Administrador) Acción: Evento agregado para la fecha: 2025-07-18
[2025-07-12 03:49:52] Usuario: Juan Lopez (Rol: Administrador) Acción: Calendario para el mes: 2025-07 generado correctamente.
[2025-07-12 03:49:52] Usuario: Juan Lopez (Rol: Administrador) Acción: Calendario para el mes: 2025-07 generado correctamente.
[2025-07-12 03:49:52] Usuario: Juan Lopez (Rol: Administrador) Acción: Calendario inicializado para el mes: 2025-07
[2025-07-12 03:57:11] Usuario: Juan Lopez (Rol: Administrador) Acción: El usuario ha iniciado sesión.
[2025-07-12 03:57:16] Usuario: Juan Lopez (Rol: Administrador) Acción: Accedió a la sección de Eventos
[2025-07-12 03:58:34] Usuario: Juan Lopez (Rol: Administrador) Acción: El usuario ha iniciado sesión.
[2025-07-12 03:58:41] Usuario: Juan Lopez (Rol: Administrador) Acción: Accedió a la sección de Eventos
[2025-07-12 03:58:41] Usuario: Juan Lopez (Rol: Administrador) Acción: Evento agregado para la fecha: 2024-11-15
[2025-07-12 03:58:41] Usuario: Juan Lopez (Rol: Administrador) Acción: Evento agregado para la fecha: 2024-12-10
[2025-07-12 03:58:41] Usuario: Juan Lopez (Rol: Administrador) Acción: Evento agregado para la fecha: 2024-12-20
[2025-07-12 03:58:41] Usuario: Juan Lopez (Rol: Administrador) Acción: Evento agregado para la fecha: 2024-10-27
[2025-07-12 03:58:41] Usuario: Juan Lopez (Rol: Administrador) Acción: Evento agregado para la fecha: 2024-11-30
[2025-07-12 03:58:41] Usuario: Juan Lopez (Rol: Administrador) Acción: Calendario para el mes: 2025-07 generado correctamente.
[2025-07-12 03:58:41] Usuario: Juan Lopez (Rol: Administrador) Acción: Evento agregado para la fecha: 2025-07-05
[2025-07-12 03:58:41] Usuario: Juan Lopez (Rol: Administrador) Acción: Calendario para el mes: 2025-07 generado correctamente.
[2025-07-12 03:58:41] Usuario: Juan Lopez (Rol: Administrador) Acción: Evento agregado para la fecha: 2025-07-18
[2025-07-12 03:58:41] Usuario: Juan Lopez (Rol: Administrador) Acción: Calendario para el mes: 2025-07 generado correctamente.
[2025-07-12 03:58:41] Usuario: Juan Lopez (Rol: Administrador) Acción: Calendario para el mes: 2025-07 generado correctamente.
[2025-07-12 03:58:41] Usuario: Juan Lopez (Rol: Administrador) Acción: Calendario inicializado para el mes: 2025-07
[2025-07-12 03:58:43] Usuario: Juan Lopez (Rol: Administrador) Acción: Detalles del evento cargados para la fecha: 2025-07-18
[2025-07-12 03:58:44] Usuario: Juan Lopez (Rol: Administrador) Acción: Detalles del evento cargados para la fecha: 2025-07-05
[2025-07-12 03:58:46] Usuario: Juan Lopez (Rol: Administrador) Acción: Estado de evento actualizado a: Agendado
[2025-07-12 03:58:46] Usuario: Juan Lopez (Rol: Administrador) Acción: Calendario para el mes: 2025-07 generado correctamente.
[2025-07-12 03:58:48] Usuario: Juan Lopez (Rol: Administrador) Acción: El usuario ha iniciado sesión.
[2025-07-12 03:58:48] Usuario: Juan Lopez (Rol: Administrador) Acción: El usuario volvió al menú principal.
[2025-07-12 03:58:49] Usuario: Juan Lopez (Rol: Administrador) Acción: Accedió a la sección de Eventos
[2025-07-12 03:58:50] Usuario: Juan Lopez (Rol: Administrador) Acción: Evento agregado para la fecha: 2024-11-15
[2025-07-12 03:58:50] Usuario: Juan Lopez (Rol: Administrador) Acción: Evento agregado para la fecha: 2024-12-10
[2025-07-12 03:58:50] Usuario: Juan Lopez (Rol: Administrador) Acción: Evento agregado para la fecha: 2024-12-20
[2025-07-12 03:58:50] Usuario: Juan Lopez (Rol: Administrador) Acción: Evento agregado para la fecha: 2024-10-27
[2025-07-12 03:58:50] Usuario: Juan Lopez (Rol: Administrador) Acción: Evento agregado para la fecha: 2024-11-30
[2025-07-12 03:58:50] Usuario: Juan Lopez (Rol: Administrador) Acción: Calendario para el mes: 2025-07 generado correctamente.
[2025-07-12 03:58:50] Usuario: Juan Lopez (Rol: Administrador) Acción: Evento agregado para la fecha: 2025-07-05
[2025-07-12 03:58:50] Usuario: Juan Lopez (Rol: Administrador) Acción: Calendario para el mes: 2025-07 generado correctamente.
[2025-07-12 03:58:50] Usuario: Juan Lopez (Rol: Administrador) Acción: Evento agregado para la fecha: 2025-07-18
[2025-07-12 03:58:50] Usuario: Juan Lopez (Rol: Administrador) Acción: Calendario para el mes: 2025-07 generado correctamente.
[2025-07-12 03:58:50] Usuario: Juan Lopez (Rol: Administrador) Acción: Calendario para el mes: 2025-07 generado correctamente.
[2025-07-12 03:58:50] Usuario: Juan Lopez (Rol: Administrador) Acción: Calendario inicializado para el mes: 2025-07
[2025-07-12 04:00:44] Usuario: Juan Lopez (Rol: Administrador) Acción: Detalles del evento cargados para la fecha: 2025-07-18
[2025-07-12 04:03:15] Usuario: Juan Lopez (Rol: Administrador) Acción: El usuario ha iniciado sesión.
[2025-07-12 04:03:18] Usuario: Juan Lopez (Rol: Administrador) Acción: Accedió a la sección de Estadísticas
[2025-07-12 04:05:33] Usuario: null (Rol: Sin rol) Acción: Intento de login fallido con DNI: 12345678
[2025-07-12 04:05:38] Usuario: Juan Lopez (Rol: Administrador) Acción: El usuario ha iniciado sesión.
[2025-07-12 04:05:41] Usuario: Juan Lopez (Rol: Administrador) Acción: Accedió a la sección de Estadísticas
[2025-07-12 04:10:16] Usuario: Juan Lopez (Rol: Administrador) Acción: El usuario ha iniciado sesión.
[2025-07-12 04:10:24] Usuario: Juan Lopez (Rol: Administrador) Acción: Accedió a la sección de Estadísticas
[2025-07-12 04:19:48] Usuario: Juan Lopez (Rol: Administrador) Acción: El usuario ha iniciado sesión.
[2025-07-12 04:19:52] Usuario: Juan Lopez (Rol: Administrador) Acción: Accedió a la sección de Estadísticas
[2025-07-12 04:26:36] Usuario: Juan Lopez (Rol: Administrador) Acción: El usuario ha iniciado sesión.
[2025-07-12 04:26:40] Usuario: Juan Lopez (Rol: Administrador) Acción: Accedió a la sección de Estadísticas
[2025-07-12 04:32:26] Usuario: Juan Lopez (Rol: Administrador) Acción: El usuario ha iniciado sesión.
[2025-07-12 04:32:34] Usuario: Juan Lopez (Rol: Administrador) Acción: Accedió a la sección de Estadísticas
[2025-07-12 04:36:02] Usuario: Juan Lopez (Rol: Administrador) Acción: El usuario ha iniciado sesión.
[2025-07-12 04:36:10] Usuario: Juan Lopez (Rol: Administrador) Acción: Accedió a la sección de Estadísticas
[2025-07-12 04:39:34] Usuario: Juan Lopez (Rol: Administrador) Acción: El usuario ha iniciado sesión.
[2025-07-12 04:39:38] Usuario: Juan Lopez (Rol: Administrador) Acción: Accedió a la sección de Estadísticas
[2025-07-12 04:45:13] Usuario: Juan Lopez (Rol: Administrador) Acción: El usuario ha iniciado sesión.
[2025-07-12 04:45:20] Usuario: Juan Lopez (Rol: Administrador) Acción: Accedió a la sección de Estadísticas
[2025-07-12 04:48:39] Usuario: Juan Lopez (Rol: Administrador) Acción: El usuario ha iniciado sesión.
[2025-07-12 04:48:48] Usuario: Juan Lopez (Rol: Administrador) Acción: Accedió a la sección de Estadísticas
[2025-07-12 04:49:37] Usuario: Juan Lopez (Rol: Administrador) Acción: El usuario ha iniciado sesión.
[2025-07-12 04:49:42] Usuario: Juan Lopez (Rol: Administrador) Acción: Accedió a la sección de Stock
[2025-07-12 04:49:47] Usuario: Juan Lopez (Rol: Administrador) Acción: El usuario abrió el formulario para agregar un nuevo insumo.
[2025-07-12 04:50:04] Usuario: Juan Lopez (Rol: Administrador) Acción: CatalogoInsumo ACEITE creado con éxito.
[2025-07-12 04:50:43] Usuario: Juan Lopez (Rol: Administrador) Acción: El usuario guardó correctamente un insumo: ACEITE
[2025-07-12 04:50:55] Usuario: Juan Lopez (Rol: Administrador) Acción: El usuario ha iniciado sesión.
[2025-07-12 04:50:56] Usuario: Juan Lopez (Rol: Administrador) Acción: El usuario regresó al menú principal.
[2025-07-12 04:50:58] Usuario: Juan Lopez (Rol: Administrador) Acción: Accedió a la sección de Estadísticas
[2025-07-12 04:59:45] Usuario: Juan Lopez (Rol: Administrador) Acción: El usuario ha iniciado sesión.
[2025-07-12 04:59:49] Usuario: Juan Lopez (Rol: Administrador) Acción: Accedió a la sección de Estadísticas
[2025-07-12 05:02:58] Usuario: Juan Lopez (Rol: Administrador) Acción: El usuario ha iniciado sesión.
[2025-07-12 05:03:01] Usuario: Juan Lopez (Rol: Administrador) Acción: Accedió a la sección de Estadísticas
[2025-07-12 05:05:58] Usuario: Juan Lopez (Rol: Administrador) Acción: El usuario ha iniciado sesión.
[2025-07-12 05:06:00] Usuario: Juan Lopez (Rol: Administrador) Acción: Accedió a la sección de Estadísticas
