[2025-07-16 16:14:31] Usuario: Juan Lopez (Rol: Administrado) Acción: El usuario ha iniciado sesión.
[2025-07-16 16:14:38] Usuario: Juan Lopez (Rol: Administrado) Acción: Accedió a la sección de Pedidos
[2025-07-16 16:14:44] Usuario: Juan Lopez (Rol: Administrado) Acción: El usuario ha iniciado sesión.
[2025-07-16 16:16:14] Usuario: Juan Lopez (Rol: Administrado) Acción: Accedió a la sección de Recetas
[2025-07-16 16:16:17] Usuario: Juan Lopez (Rol: Administrado) Acción: El usuario regresó al menú principal desde la pantalla de gestión de recetas.
[2025-07-16 16:16:17] Usuario: Juan Lopez (Rol: Administrado) Acción: El usuario ha iniciado sesión.
[2025-07-16 16:16:22] Usuario: Juan Lopez (Rol: Administrado) Acción: Accedió a la sección de Proveedores
[2025-07-16 16:16:59] Usuario: Juan Lopez (Rol: Administrado) Acción: El usuario accedió al formulario para crear un proveedor.
[2025-07-16 16:41:21] Usuario: Juan Lopez (Rol: Administrado) Acción: El usuario ha iniciado sesión.
[2025-07-16 16:41:25] Usuario: Juan Lopez (Rol: Administrado) Acción: El usuario volvió al menú principal.
[2025-07-16 16:43:31] Usuario: Juan Lopez (Rol: Administrador) Acción: El usuario ha iniciado sesión.
[2025-07-16 16:43:38] Usuario: Juan Lopez (Rol: Administrador) Acción: Accedió a la sección de Productos
[2025-07-16 16:43:42] Usuario: Juan Lopez (Rol: Administrador) Acción: El usuario ha iniciado sesión.
[2025-07-16 16:43:42] Usuario: Juan Lopez (Rol: Administrador) Acción: El usuario regresó al menú principal desde la pantalla de Productos.
[2025-07-16 16:43:46] Usuario: Juan Lopez (Rol: Administrador) Acción: Accedió a la sección de Stock
[2025-07-16 16:45:50] Usuario: Juan Lopez (Rol: Administrador) Acción: El usuario ha iniciado sesión.
[2025-07-16 16:45:51] Usuario: Juan Lopez (Rol: Administrador) Acción: El usuario regresó al menú principal.
[2025-07-16 16:45:52] Usuario: Juan Lopez (Rol: Administrador) Acción: Accedió a la sección de Stock
[2025-07-16 16:56:00] Usuario: Juan Lopez (Rol: Administrador) Acción: El usuario ha iniciado sesión.
[2025-07-16 16:56:04] Usuario: Juan Lopez (Rol: Administrador) Acción: Accedió a la sección de Recetas
[2025-07-16 16:56:07] Usuario: Juan Lopez (Rol: Administrador) Acción: El usuario regresó al menú principal desde la pantalla de gestión de recetas.
[2025-07-16 16:56:07] Usuario: Juan Lopez (Rol: Administrador) Acción: El usuario ha iniciado sesión.
[2025-07-16 16:56:12] Usuario: Juan Lopez (Rol: Administrador) Acción: Accedió a la sección de Stock
[2025-07-16 16:56:25] Usuario: Juan Lopez (Rol: Administrador) Acción: El usuario abrió el formulario para agregar un nuevo insumo.
[2025-07-16 16:56:58] Usuario: Juan Lopez (Rol: Administrador) Acción: El usuario guardó correctamente un insumo: HARINA
[2025-07-16 16:57:10] Usuario: Juan Lopez (Rol: Administrador) Acción: El usuario abrió el formulario para agregar un nuevo insumo.
[2025-07-16 16:57:44] Usuario: Juan Lopez (Rol: Administrador) Acción: El usuario abrió el formulario para agregar un nuevo insumo.
[2025-07-16 16:58:17] Usuario: Juan Lopez (Rol: Administrador) Acción: El usuario guardó correctamente un insumo: LECHE
[2025-07-16 16:58:21] Usuario: Juan Lopez (Rol: Administrador) Acción: El usuario ha iniciado sesión.
[2025-07-16 16:58:22] Usuario: Juan Lopez (Rol: Administrador) Acción: El usuario regresó al menú principal.
[2025-07-16 16:58:24] Usuario: Juan Lopez (Rol: Administrador) Acción: Accedió a la sección de Stock
[2025-07-16 16:58:54] Usuario: Juan Lopez (Rol: Administrador) Acción: El usuario abrió el formulario para agregar un nuevo insumo.
[2025-07-16 16:59:33] Usuario: Juan Lopez (Rol: Administrador) Acción: El usuario guardó correctamente un insumo: ACEITE
[2025-07-16 16:59:37] Usuario: Juan Lopez (Rol: Administrador) Acción: El usuario abrió el formulario para agregar un nuevo insumo.
[2025-07-16 17:00:06] Usuario: Juan Lopez (Rol: Administrador) Acción: El usuario guardó correctamente un insumo: CHOCOLATE
[2025-07-16 17:00:10] Usuario: Juan Lopez (Rol: Administrador) Acción: El usuario abrió el formulario para agregar un nuevo insumo.
[2025-07-16 17:00:48] Usuario: Juan Lopez (Rol: Administrador) Acción: El usuario guardó correctamente un insumo: MANTECA
[2025-07-16 17:00:57] Usuario: Juan Lopez (Rol: Administrador) Acción: El usuario abrió el formulario para agregar un nuevo insumo.
[2025-07-16 17:01:42] Usuario: Juan Lopez (Rol: Administrador) Acción: El usuario guardó correctamente un insumo: LECHE CONDENSADA
[2025-07-16 17:01:46] Usuario: Juan Lopez (Rol: Administrador) Acción: El usuario abrió el formulario para agregar un nuevo insumo.
[2025-07-16 17:01:47] Usuario: Juan Lopez (Rol: Administrador) Acción: El usuario abrió el formulario para agregar un nuevo insumo.
[2025-07-16 17:01:49] Usuario: Juan Lopez (Rol: Administrador) Acción: El usuario abrió el formulario para agregar un nuevo insumo.
[2025-07-16 17:02:40] Usuario: Juan Lopez (Rol: Administrador) Acción: El usuario guardó correctamente un insumo: AZÚCAR
[2025-07-16 17:02:44] Usuario: Juan Lopez (Rol: Administrador) Acción: El usuario abrió el formulario para agregar un nuevo insumo.
[2025-07-16 17:03:58] Usuario: Juan Lopez (Rol: Administrador) Acción: El usuario guardó correctamente un insumo: FRUTILLAS
[2025-07-16 17:04:06] Usuario: Juan Lopez (Rol: Administrador) Acción: El usuario ha iniciado sesión.
[2025-07-16 17:04:06] Usuario: Juan Lopez (Rol: Administrador) Acción: El usuario regresó al menú principal.
[2025-07-16 17:04:17] Usuario: Juan Lopez (Rol: Administrador) Acción: Accedió a la sección de Recetas
[2025-07-16 17:04:22] Usuario: Juan Lopez (Rol: Administrador) Acción: El usuario quiere modificar la receta: Receta Tarta de Fresa
[2025-07-16 17:04:32] Usuario: Juan Lopez (Rol: Administrador) Acción: Ingrediente agregado: HARINA, Cantidad: 300 GR
[2025-07-16 17:04:41] Usuario: Juan Lopez (Rol: Administrador) Acción: Ingrediente agregado: LECHE, Cantidad: 150 ML
[2025-07-16 17:04:50] Usuario: Juan Lopez (Rol: Administrador) Acción: Ingrediente agregado: MANTECA, Cantidad: 50 GR
[2025-07-16 17:04:59] Usuario: Juan Lopez (Rol: Administrador) Acción: Ingrediente agregado: LECHE CONDENSADA, Cantidad: 30 ML
[2025-07-16 17:05:09] Usuario: Juan Lopez (Rol: Administrador) Acción: Ingrediente agregado: AZÚCAR, Cantidad: 25 GR
[2025-07-16 17:05:18] Usuario: Juan Lopez (Rol: Administrador) Acción: Ingrediente agregado: FRUTILLAS, Cantidad: 5 UNIDAD
[2025-07-16 17:05:21] Usuario: Juan Lopez (Rol: Administrador) Acción: Insumo de receta seleccionado para editar: FRUTILLAS
[2025-07-16 17:05:26] Usuario: Juan Lopez (Rol: Administrador) Acción: Receta guardada: Receta Tarta de Fresa
[2025-07-16 17:05:41] Usuario: Juan Lopez (Rol: Administrador) Acción: El usuario quiere modificar la receta: Receta Pastel de Chocolate
[2025-07-16 17:05:56] Usuario: Juan Lopez (Rol: Administrador) Acción: Ingrediente agregado: HARINA, Cantidad: 300 GR
[2025-07-16 17:06:24] Usuario: Juan Lopez (Rol: Administrador) Acción: Ingrediente agregado: LECHE, Cantidad: 100 ML
[2025-07-16 17:06:32] Usuario: Juan Lopez (Rol: Administrador) Acción: Ingrediente agregado: CHOCOLATE, Cantidad: 200 GR
[2025-07-16 17:06:40] Usuario: Juan Lopez (Rol: Administrador) Acción: Ingrediente agregado: MANTECA, Cantidad: 50 GR
[2025-07-16 17:06:55] Usuario: Juan Lopez (Rol: Administrador) Acción: Ingrediente agregado: AZÚCAR, Cantidad: 30 GR
[2025-07-16 17:06:56] Usuario: Juan Lopez (Rol: Administrador) Acción: Receta guardada: Receta Torta de Chocolate
[2025-07-16 17:07:07] Usuario: Juan Lopez (Rol: Administrador) Acción: El usuario quiere agregar una nueva receta.
[2025-07-16 17:07:30] Usuario: Juan Lopez (Rol: Administrador) Acción: El usuario quiere modificar la receta: Receta Trufas de Chocolate
[2025-07-16 17:07:43] Usuario: Juan Lopez (Rol: Administrador) Acción: Ingrediente agregado: HARINA, Cantidad: 100 GR
[2025-07-16 17:07:48] Usuario: Juan Lopez (Rol: Administrador) Acción: Ingrediente agregado: CHOCOLATE, Cantidad: 100 GR
[2025-07-16 17:07:59] Usuario: Juan Lopez (Rol: Administrador) Acción: Ingrediente agregado: LECHE, Cantidad: 30 ML
[2025-07-16 17:08:10] Usuario: Juan Lopez (Rol: Administrador) Acción: Ingrediente agregado: MANTECA, Cantidad: 30 GR
[2025-07-16 17:08:17] Usuario: Juan Lopez (Rol: Administrador) Acción: Ingrediente agregado: AZÚCAR, Cantidad: 25 GR
[2025-07-16 17:08:21] Usuario: Juan Lopez (Rol: Administrador) Acción: Receta guardada: Receta Trufas de Chocolate
[2025-07-16 17:08:35] Usuario: Juan Lopez (Rol: Administrador) Acción: El usuario regresó al menú principal desde la pantalla de gestión de recetas.
[2025-07-16 17:08:35] Usuario: Juan Lopez (Rol: Administrador) Acción: El usuario ha iniciado sesión.
[2025-07-16 17:08:39] Usuario: Juan Lopez (Rol: Administrador) Acción: Accedió a la sección de Productos
[2025-07-16 17:08:58] Usuario: Juan Lopez (Rol: Administrador) Acción: Producto modificado: Torta de Chocolate (ID: 1)
[2025-07-16 17:08:58] Usuario: Juan Lopez (Rol: Administrador) Acción: Modificar producto: Producto modificado: Torta de Chocolate
[2025-07-16 17:09:06] Usuario: Juan Lopez (Rol: Administrador) Acción: Producto modificado: Tarta de Fresa (ID: 2)
[2025-07-16 17:09:06] Usuario: Juan Lopez (Rol: Administrador) Acción: Modificar producto: Producto modificado: Tarta de Fresa
[2025-07-16 17:09:23] Usuario: Juan Lopez (Rol: Administrador) Acción: Producto modificado: Trufas de Chocolate (ID: 5)
[2025-07-16 17:09:23] Usuario: Juan Lopez (Rol: Administrador) Acción: Modificar producto: Producto modificado: Trufas de Chocolate
[2025-07-16 17:09:33] Usuario: Juan Lopez (Rol: Administrador) Acción: Modificar producto: Producto modificado: Galletas de Vainilla
[2025-07-16 17:09:41] Usuario: Juan Lopez (Rol: Administrador) Acción: Modificar producto: Producto modificado: Trufas de Chocolate
[2025-07-16 17:10:52] Usuario: Juan Lopez (Rol: Administrador) Acción: El usuario ha iniciado sesión.
[2025-07-16 17:10:53] Usuario: Juan Lopez (Rol: Administrador) Acción: El usuario regresó al menú principal desde la pantalla de Productos.
[2025-07-16 17:10:57] Usuario: Juan Lopez (Rol: Administrador) Acción: Accedió a la sección de Pedidos
[2025-07-16 17:11:59] Usuario: Juan Lopez (Rol: Administrador) Acción: Catálogo abierto correctamente.
[2025-07-16 17:12:04] Usuario: Juan Lopez (Rol: Administrador) Acción: Pedido creado: Ángel con productos: [Torta de Chocolate, Trufas de Chocolate, Tarta de Fresa]
[2025-07-16 17:12:04] Usuario: Juan Lopez (Rol: Administrador) Acción: Pedido creado: Ángel con productos: [Torta de Chocolate, Trufas de Chocolate, Tarta de Fresa]
[2025-07-16 17:12:23] Usuario: Juan Lopez (Rol: Administrador) Acción: El usuario ha iniciado sesión.
[2025-07-16 17:12:27] Usuario: Juan Lopez (Rol: Administrador) Acción: Accedió a la sección de Stock
[2025-07-16 17:13:44] Usuario: Juan Lopez (Rol: Administrador) Acción: El usuario ha iniciado sesión.
[2025-07-16 17:13:44] Usuario: Juan Lopez (Rol: Administrador) Acción: El usuario regresó al menú principal.
[2025-07-16 17:13:46] Usuario: Juan Lopez (Rol: Administrador) Acción: Accedió a la sección de Pedidos
[2025-07-16 17:13:54] Usuario: Juan Lopez (Rol: Administrador) Acción: El usuario ha iniciado sesión.
[2025-07-16 17:13:57] Usuario: Juan Lopez (Rol: Administrador) Acción: Accedió a la sección de Productos
[2025-07-16 17:14:05] Usuario: Juan Lopez (Rol: Administrador) Acción: El usuario ha iniciado sesión.
[2025-07-16 17:14:05] Usuario: Juan Lopez (Rol: Administrador) Acción: El usuario regresó al menú principal desde la pantalla de Productos.
[2025-07-16 17:14:07] Usuario: Juan Lopez (Rol: Administrador) Acción: Accedió a la sección de Recetas
[2025-07-16 17:18:24] Usuario: Juan Lopez (Rol: Administrador) Acción: El usuario regresó al menú principal desde la pantalla de gestión de recetas.
[2025-07-16 17:18:24] Usuario: Juan Lopez (Rol: Administrador) Acción: El usuario ha iniciado sesión.
[2025-07-16 17:18:29] Usuario: Juan Lopez (Rol: Administrador) Acción: Accedió a la sección de Stock
[2025-07-16 17:20:59] Usuario: Juan Lopez (Rol: Administrador) Acción: El usuario ha iniciado sesión.
[2025-07-16 17:21:05] Usuario: Juan Lopez (Rol: Administrador) Acción: El usuario regresó al menú principal.
[2025-07-16 17:21:07] Usuario: Juan Lopez (Rol: Administrador) Acción: Accedió a la sección de Productos
[2025-07-16 17:21:33] Usuario: Juan Lopez (Rol: Administrador) Acción: El usuario ha iniciado sesión.
[2025-07-16 17:21:34] Usuario: Juan Lopez (Rol: Administrador) Acción: El usuario regresó al menú principal desde la pantalla de Productos.
[2025-07-16 17:21:37] Usuario: Juan Lopez (Rol: Administrador) Acción: Accedió a la sección de Recetas
[2025-07-16 17:29:50] Usuario: Juan Lopez (Rol: Administrador) Acción: El usuario ha iniciado sesión.
[2025-07-16 17:29:58] Usuario: Juan Lopez (Rol: Administrador) Acción: Accedió a la sección de Pedidos
[2025-07-16 17:30:26] Usuario: Juan Lopez (Rol: Administrador) Acción: Catálogo abierto correctamente.
[2025-07-16 17:30:29] Usuario: Juan Lopez (Rol: Administrador) Acción: Pedido creado: Martin con productos: [Torta de Chocolate, Trufas de Chocolate, Tarta de Fresa]
[2025-07-16 17:30:29] Usuario: Juan Lopez (Rol: Administrador) Acción: Pedido creado: Martin con productos: [Torta de Chocolate, Trufas de Chocolate, Tarta de Fresa]
[2025-07-16 17:33:11] Usuario: Juan Lopez (Rol: Administrador) Acción: El usuario ha iniciado sesión.
[2025-07-16 17:33:17] Usuario: Juan Lopez (Rol: Administrador) Acción: Accedió a la sección de Pedidos
[2025-07-16 17:33:54] Usuario: Juan Lopez (Rol: Administrador) Acción: Catálogo abierto correctamente.
[2025-07-16 17:34:01] Usuario: Juan Lopez (Rol: Administrador) Acción: No hay insumos suficientes para el pedido.
[2025-07-16 17:34:43] Usuario: Juan Lopez (Rol: Administrador) Acción: El usuario ha iniciado sesión.
[2025-07-16 17:34:44] Usuario: Juan Lopez (Rol: Administrador) Acción: Accedió a la sección de Pedidos
[2025-07-16 17:50:21] Usuario: Juan Lopez (Rol: Administrador) Acción: El usuario ha iniciado sesión.
[2025-07-16 17:50:45] Usuario: Juan Lopez (Rol: Administrador) Acción: Accedió a la sección de Pedidos
[2025-07-16 17:51:13] Usuario: Juan Lopez (Rol: Administrador) Acción: Catálogo abierto correctamente.
[2025-07-16 17:51:17] Usuario: Juan Lopez (Rol: Administrador) Acción: No hay insumos suficientes para el pedido.
[2025-07-16 18:36:09] Usuario: Juan Lopez (Rol: Administrador) Acción: El usuario ha iniciado sesión.
[2025-07-16 18:36:16] Usuario: Juan Lopez (Rol: Administrador) Acción: Accedió a la sección de Stock
[2025-07-16 18:36:41] Usuario: Juan Lopez (Rol: Administrador) Acción: El usuario abrió el formulario para agregar un nuevo insumo.
[2025-07-16 18:37:14] Usuario: Juan Lopez (Rol: Administrador) Acción: El usuario guardó correctamente un insumo: FRUTILLAS
[2025-07-16 18:41:48] Usuario: Juan Lopez (Rol: Administrador) Acción: El usuario ha iniciado sesión.
[2025-07-16 18:41:54] Usuario: Juan Lopez (Rol: Administrador) Acción: Accedió a la sección de Stock
[2025-07-16 18:42:33] Usuario: Juan Lopez (Rol: Administrador) Acción: El usuario ha iniciado sesión.
[2025-07-16 18:42:34] Usuario: Juan Lopez (Rol: Administrador) Acción: El usuario regresó al menú principal.
[2025-07-16 18:42:35] Usuario: Juan Lopez (Rol: Administrador) Acción: Accedió a la sección de Stock
[2025-07-16 18:42:40] Usuario: Juan Lopez (Rol: Administrador) Acción: El usuario abrió el formulario para agregar un nuevo insumo.
[2025-07-16 18:43:16] Usuario: Juan Lopez (Rol: Administrador) Acción: El usuario guardó correctamente un insumo: FRUTILLAS
[2025-07-16 18:44:23] Usuario: Juan Lopez (Rol: Administrador) Acción: El usuario ha iniciado sesión.
[2025-07-16 18:44:25] Usuario: Juan Lopez (Rol: Administrador) Acción: El usuario regresó al menú principal.
[2025-07-16 18:44:26] Usuario: Juan Lopez (Rol: Administrador) Acción: Accedió a la sección de Pedidos
[2025-07-16 18:45:16] Usuario: Juan Lopez (Rol: Administrador) Acción: Catálogo abierto correctamente.
[2025-07-16 18:45:22] Usuario: Juan Lopez (Rol: Administrador) Acción: Pedido creado: Emiliano con productos: [Tarta de Fresa]
[2025-07-16 18:45:22] Usuario: Juan Lopez (Rol: Administrador) Acción: Pedido creado: Emiliano con productos: [Tarta de Fresa]
[2025-07-16 18:45:31] Usuario: Juan Lopez (Rol: Administrador) Acción: El usuario ha iniciado sesión.
[2025-07-16 18:45:33] Usuario: Juan Lopez (Rol: Administrador) Acción: Accedió a la sección de Pedidos
[2025-07-16 18:46:50] Usuario: Juan Lopez (Rol: Administrador) Acción: El usuario ha iniciado sesión.
[2025-07-16 18:46:52] Usuario: Juan Lopez (Rol: Administrador) Acción: Accedió a la sección de Stock
[2025-07-16 19:02:31] Usuario: Juan Lopez (Rol: Administrador) Acción: El usuario ha iniciado sesión.
[2025-07-16 19:02:47] Usuario: Juan Lopez (Rol: Administrador) Acción: Accedió a la sección de Pedidos
[2025-07-16 19:04:13] Usuario: Juan Lopez (Rol: Administrador) Acción: Catálogo abierto correctamente.
[2025-07-16 19:04:16] Usuario: Juan Lopez (Rol: Administrador) Acción: Pedido creado: Sergio con productos: [Tarta de Fresa]
[2025-07-16 19:04:16] Usuario: Juan Lopez (Rol: Administrador) Acción: Pedido creado: Sergio con productos: [Tarta de Fresa]
[2025-07-16 19:04:48] Usuario: Juan Lopez (Rol: Administrador) Acción: El usuario ha iniciado sesión.
[2025-07-16 19:04:53] Usuario: Juan Lopez (Rol: Administrador) Acción: Accedió a la sección de Stock
[2025-07-16 19:14:37] Usuario: Juan Lopez (Rol: Administrador) Acción: El usuario ha iniciado sesión.
[2025-07-16 19:14:42] Usuario: Juan Lopez (Rol: Administrador) Acción: Accedió a la sección de Pedidos
[2025-07-16 19:14:56] Usuario: Juan Lopez (Rol: Administrador) Acción: Pedido eliminado: 25
[2025-07-16 19:14:59] Usuario: Juan Lopez (Rol: Administrador) Acción: Pedido eliminado: 24
[2025-07-16 19:15:02] Usuario: Juan Lopez (Rol: Administrador) Acción: Pedido eliminado: 23
[2025-07-16 19:15:30] Usuario: Juan Lopez (Rol: Administrador) Acción: Catálogo abierto correctamente.
[2025-07-16 19:15:33] Usuario: Juan Lopez (Rol: Administrador) Acción: No hay insumos suficientes para el pedido. Faltantes: [InsumoFaltante(id=null, catalogoInsumo=CatalogoInsumo(id=8, nombre=FRUTILLAS, estado=UNIDAD, proveedor=El campo), cantidadFaltante=5.0, unidad=UNIDADES, resuelto=false)]
[2025-07-16 19:16:09] Usuario: Juan Lopez (Rol: Administrador) Acción: El usuario ha iniciado sesión.
[2025-07-16 19:17:22] Usuario: Juan Lopez (Rol: Administrador) Acción: Accedió a la sección de Pedidos
[2025-07-16 19:20:37] Usuario: Juan Lopez (Rol: Administrador) Acción: El usuario ha iniciado sesión.
[2025-07-16 19:20:40] Usuario: Juan Lopez (Rol: Administrador) Acción: Accedió a la sección de Stock
[2025-07-16 19:20:52] Usuario: Juan Lopez (Rol: Administrador) Acción: El usuario abrió el formulario para agregar un nuevo insumo.
[2025-07-16 19:20:53] Usuario: Juan Lopez (Rol: Administrador) Acción: El usuario abrió el formulario para agregar un nuevo insumo.
[2025-07-16 19:20:55] Usuario: Juan Lopez (Rol: Administrador) Acción: El usuario ha iniciado sesión.
[2025-07-16 19:20:56] Usuario: Juan Lopez (Rol: Administrador) Acción: El usuario regresó al menú principal.
[2025-07-16 19:20:57] Usuario: Juan Lopez (Rol: Administrador) Acción: Accedió a la sección de Pedidos
[2025-07-16 19:22:06] Usuario: Juan Lopez (Rol: Administrador) Acción: Catálogo abierto correctamente.
[2025-07-16 19:22:22] Usuario: Juan Lopez (Rol: Administrador) Acción: No hay insumos suficientes para el pedido. Faltantes: [InsumoFaltante(id=null, catalogoInsumo=CatalogoInsumo(id=8, nombre=FRUTILLAS, estado=UNIDAD, proveedor=El campo), cantidadFaltante=5.0, unidad=UNIDADES, resuelto=false)]
[2025-07-16 19:29:49] Usuario: Juan Lopez (Rol: Administrador) Acción: Pedido cancelado por el usuario.
[2025-07-16 19:47:12] Usuario: null (Rol: Sin rol) Acción: Intento de login fallido con DNI: 12345678
[2025-07-16 19:47:35] Usuario: Juan Lopez (Rol: Administrador) Acción: El usuario ha iniciado sesión.
[2025-07-16 19:48:16] Usuario: Juan Lopez (Rol: Administrador) Acción: El usuario ha iniciado sesión.
[2025-07-16 19:48:48] Usuario: Juan Lopez (Rol: Administrador) Acción: Accedió a la sección de Stock
[2025-07-16 19:49:09] Usuario: Juan Lopez (Rol: Administrador) Acción: El usuario ha iniciado sesión.
[2025-07-16 19:49:09] Usuario: Juan Lopez (Rol: Administrador) Acción: El usuario regresó al menú principal.
[2025-07-16 19:49:12] Usuario: Juan Lopez (Rol: Administrador) Acción: Accedió a la sección de Eventos
[2025-07-16 19:49:13] Usuario: Juan Lopez (Rol: Administrador) Acción: Evento agregado para la fecha: 2024-11-15
[2025-07-16 19:49:13] Usuario: Juan Lopez (Rol: Administrador) Acción: Evento agregado para la fecha: 2024-12-10
[2025-07-16 19:49:13] Usuario: Juan Lopez (Rol: Administrador) Acción: Evento agregado para la fecha: 2024-12-20
[2025-07-16 19:49:13] Usuario: Juan Lopez (Rol: Administrador) Acción: Evento agregado para la fecha: 2024-10-27
[2025-07-16 19:49:13] Usuario: Juan Lopez (Rol: Administrador) Acción: Evento agregado para la fecha: 2024-11-30
[2025-07-16 19:49:13] Usuario: Juan Lopez (Rol: Administrador) Acción: Calendario para el mes: 2025-07 generado correctamente.
[2025-07-16 19:49:13] Usuario: Juan Lopez (Rol: Administrador) Acción: Evento agregado para la fecha: 2025-07-05
[2025-07-16 19:49:13] Usuario: Juan Lopez (Rol: Administrador) Acción: Calendario para el mes: 2025-07 generado correctamente.
[2025-07-16 19:49:13] Usuario: Juan Lopez (Rol: Administrador) Acción: Evento agregado para la fecha: 2025-07-18
[2025-07-16 19:49:13] Usuario: Juan Lopez (Rol: Administrador) Acción: Calendario para el mes: 2025-07 generado correctamente.
[2025-07-16 19:49:13] Usuario: Juan Lopez (Rol: Administrador) Acción: Calendario para el mes: 2025-07 generado correctamente.
[2025-07-16 19:49:13] Usuario: Juan Lopez (Rol: Administrador) Acción: Calendario inicializado para el mes: 2025-07
[2025-07-16 19:49:19] Usuario: Juan Lopez (Rol: Administrador) Acción: Calendario para el mes: 2025-08 generado correctamente.
[2025-07-16 19:49:19] Usuario: Juan Lopez (Rol: Administrador) Acción: Cambiado al siguiente mes: 2025-08
[2025-07-16 19:49:20] Usuario: Juan Lopez (Rol: Administrador) Acción: Calendario para el mes: 2025-09 generado correctamente.
[2025-07-16 19:49:20] Usuario: Juan Lopez (Rol: Administrador) Acción: Cambiado al siguiente mes: 2025-09
[2025-07-16 19:49:21] Usuario: Juan Lopez (Rol: Administrador) Acción: Calendario para el mes: 2025-10 generado correctamente.
[2025-07-16 19:49:21] Usuario: Juan Lopez (Rol: Administrador) Acción: Cambiado al siguiente mes: 2025-10
[2025-07-16 19:49:22] Usuario: Juan Lopez (Rol: Administrador) Acción: Calendario para el mes: 2025-11 generado correctamente.
[2025-07-16 19:49:22] Usuario: Juan Lopez (Rol: Administrador) Acción: Cambiado al siguiente mes: 2025-11
[2025-07-16 19:49:22] Usuario: Juan Lopez (Rol: Administrador) Acción: Calendario para el mes: 2025-12 generado correctamente.
[2025-07-16 19:49:22] Usuario: Juan Lopez (Rol: Administrador) Acción: Cambiado al siguiente mes: 2025-12
[2025-07-16 19:49:24] Usuario: Juan Lopez (Rol: Administrador) Acción: Calendario para el mes: 2026-01 generado correctamente.
[2025-07-16 19:49:24] Usuario: Juan Lopez (Rol: Administrador) Acción: Cambiado al siguiente mes: 2026-01
[2025-07-16 19:49:26] Usuario: Juan Lopez (Rol: Administrador) Acción: Calendario para el mes: 2026-02 generado correctamente.
[2025-07-16 19:49:26] Usuario: Juan Lopez (Rol: Administrador) Acción: Cambiado al siguiente mes: 2026-02
[2025-07-16 19:49:27] Usuario: Juan Lopez (Rol: Administrador) Acción: Calendario para el mes: 2026-03 generado correctamente.
[2025-07-16 19:49:27] Usuario: Juan Lopez (Rol: Administrador) Acción: Cambiado al siguiente mes: 2026-03
[2025-07-16 19:49:29] Usuario: Juan Lopez (Rol: Administrador) Acción: Calendario para el mes: 2026-02 generado correctamente.
[2025-07-16 19:49:29] Usuario: Juan Lopez (Rol: Administrador) Acción: Cambiado al mes anterior: 2026-02
[2025-07-16 19:49:29] Usuario: Juan Lopez (Rol: Administrador) Acción: Calendario para el mes: 2026-01 generado correctamente.
[2025-07-16 19:49:29] Usuario: Juan Lopez (Rol: Administrador) Acción: Cambiado al mes anterior: 2026-01
[2025-07-16 19:49:30] Usuario: Juan Lopez (Rol: Administrador) Acción: Calendario para el mes: 2025-12 generado correctamente.
[2025-07-16 19:49:30] Usuario: Juan Lopez (Rol: Administrador) Acción: Cambiado al mes anterior: 2025-12
[2025-07-16 19:49:30] Usuario: Juan Lopez (Rol: Administrador) Acción: Calendario para el mes: 2025-11 generado correctamente.
[2025-07-16 19:49:30] Usuario: Juan Lopez (Rol: Administrador) Acción: Cambiado al mes anterior: 2025-11
[2025-07-16 19:49:30] Usuario: Juan Lopez (Rol: Administrador) Acción: Calendario para el mes: 2025-10 generado correctamente.
[2025-07-16 19:49:30] Usuario: Juan Lopez (Rol: Administrador) Acción: Cambiado al mes anterior: 2025-10
[2025-07-16 19:49:30] Usuario: Juan Lopez (Rol: Administrador) Acción: Calendario para el mes: 2025-09 generado correctamente.
[2025-07-16 19:49:30] Usuario: Juan Lopez (Rol: Administrador) Acción: Cambiado al mes anterior: 2025-09
[2025-07-16 19:49:31] Usuario: Juan Lopez (Rol: Administrador) Acción: Calendario para el mes: 2025-08 generado correctamente.
[2025-07-16 19:49:31] Usuario: Juan Lopez (Rol: Administrador) Acción: Cambiado al mes anterior: 2025-08
[2025-07-16 19:49:31] Usuario: Juan Lopez (Rol: Administrador) Acción: Calendario para el mes: 2025-07 generado correctamente.
[2025-07-16 19:49:31] Usuario: Juan Lopez (Rol: Administrador) Acción: Cambiado al mes anterior: 2025-07
[2025-07-16 19:49:36] Usuario: Juan Lopez (Rol: Administrador) Acción: El usuario ha iniciado sesión.
[2025-07-16 19:49:36] Usuario: Juan Lopez (Rol: Administrador) Acción: El usuario volvió al menú principal.
[2025-07-16 19:49:55] Usuario: Juan Lopez (Rol: Administrador) Acción: Accedió a la sección de Pedidos
[2025-07-16 19:50:09] Usuario: Juan Lopez (Rol: Administrador) Acción: Pedido entregado: 27
[2025-07-16 19:51:03] Usuario: Juan Lopez (Rol: Administrador) Acción: Catálogo abierto correctamente.
[2025-07-16 19:51:40] Usuario: Juan Lopez (Rol: Administrador) Acción: El usuario ha iniciado sesión.
[2025-07-16 19:51:43] Usuario: Juan Lopez (Rol: Administrador) Acción: Accedió a la sección de Stock
[2025-07-16 19:53:15] Usuario: Juan Lopez (Rol: Administrador) Acción: El usuario ha iniciado sesión.
[2025-07-16 19:53:16] Usuario: Juan Lopez (Rol: Administrador) Acción: El usuario regresó al menú principal.
[2025-07-16 19:53:21] Usuario: Juan Lopez (Rol: Administrador) Acción: Accedió a la sección de Estadísticas
[2025-07-16 19:55:01] Usuario: Juan Lopez (Rol: Administrador) Acción: El usuario ha iniciado sesión.
[2025-07-16 19:55:03] Usuario: Juan Lopez (Rol: Administrador) Acción: Accedió a la sección de Pedidos
[2025-07-16 19:55:10] Usuario: Juan Lopez (Rol: Administrador) Acción: El usuario ha iniciado sesión.
[2025-07-16 19:55:12] Usuario: Juan Lopez (Rol: Administrador) Acción: Accedió a la sección de Stock
[2025-07-16 19:55:15] Usuario: Juan Lopez (Rol: Administrador) Acción: El usuario ha iniciado sesión.
[2025-07-16 19:55:15] Usuario: Juan Lopez (Rol: Administrador) Acción: El usuario regresó al menú principal.
[2025-07-16 19:55:18] Usuario: Juan Lopez (Rol: Administrador) Acción: Accedió a la sección de Proveedores
[2025-07-16 19:55:26] Usuario: Juan Lopez (Rol: Administrador) Acción: El usuario ha iniciado sesión.
[2025-07-16 19:55:26] Usuario: Juan Lopez (Rol: Administrador) Acción: El usuario volvió al menú principal.
[2025-07-16 19:55:27] Usuario: Juan Lopez (Rol: Administrador) Acción: Accedió a la sección de Productos
[2025-07-16 19:55:33] Usuario: Juan Lopez (Rol: Administrador) Acción: El usuario ha iniciado sesión.
[2025-07-16 19:55:33] Usuario: Juan Lopez (Rol: Administrador) Acción: El usuario regresó al menú principal desde la pantalla de Productos.
[2025-07-16 19:55:34] Usuario: Juan Lopez (Rol: Administrador) Acción: Accedió a la sección de Recetas
[2025-07-16 19:55:43] Usuario: Juan Lopez (Rol: Administrador) Acción: El usuario regresó al menú principal desde la pantalla de gestión de recetas.
[2025-07-16 19:55:43] Usuario: Juan Lopez (Rol: Administrador) Acción: El usuario ha iniciado sesión.
[2025-07-16 19:55:48] Usuario: Juan Lopez (Rol: Administrador) Acción: Accedió a la sección de Recetas
[2025-07-16 19:56:01] Usuario: Juan Lopez (Rol: Administrador) Acción: El usuario regresó al menú principal desde la pantalla de gestión de recetas.
[2025-07-16 19:56:01] Usuario: Juan Lopez (Rol: Administrador) Acción: El usuario ha iniciado sesión.
[2025-07-16 19:56:03] Usuario: Juan Lopez (Rol: Administrador) Acción: Accedió a la sección de Eventos
[2025-07-16 19:56:04] Usuario: Juan Lopez (Rol: Administrador) Acción: Evento agregado para la fecha: 2024-11-15
[2025-07-16 19:56:04] Usuario: Juan Lopez (Rol: Administrador) Acción: Evento agregado para la fecha: 2024-12-10
[2025-07-16 19:56:04] Usuario: Juan Lopez (Rol: Administrador) Acción: Evento agregado para la fecha: 2024-12-20
[2025-07-16 19:56:04] Usuario: Juan Lopez (Rol: Administrador) Acción: Evento agregado para la fecha: 2024-10-27
[2025-07-16 19:56:04] Usuario: Juan Lopez (Rol: Administrador) Acción: Evento agregado para la fecha: 2024-11-30
[2025-07-16 19:56:04] Usuario: Juan Lopez (Rol: Administrador) Acción: Calendario para el mes: 2025-07 generado correctamente.
[2025-07-16 19:56:04] Usuario: Juan Lopez (Rol: Administrador) Acción: Evento agregado para la fecha: 2025-07-05
[2025-07-16 19:56:04] Usuario: Juan Lopez (Rol: Administrador) Acción: Calendario para el mes: 2025-07 generado correctamente.
[2025-07-16 19:56:04] Usuario: Juan Lopez (Rol: Administrador) Acción: Evento agregado para la fecha: 2025-07-18
[2025-07-16 19:56:04] Usuario: Juan Lopez (Rol: Administrador) Acción: Calendario para el mes: 2025-07 generado correctamente.
[2025-07-16 19:56:04] Usuario: Juan Lopez (Rol: Administrador) Acción: Calendario para el mes: 2025-07 generado correctamente.
[2025-07-16 19:56:04] Usuario: Juan Lopez (Rol: Administrador) Acción: Calendario inicializado para el mes: 2025-07
[2025-07-16 19:56:09] Usuario: Juan Lopez (Rol: Administrador) Acción: Detalles del evento cargados para la fecha: 2025-07-05
[2025-07-16 19:56:12] Usuario: Juan Lopez (Rol: Administrador) Acción: Detalles del evento cargados para la fecha: 2025-07-18
[2025-07-16 19:56:18] Usuario: Juan Lopez (Rol: Administrador) Acción: Calendario para el mes: 2025-08 generado correctamente.
[2025-07-16 19:56:18] Usuario: Juan Lopez (Rol: Administrador) Acción: Cambiado al siguiente mes: 2025-08
[2025-07-16 19:56:19] Usuario: Juan Lopez (Rol: Administrador) Acción: Calendario para el mes: 2025-09 generado correctamente.
[2025-07-16 19:56:19] Usuario: Juan Lopez (Rol: Administrador) Acción: Cambiado al siguiente mes: 2025-09
[2025-07-16 19:56:22] Usuario: Juan Lopez (Rol: Administrador) Acción: Calendario para el mes: 2025-10 generado correctamente.
[2025-07-16 19:56:22] Usuario: Juan Lopez (Rol: Administrador) Acción: Cambiado al siguiente mes: 2025-10
[2025-07-16 19:56:23] Usuario: Juan Lopez (Rol: Administrador) Acción: Calendario para el mes: 2025-11 generado correctamente.
[2025-07-16 19:56:23] Usuario: Juan Lopez (Rol: Administrador) Acción: Cambiado al siguiente mes: 2025-11
[2025-07-16 19:56:23] Usuario: Juan Lopez (Rol: Administrador) Acción: Calendario para el mes: 2025-12 generado correctamente.
[2025-07-16 19:56:23] Usuario: Juan Lopez (Rol: Administrador) Acción: Cambiado al siguiente mes: 2025-12
[2025-07-16 19:56:24] Usuario: Juan Lopez (Rol: Administrador) Acción: Calendario para el mes: 2026-01 generado correctamente.
[2025-07-16 19:56:24] Usuario: Juan Lopez (Rol: Administrador) Acción: Cambiado al siguiente mes: 2026-01
[2025-07-16 19:56:24] Usuario: Juan Lopez (Rol: Administrador) Acción: Calendario para el mes: 2026-02 generado correctamente.
[2025-07-16 19:56:24] Usuario: Juan Lopez (Rol: Administrador) Acción: Cambiado al siguiente mes: 2026-02
[2025-07-16 19:56:25] Usuario: Juan Lopez (Rol: Administrador) Acción: Calendario para el mes: 2026-03 generado correctamente.
[2025-07-16 19:56:25] Usuario: Juan Lopez (Rol: Administrador) Acción: Cambiado al siguiente mes: 2026-03
[2025-07-16 19:56:28] Usuario: Juan Lopez (Rol: Administrador) Acción: Calendario para el mes: 2026-02 generado correctamente.
[2025-07-16 19:56:28] Usuario: Juan Lopez (Rol: Administrador) Acción: Cambiado al mes anterior: 2026-02
[2025-07-16 19:56:28] Usuario: Juan Lopez (Rol: Administrador) Acción: Calendario para el mes: 2026-01 generado correctamente.
[2025-07-16 19:56:28] Usuario: Juan Lopez (Rol: Administrador) Acción: Cambiado al mes anterior: 2026-01
[2025-07-16 19:56:28] Usuario: Juan Lopez (Rol: Administrador) Acción: Calendario para el mes: 2025-12 generado correctamente.
[2025-07-16 19:56:28] Usuario: Juan Lopez (Rol: Administrador) Acción: Cambiado al mes anterior: 2025-12
[2025-07-16 19:56:32] Usuario: Juan Lopez (Rol: Administrador) Acción: El usuario ha iniciado sesión.
[2025-07-16 19:56:32] Usuario: Juan Lopez (Rol: Administrador) Acción: El usuario volvió al menú principal.
[2025-07-16 19:56:38] Usuario: Juan Lopez (Rol: Administrador) Acción: Accedió a la sección de Estadísticas
