[2025-06-08 17:01:30] Usuario: Juan Lopez (Rol: Administrador) Acción: El usuario ha iniciado sesión.
[2025-06-08 17:01:33] Usuario: Juan Lopez (Rol: Administrador) Acción: Accedió a la sección de Pedidos
[2025-06-08 17:02:09] Usuario: Juan Lopez (Rol: Administrador) Acción: Catálogo de pedidos abierto correctamente.
[2025-06-08 17:31:11] Usuario: Juan Lopez (Rol: Administrador) Acción: El usuario ha iniciado sesión.
[2025-06-08 17:31:13] Usuario: Juan Lopez (Rol: Administrador) Acción: Accedió a la sección de Pedidos
[2025-06-08 17:31:41] Usuario: Juan Lopez (Rol: Administrador) Acción: Catálogo abierto correctamente.
[2025-06-08 17:31:43] Usuario: Juan Lopez (Rol: Administrador) Acción: Insumo insuficiente: HARINA. Requerido: 250.0, disponible: 49.99799999999999
[2025-06-08 17:53:51] Usuario: Juan Lopez (Rol: Administrador) Acción: Catálogo abierto correctamente.
[2025-06-08 17:53:53] Usuario: Juan Lopez (Rol: Administrador) Acción: Insumo insuficiente: HARINA. Requerido: 250.0, disponible: 49.99749999999999
[2025-06-08 17:54:30] Usuario: Juan Lopez (Rol: Administrador) Acción: Catálogo abierto correctamente.
[2025-06-08 17:58:29] Usuario: Juan Lopez (Rol: Administrador) Acción: Catálogo abierto correctamente.
[2025-06-08 17:58:32] Usuario: Juan Lopez (Rol: Administrador) Acción: Insumo insuficiente: HARINA. Requerido: 250.0, disponible: 49.996999999999986
[2025-06-08 19:21:57] Usuario: Juan Lopez (Rol: Administrador) Acción: El usuario ha iniciado sesión.
[2025-06-08 19:21:59] Usuario: Juan Lopez (Rol: Administrador) Acción: Accedió a la sección de Pedidos
[2025-06-08 19:22:31] Usuario: Juan Lopez (Rol: Administrador) Acción: Catálogo abierto correctamente.
[2025-06-08 19:22:33] Usuario: Juan Lopez (Rol: Administrador) Acción: Insumo insuficiente: HARINA. Requerido: 250.0, disponible: 49.5
[2025-06-08 19:23:54] Usuario: Juan Lopez (Rol: Administrador) Acción: Catálogo abierto correctamente.
[2025-06-08 19:23:55] Usuario: Juan Lopez (Rol: Administrador) Acción: Insumo insuficiente: HARINA. Requerido: 250.0, disponible: 49.0
[2025-06-08 19:26:04] Usuario: Juan Lopez (Rol: Administrador) Acción: El usuario ha iniciado sesión.
[2025-06-08 19:26:05] Usuario: Juan Lopez (Rol: Administrador) Acción: Accedió a la sección de Pedidos
[2025-06-08 19:26:28] Usuario: Juan Lopez (Rol: Administrador) Acción: Catálogo abierto correctamente.
[2025-06-08 19:26:30] Usuario: Juan Lopez (Rol: Administrador) Acción: Insumo insuficiente: HARINA. Requerido: 250.0, disponible: 48.5
