[2025-07-15 16:13:56] Usuario: Juan Lopez (Rol: Administrado) Acción: El usuario ha iniciado sesión.
[2025-07-15 16:14:12] Usuario: Juan Lopez (Rol: Administrado) Acción: El usuario accedió a la sección de Configuración
[2025-07-15 16:14:19] Usuario: Juan Lopez (Rol: Administrado) Acción: El usuario abrió el formulario para modificar los datos de un empleado existente.
[2025-07-15 16:14:32] Usuario: Juan Lopez (Rol: Administrado) Acción: Empleado con DNI 40215591 actualizado exitosamente.
[2025-07-15 16:14:37] Usuario: Juan Lopez (Rol: Administrado) Acción: El usuario abrió el formulario para modificar los datos de un empleado existente.
[2025-07-15 16:14:45] Usuario: Juan Lopez (Rol: Administrado) Acción: Empleado con DNI 40215591 actualizado exitosamente.
[2025-07-15 16:15:06] Usuario: Juan Lopez (Rol: Administrado) Acción: El usuario accedió a la pantalla de gestión de roles.
[2025-07-15 16:15:06] Usuario: Juan Lopez (Rol: Administrado) Acción: Roles cargados desde la base de datos: 3 roles disponibles.
[2025-07-15 16:15:06] Usuario: Juan Lopez (Rol: Administrado) Acción: No se seleccionó ningún rol. Los permisos han sido deshabilitados.
[2025-07-15 16:15:06] Usuario: Juan Lopez (Rol: Administrado) Acción: El usuario accedió a la ventana de control de roles y permisos para gestionar los privilegios de los usuarios.
[2025-07-15 16:15:50] Usuario: Juan Lopez (Rol: Administrado) Acción: Se cargaron permisos para el rol: Empleado
[2025-07-15 16:17:22] Usuario: Juan Lopez (Rol: Administrado) Acción: El usuario abrió la ventana de gestión de clientes para administrar la información de los clientes.
[2025-07-15 16:17:28] Usuario: Juan Lopez (Rol: Administrado) Acción: El usuario abrió la ventana de gestión de sabores para administrar los sabores disponibles en la pastelería.
[2025-07-15 16:17:35] Usuario: Juan Lopez (Rol: Administrado) Acción: El usuario hizo clic en 'Modificar' para editar el sabor: Café
[2025-07-15 16:17:37] Usuario: Juan Lopez (Rol: Administrado) Acción: El usuario ha cancelado la acción de agregar o modificar sabor.
[2025-07-15 16:17:38] Usuario: Juan Lopez (Rol: Administrado) Acción: El usuario abrió la ventana de gestión de insumos para supervisar y registrar los ingredientes en stock.
[2025-07-15 16:17:43] Usuario: Juan Lopez (Rol: Administrado) Acción: El usuario abrió la ventana de configuración de notificaciones.
[2025-07-15 16:20:16] Usuario: Juan Lopez (Rol: Administrado) Acción: El usuario accedió a la pantalla de gestión de roles.
[2025-07-15 16:20:16] Usuario: Juan Lopez (Rol: Administrado) Acción: Roles cargados desde la base de datos: 3 roles disponibles.
[2025-07-15 16:20:16] Usuario: Juan Lopez (Rol: Administrado) Acción: No se seleccionó ningún rol. Los permisos han sido deshabilitados.
[2025-07-15 16:20:16] Usuario: Juan Lopez (Rol: Administrado) Acción: El usuario accedió a la ventana de control de roles y permisos para gestionar los privilegios de los usuarios.
[2025-07-15 16:20:22] Usuario: Juan Lopez (Rol: Administrado) Acción: El usuario abrió la ventana de gestión de clientes para administrar la información de los clientes.
[2025-07-15 16:20:27] Usuario: Juan Lopez (Rol: Administrado) Acción: El usuario abrió el formulario para modificar los datos de un empleado existente.
[2025-07-15 16:20:46] Usuario: Juan Lopez (Rol: Administrado) Acción: Empleado con DNI 15975368 actualizado exitosamente.
[2025-07-15 16:20:50] Usuario: Juan Lopez (Rol: Administrado) Acción: El usuario abrió el formulario para modificar los datos de un empleado existente.
[2025-07-15 16:20:59] Usuario: Juan Lopez (Rol: Administrado) Acción: Empleado con DNI 15975368 actualizado exitosamente.
[2025-07-15 16:21:01] Usuario: Juan Lopez (Rol: Administrado) Acción: El usuario abrió el formulario para modificar los datos de un empleado existente.
[2025-07-15 16:21:10] Usuario: Juan Lopez (Rol: Administrado) Acción: Empleado con DNI 15975368 actualizado exitosamente.
[2025-07-15 16:21:16] Usuario: Juan Lopez (Rol: Administrado) Acción: El usuario abrió el formulario para modificar los datos de un empleado existente.
[2025-07-15 16:26:41] Usuario: Juan Lopez (Rol: Administrado) Acción: El usuario ha iniciado sesión.
[2025-07-15 16:26:48] Usuario: Juan Lopez (Rol: Administrado) Acción: El usuario accedió a la sección de Configuración
[2025-07-15 16:26:54] Usuario: Juan Lopez (Rol: Administrado) Acción: El usuario accedió a la pantalla de gestión de roles.
[2025-07-15 16:26:54] Usuario: Juan Lopez (Rol: Administrado) Acción: Roles cargados desde la base de datos: 3 roles disponibles.
[2025-07-15 16:26:54] Usuario: Juan Lopez (Rol: Administrado) Acción: No se seleccionó ningún rol. Los permisos han sido deshabilitados.
[2025-07-15 16:26:54] Usuario: Juan Lopez (Rol: Administrado) Acción: El usuario accedió a la ventana de control de roles y permisos para gestionar los privilegios de los usuarios.
[2025-07-15 16:26:57] Usuario: Juan Lopez (Rol: Administrado) Acción: El usuario abrió el formulario para modificar los datos de un empleado existente.
[2025-07-15 16:27:08] Usuario: Juan Lopez (Rol: Administrado) Acción: Empleado con DNI 15975368 actualizado exitosamente.
[2025-07-15 16:27:10] Usuario: Juan Lopez (Rol: Administrado) Acción: El usuario abrió el formulario para modificar los datos de un empleado existente.
[2025-07-15 16:27:18] Usuario: Juan Lopez (Rol: Administrado) Acción: Empleado con DNI 15975368 actualizado exitosamente.
[2025-07-15 16:33:02] Usuario: Juan Lopez (Rol: Administrado) Acción: El usuario abrió la ventana de gestión de sabores para administrar los sabores disponibles en la pastelería.
[2025-07-15 16:35:42] Usuario: Juan Lopez (Rol: Administrado) Acción: El usuario hizo clic en 'Agregar' para crear un nuevo sabor.
[2025-07-15 16:35:47] Usuario: Juan Lopez (Rol: Administrado) Acción: El usuario ha cancelado la acción de agregar o modificar sabor.
[2025-07-15 16:35:49] Usuario: Juan Lopez (Rol: Administrado) Acción: El usuario abrió la ventana de gestión de insumos para supervisar y registrar los ingredientes en stock.
[2025-07-15 16:36:26] Usuario: Juan Lopez (Rol: Administrado) Acción: El usuario abrió la ventana de configuración de notificaciones.
[2025-07-15 16:36:27] Usuario: Juan Lopez (Rol: Administrado) Acción: El usuario abrió la ventana de acciones de usuario para visualizar las acciones.
[2025-07-15 16:36:58] Usuario: Juan Lopez (Rol: Administrado) Acción: El usuario abrió la ventana de configuración de notificaciones.
[2025-07-15 16:36:59] Usuario: Juan Lopez (Rol: Administrado) Acción: El usuario abrió la ventana de gestión de insumos para supervisar y registrar los ingredientes en stock.
[2025-07-15 16:37:00] Usuario: Juan Lopez (Rol: Administrado) Acción: El usuario abrió la ventana de gestión de sabores para administrar los sabores disponibles en la pastelería.
[2025-07-15 16:37:05] Usuario: Juan Lopez (Rol: Administrado) Acción: El usuario abrió la ventana de gestión de clientes para administrar la información de los clientes.
[2025-07-15 16:39:09] Usuario: Juan Lopez (Rol: Administrado) Acción: El usuario abrió la ventana de acciones de usuario para visualizar las acciones.
[2025-07-15 16:39:10] Usuario: Juan Lopez (Rol: Administrado) Acción: El usuario abrió la ventana de configuración de notificaciones.
[2025-07-15 16:39:12] Usuario: Juan Lopez (Rol: Administrado) Acción: El usuario abrió la ventana de gestión de insumos para supervisar y registrar los ingredientes en stock.
[2025-07-15 16:39:13] Usuario: Juan Lopez (Rol: Administrado) Acción: El usuario abrió la ventana de gestión de sabores para administrar los sabores disponibles en la pastelería.
[2025-07-15 16:39:14] Usuario: Juan Lopez (Rol: Administrado) Acción: El usuario abrió la ventana de gestión de clientes para administrar la información de los clientes.
[2025-07-15 16:39:16] Usuario: Juan Lopez (Rol: Administrado) Acción: El usuario accedió a la pantalla de gestión de roles.
[2025-07-15 16:39:16] Usuario: Juan Lopez (Rol: Administrado) Acción: Roles cargados desde la base de datos: 3 roles disponibles.
[2025-07-15 16:39:16] Usuario: Juan Lopez (Rol: Administrado) Acción: No se seleccionó ningún rol. Los permisos han sido deshabilitados.
[2025-07-15 16:39:16] Usuario: Juan Lopez (Rol: Administrado) Acción: El usuario accedió a la ventana de control de roles y permisos para gestionar los privilegios de los usuarios.
[2025-07-15 16:39:19] Usuario: Juan Lopez (Rol: Administrado) Acción: El usuario ha iniciado sesión.
[2025-07-15 16:39:20] Usuario: Juan Lopez (Rol: Administrado) Acción: El usuario regresó al menú principal.
[2025-07-15 16:39:21] Usuario: Juan Lopez (Rol: Administrado) Acción: Accedió a la sección de Estadísticas
[2025-07-15 16:39:24] Usuario: Juan Lopez (Rol: Administrado) Acción: El usuario ha iniciado sesión.
[2025-07-15 16:39:25] Usuario: Juan Lopez (Rol: Administrado) Acción: Accedió a la sección de Eventos
[2025-07-15 16:39:25] Usuario: Juan Lopez (Rol: Administrado) Acción: Evento agregado para la fecha: 2024-11-15
[2025-07-15 16:39:25] Usuario: Juan Lopez (Rol: Administrado) Acción: Evento agregado para la fecha: 2024-12-10
[2025-07-15 16:39:25] Usuario: Juan Lopez (Rol: Administrado) Acción: Evento agregado para la fecha: 2024-12-20
[2025-07-15 16:39:25] Usuario: Juan Lopez (Rol: Administrado) Acción: Evento agregado para la fecha: 2024-10-27
[2025-07-15 16:39:25] Usuario: Juan Lopez (Rol: Administrado) Acción: Evento agregado para la fecha: 2024-11-30
[2025-07-15 16:39:25] Usuario: Juan Lopez (Rol: Administrado) Acción: Calendario para el mes: 2025-07 generado correctamente.
[2025-07-15 16:39:25] Usuario: Juan Lopez (Rol: Administrado) Acción: Evento agregado para la fecha: 2025-07-05
[2025-07-15 16:39:25] Usuario: Juan Lopez (Rol: Administrado) Acción: Calendario para el mes: 2025-07 generado correctamente.
[2025-07-15 16:39:25] Usuario: Juan Lopez (Rol: Administrado) Acción: Evento agregado para la fecha: 2025-07-18
[2025-07-15 16:39:25] Usuario: Juan Lopez (Rol: Administrado) Acción: Calendario para el mes: 2025-07 generado correctamente.
[2025-07-15 16:39:25] Usuario: Juan Lopez (Rol: Administrado) Acción: Calendario para el mes: 2025-07 generado correctamente.
[2025-07-15 16:39:25] Usuario: Juan Lopez (Rol: Administrado) Acción: Calendario inicializado para el mes: 2025-07
[2025-07-15 16:39:27] Usuario: Juan Lopez (Rol: Administrado) Acción: El usuario ha iniciado sesión.
[2025-07-15 16:39:28] Usuario: Juan Lopez (Rol: Administrado) Acción: El usuario volvió al menú principal.
[2025-07-15 16:39:28] Usuario: Juan Lopez (Rol: Administrado) Acción: Accedió a la sección de Pedidos
[2025-07-15 16:39:35] Usuario: Juan Lopez (Rol: Administrado) Acción: El usuario ha iniciado sesión.
[2025-07-15 16:39:37] Usuario: Juan Lopez (Rol: Administrado) Acción: Accedió a la sección de Recetas
[2025-07-15 16:39:40] Usuario: Juan Lopez (Rol: Administrado) Acción: El usuario regresó al menú principal.
[2025-07-15 16:39:40] Usuario: Juan Lopez (Rol: Administrado) Acción: El usuario ha iniciado sesión.
[2025-07-15 16:39:42] Usuario: Juan Lopez (Rol: Administrado) Acción: Accedió a la sección de Productos
[2025-07-15 16:39:44] Usuario: Juan Lopez (Rol: Administrado) Acción: El usuario ha iniciado sesión.
[2025-07-15 16:39:45] Usuario: Juan Lopez (Rol: Administrado) Acción: El usuario regresó al menú principal desde la pantalla de Productos.
[2025-07-15 16:39:46] Usuario: Juan Lopez (Rol: Administrado) Acción: Accedió a la sección de Recetas
[2025-07-15 16:40:03] Usuario: Juan Lopez (Rol: Administrado) Acción: El usuario quiere modificar la receta: Receta Tarta de Fresa
[2025-07-15 16:40:11] Usuario: Juan Lopez (Rol: Administrado) Acción: Insumo de receta seleccionado para editar: LECHE
[2025-07-15 16:40:27] Usuario: Juan Lopez (Rol: Administrado) Acción: Cambios guardados para ingrediente: LECHE
[2025-07-15 16:40:30] Usuario: Juan Lopez (Rol: Administrado) Acción: Insumo de receta seleccionado para editar: MANTECA
[2025-07-15 16:40:47] Usuario: Juan Lopez (Rol: Administrado) Acción: Cambios guardados para ingrediente: MANTECA
[2025-07-15 16:40:51] Usuario: Juan Lopez (Rol: Administrado) Acción: Insumo de receta seleccionado para editar: ACEITE
[2025-07-15 16:41:06] Usuario: Juan Lopez (Rol: Administrado) Acción: Cambios guardados para ingrediente: ACEITE
[2025-07-15 16:41:09] Usuario: Juan Lopez (Rol: Administrado) Acción: Cambios guardados para ingrediente: ACEITE
[2025-07-15 16:41:14] Usuario: Juan Lopez (Rol: Administrado) Acción: Ingrediente eliminado de la receta: ACEITE
[2025-07-15 16:41:16] Usuario: Juan Lopez (Rol: Administrado) Acción: Receta guardada: Receta Tarta de Fresa
[2025-07-15 16:41:19] Usuario: Juan Lopez (Rol: Administrado) Acción: El usuario regresó al menú principal.
[2025-07-15 16:41:19] Usuario: Juan Lopez (Rol: Administrado) Acción: El usuario ha iniciado sesión.
[2025-07-15 16:41:21] Usuario: Juan Lopez (Rol: Administrado) Acción: Accedió a la sección de Recetas
[2025-07-15 16:42:54] Usuario: Juan Lopez (Rol: Administrado) Acción: El usuario quiere modificar la receta: Receta Tarta de Fresa
[2025-07-15 16:52:09] Usuario: Juan Lopez (Rol: Administrado) Acción: El usuario ha iniciado sesión.
[2025-07-15 16:52:19] Usuario: Juan Lopez (Rol: Administrado) Acción: El usuario accedió a la sección de Configuración
[2025-07-15 16:52:23] Usuario: Juan Lopez (Rol: Administrado) Acción: El usuario abrió la ventana de configuración de notificaciones.
[2025-07-15 16:52:26] Usuario: Juan Lopez (Rol: Administrado) Acción: El usuario abrió la ventana de gestión de clientes para administrar la información de los clientes.
[2025-07-15 16:52:28] Usuario: Juan Lopez (Rol: Administrado) Acción: El usuario abrió la ventana de gestión de insumos para supervisar y registrar los ingredientes en stock.
[2025-07-15 16:52:29] Usuario: Juan Lopez (Rol: Administrado) Acción: El usuario ha iniciado sesión.
[2025-07-15 16:52:29] Usuario: Juan Lopez (Rol: Administrado) Acción: El usuario regresó al menú principal.
[2025-07-15 16:52:30] Usuario: Juan Lopez (Rol: Administrado) Acción: Accedió a la sección de Recetas
[2025-07-15 16:52:34] Usuario: Juan Lopez (Rol: Administrado) Acción: El usuario quiere modificar la receta: Receta Trufas de Chocolate
[2025-07-15 16:54:54] Usuario: Juan Lopez (Rol: Administrado) Acción: El usuario ha iniciado sesión.
[2025-07-15 16:54:59] Usuario: Juan Lopez (Rol: Administrado) Acción: Accedió a la sección de Recetas
[2025-07-15 16:55:03] Usuario: Juan Lopez (Rol: Administrado) Acción: El usuario quiere modificar la receta: Muffins
[2025-07-15 16:55:09] Usuario: Juan Lopez (Rol: Administrado) Acción: Insumo de receta seleccionado para editar: HARINA
[2025-07-15 16:56:20] Usuario: Juan Lopez (Rol: Administrado) Acción: Cambios guardados para ingrediente: HARINA
[2025-07-15 16:56:25] Usuario: Juan Lopez (Rol: Administrado) Acción: Operación cancelada en la pantalla de nueva receta.
[2025-07-15 16:56:28] Usuario: Juan Lopez (Rol: Administrado) Acción: El usuario quiere modificar la receta: Muffins
[2025-07-15 16:56:31] Usuario: Juan Lopez (Rol: Administrado) Acción: Insumo de receta seleccionado para editar: HARINA
[2025-07-15 16:56:39] Usuario: Juan Lopez (Rol: Administrado) Acción: Cambios guardados para ingrediente: LECHE
[2025-07-15 16:56:59] Usuario: Juan Lopez (Rol: Administrado) Acción: Receta guardada: Muffins
[2025-07-15 17:01:38] Usuario: Juan Lopez (Rol: Administrado) Acción: El usuario quiere agregar una nueva receta.
[2025-07-15 17:21:18] Usuario: Juan Lopez (Rol: Administrado) Acción: El usuario ha iniciado sesión.
[2025-07-15 17:21:27] Usuario: Juan Lopez (Rol: Administrado) Acción: Accedió a la sección de Recetas
[2025-07-15 17:21:29] Usuario: Juan Lopez (Rol: Administrado) Acción: El usuario quiere modificar la receta: Muffins
[2025-07-15 17:21:34] Usuario: Juan Lopez (Rol: Administrado) Acción: Insumo de receta seleccionado para editar: HARINA
[2025-07-15 17:21:40] Usuario: Juan Lopez (Rol: Administrado) Acción: Insumo de receta seleccionado para editar: LECHE
[2025-07-15 17:21:55] Usuario: Juan Lopez (Rol: Administrado) Acción: Insumo de receta seleccionado para editar: AZÚCAR
[2025-07-15 17:22:00] Usuario: Juan Lopez (Rol: Administrado) Acción: Insumo de receta seleccionado para editar: HARINA
[2025-07-15 17:22:04] Usuario: Juan Lopez (Rol: Administrado) Acción: Insumo de receta seleccionado para editar: ACEITE
[2025-07-15 17:22:07] Usuario: Juan Lopez (Rol: Administrado) Acción: Insumo de receta seleccionado para editar: AZÚCAR
[2025-07-15 17:22:11] Usuario: Juan Lopez (Rol: Administrado) Acción: Insumo de receta seleccionado para editar: LECHE
[2025-07-15 17:22:25] Usuario: Juan Lopez (Rol: Administrado) Acción: Operación cancelada en la pantalla de nueva receta.
[2025-07-15 17:25:04] Usuario: Juan Lopez (Rol: Administrado) Acción: El usuario quiere modificar la receta: Receta Trufas de Chocolate
[2025-07-15 17:26:15] Usuario: Juan Lopez (Rol: Administrado) Acción: Operación cancelada en la pantalla de nueva receta.
[2025-07-15 17:27:29] Usuario: Juan Lopez (Rol: Administrado) Acción: El usuario ha iniciado sesión.
[2025-07-15 17:27:38] Usuario: Juan Lopez (Rol: Administrado) Acción: Accedió a la sección de Recetas
[2025-07-15 17:27:41] Usuario: Juan Lopez (Rol: Administrado) Acción: El usuario quiere modificar la receta: Receta Trufas de Chocolate
[2025-07-15 17:27:45] Usuario: Juan Lopez (Rol: Administrado) Acción: Insumo de receta seleccionado para editar: LECHE
[2025-07-15 17:27:52] Usuario: Juan Lopez (Rol: Administrado) Acción: Operación cancelada en la pantalla de nueva receta.
[2025-07-15 17:31:08] Usuario: Juan Lopez (Rol: Administrado) Acción: El usuario ha iniciado sesión.
[2025-07-15 17:31:12] Usuario: Juan Lopez (Rol: Administrado) Acción: Accedió a la sección de Recetas
[2025-07-15 17:31:16] Usuario: Juan Lopez (Rol: Administrado) Acción: El usuario quiere modificar la receta: Receta Trufas de Chocolate
[2025-07-15 17:33:00] Usuario: Juan Lopez (Rol: Administrado) Acción: Operación cancelada en la pantalla de nueva receta.
[2025-07-15 17:33:18] Usuario: Juan Lopez (Rol: Administrado) Acción: El usuario quiere modificar la receta: Receta Tarta de Fresa
[2025-07-15 17:33:25] Usuario: Juan Lopez (Rol: Administrado) Acción: Insumo de receta seleccionado para editar: LECHE
[2025-07-15 17:33:41] Usuario: Juan Lopez (Rol: Administrado) Acción: Insumo de receta seleccionado para editar: MANTECA
[2025-07-15 17:34:05] Usuario: Juan Lopez (Rol: Administrado) Acción: Receta guardada: Receta Tarta de Fresa
[2025-07-15 17:34:13] Usuario: Juan Lopez (Rol: Administrado) Acción: El usuario regresó al menú principal.
[2025-07-15 17:34:13] Usuario: Juan Lopez (Rol: Administrado) Acción: El usuario ha iniciado sesión.
[2025-07-15 17:34:15] Usuario: Juan Lopez (Rol: Administrado) Acción: Accedió a la sección de Recetas
[2025-07-15 17:34:21] Usuario: Juan Lopez (Rol: Administrado) Acción: El usuario quiere modificar la receta: Receta Trufas de Chocolate
[2025-07-15 17:34:24] Usuario: Juan Lopez (Rol: Administrado) Acción: Insumo de receta seleccionado para editar: LECHE
[2025-07-15 17:34:47] Usuario: Juan Lopez (Rol: Administrado) Acción: Ingrediente agregado: LECHE CONDENSADA, Cantidad: 25 ML
[2025-07-15 17:35:21] Usuario: Juan Lopez (Rol: Administrado) Acción: Ingrediente agregado: AZÚCAR, Cantidad: 30 GR
[2025-07-15 17:36:37] Usuario: Juan Lopez (Rol: Administrado) Acción: Ingrediente agregado: HARINA, Cantidad: 300 GR
[2025-07-15 17:36:40] Usuario: Juan Lopez (Rol: Administrado) Acción: Receta guardada: Receta Trufas de Chocolate
[2025-07-15 17:37:32] Usuario: Juan Lopez (Rol: Administrado) Acción: El usuario regresó al menú principal.
[2025-07-15 17:37:32] Usuario: Juan Lopez (Rol: Administrado) Acción: El usuario ha iniciado sesión.
[2025-07-15 17:37:35] Usuario: Juan Lopez (Rol: Administrado) Acción: Accedió a la sección de Productos
[2025-07-15 17:37:38] Usuario: Juan Lopez (Rol: Administrado) Acción: Agregar producto: Producto agregado.
[2025-07-15 17:37:49] Usuario: Juan Lopez (Rol: Administrado) Acción: El usuario ha iniciado sesión.
[2025-07-15 17:37:50] Usuario: Juan Lopez (Rol: Administrado) Acción: El usuario regresó al menú principal desde la pantalla de Productos.
[2025-07-15 17:37:50] Usuario: Juan Lopez (Rol: Administrado) Acción: Accedió a la sección de Stock
[2025-07-15 17:37:54] Usuario: Juan Lopez (Rol: Administrado) Acción: El usuario abrió el formulario para agregar un nuevo insumo.
[2025-07-15 17:37:58] Usuario: Juan Lopez (Rol: Administrado) Acción: Operación de insumo cancelada.
[2025-07-15 17:38:07] Usuario: Juan Lopez (Rol: Administrado) Acción: El usuario ha iniciado sesión.
[2025-07-15 17:38:09] Usuario: Juan Lopez (Rol: Administrado) Acción: El usuario regresó al menú principal.
[2025-07-15 17:38:17] Usuario: Juan Lopez (Rol: Administrado) Acción: Accedió a la sección de Recetas
[2025-07-15 17:38:19] Usuario: Juan Lopez (Rol: Administrado) Acción: El usuario quiere agregar una nueva receta.
[2025-07-15 17:52:13] Usuario: null (Rol: Sin rol) Acción: Intento de login fallido con DNI: 12345678
[2025-07-15 17:52:23] Usuario: Juan Lopez (Rol: Administrado) Acción: El usuario ha iniciado sesión.
[2025-07-15 17:52:49] Usuario: Juan Lopez (Rol: Administrado) Acción: El usuario accedió a la sección de Configuración
[2025-07-15 17:52:53] Usuario: Juan Lopez (Rol: Administrado) Acción: El usuario ha iniciado sesión.
[2025-07-15 17:52:54] Usuario: Juan Lopez (Rol: Administrado) Acción: El usuario regresó al menú principal.
[2025-07-15 17:52:55] Usuario: Juan Lopez (Rol: Administrado) Acción: Accedió a la sección de Recetas
[2025-07-15 17:52:59] Usuario: Juan Lopez (Rol: Administrado) Acción: El usuario quiere modificar la receta: Muffins
[2025-07-15 17:53:31] Usuario: Juan Lopez (Rol: Administrado) Acción: CatalogoInsumo FRUTILLAS creado con éxito.
[2025-07-15 17:53:39] Usuario: Juan Lopez (Rol: Administrado) Acción: Operación cancelada en la pantalla de nueva receta.
[2025-07-15 17:53:42] Usuario: Juan Lopez (Rol: Administrado) Acción: El usuario quiere modificar la receta: Receta Tarta de Fresa
[2025-07-15 17:53:58] Usuario: Juan Lopez (Rol: Administrado) Acción: Ingrediente agregado: FRUTILLAS, Cantidad: 10 UNIDADES
[2025-07-15 17:54:03] Usuario: Juan Lopez (Rol: Administrado) Acción: Receta guardada: Receta Tarta de Fresa
[2025-07-15 17:54:07] Usuario: Juan Lopez (Rol: Administrado) Acción: El usuario regresó al menú principal.
[2025-07-15 17:54:07] Usuario: Juan Lopez (Rol: Administrado) Acción: El usuario ha iniciado sesión.
[2025-07-15 17:58:52] Usuario: Juan Lopez (Rol: Administrado) Acción: Accedió a la sección de Recetas
[2025-07-15 17:58:56] Usuario: Juan Lopez (Rol: Administrado) Acción: El usuario quiere modificar la receta: Receta Trufas de Chocolate
[2025-07-15 17:59:04] Usuario: Juan Lopez (Rol: Administrado) Acción: Operación cancelada en la pantalla de nueva receta.
[2025-07-15 18:06:08] Usuario: Juan Lopez (Rol: Administrado) Acción: El usuario ha iniciado sesión.
[2025-07-15 18:06:11] Usuario: Juan Lopez (Rol: Administrado) Acción: Accedió a la sección de Recetas
[2025-07-15 18:06:14] Usuario: Juan Lopez (Rol: Administrado) Acción: El usuario quiere modificar la receta: Muffins
[2025-07-15 18:06:20] Usuario: Juan Lopez (Rol: Administrado) Acción: Operación cancelada en la pantalla de nueva receta.
[2025-07-15 18:06:22] Usuario: Juan Lopez (Rol: Administrado) Acción: El usuario quiere agregar una nueva receta.
[2025-07-15 18:06:30] Usuario: Juan Lopez (Rol: Administrado) Acción: Operación cancelada en la pantalla de nueva receta.
[2025-07-15 18:07:12] Usuario: Juan Lopez (Rol: Administrado) Acción: El usuario quiere modificar la receta: Receta Trufas de Chocolate
[2025-07-15 18:07:20] Usuario: Juan Lopez (Rol: Administrado) Acción: Operación cancelada en la pantalla de nueva receta.
[2025-07-15 18:08:11] Usuario: Juan Lopez (Rol: Administrado) Acción: El usuario regresó al menú principal desde la pantalla de gestión de recetas.
[2025-07-15 18:08:11] Usuario: Juan Lopez (Rol: Administrado) Acción: El usuario ha iniciado sesión.
[2025-07-15 18:08:18] Usuario: Juan Lopez (Rol: Administrado) Acción: Accedió a la sección de Estadísticas
[2025-07-15 18:08:21] Usuario: Juan Lopez (Rol: Administrado) Acción: El usuario ha iniciado sesión.
[2025-07-15 18:22:10] Usuario: Juan Lopez (Rol: Administrado) Acción: El usuario ha iniciado sesión.
[2025-07-15 18:22:16] Usuario: Juan Lopez (Rol: Administrado) Acción: El usuario accedió a la sección de Configuración
[2025-07-15 18:22:24] Usuario: Juan Lopez (Rol: Administrado) Acción: El usuario abrió la ventana de configuración de notificaciones.
[2025-07-15 18:22:43] Usuario: Juan Lopez (Rol: Administrado) Acción: El usuario ha iniciado sesión.
[2025-07-15 18:22:43] Usuario: Juan Lopez (Rol: Administrado) Acción: El usuario regresó al menú principal.
[2025-07-15 18:23:27] Usuario: Juan Lopez (Rol: Administrado) Acción: El usuario cerró sesión
[2025-07-15 18:23:34] Usuario: Juan Lopez (Rol: Administrado) Acción: El usuario ha iniciado sesión.
[2025-07-15 18:23:41] Usuario: Juan Lopez (Rol: Administrado) Acción: El usuario accedió a la sección de Configuración
[2025-07-15 18:23:44] Usuario: Juan Lopez (Rol: Administrado) Acción: El usuario abrió la ventana de configuración de notificaciones.
[2025-07-15 18:23:49] Usuario: Juan Lopez (Rol: Administrado) Acción: El usuario ha iniciado sesión.
[2025-07-15 18:23:50] Usuario: Juan Lopez (Rol: Administrado) Acción: El usuario regresó al menú principal.
[2025-07-15 18:30:28] Usuario: Juan Lopez (Rol: Administrado) Acción: El usuario ha iniciado sesión.
[2025-07-15 18:30:33] Usuario: Juan Lopez (Rol: Administrado) Acción: El usuario accedió a la sección de Configuración
[2025-07-15 18:30:36] Usuario: Juan Lopez (Rol: Administrado) Acción: El usuario abrió la ventana de configuración de notificaciones.
[2025-07-15 18:35:24] Usuario: Juan Lopez (Rol: Administrado) Acción: El usuario ha iniciado sesión.
[2025-07-15 18:35:32] Usuario: Juan Lopez (Rol: Administrado) Acción: El usuario accedió a la sección de Configuración
[2025-07-15 18:35:35] Usuario: Juan Lopez (Rol: Administrado) Acción: El usuario abrió la ventana de configuración de notificaciones.
[2025-07-15 18:39:27] Usuario: Juan Lopez (Rol: Administrado) Acción: El usuario ha iniciado sesión.
[2025-07-15 18:39:32] Usuario: Juan Lopez (Rol: Administrado) Acción: El usuario accedió a la sección de Configuración
[2025-07-15 18:39:36] Usuario: Juan Lopez (Rol: Administrado) Acción: El usuario abrió la ventana de configuración de notificaciones.
[2025-07-15 18:43:22] Usuario: Juan Lopez (Rol: Administrado) Acción: El usuario ha iniciado sesión.
[2025-07-15 18:43:25] Usuario: Juan Lopez (Rol: Administrado) Acción: El usuario accedió a la sección de Configuración
[2025-07-15 18:43:28] Usuario: Juan Lopez (Rol: Administrado) Acción: El usuario abrió la ventana de configuración de notificaciones.
[2025-07-15 18:44:15] Usuario: Juan Lopez (Rol: Administrado) Acción: El usuario ha iniciado sesión.
[2025-07-15 18:44:18] Usuario: Juan Lopez (Rol: Administrado) Acción: El usuario accedió a la sección de Configuración
[2025-07-15 18:44:20] Usuario: Juan Lopez (Rol: Administrado) Acción: El usuario abrió la ventana de configuración de notificaciones.
[2025-07-15 18:45:27] Usuario: Juan Lopez (Rol: Administrado) Acción: El usuario ha iniciado sesión.
[2025-07-15 18:45:31] Usuario: Juan Lopez (Rol: Administrado) Acción: El usuario accedió a la sección de Configuración
[2025-07-15 18:45:33] Usuario: Juan Lopez (Rol: Administrado) Acción: El usuario abrió la ventana de configuración de notificaciones.
[2025-07-15 18:45:43] Usuario: Juan Lopez (Rol: Administrado) Acción: El usuario ha iniciado sesión.
[2025-07-15 18:45:45] Usuario: Juan Lopez (Rol: Administrado) Acción: El usuario regresó al menú principal.
[2025-07-15 18:45:51] Usuario: Juan Lopez (Rol: Administrado) Acción: Accedió a la sección de Pedidos
[2025-07-15 18:45:57] Usuario: Juan Lopez (Rol: Administrado) Acción: El usuario ha iniciado sesión.
[2025-07-15 18:48:16] Usuario: Juan Lopez (Rol: Administrado) Acción: El usuario accedió a la sección de Configuración
[2025-07-15 18:48:18] Usuario: Juan Lopez (Rol: Administrado) Acción: El usuario ha iniciado sesión.
[2025-07-15 18:48:18] Usuario: Juan Lopez (Rol: Administrado) Acción: El usuario regresó al menú principal.
[2025-07-15 18:48:21] Usuario: Juan Lopez (Rol: Administrado) Acción: El usuario cerró sesión
[2025-07-15 18:48:31] Usuario: Juan Lopez (Rol: Administrado) Acción: El usuario ha iniciado sesión.
[2025-07-15 18:48:34] Usuario: Juan Lopez (Rol: Administrado) Acción: Accedió a la sección de Pedidos
[2025-07-15 18:48:36] Usuario: Juan Lopez (Rol: Administrado) Acción: El usuario ha iniciado sesión.
[2025-07-15 18:55:48] Usuario: Juan Lopez (Rol: Administrado) Acción: El usuario ha iniciado sesión.
[2025-07-15 18:55:53] Usuario: Juan Lopez (Rol: Administrado) Acción: Accedió a la sección de Pedidos
[2025-07-15 18:55:56] Usuario: Juan Lopez (Rol: Administrado) Acción: El usuario ha iniciado sesión.
[2025-07-15 18:56:01] Usuario: Juan Lopez (Rol: Administrado) Acción: El usuario accedió a la sección de Configuración
[2025-07-15 18:56:05] Usuario: Juan Lopez (Rol: Administrado) Acción: El usuario ha iniciado sesión.
[2025-07-15 18:56:06] Usuario: Juan Lopez (Rol: Administrado) Acción: El usuario regresó al menú principal.
[2025-07-15 19:10:45] Usuario: Juan Lopez (Rol: Administrado) Acción: El usuario ha iniciado sesión.
[2025-07-15 19:12:56] Usuario: Juan Lopez (Rol: Administrado) Acción: El usuario ha iniciado sesión.
[2025-07-15 19:18:29] Usuario: Juan Lopez (Rol: Administrado) Acción: El usuario ha iniciado sesión.
[2025-07-15 19:19:50] Usuario: Juan Lopez (Rol: Administrado) Acción: El usuario ha iniciado sesión.
[2025-07-15 19:20:56] Usuario: Juan Lopez (Rol: Administrado) Acción: Accedió a la sección de Stock
[2025-07-15 19:21:26] Usuario: Juan Lopez (Rol: Administrado) Acción: El usuario ha iniciado sesión.
[2025-07-15 19:21:28] Usuario: Juan Lopez (Rol: Administrado) Acción: El usuario regresó al menú principal.
[2025-07-15 19:24:07] Usuario: Juan Lopez (Rol: Administrado) Acción: El usuario ha iniciado sesión.
[2025-07-15 19:31:34] Usuario: Juan Lopez (Rol: Administrado) Acción: El usuario ha iniciado sesión.
[2025-07-15 19:34:19] Usuario: Juan Lopez (Rol: Administrado) Acción: El usuario ha iniciado sesión.
[2025-07-15 19:36:42] Usuario: Juan Lopez (Rol: Administrado) Acción: El usuario ha iniciado sesión.
[2025-07-15 19:37:16] Usuario: Juan Lopez (Rol: Administrado) Acción: Accedió a la sección de Stock
[2025-07-15 19:37:22] Usuario: Juan Lopez (Rol: Administrado) Acción: El usuario ha iniciado sesión.
[2025-07-15 19:37:23] Usuario: Juan Lopez (Rol: Administrado) Acción: El usuario regresó al menú principal.
[2025-07-15 19:37:34] Usuario: Juan Lopez (Rol: Administrado) Acción: El usuario accedió a la sección de Configuración
[2025-07-15 19:38:51] Usuario: Juan Lopez (Rol: Administrado) Acción: El usuario ha iniciado sesión.
[2025-07-15 19:39:03] Usuario: Juan Lopez (Rol: Administrado) Acción: El usuario accedió a la sección de Configuración
[2025-07-15 19:39:10] Usuario: Juan Lopez (Rol: Administrado) Acción: El usuario abrió el formulario para modificar los datos de un empleado existente.
[2025-07-15 19:39:27] Usuario: Juan Lopez (Rol: Administrado) Acción: Empleado con DNI 12345678 actualizado exitosamente.
[2025-07-15 19:39:32] Usuario: Juan Lopez (Rol: Administrado) Acción: El usuario ha iniciado sesión.
[2025-07-15 19:39:32] Usuario: Juan Lopez (Rol: Administrado) Acción: El usuario regresó al menú principal.
[2025-07-15 19:39:34] Usuario: Juan Lopez (Rol: Administrado) Acción: El usuario cerró sesión
[2025-07-15 19:39:42] Usuario: Juan Lopez (Rol: Administrado) Acción: El usuario ha iniciado sesión.
[2025-07-15 19:41:25] Usuario: Juan Lopez (Rol: Administrado) Acción: Accedió a la sección de Estadísticas
[2025-07-15 19:41:27] Usuario: Juan Lopez (Rol: Administrado) Acción: El usuario ha iniciado sesión.
[2025-07-15 19:41:30] Usuario: Juan Lopez (Rol: Administrado) Acción: El usuario accedió a la sección de Ayuda
[2025-07-15 19:41:33] Usuario: Juan Lopez (Rol: Administrado) Acción: El usuario regresó al menú principal desde la pantalla de Ayuda.
[2025-07-15 19:41:33] Usuario: Juan Lopez (Rol: Administrado) Acción: El usuario ha iniciado sesión.
[2025-07-15 19:41:38] Usuario: Juan Lopez (Rol: Administrado) Acción: Accedió a la sección de Stock
[2025-07-15 19:41:41] Usuario: Juan Lopez (Rol: Administrado) Acción: El usuario ha iniciado sesión.
[2025-07-15 19:41:42] Usuario: Juan Lopez (Rol: Administrado) Acción: El usuario regresó al menú principal.
[2025-07-15 19:42:09] Usuario: Juan Lopez (Rol: Administrado) Acción: Accedió a la sección de Proveedores
[2025-07-15 19:42:12] Usuario: Juan Lopez (Rol: Administrado) Acción: El usuario ha iniciado sesión.
[2025-07-15 19:42:12] Usuario: Juan Lopez (Rol: Administrado) Acción: El usuario volvió al menú principal.
[2025-07-15 19:42:14] Usuario: Juan Lopez (Rol: Administrado) Acción: Accedió a la sección de Proveedores
[2025-07-15 19:42:17] Usuario: Juan Lopez (Rol: Administrado) Acción: El usuario accedió al formulario para modificar el proveedor: Distribuidora ABC
[2025-07-15 19:49:51] Usuario: Juan Lopez (Rol: Administrado) Acción: El usuario ha iniciado sesión.
[2025-07-15 19:49:57] Usuario: Juan Lopez (Rol: Administrado) Acción: Accedió a la sección de Stock
[2025-07-15 19:49:59] Usuario: Juan Lopez (Rol: Administrado) Acción: El usuario ha iniciado sesión.
[2025-07-15 19:50:00] Usuario: Juan Lopez (Rol: Administrado) Acción: El usuario regresó al menú principal.
[2025-07-15 19:50:01] Usuario: Juan Lopez (Rol: Administrado) Acción: Accedió a la sección de Proveedores
