[2025-07-22 00:04:55] Usuario: Juan Lopez (Rol: Administrador) Acción: El usuario ha iniciado sesión.
[2025-07-22 00:05:02] Usuario: Juan Lopez (Rol: Administrador) Acción: Accedió a la sección de Pedidos
[2025-07-22 00:06:53] Usuario: Juan Lopez (Rol: Administrador) Acción: El usuario ha iniciado sesión.
[2025-07-22 00:07:02] Usuario: Juan Lopez (Rol: Administrador) Acción: Accedió a la sección de Pedidos
[2025-07-22 00:07:32] Usuario: Juan Lopez (Rol: Administrador) Acción: Catálogo abierto correctamente.
[2025-07-22 00:07:37] Usuario: Juan Lopez (Rol: Administrador) Acción: No hay insumos suficientes para el pedido. Faltantes: [model.InsumoFaltante@68f1b8ec]
[2025-07-22 00:17:33] Usuario: Juan Lopez (Rol: Administrador) Acción: El usuario ha iniciado sesión.
[2025-07-22 00:17:44] Usuario: Juan Lopez (Rol: Administrador) Acción: Accedió a la sección de Pedidos
[2025-07-22 00:18:05] Usuario: Juan Lopez (Rol: Administrador) Acción: El usuario a eliminado el pedido N°33
[2025-07-22 00:18:11] Usuario: Juan Lopez (Rol: Administrador) Acción: El usuario a eliminado el pedido N°34
[2025-07-22 00:18:16] Usuario: Juan Lopez (Rol: Administrador) Acción: El usuario a eliminado el pedido N°35
[2025-07-22 00:18:24] Usuario: Juan Lopez (Rol: Administrador) Acción: El usuario a eliminado el pedido N°18
[2025-07-22 00:18:29] Usuario: Juan Lopez (Rol: Administrador) Acción: El usuario a eliminado el pedido N°22
[2025-07-22 00:19:10] Usuario: Juan Lopez (Rol: Administrador) Acción: El usuario a eliminado el pedido N°36
[2025-07-22 00:32:11] Usuario: Juan Lopez (Rol: Administrador) Acción: El usuario ha iniciado sesión.
[2025-07-22 00:32:22] Usuario: Juan Lopez (Rol: Administrador) Acción: Accedió a la sección de Pedidos
[2025-07-22 00:33:12] Usuario: Juan Lopez (Rol: Administrador) Acción: Catálogo abierto correctamente.
[2025-07-22 00:33:17] Usuario: Juan Lopez (Rol: Administrador) Acción: No hay insumos suficientes para el pedido. Faltantes: [model.InsumoFaltante@3a7e9a7c]
[2025-07-22 00:33:38] Usuario: Juan Lopez (Rol: Administrador) Acción: Catálogo abierto correctamente.
[2025-07-22 00:38:28] Usuario: Juan Lopez (Rol: Administrador) Acción: El usuario ha iniciado sesión.
[2025-07-22 00:38:36] Usuario: Juan Lopez (Rol: Administrador) Acción: Accedió a la sección de Pedidos
[2025-07-22 00:41:08] Usuario: Juan Lopez (Rol: Administrador) Acción: El usuario ha iniciado sesión.
[2025-07-22 00:41:16] Usuario: Juan Lopez (Rol: Administrador) Acción: Accedió a la sección de Pedidos
[2025-07-22 00:47:53] Usuario: Juan Lopez (Rol: Administrador) Acción: Pedido entregado: 37
[2025-07-22 01:08:01] Usuario: Juan Lopez (Rol: Administrador) Acción: El usuario ha iniciado sesión.
[2025-07-22 01:08:30] Usuario: Juan Lopez (Rol: Administrador) Acción: Accedió a la sección de Pedidos
[2025-07-22 01:09:43] Usuario: Juan Lopez (Rol: Administrador) Acción: Catálogo abierto correctamente.
[2025-07-22 01:09:55] Usuario: Juan Lopez (Rol: Administrador) Acción: No hay insumos suficientes para el pedido. Faltantes: [model.InsumoFaltante@c4e67c4]
[2025-07-22 01:11:38] Usuario: Juan Lopez (Rol: Administrador) Acción: Catálogo abierto correctamente.
[2025-07-22 01:23:48] Usuario: Juan Lopez (Rol: Administrador) Acción: El usuario ha iniciado sesión.
[2025-07-22 01:24:03] Usuario: Juan Lopez (Rol: Administrador) Acción: Accedió a la sección de Pedidos
[2025-07-22 01:25:03] Usuario: Juan Lopez (Rol: Administrador) Acción: Catálogo abierto correctamente.
[2025-07-22 01:25:13] Usuario: Juan Lopez (Rol: Administrador) Acción: No hay insumos suficientes para el pedido. Faltantes: [model.InsumoFaltante@62b69e8f, model.InsumoFaltante@3f5bd79]
[2025-07-22 01:26:12] Usuario: Juan Lopez (Rol: Administrador) Acción: Catálogo abierto correctamente.
[2025-07-22 01:27:01] Usuario: Juan Lopez (Rol: Administrador) Acción: El usuario ha iniciado sesión.
[2025-07-22 01:27:03] Usuario: Juan Lopez (Rol: Administrador) Acción: Accedió a la sección de Estadísticas
[2025-07-22 01:31:37] Usuario: Juan Lopez (Rol: Administrador) Acción: El usuario ha iniciado sesión.
[2025-07-22 01:31:46] Usuario: Juan Lopez (Rol: Administrador) Acción: Accedió a la sección de Estadísticas
[2025-07-22 01:32:33] Usuario: Juan Lopez (Rol: Administrador) Acción: El usuario ha iniciado sesión.
[2025-07-22 01:32:35] Usuario: Juan Lopez (Rol: Administrador) Acción: Accedió a la sección de Pedidos
[2025-07-22 01:33:30] Usuario: Juan Lopez (Rol: Administrador) Acción: El usuario ha iniciado sesión.
[2025-07-22 01:33:32] Usuario: Juan Lopez (Rol: Administrador) Acción: Accedió a la sección de Estadísticas
[2025-07-22 01:34:52] Usuario: Juan Lopez (Rol: Administrador) Acción: El usuario ha iniciado sesión.
[2025-07-22 01:34:59] Usuario: Juan Lopez (Rol: Administrador) Acción: Accedió a la sección de Estadísticas
[2025-07-22 01:37:52] Usuario: Juan Lopez (Rol: Administrador) Acción: El usuario ha iniciado sesión.
[2025-07-22 01:38:02] Usuario: Juan Lopez (Rol: Administrador) Acción: Accedió a la sección de Estadísticas
[2025-07-22 01:39:13] Usuario: Juan Lopez (Rol: Administrador) Acción: El usuario ha iniciado sesión.
[2025-07-22 01:39:14] Usuario: Juan Lopez (Rol: Administrador) Acción: Accedió a la sección de Estadísticas
[2025-07-22 01:41:58] Usuario: Juan Lopez (Rol: Administrador) Acción: El usuario ha iniciado sesión.
[2025-07-22 01:44:08] Usuario: Juan Lopez (Rol: Administrador) Acción: Accedió a la sección de Stock
[2025-07-22 01:46:21] Usuario: Juan Lopez (Rol: Administrador) Acción: El usuario ha iniciado sesión.
[2025-07-22 01:46:34] Usuario: Juan Lopez (Rol: Administrador) Acción: Accedió a la sección de Pedidos
[2025-07-22 01:47:00] Usuario: Juan Lopez (Rol: Administrador) Acción: Catálogo abierto correctamente.
[2025-07-22 01:47:03] Usuario: Juan Lopez (Rol: Administrador) Acción: Pedido cancelado por el usuario.
[2025-07-22 01:52:09] Usuario: Juan Lopez (Rol: Administrador) Acción: El usuario ha iniciado sesión.
[2025-07-22 01:52:25] Usuario: Juan Lopez (Rol: Administrador) Acción: Accedió a la sección de Pedidos
[2025-07-22 01:53:01] Usuario: Juan Lopez (Rol: Administrador) Acción: Catálogo abierto correctamente.
[2025-07-22 01:56:45] Usuario: Juan Lopez (Rol: Administrador) Acción: Catálogo abierto correctamente.
[2025-07-22 01:59:44] Usuario: Juan Lopez (Rol: Administrador) Acción: El usuario ha iniciado sesión.
[2025-07-22 02:00:39] Usuario: Juan Lopez (Rol: Administrador) Acción: Accedió a la sección de Stock
[2025-07-22 02:00:47] Usuario: Juan Lopez (Rol: Administrador) Acción: El usuario abrió el formulario para agregar un nuevo insumo.
[2025-07-22 02:01:10] Usuario: Juan Lopez (Rol: Administrador) Acción: El usuario guardó correctamente un insumo: CHOCOLATE
[2025-07-22 02:03:36] Usuario: Juan Lopez (Rol: Administrador) Acción: El usuario ha iniciado sesión.
[2025-07-22 02:03:36] Usuario: Juan Lopez (Rol: Administrador) Acción: El usuario regresó al menú principal.
[2025-07-22 02:06:33] Usuario: Juan Lopez (Rol: Administrador) Acción: Accedió a la sección de Productos
[2025-07-22 02:11:12] Usuario: Juan Lopez (Rol: Administrador) Acción: El usuario ha iniciado sesión.
[2025-07-22 02:11:20] Usuario: Juan Lopez (Rol: Administrador) Acción: Accedió a la sección de Productos
[2025-07-22 02:11:40] Usuario: Juan Lopez (Rol: Administrador) Acción: El usuario ha iniciado sesión.
[2025-07-22 02:11:41] Usuario: Juan Lopez (Rol: Administrador) Acción: El usuario regresó al menú principal desde la pantalla de Productos.
[2025-07-22 02:11:56] Usuario: Juan Lopez (Rol: Administrador) Acción: Accedió a la sección de Productos
[2025-07-22 02:12:29] Usuario: Juan Lopez (Rol: Administrador) Acción: Modificar producto: Producto modificado: Tarta de Fresa
[2025-07-22 02:15:50] Usuario: Juan Lopez (Rol: Administrador) Acción: El usuario ha iniciado sesión.
[2025-07-22 02:16:01] Usuario: Juan Lopez (Rol: Administrador) Acción: Accedió a la sección de Productos
[2025-07-22 02:18:10] Usuario: Juan Lopez (Rol: Administrador) Acción: Modificar producto: Producto modificado: Tarta de Fresa
[2025-07-22 02:26:09] Usuario: Juan Lopez (Rol: Administrador) Acción: El usuario ha iniciado sesión.
[2025-07-22 02:26:22] Usuario: Juan Lopez (Rol: Administrador) Acción: Accedió a la sección de Productos
[2025-07-22 02:26:34] Usuario: Juan Lopez (Rol: Administrador) Acción: Modificar producto: Producto modificado: Trufas de Chocolate
[2025-07-22 02:26:42] Usuario: Juan Lopez (Rol: Administrador) Acción: Modificar producto: Producto modificado: Torta de Chocolate
[2025-07-22 02:26:43] Usuario: Juan Lopez (Rol: Administrador) Acción: El usuario ha iniciado sesión.
[2025-07-22 02:26:44] Usuario: Juan Lopez (Rol: Administrador) Acción: El usuario regresó al menú principal desde la pantalla de Productos.
[2025-07-22 02:32:24] Usuario: null (Rol: Sin rol) Acción: Intento de login fallido: contraseña incorrecta (DNI: 12345678)
[2025-07-22 02:32:34] Usuario: Juan Lopez (Rol: Administrador) Acción: El usuario ha iniciado sesión.
[2025-07-22 02:32:48] Usuario: Juan Lopez (Rol: Administrador) Acción: El usuario accedió a la sección de Configuración
[2025-07-22 02:32:51] Usuario: Juan Lopez (Rol: Administrador) Acción: El usuario accedió a la pantalla de gestión de roles.
[2025-07-22 02:32:51] Usuario: Juan Lopez (Rol: Administrador) Acción: Roles cargados desde la base de datos: 3 roles disponibles.
[2025-07-22 02:32:51] Usuario: Juan Lopez (Rol: Administrador) Acción: No se seleccionó ningún rol. Los permisos han sido deshabilitados.
[2025-07-22 02:32:51] Usuario: Juan Lopez (Rol: Administrador) Acción: El usuario accedió a la ventana de control de roles y permisos para gestionar los privilegios de los usuarios.
