[2025-07-11 04:07:46] Usuario: Juan Lopez (Rol: Administrador) Acción: El usuario ha iniciado sesión.
[2025-07-11 04:07:51] Usuario: Juan Lopez (Rol: Administrador) Acción: Accedió a la sección de Stock
[2025-07-11 04:07:55] Usuario: Juan Lopez (Rol: Administrador) Acción: El usuario abrió el formulario para agregar un nuevo insumo.
[2025-07-11 04:08:19] Usuario: Juan Lopez (Rol: Administrador) Acción: El usuario canceló la operación y cerró el formulario de insumo.
[2025-07-11 04:32:16] Usuario: Juan Lopez (Rol: Administrador) Acción: El usuario ha iniciado sesión.
[2025-07-11 04:32:21] Usuario: Juan Lopez (Rol: Administrador) Acción: Accedió a la sección de Stock
[2025-07-11 04:49:29] Usuario: Juan Lopez (Rol: Administrador) Acción: El usuario ha iniciado sesión.
[2025-07-11 04:52:53] Usuario: Juan Lopez (Rol: Administrador) Acción: El usuario ha iniciado sesión.
[2025-07-11 04:56:14] Usuario: Juan Lopez (Rol: Administrador) Acción: El usuario ha iniciado sesión.
[2025-07-11 04:56:17] Usuario: Juan Lopez (Rol: Administrador) Acción: Accedió a la sección de Pedidos
[2025-07-11 04:56:56] Usuario: Juan Lopez (Rol: Administrador) Acción: El usuario ha iniciado sesión.
[2025-07-11 04:57:00] Usuario: Juan Lopez (Rol: Administrador) Acción: Accedió a la sección de Agenda
[2025-07-11 04:57:03] Usuario: Juan Lopez (Rol: Administrador) Acción: El usuario ha iniciado sesión.
[2025-07-11 05:08:35] Usuario: Juan Lopez (Rol: Administrador) Acción: El usuario ha iniciado sesión.
[2025-07-11 05:11:54] Usuario: Juan Lopez (Rol: Administrador) Acción: El usuario ha iniciado sesión.
[2025-07-11 05:14:38] Usuario: Juan Lopez (Rol: Administrador) Acción: El usuario ha iniciado sesión.
[2025-07-11 05:14:56] Usuario: Juan Lopez (Rol: Administrador) Acción: El usuario accedió a la sección de Ayuda
[2025-07-11 05:14:58] Usuario: Juan Lopez (Rol: Administrador) Acción: El usuario regresó al menú principal desde la pantalla de Ayuda.
[2025-07-11 05:14:58] Usuario: Juan Lopez (Rol: Administrador) Acción: El usuario ha iniciado sesión.
[2025-07-11 05:15:01] Usuario: Juan Lopez (Rol: Administrador) Acción: El usuario accedió a la sección de Ayuda
[2025-07-11 05:15:03] Usuario: Juan Lopez (Rol: Administrador) Acción: El usuario regresó al menú principal desde la pantalla de Ayuda.
[2025-07-11 05:15:03] Usuario: Juan Lopez (Rol: Administrador) Acción: El usuario ha iniciado sesión.
[2025-07-11 05:19:30] Usuario: Juan Lopez (Rol: Administrador) Acción: El usuario ha iniciado sesión.
[2025-07-11 05:28:33] Usuario: Juan Lopez (Rol: Administrador) Acción: El usuario ha iniciado sesión.
[2025-07-11 05:30:20] Usuario: Juan Lopez (Rol: Administrador) Acción: El usuario ha iniciado sesión.
[2025-07-11 05:31:08] Usuario: Juan Lopez (Rol: Administrador) Acción: El usuario accedió a la sección de Configuración
[2025-07-11 05:31:10] Usuario: Juan Lopez (Rol: Administrador) Acción: El usuario ha iniciado sesión.
[2025-07-11 05:31:10] Usuario: Juan Lopez (Rol: Administrador) Acción: El usuario regresó al menú principal desde la vista de configuraciones.
[2025-07-11 05:31:12] Usuario: Juan Lopez (Rol: Administrador) Acción: El usuario accedió a la sección de Ayuda
[2025-07-11 05:31:15] Usuario: Juan Lopez (Rol: Administrador) Acción: El usuario regresó al menú principal desde la pantalla de Ayuda.
[2025-07-11 05:31:15] Usuario: Juan Lopez (Rol: Administrador) Acción: El usuario ha iniciado sesión.
[2025-07-11 05:33:49] Usuario: Juan Lopez (Rol: Administrador) Acción: El usuario ha iniciado sesión.
[2025-07-11 05:36:29] Usuario: Juan Lopez (Rol: Administrador) Acción: El usuario ha iniciado sesión.
[2025-07-11 05:36:44] Usuario: Juan Lopez (Rol: Administrador) Acción: El usuario accedió a la sección de Configuración
[2025-07-11 05:36:46] Usuario: Juan Lopez (Rol: Administrador) Acción: El usuario ha iniciado sesión.
[2025-07-11 05:36:46] Usuario: Juan Lopez (Rol: Administrador) Acción: El usuario regresó al menú principal desde la vista de configuraciones.
[2025-07-11 05:36:48] Usuario: Juan Lopez (Rol: Administrador) Acción: El usuario accedió a la sección de Ayuda
[2025-07-11 05:36:49] Usuario: Juan Lopez (Rol: Administrador) Acción: El usuario regresó al menú principal desde la pantalla de Ayuda.
[2025-07-11 05:36:49] Usuario: Juan Lopez (Rol: Administrador) Acción: El usuario ha iniciado sesión.
[2025-07-11 05:36:53] Usuario: Juan Lopez (Rol: Administrador) Acción: El usuario accedió a la sección de Configuración
[2025-07-11 05:36:55] Usuario: Juan Lopez (Rol: Administrador) Acción: El usuario ha iniciado sesión.
[2025-07-11 05:36:55] Usuario: Juan Lopez (Rol: Administrador) Acción: El usuario regresó al menú principal desde la vista de configuraciones.
[2025-07-11 05:37:06] Usuario: Juan Lopez (Rol: Administrador) Acción: El usuario accedió a la sección de Configuración
[2025-07-11 05:37:07] Usuario: Juan Lopez (Rol: Administrador) Acción: El usuario ha iniciado sesión.
[2025-07-11 05:37:07] Usuario: Juan Lopez (Rol: Administrador) Acción: El usuario regresó al menú principal desde la vista de configuraciones.
[2025-07-11 05:43:30] Usuario: Juan Lopez (Rol: Administrador) Acción: El usuario ha iniciado sesión.
[2025-07-11 05:44:39] Usuario: Juan Lopez (Rol: Administrador) Acción: El usuario ha iniciado sesión.
[2025-07-11 05:46:47] Usuario: Juan Lopez (Rol: Administrador) Acción: El usuario ha iniciado sesión.
[2025-07-11 05:47:09] Usuario: Juan Lopez (Rol: Administrador) Acción: El usuario accedió a la sección de Configuración
[2025-07-11 05:47:11] Usuario: Juan Lopez (Rol: Administrador) Acción: El usuario ha iniciado sesión.
[2025-07-11 05:47:11] Usuario: Juan Lopez (Rol: Administrador) Acción: El usuario regresó al menú principal desde la vista de configuraciones.
[2025-07-11 05:47:13] Usuario: Juan Lopez (Rol: Administrador) Acción: El usuario accedió a la sección de Ayuda
[2025-07-11 05:47:16] Usuario: Juan Lopez (Rol: Administrador) Acción: El usuario regresó al menú principal desde la pantalla de Ayuda.
[2025-07-11 05:47:16] Usuario: Juan Lopez (Rol: Administrador) Acción: El usuario ha iniciado sesión.
[2025-07-11 05:49:53] Usuario: Juan Lopez (Rol: Administrador) Acción: Accedió a la sección de Estadísticas
[2025-07-11 17:39:20] Usuario: Juan Lopez (Rol: Administrador) Acción: El usuario ha iniciado sesión.
[2025-07-11 17:39:26] Usuario: Juan Lopez (Rol: Administrador) Acción: Accedió a la sección de Estadísticas
[2025-07-11 17:46:20] Usuario: Juan Lopez (Rol: Administrador) Acción: El usuario ha iniciado sesión.
[2025-07-11 17:46:25] Usuario: Juan Lopez (Rol: Administrador) Acción: Accedió a la sección de Estadísticas
[2025-07-11 17:51:12] Usuario: Juan Lopez (Rol: Administrador) Acción: El usuario ha iniciado sesión.
[2025-07-11 17:51:16] Usuario: Juan Lopez (Rol: Administrador) Acción: Accedió a la sección de Estadísticas
[2025-07-11 18:41:22] Usuario: Juan Lopez (Rol: Administrador) Acción: El usuario ha iniciado sesión.
[2025-07-11 18:41:25] Usuario: Juan Lopez (Rol: Administrador) Acción: Accedió a la sección de Estadísticas
[2025-07-11 18:41:54] Usuario: Juan Lopez (Rol: Administrador) Acción: El usuario ha iniciado sesión.
[2025-07-11 18:47:03] Usuario: Juan Lopez (Rol: Administrador) Acción: El usuario ha iniciado sesión.
[2025-07-11 19:08:14] Usuario: Juan Lopez (Rol: Administrador) Acción: El usuario ha iniciado sesión.
[2025-07-11 19:08:18] Usuario: Juan Lopez (Rol: Administrador) Acción: Accedió a la sección de Estadísticas
[2025-07-11 19:17:50] Usuario: Juan Lopez (Rol: Administrador) Acción: El usuario ha iniciado sesión.
[2025-07-11 19:17:55] Usuario: Juan Lopez (Rol: Administrador) Acción: Accedió a la sección de Estadísticas
[2025-07-11 19:19:36] Usuario: Juan Lopez (Rol: Administrador) Acción: El usuario ha iniciado sesión.
[2025-07-11 19:19:43] Usuario: Juan Lopez (Rol: Administrador) Acción: Accedió a la sección de Estadísticas
[2025-07-11 20:31:10] Usuario: Juan Lopez (Rol: Administrador) Acción: El usuario ha iniciado sesión.
[2025-07-11 20:31:14] Usuario: Juan Lopez (Rol: Administrador) Acción: Accedió a la sección de Estadísticas
[2025-07-11 20:39:38] Usuario: Juan Lopez (Rol: Administrador) Acción: El usuario ha iniciado sesión.
[2025-07-11 20:39:42] Usuario: Juan Lopez (Rol: Administrador) Acción: Accedió a la sección de Estadísticas
[2025-07-11 20:40:35] Usuario: Juan Lopez (Rol: Administrador) Acción: El usuario ha iniciado sesión.
[2025-07-11 20:40:38] Usuario: Juan Lopez (Rol: Administrador) Acción: Accedió a la sección de Estadísticas
[2025-07-11 20:51:14] Usuario: Juan Lopez (Rol: Administrador) Acción: El usuario ha iniciado sesión.
[2025-07-11 20:51:17] Usuario: Juan Lopez (Rol: Administrador) Acción: Accedió a la sección de Eventos
[2025-07-11 20:51:18] Usuario: Juan Lopez (Rol: Administrador) Acción: Evento agregado para la fecha: 2024-11-15
[2025-07-11 20:51:18] Usuario: Juan Lopez (Rol: Administrador) Acción: Evento agregado para la fecha: 2024-12-10
[2025-07-11 20:51:18] Usuario: Juan Lopez (Rol: Administrador) Acción: Evento agregado para la fecha: 2024-12-20
[2025-07-11 20:51:18] Usuario: Juan Lopez (Rol: Administrador) Acción: Evento agregado para la fecha: 2024-10-27
[2025-07-11 20:51:18] Usuario: Juan Lopez (Rol: Administrador) Acción: Evento agregado para la fecha: 2024-11-30
[2025-07-11 20:51:18] Usuario: Juan Lopez (Rol: Administrador) Acción: Evento agregado para la fecha: 2024-10-25
[2025-07-11 20:51:18] Usuario: Juan Lopez (Rol: Administrador) Acción: Calendario para el mes: 2025-07 generado correctamente.
[2025-07-11 20:51:18] Usuario: Juan Lopez (Rol: Administrador) Acción: Evento agregado para la fecha: 2025-07-05
[2025-07-11 20:51:18] Usuario: Juan Lopez (Rol: Administrador) Acción: Calendario para el mes: 2025-07 generado correctamente.
[2025-07-11 20:51:18] Usuario: Juan Lopez (Rol: Administrador) Acción: Evento agregado para la fecha: 2025-07-18
[2025-07-11 20:51:18] Usuario: Juan Lopez (Rol: Administrador) Acción: Calendario para el mes: 2025-07 generado correctamente.
[2025-07-11 20:51:18] Usuario: Juan Lopez (Rol: Administrador) Acción: Calendario para el mes: 2025-07 generado correctamente.
[2025-07-11 20:51:18] Usuario: Juan Lopez (Rol: Administrador) Acción: Calendario inicializado para el mes: 2025-07
[2025-07-11 20:51:23] Usuario: Juan Lopez (Rol: Administrador) Acción: Detalles del evento cargados para la fecha: 2025-07-18
[2025-07-11 20:51:28] Usuario: Juan Lopez (Rol: Administrador) Acción: El usuario ha iniciado sesión.
[2025-07-11 20:51:28] Usuario: Juan Lopez (Rol: Administrador) Acción: Volviendo al menú principal.
[2025-07-11 20:51:29] Usuario: Juan Lopez (Rol: Administrador) Acción: Accedió a la sección de Productos
[2025-07-11 20:51:31] Usuario: Juan Lopez (Rol: Administrador) Acción: Accedió a la sección de Productos
[2025-07-11 20:51:52] Usuario: Juan Lopez (Rol: Administrador) Acción: Accedió a la sección de Estadísticas
[2025-07-11 20:52:16] Usuario: Juan Lopez (Rol: Administrador) Acción: El usuario ha iniciado sesión.
[2025-07-11 20:52:17] Usuario: Juan Lopez (Rol: Administrador) Acción: Accedió a la sección de Estadísticas
[2025-07-11 20:53:21] Usuario: Juan Lopez (Rol: Administrador) Acción: El usuario ha iniciado sesión.
[2025-07-11 20:53:23] Usuario: Juan Lopez (Rol: Administrador) Acción: Accedió a la sección de Estadísticas
[2025-07-11 20:55:07] Usuario: Juan Lopez (Rol: Administrador) Acción: El usuario ha iniciado sesión.
[2025-07-11 20:55:12] Usuario: Juan Lopez (Rol: Administrador) Acción: Accedió a la sección de Estadísticas
[2025-07-11 20:59:02] Usuario: Juan Lopez (Rol: Administrador) Acción: El usuario ha iniciado sesión.
[2025-07-11 20:59:03] Usuario: Juan Lopez (Rol: Administrador) Acción: Accedió a la sección de Estadísticas
[2025-07-11 21:01:14] Usuario: Juan Lopez (Rol: Administrador) Acción: El usuario ha iniciado sesión.
[2025-07-11 21:01:19] Usuario: Juan Lopez (Rol: Administrador) Acción: Accedió a la sección de Estadísticas
[2025-07-11 21:08:35] Usuario: Juan Lopez (Rol: Administrador) Acción: El usuario ha iniciado sesión.
[2025-07-11 21:08:38] Usuario: Juan Lopez (Rol: Administrador) Acción: Accedió a la sección de Estadísticas
[2025-07-11 21:13:47] Usuario: Juan Lopez (Rol: Administrador) Acción: El usuario ha iniciado sesión.
[2025-07-11 21:13:58] Usuario: Juan Lopez (Rol: Administrador) Acción: Accedió a la sección de Estadísticas
[2025-07-11 21:14:48] Usuario: Juan Lopez (Rol: Administrador) Acción: El usuario ha iniciado sesión.
[2025-07-11 21:14:49] Usuario: Juan Lopez (Rol: Administrador) Acción: Accedió a la sección de Estadísticas
[2025-07-11 21:15:56] Usuario: Juan Lopez (Rol: Administrador) Acción: El usuario ha iniciado sesión.
[2025-07-11 21:15:57] Usuario: Juan Lopez (Rol: Administrador) Acción: Accedió a la sección de Estadísticas
[2025-07-11 21:17:59] Usuario: Juan Lopez (Rol: Administrador) Acción: El usuario ha iniciado sesión.
[2025-07-11 21:18:01] Usuario: Juan Lopez (Rol: Administrador) Acción: Accedió a la sección de Estadísticas
[2025-07-11 21:20:16] Usuario: Juan Lopez (Rol: Administrador) Acción: El usuario ha iniciado sesión.
[2025-07-11 21:20:21] Usuario: Juan Lopez (Rol: Administrador) Acción: Accedió a la sección de Estadísticas
[2025-07-11 21:22:40] Usuario: Juan Lopez (Rol: Administrador) Acción: El usuario ha iniciado sesión.
[2025-07-11 21:22:43] Usuario: Juan Lopez (Rol: Administrador) Acción: Accedió a la sección de Estadísticas
[2025-07-11 21:27:10] Usuario: Juan Lopez (Rol: Administrador) Acción: El usuario ha iniciado sesión.
[2025-07-11 21:27:13] Usuario: Juan Lopez (Rol: Administrador) Acción: Accedió a la sección de Estadísticas
[2025-07-11 21:30:58] Usuario: Juan Lopez (Rol: Administrador) Acción: El usuario ha iniciado sesión.
[2025-07-11 21:31:03] Usuario: Juan Lopez (Rol: Administrador) Acción: Accedió a la sección de Estadísticas
[2025-07-11 21:33:20] Usuario: Juan Lopez (Rol: Administrador) Acción: El usuario ha iniciado sesión.
[2025-07-11 21:33:22] Usuario: Juan Lopez (Rol: Administrador) Acción: Accedió a la sección de Estadísticas
[2025-07-11 22:12:45] Usuario: Juan Lopez (Rol: Administrador) Acción: El usuario ha iniciado sesión.
[2025-07-11 22:12:52] Usuario: Juan Lopez (Rol: Administrador) Acción: Accedió a la sección de Estadísticas
[2025-07-11 22:17:15] Usuario: Juan Lopez (Rol: Administrador) Acción: El usuario ha iniciado sesión.
[2025-07-11 22:17:18] Usuario: Juan Lopez (Rol: Administrador) Acción: Accedió a la sección de Estadísticas
[2025-07-11 22:23:15] Usuario: Juan Lopez (Rol: Administrador) Acción: El usuario ha iniciado sesión.
[2025-07-11 22:23:18] Usuario: Juan Lopez (Rol: Administrador) Acción: Accedió a la sección de Estadísticas
[2025-07-11 22:27:11] Usuario: Juan Lopez (Rol: Administrador) Acción: El usuario ha iniciado sesión.
[2025-07-11 22:27:14] Usuario: Juan Lopez (Rol: Administrador) Acción: Accedió a la sección de Estadísticas
[2025-07-11 22:29:50] Usuario: Juan Lopez (Rol: Administrador) Acción: El usuario ha iniciado sesión.
[2025-07-11 22:29:52] Usuario: Juan Lopez (Rol: Administrador) Acción: Accedió a la sección de Estadísticas
[2025-07-11 22:32:30] Usuario: Juan Lopez (Rol: Administrador) Acción: El usuario ha iniciado sesión.
[2025-07-11 22:32:32] Usuario: Juan Lopez (Rol: Administrador) Acción: Accedió a la sección de Estadísticas
[2025-07-11 22:37:14] Usuario: Juan Lopez (Rol: Administrador) Acción: El usuario ha iniciado sesión.
[2025-07-11 22:37:16] Usuario: Juan Lopez (Rol: Administrador) Acción: Accedió a la sección de Estadísticas
[2025-07-11 22:47:34] Usuario: Juan Lopez (Rol: Administrador) Acción: El usuario ha iniciado sesión.
[2025-07-11 22:47:36] Usuario: Juan Lopez (Rol: Administrador) Acción: Accedió a la sección de Estadísticas
[2025-07-11 23:34:46] Usuario: Juan Lopez (Rol: Administrador) Acción: El usuario ha iniciado sesión.
[2025-07-11 23:34:48] Usuario: Juan Lopez (Rol: Administrador) Acción: Accedió a la sección de Estadísticas
[2025-07-11 23:50:11] Usuario: Juan Lopez (Rol: Administrador) Acción: El usuario ha iniciado sesión.
[2025-07-11 23:50:16] Usuario: Juan Lopez (Rol: Administrador) Acción: Accedió a la sección de Estadísticas
