[2025-05-22 14:12:31] Usuario: null (Rol: Sin rol) Acción: Intento de login fallido con DNI: 12345678
[2025-05-22 14:12:59] Usuario: Juan Lopez (Rol: Administrador) Acción: El usuario ha iniciado sesión.
[2025-05-22 14:13:03] Usuario: Juan Lopez (Rol: Administrador) Acción: Accedió a la sección de Pedidos
[2025-05-22 14:14:06] Usuario: Juan Lopez (Rol: Administrador) Acción: Catálogo de pedidos abierto correctamente.
[2025-05-22 14:30:54] Usuario: Juan Lopez (Rol: Administrador) Acción: El usuario ha iniciado sesión.
[2025-05-22 14:30:56] Usuario: Juan Lopez (Rol: Administrador) Acción: Accedió a la sección de Pedidos
[2025-05-22 14:31:22] Usuario: Juan Lopez (Rol: Administrador) Acción: Catálogo de pedidos abierto correctamente.
[2025-05-22 14:35:45] Usuario: Juan Lopez (Rol: Administrador) Acción: El usuario ha iniciado sesión.
[2025-05-22 14:35:46] Usuario: Juan Lopez (Rol: Administrador) Acción: Accedió a la sección de Pedidos
[2025-05-22 14:36:14] Usuario: Juan Lopez (Rol: Administrador) Acción: Catálogo de pedidos abierto correctamente.
[2025-05-22 14:39:43] Usuario: Juan Lopez (Rol: Administrador) Acción: El usuario ha iniciado sesión.
[2025-05-22 14:39:45] Usuario: Juan Lopez (Rol: Administrador) Acción: Accedió a la sección de Pedidos
[2025-05-22 14:40:17] Usuario: Juan Lopez (Rol: Administrador) Acción: Catálogo de pedidos abierto correctamente.
[2025-05-22 14:45:00] Usuario: Juan Lopez (Rol: Administrador) Acción: El usuario ha iniciado sesión.
[2025-05-22 14:45:03] Usuario: Juan Lopez (Rol: Administrador) Acción: Accedió a la sección de Pedidos
[2025-05-22 14:45:28] Usuario: Juan Lopez (Rol: Administrador) Acción: Catálogo de pedidos abierto correctamente.
[2025-05-22 14:54:12] Usuario: Juan Lopez (Rol: Administrador) Acción: Insumo insuficiente: HARINA. Requerido: 250.0, disponible: 50.0
[2025-05-22 14:54:37] Usuario: Juan Lopez (Rol: Administrador) Acción: El usuario ha iniciado sesión.
[2025-05-22 14:54:41] Usuario: Juan Lopez (Rol: Administrador) Acción: Accedió a la sección de Pedidos
[2025-05-22 14:55:16] Usuario: Juan Lopez (Rol: Administrador) Acción: Catálogo de pedidos abierto correctamente.
[2025-05-22 15:12:17] Usuario: Juan Lopez (Rol: Administrador) Acción: El usuario ha iniciado sesión.
[2025-05-22 15:12:18] Usuario: Juan Lopez (Rol: Administrador) Acción: Accedió a la sección de Pedidos
[2025-05-22 15:12:42] Usuario: Juan Lopez (Rol: Administrador) Acción: Catálogo de pedidos abierto correctamente.
[2025-05-22 15:26:53] Usuario: Juan Lopez (Rol: Administrador) Acción: El usuario ha iniciado sesión.
[2025-05-22 15:26:54] Usuario: Juan Lopez (Rol: Administrador) Acción: Accedió a la sección de Pedidos
[2025-05-22 15:27:19] Usuario: Juan Lopez (Rol: Administrador) Acción: Catálogo de pedidos abierto correctamente.
