[2025-07-19 01:48:30] Usuario: Juan Lopez (Rol: Administrador) Acción: El usuario ha iniciado sesión.
[2025-07-19 01:48:36] Usuario: Juan Lopez (Rol: Administrador) Acción: Accedió a la sección de Agenda
[2025-07-19 01:50:10] Usuario: Juan Lopez (Rol: Administrador) Acción: El usuario ha iniciado sesión.
[2025-07-19 01:50:13] Usuario: Juan Lopez (Rol: Administrador) Acción: Accedió a la sección de Agenda
[2025-07-19 02:03:40] Usuario: Juan Lopez (Rol: Administrador) Acción: El usuario ha iniciado sesión.
[2025-07-19 02:03:44] Usuario: Juan Lopez (Rol: Administrador) Acción: Accedió a la sección de Agenda
[2025-07-19 02:17:12] Usuario: null (Rol: Sin rol) Acción: Intento de login fallido con DNI: 12345678
[2025-07-19 02:17:21] Usuario: Juan Lopez (Rol: Administrador) Acción: El usuario ha iniciado sesión.
[2025-07-19 02:17:25] Usuario: Juan Lopez (Rol: Administrador) Acción: Accedió a la sección de Estadísticas
[2025-07-19 02:17:28] Usuario: Juan Lopez (Rol: Administrador) Acción: El usuario ha iniciado sesión.
[2025-07-19 02:17:29] Usuario: Juan Lopez (Rol: Administrador) Acción: Accedió a la sección de Agenda
[2025-07-19 02:29:39] Usuario: Juan Lopez (Rol: Administrador) Acción: El usuario ha iniciado sesión.
[2025-07-19 02:29:42] Usuario: Juan Lopez (Rol: Administrador) Acción: Accedió a la sección de Agenda
[2025-07-19 02:31:07] Usuario: Juan Lopez (Rol: Administrador) Acción: El usuario ha iniciado sesión.
[2025-07-19 02:31:11] Usuario: Juan Lopez (Rol: Administrador) Acción: Accedió a la sección de Agenda
[2025-07-19 02:32:36] Usuario: Juan Lopez (Rol: Administrador) Acción: El usuario ha iniciado sesión.
[2025-07-19 02:32:40] Usuario: Juan Lopez (Rol: Administrador) Acción: Accedió a la sección de Agenda
[2025-07-19 02:34:39] Usuario: Juan Lopez (Rol: Administrador) Acción: El usuario ha iniciado sesión.
[2025-07-19 02:34:44] Usuario: Juan Lopez (Rol: Administrador) Acción: Accedió a la sección de Agenda
[2025-07-19 02:38:31] Usuario: Juan Lopez (Rol: Administrador) Acción: El usuario ha iniciado sesión.
[2025-07-19 02:38:37] Usuario: Juan Lopez (Rol: Administrador) Acción: Accedió a la sección de Agenda
[2025-07-19 02:41:53] Usuario: Juan Lopez (Rol: Administrador) Acción: El usuario ha iniciado sesión.
[2025-07-19 02:41:56] Usuario: Juan Lopez (Rol: Administrador) Acción: Accedió a la sección de Agenda
[2025-07-19 02:42:49] Usuario: Juan Lopez (Rol: Administrador) Acción: El usuario ha iniciado sesión.
[2025-07-19 02:42:53] Usuario: Juan Lopez (Rol: Administrador) Acción: Accedió a la sección de Agenda
[2025-07-19 02:47:45] Usuario: Juan Lopez (Rol: Administrador) Acción: El usuario ha iniciado sesión.
[2025-07-19 02:47:46] Usuario: Juan Lopez (Rol: Administrador) Acción: Accedió a la sección de Agenda
[2025-07-19 02:54:09] Usuario: null (Rol: Sin rol) Acción: Intento de login fallido con DNI: 12345678
[2025-07-19 02:54:16] Usuario: Juan Lopez (Rol: Administrador) Acción: El usuario ha iniciado sesión.
[2025-07-19 02:54:38] Usuario: Juan Lopez (Rol: Administrador) Acción: Accedió a la sección de Agenda
[2025-07-19 02:57:31] Usuario: Juan Lopez (Rol: Administrador) Acción: El usuario ha iniciado sesión.
[2025-07-19 02:57:43] Usuario: Juan Lopez (Rol: Administrador) Acción: Accedió a la sección de Agenda
[2025-07-19 02:59:12] Usuario: Juan Lopez (Rol: Administrador) Acción: El usuario ha iniciado sesión.
[2025-07-19 02:59:15] Usuario: Juan Lopez (Rol: Administrador) Acción: Accedió a la sección de Agenda
[2025-07-19 03:02:49] Usuario: Juan Lopez (Rol: Administrador) Acción: El usuario ha iniciado sesión.
[2025-07-19 03:02:57] Usuario: Juan Lopez (Rol: Administrador) Acción: Accedió a la sección de Agenda
[2025-07-19 03:05:00] Usuario: Juan Lopez (Rol: Administrador) Acción: El usuario ha iniciado sesión.
[2025-07-19 03:05:03] Usuario: Juan Lopez (Rol: Administrador) Acción: Accedió a la sección de Agenda
[2025-07-19 03:08:02] Usuario: Juan Lopez (Rol: Administrador) Acción: El usuario ha iniciado sesión.
[2025-07-19 03:08:06] Usuario: Juan Lopez (Rol: Administrador) Acción: Accedió a la sección de Agenda
[2025-07-19 03:10:04] Usuario: Juan Lopez (Rol: Administrador) Acción: El usuario ha iniciado sesión.
[2025-07-19 03:10:09] Usuario: Juan Lopez (Rol: Administrador) Acción: Accedió a la sección de Agenda
[2025-07-19 03:10:28] Usuario: Juan Lopez (Rol: Administrador) Acción: El usuario ha iniciado sesión.
[2025-07-19 03:10:29] Usuario: Juan Lopez (Rol: Administrador) Acción: Accedió a la sección de Agenda
[2025-07-19 03:17:29] Usuario: Juan Lopez (Rol: Administrador) Acción: El usuario ha iniciado sesión.
[2025-07-19 03:17:32] Usuario: Juan Lopez (Rol: Administrador) Acción: Accedió a la sección de Agenda
[2025-07-19 03:27:00] Usuario: Juan Lopez (Rol: Administrador) Acción: El usuario ha iniciado sesión.
[2025-07-19 03:27:03] Usuario: Juan Lopez (Rol: Administrador) Acción: Accedió a la sección de Agenda
[2025-07-19 03:30:35] Usuario: Juan Lopez (Rol: Administrador) Acción: El usuario ha iniciado sesión.
[2025-07-19 03:30:39] Usuario: Juan Lopez (Rol: Administrador) Acción: Accedió a la sección de Agenda
[2025-07-19 03:32:17] Usuario: Juan Lopez (Rol: Administrador) Acción: El usuario ha iniciado sesión.
[2025-07-19 03:32:21] Usuario: Juan Lopez (Rol: Administrador) Acción: Accedió a la sección de Agenda
[2025-07-19 03:32:25] Usuario: Juan Lopez (Rol: Administrador) Acción: Accedió a la sección de Agenda
[2025-07-19 03:37:09] Usuario: Juan Lopez (Rol: Administrador) Acción: El usuario ha iniciado sesión.
[2025-07-19 03:37:12] Usuario: Juan Lopez (Rol: Administrador) Acción: Accedió a la sección de Agenda
[2025-07-19 03:37:48] Usuario: Juan Lopez (Rol: Administrador) Acción: El usuario ha iniciado sesión.
[2025-07-19 03:37:49] Usuario: Juan Lopez (Rol: Administrador) Acción: Accedió a la sección de Agenda
[2025-07-19 03:39:47] Usuario: Juan Lopez (Rol: Administrador) Acción: El usuario ha iniciado sesión.
[2025-07-19 03:39:50] Usuario: Juan Lopez (Rol: Administrador) Acción: Accedió a la sección de Agenda
[2025-07-19 03:45:51] Usuario: Juan Lopez (Rol: Administrador) Acción: El usuario ha iniciado sesión.
[2025-07-19 03:45:55] Usuario: Juan Lopez (Rol: Administrador) Acción: Accedió a la sección de Agenda
[2025-07-19 03:49:26] Usuario: Juan Lopez (Rol: Administrador) Acción: El usuario ha iniciado sesión.
[2025-07-19 03:49:29] Usuario: Juan Lopez (Rol: Administrador) Acción: Accedió a la sección de Agenda
[2025-07-19 03:55:16] Usuario: Juan Lopez (Rol: Administrador) Acción: El usuario ha iniciado sesión.
[2025-07-19 03:55:20] Usuario: Juan Lopez (Rol: Administrador) Acción: Accedió a la sección de Agenda
[2025-07-19 03:56:03] Usuario: Juan Lopez (Rol: Administrador) Acción: El usuario ha iniciado sesión.
[2025-07-19 03:56:07] Usuario: Juan Lopez (Rol: Administrador) Acción: Accedió a la sección de Agenda
[2025-07-19 03:58:50] Usuario: Juan Lopez (Rol: Administrador) Acción: El usuario ha iniciado sesión.
[2025-07-19 03:58:54] Usuario: Juan Lopez (Rol: Administrador) Acción: Accedió a la sección de Agenda
[2025-07-19 04:02:04] Usuario: Juan Lopez (Rol: Administrador) Acción: El usuario ha iniciado sesión.
[2025-07-19 04:02:12] Usuario: Juan Lopez (Rol: Administrador) Acción: Accedió a la sección de Agenda
[2025-07-19 04:11:44] Usuario: Juan Lopez (Rol: Administrador) Acción: El usuario ha iniciado sesión.
[2025-07-19 04:11:48] Usuario: Juan Lopez (Rol: Administrador) Acción: Accedió a la sección de Agenda
[2025-07-19 04:17:05] Usuario: Juan Lopez (Rol: Administrador) Acción: El usuario ha iniciado sesión.
[2025-07-19 04:17:14] Usuario: Juan Lopez (Rol: Administrador) Acción: Accedió a la sección de Agenda
[2025-07-19 04:21:12] Usuario: Juan Lopez (Rol: Administrador) Acción: El usuario ha iniciado sesión.
[2025-07-19 04:21:20] Usuario: Juan Lopez (Rol: Administrador) Acción: Accedió a la sección de Agenda
[2025-07-19 04:24:44] Usuario: null (Rol: Sin rol) Acción: Intento de login fallido con DNI: 12345678
[2025-07-19 04:24:50] Usuario: Juan Lopez (Rol: Administrador) Acción: El usuario ha iniciado sesión.
[2025-07-19 04:24:55] Usuario: Juan Lopez (Rol: Administrador) Acción: Accedió a la sección de Agenda
[2025-07-19 04:26:04] Usuario: Juan Lopez (Rol: Administrador) Acción: El usuario ha iniciado sesión.
[2025-07-19 04:26:08] Usuario: Juan Lopez (Rol: Administrador) Acción: Accedió a la sección de Agenda
[2025-07-19 04:37:11] Usuario: Juan Lopez (Rol: Administrador) Acción: El usuario ha iniciado sesión.
[2025-07-19 04:37:16] Usuario: Juan Lopez (Rol: Administrador) Acción: Accedió a la sección de Agenda
[2025-07-19 04:42:12] Usuario: Juan Lopez (Rol: Administrador) Acción: El usuario ha iniciado sesión.
[2025-07-19 04:42:17] Usuario: Juan Lopez (Rol: Administrador) Acción: Accedió a la sección de Agenda
[2025-07-19 04:43:39] Usuario: Juan Lopez (Rol: Administrador) Acción: El usuario ha iniciado sesión.
[2025-07-19 04:43:45] Usuario: Juan Lopez (Rol: Administrador) Acción: Accedió a la sección de Agenda
[2025-07-19 04:55:08] Usuario: Juan Lopez (Rol: Administrador) Acción: El usuario ha iniciado sesión.
[2025-07-19 04:55:13] Usuario: Juan Lopez (Rol: Administrador) Acción: Accedió a la sección de Agenda
[2025-07-19 04:59:35] Usuario: Juan Lopez (Rol: Administrador) Acción: El usuario ha iniciado sesión.
[2025-07-19 04:59:39] Usuario: Juan Lopez (Rol: Administrador) Acción: Accedió a la sección de Agenda
[2025-07-19 05:03:10] Usuario: Juan Lopez (Rol: Administrador) Acción: El usuario ha iniciado sesión.
[2025-07-19 05:03:15] Usuario: Juan Lopez (Rol: Administrador) Acción: Accedió a la sección de Agenda
[2025-07-19 05:06:33] Usuario: Juan Lopez (Rol: Administrador) Acción: El usuario ha iniciado sesión.
[2025-07-19 05:06:38] Usuario: Juan Lopez (Rol: Administrador) Acción: Accedió a la sección de Agenda
[2025-07-19 05:08:12] Usuario: Juan Lopez (Rol: Administrador) Acción: El usuario ha iniciado sesión.
[2025-07-19 05:08:16] Usuario: Juan Lopez (Rol: Administrador) Acción: Accedió a la sección de Agenda
[2025-07-19 05:10:11] Usuario: Juan Lopez (Rol: Administrador) Acción: El usuario ha iniciado sesión.
[2025-07-19 05:10:15] Usuario: Juan Lopez (Rol: Administrador) Acción: Accedió a la sección de Agenda
[2025-07-19 05:11:42] Usuario: Juan Lopez (Rol: Administrador) Acción: El usuario ha iniciado sesión.
[2025-07-19 05:11:46] Usuario: Juan Lopez (Rol: Administrador) Acción: Accedió a la sección de Agenda
[2025-07-19 05:14:07] Usuario: Juan Lopez (Rol: Administrador) Acción: El usuario ha iniciado sesión.
[2025-07-19 05:14:12] Usuario: Juan Lopez (Rol: Administrador) Acción: Accedió a la sección de Agenda
[2025-07-19 05:15:05] Usuario: Juan Lopez (Rol: Administrador) Acción: El usuario ha iniciado sesión.
[2025-07-19 05:15:08] Usuario: Juan Lopez (Rol: Administrador) Acción: Accedió a la sección de Agenda
[2025-07-19 05:19:29] Usuario: Juan Lopez (Rol: Administrador) Acción: El usuario ha iniciado sesión.
[2025-07-19 05:19:32] Usuario: Juan Lopez (Rol: Administrador) Acción: Accedió a la sección de Agenda
[2025-07-19 05:25:30] Usuario: Juan Lopez (Rol: Administrador) Acción: El usuario ha iniciado sesión.
[2025-07-19 05:25:34] Usuario: Juan Lopez (Rol: Administrador) Acción: Accedió a la sección de Agenda
[2025-07-19 05:29:31] Usuario: Juan Lopez (Rol: Administrador) Acción: El usuario ha iniciado sesión.
[2025-07-19 05:29:37] Usuario: Juan Lopez (Rol: Administrador) Acción: Accedió a la sección de Agenda
[2025-07-19 05:32:23] Usuario: Juan Lopez (Rol: Administrador) Acción: El usuario ha iniciado sesión.
[2025-07-19 05:32:27] Usuario: Juan Lopez (Rol: Administrador) Acción: Accedió a la sección de Agenda
[2025-07-19 05:38:35] Usuario: Juan Lopez (Rol: Administrador) Acción: El usuario ha iniciado sesión.
[2025-07-19 05:38:42] Usuario: Juan Lopez (Rol: Administrador) Acción: Accedió a la sección de Agenda
[2025-07-19 05:42:12] Usuario: Juan Lopez (Rol: Administrador) Acción: El usuario ha iniciado sesión.
[2025-07-19 05:42:16] Usuario: Juan Lopez (Rol: Administrador) Acción: Accedió a la sección de Agenda
[2025-07-19 05:45:30] Usuario: Juan Lopez (Rol: Administrador) Acción: El usuario ha iniciado sesión.
[2025-07-19 05:45:36] Usuario: Juan Lopez (Rol: Administrador) Acción: Accedió a la sección de Agenda
[2025-07-19 05:48:55] Usuario: Juan Lopez (Rol: Administrador) Acción: El usuario ha iniciado sesión.
[2025-07-19 05:48:59] Usuario: Juan Lopez (Rol: Administrador) Acción: Accedió a la sección de Agenda
[2025-07-19 05:55:32] Usuario: Juan Lopez (Rol: Administrador) Acción: El usuario ha iniciado sesión.
[2025-07-19 05:55:36] Usuario: Juan Lopez (Rol: Administrador) Acción: Accedió a la sección de Agenda
[2025-07-19 06:02:33] Usuario: Juan Lopez (Rol: Administrador) Acción: El usuario ha iniciado sesión.
[2025-07-19 06:02:36] Usuario: Juan Lopez (Rol: Administrador) Acción: Accedió a la sección de Agenda
[2025-07-19 06:07:49] Usuario: Juan Lopez (Rol: Administrador) Acción: El usuario ha iniciado sesión.
[2025-07-19 06:08:05] Usuario: Juan Lopez (Rol: Administrador) Acción: Accedió a la sección de Agenda
[2025-07-19 06:12:12] Usuario: Juan Lopez (Rol: Administrador) Acción: El usuario ha iniciado sesión.
[2025-07-19 06:12:16] Usuario: Juan Lopez (Rol: Administrador) Acción: Accedió a la sección de Agenda
[2025-07-19 06:13:53] Usuario: Juan Lopez (Rol: Administrador) Acción: El usuario ha iniciado sesión.
[2025-07-19 06:13:57] Usuario: Juan Lopez (Rol: Administrador) Acción: Accedió a la sección de Agenda
[2025-07-19 06:17:46] Usuario: Juan Lopez (Rol: Administrador) Acción: El usuario ha iniciado sesión.
[2025-07-19 06:17:49] Usuario: Juan Lopez (Rol: Administrador) Acción: Accedió a la sección de Agenda
[2025-07-19 06:19:19] Usuario: Juan Lopez (Rol: Administrador) Acción: El usuario ha iniciado sesión.
[2025-07-19 06:19:22] Usuario: Juan Lopez (Rol: Administrador) Acción: Accedió a la sección de Agenda
[2025-07-19 06:25:17] Usuario: Juan Lopez (Rol: Administrador) Acción: El usuario ha iniciado sesión.
[2025-07-19 06:25:20] Usuario: Juan Lopez (Rol: Administrador) Acción: Accedió a la sección de Agenda
[2025-07-19 06:28:23] Usuario: Juan Lopez (Rol: Administrador) Acción: El usuario ha iniciado sesión.
[2025-07-19 06:28:27] Usuario: Juan Lopez (Rol: Administrador) Acción: Accedió a la sección de Agenda
[2025-07-19 06:30:40] Usuario: Juan Lopez (Rol: Administrador) Acción: El usuario ha iniciado sesión.
[2025-07-19 06:30:47] Usuario: Juan Lopez (Rol: Administrador) Acción: Accedió a la sección de Agenda
[2025-07-19 06:32:51] Usuario: Juan Lopez (Rol: Administrador) Acción: El usuario ha iniciado sesión.
[2025-07-19 06:32:54] Usuario: Juan Lopez (Rol: Administrador) Acción: Accedió a la sección de Agenda
[2025-07-19 06:37:04] Usuario: Juan Lopez (Rol: Administrador) Acción: El usuario ha iniciado sesión.
[2025-07-19 06:37:13] Usuario: Juan Lopez (Rol: Administrador) Acción: Accedió a la sección de Agenda
[2025-07-19 06:38:11] Usuario: Juan Lopez (Rol: Administrador) Acción: El usuario ha iniciado sesión.
[2025-07-19 06:38:16] Usuario: Juan Lopez (Rol: Administrador) Acción: Accedió a la sección de Agenda
[2025-07-19 06:43:31] Usuario: Juan Lopez (Rol: Administrador) Acción: El usuario ha iniciado sesión.
[2025-07-19 06:43:34] Usuario: Juan Lopez (Rol: Administrador) Acción: Accedió a la sección de Agenda
[2025-07-19 06:44:41] Usuario: Juan Lopez (Rol: Administrador) Acción: El usuario ha iniciado sesión.
[2025-07-19 06:44:45] Usuario: Juan Lopez (Rol: Administrador) Acción: Accedió a la sección de Agenda
[2025-07-19 06:49:16] Usuario: Juan Lopez (Rol: Administrador) Acción: El usuario ha iniciado sesión.
[2025-07-19 06:49:20] Usuario: Juan Lopez (Rol: Administrador) Acción: Accedió a la sección de Agenda
[2025-07-19 06:54:54] Usuario: Juan Lopez (Rol: Administrador) Acción: El usuario ha iniciado sesión.
[2025-07-19 06:54:57] Usuario: Juan Lopez (Rol: Administrador) Acción: Accedió a la sección de Agenda
[2025-07-19 07:01:13] Usuario: null (Rol: Sin rol) Acción: Intento de login fallido con DNI: 12345678
[2025-07-19 07:01:21] Usuario: Juan Lopez (Rol: Administrador) Acción: El usuario ha iniciado sesión.
[2025-07-19 07:01:25] Usuario: Juan Lopez (Rol: Administrador) Acción: Accedió a la sección de Agenda
[2025-07-19 07:07:20] Usuario: Juan Lopez (Rol: Administrador) Acción: El usuario ha iniciado sesión.
[2025-07-19 07:07:37] Usuario: Juan Lopez (Rol: Administrador) Acción: Accedió a la sección de Agenda
[2025-07-19 07:10:03] Usuario: Juan Lopez (Rol: Administrador) Acción: El usuario ha iniciado sesión.
[2025-07-19 07:10:07] Usuario: Juan Lopez (Rol: Administrador) Acción: Accedió a la sección de Agenda
[2025-07-19 07:19:19] Usuario: Juan Lopez (Rol: Administrador) Acción: El usuario ha iniciado sesión.
[2025-07-19 07:19:24] Usuario: Juan Lopez (Rol: Administrador) Acción: Accedió a la sección de Agenda
[2025-07-19 07:21:20] Usuario: Juan Lopez (Rol: Administrador) Acción: El usuario ha iniciado sesión.
[2025-07-19 07:28:52] Usuario: Juan Lopez (Rol: Administrador) Acción: El usuario ha iniciado sesión.
[2025-07-19 07:28:56] Usuario: Juan Lopez (Rol: Administrador) Acción: Accedió a la sección de Agenda
[2025-07-19 07:28:58] Usuario: Juan Lopez (Rol: Administrador) Acción: El usuario ha iniciado sesión.
[2025-07-19 07:32:39] Usuario: Juan Lopez (Rol: Administrador) Acción: El usuario ha iniciado sesión.
[2025-07-19 07:32:45] Usuario: Juan Lopez (Rol: Administrador) Acción: Accedió a la sección de Agenda
[2025-07-19 07:34:36] Usuario: Juan Lopez (Rol: Administrador) Acción: El usuario ha iniciado sesión.
[2025-07-19 07:34:40] Usuario: Juan Lopez (Rol: Administrador) Acción: Accedió a la sección de Agenda
[2025-07-19 07:38:06] Usuario: Juan Lopez (Rol: Administrador) Acción: El usuario ha iniciado sesión.
[2025-07-19 07:38:09] Usuario: Juan Lopez (Rol: Administrador) Acción: Accedió a la sección de Agenda
[2025-07-19 07:41:57] Usuario: Juan Lopez (Rol: Administrador) Acción: El usuario ha iniciado sesión.
[2025-07-19 07:42:00] Usuario: Juan Lopez (Rol: Administrador) Acción: Accedió a la sección de Agenda
[2025-07-19 07:46:57] Usuario: Juan Lopez (Rol: Administrador) Acción: El usuario ha iniciado sesión.
[2025-07-19 07:47:00] Usuario: Juan Lopez (Rol: Administrador) Acción: Accedió a la sección de Agenda
[2025-07-19 07:48:44] Usuario: Juan Lopez (Rol: Administrador) Acción: El usuario ha iniciado sesión.
[2025-07-19 07:48:48] Usuario: Juan Lopez (Rol: Administrador) Acción: Accedió a la sección de Agenda
[2025-07-19 07:49:42] Usuario: Juan Lopez (Rol: Administrador) Acción: El usuario ha iniciado sesión.
[2025-07-19 07:49:44] Usuario: Juan Lopez (Rol: Administrador) Acción: Accedió a la sección de Eventos
[2025-07-19 07:49:45] Usuario: Juan Lopez (Rol: Administrador) Acción: Evento agregado para la fecha: 2024-11-15
[2025-07-19 07:49:45] Usuario: Juan Lopez (Rol: Administrador) Acción: Evento agregado para la fecha: 2024-12-10
[2025-07-19 07:49:45] Usuario: Juan Lopez (Rol: Administrador) Acción: Evento agregado para la fecha: 2024-12-20
[2025-07-19 07:49:45] Usuario: Juan Lopez (Rol: Administrador) Acción: Evento agregado para la fecha: 2024-10-27
[2025-07-19 07:49:45] Usuario: Juan Lopez (Rol: Administrador) Acción: Evento agregado para la fecha: 2024-11-30
[2025-07-19 07:49:45] Usuario: Juan Lopez (Rol: Administrador) Acción: Calendario para el mes: 2025-07 generado correctamente.
[2025-07-19 07:49:45] Usuario: Juan Lopez (Rol: Administrador) Acción: Evento agregado para la fecha: 2025-07-05
[2025-07-19 07:49:45] Usuario: Juan Lopez (Rol: Administrador) Acción: Calendario para el mes: 2025-07 generado correctamente.
[2025-07-19 07:49:45] Usuario: Juan Lopez (Rol: Administrador) Acción: Evento agregado para la fecha: 2025-07-18
[2025-07-19 07:49:45] Usuario: Juan Lopez (Rol: Administrador) Acción: Calendario para el mes: 2025-07 generado correctamente.
[2025-07-19 07:49:45] Usuario: Juan Lopez (Rol: Administrador) Acción: Calendario para el mes: 2025-07 generado correctamente.
[2025-07-19 07:49:45] Usuario: Juan Lopez (Rol: Administrador) Acción: Calendario inicializado para el mes: 2025-07
[2025-07-19 07:49:46] Usuario: Juan Lopez (Rol: Administrador) Acción: Detalles del evento cargados para la fecha: 2025-07-18
[2025-07-19 07:49:48] Usuario: Juan Lopez (Rol: Administrador) Acción: Detalles del evento cargados para la fecha: 2025-07-05
[2025-07-19 07:49:49] Usuario: Juan Lopez (Rol: Administrador) Acción: El usuario ha iniciado sesión.
[2025-07-19 07:49:50] Usuario: Juan Lopez (Rol: Administrador) Acción: El usuario volvió al menú principal.
[2025-07-19 07:49:53] Usuario: Juan Lopez (Rol: Administrador) Acción: Accedió a la sección de Agenda
[2025-07-19 07:50:08] Usuario: Juan Lopez (Rol: Administrador) Acción: El usuario ha iniciado sesión.
