[2025-07-03 01:15:00] Usuario: Juan Lopez (Rol: Administrador) Acción: El usuario ha iniciado sesión.
[2025-07-03 01:15:03] Usuario: Juan Lopez (Rol: Administrador) Acción: Accedió a la sección de Eventos
[2025-07-03 01:15:05] Usuario: Juan Lopez (Rol: Administrador) Acción: Evento agregado para la fecha: 2024-11-15
[2025-07-03 01:15:05] Usuario: Juan Lopez (Rol: Administrador) Acción: Evento agregado para la fecha: 2024-12-10
[2025-07-03 01:15:05] Usuario: Juan Lopez (Rol: Administrador) Acción: Evento agregado para la fecha: 2024-12-20
[2025-07-03 01:15:05] Usuario: Juan Lopez (Rol: Administrador) Acción: Evento agregado para la fecha: 2024-10-27
[2025-07-03 01:15:05] Usuario: Juan Lopez (Rol: Administrador) Acción: Evento agregado para la fecha: 2024-11-30
[2025-07-03 01:15:05] Usuario: Juan Lopez (Rol: Administrador) Acción: Evento agregado para la fecha: 2024-10-25
[2025-07-03 01:15:05] Usuario: Juan Lopez (Rol: Administrador) Acción: Calendario para el mes: 2025-07 generado correctamente.
[2025-07-03 01:15:05] Usuario: Juan Lopez (Rol: Administrador) Acción: Calendario para el mes: 2025-07 generado correctamente.
[2025-07-03 01:15:05] Usuario: Juan Lopez (Rol: Administrador) Acción: Calendario inicializado para el mes: 2025-07
[2025-07-03 01:15:12] Usuario: Juan Lopez (Rol: Administrador) Acción: Formulario de evento cerrado sin guardar.
[2025-07-03 01:17:57] Usuario: Juan Lopez (Rol: Administrador) Acción: Nuevo evento guardado: Mesa dulce casamiento para la fecha 2025-07-12
[2025-07-03 01:18:04] Usuario: Juan Lopez (Rol: Administrador) Acción: Calendario para el mes: 2025-06 generado correctamente.
[2025-07-03 01:18:04] Usuario: Juan Lopez (Rol: Administrador) Acción: Cambiado al mes anterior: 2025-06
[2025-07-03 01:18:05] Usuario: Juan Lopez (Rol: Administrador) Acción: Calendario para el mes: 2025-07 generado correctamente.
[2025-07-03 01:18:05] Usuario: Juan Lopez (Rol: Administrador) Acción: Cambiado al siguiente mes: 2025-07
[2025-07-03 01:19:52] Usuario: Juan Lopez (Rol: Administrador) Acción: El usuario ha iniciado sesión.
[2025-07-03 01:19:55] Usuario: Juan Lopez (Rol: Administrador) Acción: Accedió a la sección de Eventos
[2025-07-03 01:19:55] Usuario: Juan Lopez (Rol: Administrador) Acción: Evento agregado para la fecha: 2024-11-15
[2025-07-03 01:19:55] Usuario: Juan Lopez (Rol: Administrador) Acción: Evento agregado para la fecha: 2024-12-10
[2025-07-03 01:19:55] Usuario: Juan Lopez (Rol: Administrador) Acción: Evento agregado para la fecha: 2024-12-20
[2025-07-03 01:19:55] Usuario: Juan Lopez (Rol: Administrador) Acción: Evento agregado para la fecha: 2024-10-27
[2025-07-03 01:19:55] Usuario: Juan Lopez (Rol: Administrador) Acción: Evento agregado para la fecha: 2024-11-30
[2025-07-03 01:19:55] Usuario: Juan Lopez (Rol: Administrador) Acción: Evento agregado para la fecha: 2024-10-25
[2025-07-03 01:19:55] Usuario: Juan Lopez (Rol: Administrador) Acción: Calendario para el mes: 2025-07 generado correctamente.
[2025-07-03 01:19:55] Usuario: Juan Lopez (Rol: Administrador) Acción: Calendario para el mes: 2025-07 generado correctamente.
[2025-07-03 01:19:55] Usuario: Juan Lopez (Rol: Administrador) Acción: Calendario inicializado para el mes: 2025-07
[2025-07-03 01:21:22] Usuario: Juan Lopez (Rol: Administrador) Acción: Nuevo evento guardado: Catering casamiento para la fecha 2025-07-05
[2025-07-03 01:21:29] Usuario: Juan Lopez (Rol: Administrador) Acción: Calendario para el mes: 2025-06 generado correctamente.
[2025-07-03 01:21:29] Usuario: Juan Lopez (Rol: Administrador) Acción: Cambiado al mes anterior: 2025-06
[2025-07-03 01:21:30] Usuario: Juan Lopez (Rol: Administrador) Acción: Calendario para el mes: 2025-07 generado correctamente.
[2025-07-03 01:21:30] Usuario: Juan Lopez (Rol: Administrador) Acción: Cambiado al siguiente mes: 2025-07
[2025-07-03 16:29:38] Usuario: Juan Lopez (Rol: Administrador) Acción: El usuario ha iniciado sesión.
[2025-07-03 16:29:43] Usuario: Juan Lopez (Rol: Administrador) Acción: Accedió a la sección de Eventos
[2025-07-03 16:29:44] Usuario: Juan Lopez (Rol: Administrador) Acción: Evento agregado para la fecha: 2024-11-15
[2025-07-03 16:29:44] Usuario: Juan Lopez (Rol: Administrador) Acción: Evento agregado para la fecha: 2024-12-10
[2025-07-03 16:29:44] Usuario: Juan Lopez (Rol: Administrador) Acción: Evento agregado para la fecha: 2024-12-20
[2025-07-03 16:29:44] Usuario: Juan Lopez (Rol: Administrador) Acción: Evento agregado para la fecha: 2024-10-27
[2025-07-03 16:29:44] Usuario: Juan Lopez (Rol: Administrador) Acción: Evento agregado para la fecha: 2024-11-30
[2025-07-03 16:29:44] Usuario: Juan Lopez (Rol: Administrador) Acción: Evento agregado para la fecha: 2024-10-25
[2025-07-03 16:29:44] Usuario: Juan Lopez (Rol: Administrador) Acción: Calendario para el mes: 2025-07 generado correctamente.
[2025-07-03 16:29:44] Usuario: Juan Lopez (Rol: Administrador) Acción: Calendario para el mes: 2025-07 generado correctamente.
[2025-07-03 16:29:44] Usuario: Juan Lopez (Rol: Administrador) Acción: Calendario inicializado para el mes: 2025-07
[2025-07-03 16:30:52] Usuario: Juan Lopez (Rol: Administrador) Acción: Nuevo evento guardado: Catering casamiento para la fecha 2025-07-05
[2025-07-03 16:33:30] Usuario: Juan Lopez (Rol: Administrador) Acción: Nuevo evento guardado: Catering casamiento para la fecha 2025-07-05
[2025-07-03 16:42:31] Usuario: Juan Lopez (Rol: Administrador) Acción: El usuario ha iniciado sesión.
[2025-07-03 16:42:33] Usuario: Juan Lopez (Rol: Administrador) Acción: Accedió a la sección de Eventos
[2025-07-03 16:42:34] Usuario: Juan Lopez (Rol: Administrador) Acción: Evento agregado para la fecha: 2024-11-15
[2025-07-03 16:42:34] Usuario: Juan Lopez (Rol: Administrador) Acción: Evento agregado para la fecha: 2024-12-10
[2025-07-03 16:42:34] Usuario: Juan Lopez (Rol: Administrador) Acción: Evento agregado para la fecha: 2024-12-20
[2025-07-03 16:42:34] Usuario: Juan Lopez (Rol: Administrador) Acción: Evento agregado para la fecha: 2024-10-27
[2025-07-03 16:42:34] Usuario: Juan Lopez (Rol: Administrador) Acción: Evento agregado para la fecha: 2024-11-30
[2025-07-03 16:42:34] Usuario: Juan Lopez (Rol: Administrador) Acción: Evento agregado para la fecha: 2024-10-25
[2025-07-03 16:42:34] Usuario: Juan Lopez (Rol: Administrador) Acción: Calendario para el mes: 2025-07 generado correctamente.
[2025-07-03 16:42:34] Usuario: Juan Lopez (Rol: Administrador) Acción: Calendario para el mes: 2025-07 generado correctamente.
[2025-07-03 16:42:34] Usuario: Juan Lopez (Rol: Administrador) Acción: Calendario inicializado para el mes: 2025-07
[2025-07-03 16:43:32] Usuario: Juan Lopez (Rol: Administrador) Acción: Nuevo evento guardado: Catering casamiento para la fecha 2025-07-05
[2025-07-03 16:54:49] Usuario: Juan Lopez (Rol: Administrador) Acción: El usuario ha iniciado sesión.
[2025-07-03 16:54:52] Usuario: Juan Lopez (Rol: Administrador) Acción: Accedió a la sección de Eventos
[2025-07-03 16:54:52] Usuario: Juan Lopez (Rol: Administrador) Acción: Evento agregado para la fecha: 2024-11-15
[2025-07-03 16:54:52] Usuario: Juan Lopez (Rol: Administrador) Acción: Evento agregado para la fecha: 2024-12-10
[2025-07-03 16:54:52] Usuario: Juan Lopez (Rol: Administrador) Acción: Evento agregado para la fecha: 2024-12-20
[2025-07-03 16:54:52] Usuario: Juan Lopez (Rol: Administrador) Acción: Evento agregado para la fecha: 2024-10-27
[2025-07-03 16:54:52] Usuario: Juan Lopez (Rol: Administrador) Acción: Evento agregado para la fecha: 2024-11-30
[2025-07-03 16:54:52] Usuario: Juan Lopez (Rol: Administrador) Acción: Evento agregado para la fecha: 2024-10-25
[2025-07-03 16:54:52] Usuario: Juan Lopez (Rol: Administrador) Acción: Calendario para el mes: 2025-07 generado correctamente.
[2025-07-03 16:54:52] Usuario: Juan Lopez (Rol: Administrador) Acción: Calendario para el mes: 2025-07 generado correctamente.
[2025-07-03 16:54:52] Usuario: Juan Lopez (Rol: Administrador) Acción: Calendario inicializado para el mes: 2025-07
[2025-07-03 16:56:19] Usuario: Juan Lopez (Rol: Administrador) Acción: Nuevo evento guardado: Catering Casamiento para la fecha 2025-07-05
[2025-07-03 16:56:28] Usuario: Juan Lopez (Rol: Administrador) Acción: Calendario para el mes: 2025-06 generado correctamente.
[2025-07-03 16:56:28] Usuario: Juan Lopez (Rol: Administrador) Acción: Cambiado al mes anterior: 2025-06
[2025-07-03 16:56:29] Usuario: Juan Lopez (Rol: Administrador) Acción: Calendario para el mes: 2025-07 generado correctamente.
[2025-07-03 16:56:29] Usuario: Juan Lopez (Rol: Administrador) Acción: Cambiado al siguiente mes: 2025-07
[2025-07-03 16:56:30] Usuario: Juan Lopez (Rol: Administrador) Acción: Calendario para el mes: 2025-08 generado correctamente.
[2025-07-03 16:56:30] Usuario: Juan Lopez (Rol: Administrador) Acción: Cambiado al siguiente mes: 2025-08
[2025-07-03 16:56:31] Usuario: Juan Lopez (Rol: Administrador) Acción: Calendario para el mes: 2025-07 generado correctamente.
[2025-07-03 16:56:31] Usuario: Juan Lopez (Rol: Administrador) Acción: Cambiado al mes anterior: 2025-07
[2025-07-03 16:57:09] Usuario: Juan Lopez (Rol: Administrador) Acción: El usuario ha iniciado sesión.
[2025-07-03 16:57:09] Usuario: Juan Lopez (Rol: Administrador) Acción: Volviendo al menú principal.
[2025-07-03 16:57:10] Usuario: Juan Lopez (Rol: Administrador) Acción: Accedió a la sección de Eventos
[2025-07-03 16:57:10] Usuario: Juan Lopez (Rol: Administrador) Acción: Evento agregado para la fecha: 2024-11-15
[2025-07-03 16:57:10] Usuario: Juan Lopez (Rol: Administrador) Acción: Evento agregado para la fecha: 2024-12-10
[2025-07-03 16:57:10] Usuario: Juan Lopez (Rol: Administrador) Acción: Evento agregado para la fecha: 2024-12-20
[2025-07-03 16:57:10] Usuario: Juan Lopez (Rol: Administrador) Acción: Evento agregado para la fecha: 2024-10-27
[2025-07-03 16:57:10] Usuario: Juan Lopez (Rol: Administrador) Acción: Evento agregado para la fecha: 2024-11-30
[2025-07-03 16:57:10] Usuario: Juan Lopez (Rol: Administrador) Acción: Evento agregado para la fecha: 2024-10-25
[2025-07-03 16:57:10] Usuario: Juan Lopez (Rol: Administrador) Acción: Calendario para el mes: 2025-07 generado correctamente.
[2025-07-03 16:57:10] Usuario: Juan Lopez (Rol: Administrador) Acción: Evento agregado para la fecha: 2025-07-05
[2025-07-03 16:57:10] Usuario: Juan Lopez (Rol: Administrador) Acción: Calendario para el mes: 2025-07 generado correctamente.
[2025-07-03 16:57:10] Usuario: Juan Lopez (Rol: Administrador) Acción: Calendario para el mes: 2025-07 generado correctamente.
[2025-07-03 16:57:10] Usuario: Juan Lopez (Rol: Administrador) Acción: Calendario inicializado para el mes: 2025-07
[2025-07-03 16:57:12] Usuario: Juan Lopez (Rol: Administrador) Acción: Detalles del evento cargados para la fecha: 2025-07-05
[2025-07-03 17:13:08] Usuario: Juan Lopez (Rol: Administrador) Acción: El usuario ha iniciado sesión.
[2025-07-03 17:13:10] Usuario: Juan Lopez (Rol: Administrador) Acción: Accedió a la sección de Eventos
[2025-07-03 17:13:11] Usuario: Juan Lopez (Rol: Administrador) Acción: Evento agregado para la fecha: 2024-11-15
[2025-07-03 17:13:11] Usuario: Juan Lopez (Rol: Administrador) Acción: Evento agregado para la fecha: 2024-12-10
[2025-07-03 17:13:11] Usuario: Juan Lopez (Rol: Administrador) Acción: Evento agregado para la fecha: 2024-12-20
[2025-07-03 17:13:11] Usuario: Juan Lopez (Rol: Administrador) Acción: Evento agregado para la fecha: 2024-10-27
[2025-07-03 17:13:11] Usuario: Juan Lopez (Rol: Administrador) Acción: Evento agregado para la fecha: 2024-11-30
[2025-07-03 17:13:11] Usuario: Juan Lopez (Rol: Administrador) Acción: Evento agregado para la fecha: 2024-10-25
[2025-07-03 17:13:11] Usuario: Juan Lopez (Rol: Administrador) Acción: Calendario para el mes: 2025-07 generado correctamente.
[2025-07-03 17:13:11] Usuario: Juan Lopez (Rol: Administrador) Acción: Evento agregado para la fecha: 2025-07-05
[2025-07-03 17:13:11] Usuario: Juan Lopez (Rol: Administrador) Acción: Calendario para el mes: 2025-07 generado correctamente.
[2025-07-03 17:13:11] Usuario: Juan Lopez (Rol: Administrador) Acción: Calendario para el mes: 2025-07 generado correctamente.
[2025-07-03 17:13:11] Usuario: Juan Lopez (Rol: Administrador) Acción: Calendario inicializado para el mes: 2025-07
[2025-07-03 17:14:20] Usuario: Juan Lopez (Rol: Administrador) Acción: Nuevo evento guardado: Bautismo de Juan Manuel para la fecha 2025-07-18
[2025-07-03 17:14:22] Usuario: Juan Lopez (Rol: Administrador) Acción: Evento agregado para la fecha: 2024-11-15
[2025-07-03 17:14:22] Usuario: Juan Lopez (Rol: Administrador) Acción: Evento agregado para la fecha: 2024-12-10
[2025-07-03 17:14:22] Usuario: Juan Lopez (Rol: Administrador) Acción: Evento agregado para la fecha: 2024-12-20
[2025-07-03 17:14:22] Usuario: Juan Lopez (Rol: Administrador) Acción: Evento agregado para la fecha: 2024-10-27
[2025-07-03 17:14:22] Usuario: Juan Lopez (Rol: Administrador) Acción: Evento agregado para la fecha: 2024-11-30
[2025-07-03 17:14:22] Usuario: Juan Lopez (Rol: Administrador) Acción: Evento agregado para la fecha: 2024-10-25
[2025-07-03 17:14:22] Usuario: Juan Lopez (Rol: Administrador) Acción: Calendario para el mes: 2025-07 generado correctamente.
[2025-07-03 17:14:22] Usuario: Juan Lopez (Rol: Administrador) Acción: Evento agregado para la fecha: 2025-07-05
[2025-07-03 17:14:22] Usuario: Juan Lopez (Rol: Administrador) Acción: Calendario para el mes: 2025-07 generado correctamente.
[2025-07-03 17:14:22] Usuario: Juan Lopez (Rol: Administrador) Acción: Evento agregado para la fecha: 2025-07-18
[2025-07-03 17:14:22] Usuario: Juan Lopez (Rol: Administrador) Acción: Calendario para el mes: 2025-07 generado correctamente.
[2025-07-03 17:14:22] Usuario: Juan Lopez (Rol: Administrador) Acción: Evento agregado o modificado correctamente.
[2025-07-03 17:14:22] Usuario: Juan Lopez (Rol: Administrador) Acción: Calendario para el mes: 2025-08 generado correctamente.
[2025-07-03 17:14:22] Usuario: Juan Lopez (Rol: Administrador) Acción: Cambiado al siguiente mes: 2025-08
[2025-07-03 17:14:23] Usuario: Juan Lopez (Rol: Administrador) Acción: Calendario para el mes: 2025-07 generado correctamente.
[2025-07-03 17:14:23] Usuario: Juan Lopez (Rol: Administrador) Acción: Cambiado al mes anterior: 2025-07
[2025-07-03 17:14:28] Usuario: Juan Lopez (Rol: Administrador) Acción: Detalles del evento cargados para la fecha: 2025-07-18
[2025-07-03 17:14:32] Usuario: Juan Lopez (Rol: Administrador) Acción: Detalles del evento cargados para la fecha: 2025-07-05
[2025-07-03 17:14:33] Usuario: Juan Lopez (Rol: Administrador) Acción: Detalles del evento cargados para la fecha: 2025-07-18
[2025-07-03 17:14:35] Usuario: Juan Lopez (Rol: Administrador) Acción: Detalles del evento cargados para la fecha: 2025-07-05
[2025-07-03 17:18:59] Usuario: Juan Lopez (Rol: Administrador) Acción: El usuario ha iniciado sesión.
[2025-07-03 17:19:03] Usuario: Juan Lopez (Rol: Administrador) Acción: Accedió a la sección de Eventos
[2025-07-03 17:19:03] Usuario: Juan Lopez (Rol: Administrador) Acción: Evento agregado para la fecha: 2024-11-15
[2025-07-03 17:19:03] Usuario: Juan Lopez (Rol: Administrador) Acción: Evento agregado para la fecha: 2024-12-10
[2025-07-03 17:19:03] Usuario: Juan Lopez (Rol: Administrador) Acción: Evento agregado para la fecha: 2024-12-20
[2025-07-03 17:19:03] Usuario: Juan Lopez (Rol: Administrador) Acción: Evento agregado para la fecha: 2024-10-27
[2025-07-03 17:19:03] Usuario: Juan Lopez (Rol: Administrador) Acción: Evento agregado para la fecha: 2024-11-30
[2025-07-03 17:19:04] Usuario: Juan Lopez (Rol: Administrador) Acción: Evento agregado para la fecha: 2024-10-25
[2025-07-03 17:19:04] Usuario: Juan Lopez (Rol: Administrador) Acción: Calendario para el mes: 2025-07 generado correctamente.
[2025-07-03 17:19:04] Usuario: Juan Lopez (Rol: Administrador) Acción: Evento agregado para la fecha: 2025-07-05
[2025-07-03 17:19:04] Usuario: Juan Lopez (Rol: Administrador) Acción: Calendario para el mes: 2025-07 generado correctamente.
[2025-07-03 17:19:04] Usuario: Juan Lopez (Rol: Administrador) Acción: Evento agregado para la fecha: 2025-07-18
[2025-07-03 17:19:04] Usuario: Juan Lopez (Rol: Administrador) Acción: Calendario para el mes: 2025-07 generado correctamente.
[2025-07-03 17:19:04] Usuario: Juan Lopez (Rol: Administrador) Acción: Calendario para el mes: 2025-07 generado correctamente.
[2025-07-03 17:19:04] Usuario: Juan Lopez (Rol: Administrador) Acción: Calendario inicializado para el mes: 2025-07
[2025-07-03 17:19:05] Usuario: Juan Lopez (Rol: Administrador) Acción: Detalles del evento cargados para la fecha: 2025-07-18
[2025-07-03 17:19:07] Usuario: Juan Lopez (Rol: Administrador) Acción: Detalles del evento cargados para la fecha: 2025-07-05
[2025-07-03 17:19:08] Usuario: Juan Lopez (Rol: Administrador) Acción: Detalles del evento cargados para la fecha: 2025-07-18
[2025-07-03 17:19:25] Usuario: Juan Lopez (Rol: Administrador) Acción: Detalles del evento cargados para la fecha: 2025-07-18
[2025-07-03 17:19:27] Usuario: Juan Lopez (Rol: Administrador) Acción: Detalles del evento cargados para la fecha: 2025-07-05
[2025-07-03 17:21:34] Usuario: Juan Lopez (Rol: Administrador) Acción: El usuario ha iniciado sesión.
[2025-07-03 17:21:38] Usuario: Juan Lopez (Rol: Administrador) Acción: Accedió a la sección de Eventos
[2025-07-03 17:21:38] Usuario: Juan Lopez (Rol: Administrador) Acción: Evento agregado para la fecha: 2024-11-15
[2025-07-03 17:21:38] Usuario: Juan Lopez (Rol: Administrador) Acción: Evento agregado para la fecha: 2024-12-10
[2025-07-03 17:21:38] Usuario: Juan Lopez (Rol: Administrador) Acción: Evento agregado para la fecha: 2024-12-20
[2025-07-03 17:21:38] Usuario: Juan Lopez (Rol: Administrador) Acción: Evento agregado para la fecha: 2024-10-27
[2025-07-03 17:21:38] Usuario: Juan Lopez (Rol: Administrador) Acción: Evento agregado para la fecha: 2024-11-30
[2025-07-03 17:21:38] Usuario: Juan Lopez (Rol: Administrador) Acción: Evento agregado para la fecha: 2024-10-25
[2025-07-03 17:21:38] Usuario: Juan Lopez (Rol: Administrador) Acción: Calendario para el mes: 2025-07 generado correctamente.
[2025-07-03 17:21:38] Usuario: Juan Lopez (Rol: Administrador) Acción: Evento agregado para la fecha: 2025-07-05
[2025-07-03 17:21:38] Usuario: Juan Lopez (Rol: Administrador) Acción: Calendario para el mes: 2025-07 generado correctamente.
[2025-07-03 17:21:38] Usuario: Juan Lopez (Rol: Administrador) Acción: Evento agregado para la fecha: 2025-07-18
[2025-07-03 17:21:38] Usuario: Juan Lopez (Rol: Administrador) Acción: Calendario para el mes: 2025-07 generado correctamente.
[2025-07-03 17:21:38] Usuario: Juan Lopez (Rol: Administrador) Acción: Calendario para el mes: 2025-07 generado correctamente.
[2025-07-03 17:21:38] Usuario: Juan Lopez (Rol: Administrador) Acción: Calendario inicializado para el mes: 2025-07
[2025-07-03 17:21:40] Usuario: Juan Lopez (Rol: Administrador) Acción: Detalles del evento cargados para la fecha: 2025-07-18
[2025-07-03 17:21:57] Usuario: Juan Lopez (Rol: Administrador) Acción: Detalles del evento cargados para la fecha: 2025-07-05
[2025-07-03 17:21:59] Usuario: Juan Lopez (Rol: Administrador) Acción: Detalles del evento cargados para la fecha: 2025-07-18
[2025-07-03 17:22:00] Usuario: Juan Lopez (Rol: Administrador) Acción: Detalles del evento cargados para la fecha: 2025-07-05
[2025-07-03 17:22:02] Usuario: Juan Lopez (Rol: Administrador) Acción: Detalles del evento cargados para la fecha: 2025-07-18
[2025-07-03 17:22:03] Usuario: Juan Lopez (Rol: Administrador) Acción: Detalles del evento cargados para la fecha: 2025-07-05
[2025-07-03 17:22:15] Usuario: Juan Lopez (Rol: Administrador) Acción: Formulario de evento cerrado sin guardar.
[2025-07-03 17:24:23] Usuario: Juan Lopez (Rol: Administrador) Acción: El usuario ha iniciado sesión.
[2025-07-03 17:24:25] Usuario: Juan Lopez (Rol: Administrador) Acción: Accedió a la sección de Eventos
[2025-07-03 17:24:25] Usuario: Juan Lopez (Rol: Administrador) Acción: Evento agregado para la fecha: 2024-11-15
[2025-07-03 17:24:25] Usuario: Juan Lopez (Rol: Administrador) Acción: Evento agregado para la fecha: 2024-12-10
[2025-07-03 17:24:25] Usuario: Juan Lopez (Rol: Administrador) Acción: Evento agregado para la fecha: 2024-12-20
[2025-07-03 17:24:25] Usuario: Juan Lopez (Rol: Administrador) Acción: Evento agregado para la fecha: 2024-10-27
[2025-07-03 17:24:25] Usuario: Juan Lopez (Rol: Administrador) Acción: Evento agregado para la fecha: 2024-11-30
[2025-07-03 17:24:25] Usuario: Juan Lopez (Rol: Administrador) Acción: Evento agregado para la fecha: 2024-10-25
[2025-07-03 17:24:25] Usuario: Juan Lopez (Rol: Administrador) Acción: Calendario para el mes: 2025-07 generado correctamente.
[2025-07-03 17:24:25] Usuario: Juan Lopez (Rol: Administrador) Acción: Evento agregado para la fecha: 2025-07-05
[2025-07-03 17:24:25] Usuario: Juan Lopez (Rol: Administrador) Acción: Calendario para el mes: 2025-07 generado correctamente.
[2025-07-03 17:24:25] Usuario: Juan Lopez (Rol: Administrador) Acción: Evento agregado para la fecha: 2025-07-18
[2025-07-03 17:24:25] Usuario: Juan Lopez (Rol: Administrador) Acción: Calendario para el mes: 2025-07 generado correctamente.
[2025-07-03 17:24:25] Usuario: Juan Lopez (Rol: Administrador) Acción: Calendario para el mes: 2025-07 generado correctamente.
[2025-07-03 17:24:25] Usuario: Juan Lopez (Rol: Administrador) Acción: Calendario inicializado para el mes: 2025-07
[2025-07-03 17:24:27] Usuario: Juan Lopez (Rol: Administrador) Acción: Detalles del evento cargados para la fecha: 2025-07-18
[2025-07-03 17:24:46] Usuario: Juan Lopez (Rol: Administrador) Acción: Formulario de evento cerrado sin guardar.
[2025-07-03 17:24:47] Usuario: Juan Lopez (Rol: Administrador) Acción: Detalles del evento cargados para la fecha: 2025-07-18
[2025-07-03 17:24:48] Usuario: Juan Lopez (Rol: Administrador) Acción: Detalles del evento cargados para la fecha: 2025-07-05
[2025-07-03 17:25:00] Usuario: Juan Lopez (Rol: Administrador) Acción: Detalles del evento cargados para la fecha: 2025-07-18
[2025-07-03 17:25:02] Usuario: Juan Lopez (Rol: Administrador) Acción: Panel de detalles cerrado.
[2025-07-03 17:25:03] Usuario: Juan Lopez (Rol: Administrador) Acción: Calendario para el mes: 2025-08 generado correctamente.
[2025-07-03 17:25:03] Usuario: Juan Lopez (Rol: Administrador) Acción: Cambiado al siguiente mes: 2025-08
[2025-07-03 17:25:05] Usuario: Juan Lopez (Rol: Administrador) Acción: Calendario para el mes: 2025-07 generado correctamente.
[2025-07-03 17:25:05] Usuario: Juan Lopez (Rol: Administrador) Acción: Cambiado al mes anterior: 2025-07
[2025-07-03 17:25:05] Usuario: Juan Lopez (Rol: Administrador) Acción: Calendario para el mes: 2025-06 generado correctamente.
[2025-07-03 17:25:05] Usuario: Juan Lopez (Rol: Administrador) Acción: Cambiado al mes anterior: 2025-06
[2025-07-03 17:25:06] Usuario: Juan Lopez (Rol: Administrador) Acción: Calendario para el mes: 2025-07 generado correctamente.
[2025-07-03 17:25:06] Usuario: Juan Lopez (Rol: Administrador) Acción: Cambiado al siguiente mes: 2025-07
[2025-07-03 17:25:08] Usuario: Juan Lopez (Rol: Administrador) Acción: Detalles del evento cargados para la fecha: 2025-07-18
[2025-07-03 17:25:10] Usuario: Juan Lopez (Rol: Administrador) Acción: Detalles del evento cargados para la fecha: 2025-07-05
[2025-07-03 17:27:01] Usuario: Juan Lopez (Rol: Administrador) Acción: Calendario para el mes: 2025-08 generado correctamente.
[2025-07-03 17:27:01] Usuario: Juan Lopez (Rol: Administrador) Acción: Cambiado al siguiente mes: 2025-08
[2025-07-03 17:27:05] Usuario: Juan Lopez (Rol: Administrador) Acción: Calendario para el mes: 2025-09 generado correctamente.
[2025-07-03 17:27:05] Usuario: Juan Lopez (Rol: Administrador) Acción: Cambiado al siguiente mes: 2025-09
[2025-07-03 17:27:07] Usuario: Juan Lopez (Rol: Administrador) Acción: Calendario para el mes: 2025-08 generado correctamente.
[2025-07-03 17:27:07] Usuario: Juan Lopez (Rol: Administrador) Acción: Cambiado al mes anterior: 2025-08
[2025-07-03 17:27:15] Usuario: Juan Lopez (Rol: Administrador) Acción: Calendario para el mes: 2025-07 generado correctamente.
[2025-07-03 17:27:15] Usuario: Juan Lopez (Rol: Administrador) Acción: Cambiado al mes anterior: 2025-07
[2025-07-03 17:27:15] Usuario: Juan Lopez (Rol: Administrador) Acción: Calendario para el mes: 2025-06 generado correctamente.
[2025-07-03 17:27:15] Usuario: Juan Lopez (Rol: Administrador) Acción: Cambiado al mes anterior: 2025-06
[2025-07-03 17:27:18] Usuario: Juan Lopez (Rol: Administrador) Acción: Calendario para el mes: 2025-07 generado correctamente.
[2025-07-03 17:27:18] Usuario: Juan Lopez (Rol: Administrador) Acción: Cambiado al siguiente mes: 2025-07
[2025-07-03 17:27:18] Usuario: Juan Lopez (Rol: Administrador) Acción: Calendario para el mes: 2025-08 generado correctamente.
[2025-07-03 17:27:18] Usuario: Juan Lopez (Rol: Administrador) Acción: Cambiado al siguiente mes: 2025-08
[2025-07-03 17:27:24] Usuario: Juan Lopez (Rol: Administrador) Acción: Calendario para el mes: 2025-09 generado correctamente.
[2025-07-03 17:27:24] Usuario: Juan Lopez (Rol: Administrador) Acción: Cambiado al siguiente mes: 2025-09
[2025-07-03 17:27:26] Usuario: Juan Lopez (Rol: Administrador) Acción: Calendario para el mes: 2025-08 generado correctamente.
[2025-07-03 17:27:26] Usuario: Juan Lopez (Rol: Administrador) Acción: Cambiado al mes anterior: 2025-08
[2025-07-03 17:27:28] Usuario: Juan Lopez (Rol: Administrador) Acción: Calendario para el mes: 2025-07 generado correctamente.
[2025-07-03 17:27:28] Usuario: Juan Lopez (Rol: Administrador) Acción: Cambiado al mes anterior: 2025-07
[2025-07-03 17:27:28] Usuario: Juan Lopez (Rol: Administrador) Acción: Calendario para el mes: 2025-06 generado correctamente.
[2025-07-03 17:27:28] Usuario: Juan Lopez (Rol: Administrador) Acción: Cambiado al mes anterior: 2025-06
[2025-07-03 17:27:29] Usuario: Juan Lopez (Rol: Administrador) Acción: Calendario para el mes: 2025-05 generado correctamente.
[2025-07-03 17:27:29] Usuario: Juan Lopez (Rol: Administrador) Acción: Cambiado al mes anterior: 2025-05
[2025-07-03 17:27:30] Usuario: Juan Lopez (Rol: Administrador) Acción: Calendario para el mes: 2025-06 generado correctamente.
[2025-07-03 17:27:30] Usuario: Juan Lopez (Rol: Administrador) Acción: Cambiado al siguiente mes: 2025-06
[2025-07-03 17:27:34] Usuario: Juan Lopez (Rol: Administrador) Acción: Calendario para el mes: 2025-05 generado correctamente.
[2025-07-03 17:27:34] Usuario: Juan Lopez (Rol: Administrador) Acción: Cambiado al mes anterior: 2025-05
[2025-07-03 17:27:34] Usuario: Juan Lopez (Rol: Administrador) Acción: Calendario para el mes: 2025-04 generado correctamente.
[2025-07-03 17:27:34] Usuario: Juan Lopez (Rol: Administrador) Acción: Cambiado al mes anterior: 2025-04
[2025-07-03 17:27:36] Usuario: Juan Lopez (Rol: Administrador) Acción: Calendario para el mes: 2025-03 generado correctamente.
[2025-07-03 17:27:36] Usuario: Juan Lopez (Rol: Administrador) Acción: Cambiado al mes anterior: 2025-03
[2025-07-03 17:27:37] Usuario: Juan Lopez (Rol: Administrador) Acción: Calendario para el mes: 2025-02 generado correctamente.
[2025-07-03 17:27:37] Usuario: Juan Lopez (Rol: Administrador) Acción: Cambiado al mes anterior: 2025-02
[2025-07-03 17:27:38] Usuario: Juan Lopez (Rol: Administrador) Acción: Calendario para el mes: 2025-01 generado correctamente.
[2025-07-03 17:27:38] Usuario: Juan Lopez (Rol: Administrador) Acción: Cambiado al mes anterior: 2025-01
[2025-07-03 17:27:39] Usuario: Juan Lopez (Rol: Administrador) Acción: Calendario para el mes: 2024-12 generado correctamente.
[2025-07-03 17:27:39] Usuario: Juan Lopez (Rol: Administrador) Acción: Cambiado al mes anterior: 2024-12
[2025-07-03 17:27:42] Usuario: Juan Lopez (Rol: Administrador) Acción: Calendario para el mes: 2024-11 generado correctamente.
[2025-07-03 17:27:42] Usuario: Juan Lopez (Rol: Administrador) Acción: Cambiado al mes anterior: 2024-11
[2025-07-03 17:27:55] Usuario: Juan Lopez (Rol: Administrador) Acción: Calendario para el mes: 2024-12 generado correctamente.
[2025-07-03 17:27:55] Usuario: Juan Lopez (Rol: Administrador) Acción: Cambiado al siguiente mes: 2024-12
[2025-07-03 17:27:57] Usuario: Juan Lopez (Rol: Administrador) Acción: Calendario para el mes: 2025-01 generado correctamente.
[2025-07-03 17:27:57] Usuario: Juan Lopez (Rol: Administrador) Acción: Cambiado al siguiente mes: 2025-01
[2025-07-03 17:27:58] Usuario: Juan Lopez (Rol: Administrador) Acción: Calendario para el mes: 2025-02 generado correctamente.
[2025-07-03 17:27:58] Usuario: Juan Lopez (Rol: Administrador) Acción: Cambiado al siguiente mes: 2025-02
[2025-07-03 17:27:59] Usuario: Juan Lopez (Rol: Administrador) Acción: Calendario para el mes: 2025-03 generado correctamente.
[2025-07-03 17:27:59] Usuario: Juan Lopez (Rol: Administrador) Acción: Cambiado al siguiente mes: 2025-03
[2025-07-03 17:28:00] Usuario: Juan Lopez (Rol: Administrador) Acción: Calendario para el mes: 2025-04 generado correctamente.
[2025-07-03 17:28:00] Usuario: Juan Lopez (Rol: Administrador) Acción: Cambiado al siguiente mes: 2025-04
[2025-07-03 17:28:01] Usuario: Juan Lopez (Rol: Administrador) Acción: Calendario para el mes: 2025-05 generado correctamente.
[2025-07-03 17:28:01] Usuario: Juan Lopez (Rol: Administrador) Acción: Cambiado al siguiente mes: 2025-05
[2025-07-03 17:28:03] Usuario: Juan Lopez (Rol: Administrador) Acción: Calendario para el mes: 2025-04 generado correctamente.
[2025-07-03 17:28:03] Usuario: Juan Lopez (Rol: Administrador) Acción: Cambiado al mes anterior: 2025-04
[2025-07-03 17:28:03] Usuario: Juan Lopez (Rol: Administrador) Acción: Calendario para el mes: 2025-03 generado correctamente.
[2025-07-03 17:28:03] Usuario: Juan Lopez (Rol: Administrador) Acción: Cambiado al mes anterior: 2025-03
[2025-07-03 17:28:03] Usuario: Juan Lopez (Rol: Administrador) Acción: Calendario para el mes: 2025-02 generado correctamente.
[2025-07-03 17:28:03] Usuario: Juan Lopez (Rol: Administrador) Acción: Cambiado al mes anterior: 2025-02
[2025-07-03 17:28:03] Usuario: Juan Lopez (Rol: Administrador) Acción: Calendario para el mes: 2025-01 generado correctamente.
[2025-07-03 17:28:03] Usuario: Juan Lopez (Rol: Administrador) Acción: Cambiado al mes anterior: 2025-01
[2025-07-03 17:28:04] Usuario: Juan Lopez (Rol: Administrador) Acción: Calendario para el mes: 2024-12 generado correctamente.
[2025-07-03 17:28:04] Usuario: Juan Lopez (Rol: Administrador) Acción: Cambiado al mes anterior: 2024-12
[2025-07-03 17:28:04] Usuario: Juan Lopez (Rol: Administrador) Acción: Calendario para el mes: 2024-11 generado correctamente.
[2025-07-03 17:28:04] Usuario: Juan Lopez (Rol: Administrador) Acción: Cambiado al mes anterior: 2024-11
[2025-07-03 17:28:06] Usuario: Juan Lopez (Rol: Administrador) Acción: Calendario para el mes: 2024-10 generado correctamente.
[2025-07-03 17:28:06] Usuario: Juan Lopez (Rol: Administrador) Acción: Cambiado al mes anterior: 2024-10
[2025-07-03 17:28:08] Usuario: Juan Lopez (Rol: Administrador) Acción: Calendario para el mes: 2024-09 generado correctamente.
[2025-07-03 17:28:08] Usuario: Juan Lopez (Rol: Administrador) Acción: Cambiado al mes anterior: 2024-09
[2025-07-03 17:28:09] Usuario: Juan Lopez (Rol: Administrador) Acción: Calendario para el mes: 2024-08 generado correctamente.
[2025-07-03 17:28:09] Usuario: Juan Lopez (Rol: Administrador) Acción: Cambiado al mes anterior: 2024-08
[2025-07-03 17:28:11] Usuario: Juan Lopez (Rol: Administrador) Acción: Calendario para el mes: 2024-09 generado correctamente.
[2025-07-03 17:28:11] Usuario: Juan Lopez (Rol: Administrador) Acción: Cambiado al siguiente mes: 2024-09
[2025-07-03 17:28:13] Usuario: Juan Lopez (Rol: Administrador) Acción: Calendario para el mes: 2024-10 generado correctamente.
[2025-07-03 17:28:13] Usuario: Juan Lopez (Rol: Administrador) Acción: Cambiado al siguiente mes: 2024-10
[2025-07-03 17:28:13] Usuario: Juan Lopez (Rol: Administrador) Acción: Calendario para el mes: 2024-11 generado correctamente.
[2025-07-03 17:28:13] Usuario: Juan Lopez (Rol: Administrador) Acción: Cambiado al siguiente mes: 2024-11
[2025-07-03 17:28:13] Usuario: Juan Lopez (Rol: Administrador) Acción: Calendario para el mes: 2024-12 generado correctamente.
[2025-07-03 17:28:13] Usuario: Juan Lopez (Rol: Administrador) Acción: Cambiado al siguiente mes: 2024-12
[2025-07-03 17:28:14] Usuario: Juan Lopez (Rol: Administrador) Acción: Calendario para el mes: 2025-01 generado correctamente.
[2025-07-03 17:28:14] Usuario: Juan Lopez (Rol: Administrador) Acción: Cambiado al siguiente mes: 2025-01
[2025-07-03 17:28:14] Usuario: Juan Lopez (Rol: Administrador) Acción: Calendario para el mes: 2025-02 generado correctamente.
[2025-07-03 17:28:14] Usuario: Juan Lopez (Rol: Administrador) Acción: Cambiado al siguiente mes: 2025-02
[2025-07-03 17:28:15] Usuario: Juan Lopez (Rol: Administrador) Acción: Calendario para el mes: 2025-03 generado correctamente.
[2025-07-03 17:28:15] Usuario: Juan Lopez (Rol: Administrador) Acción: Cambiado al siguiente mes: 2025-03
[2025-07-03 17:28:15] Usuario: Juan Lopez (Rol: Administrador) Acción: Calendario para el mes: 2025-04 generado correctamente.
[2025-07-03 17:28:15] Usuario: Juan Lopez (Rol: Administrador) Acción: Cambiado al siguiente mes: 2025-04
[2025-07-03 17:28:16] Usuario: Juan Lopez (Rol: Administrador) Acción: Calendario para el mes: 2025-05 generado correctamente.
[2025-07-03 17:28:16] Usuario: Juan Lopez (Rol: Administrador) Acción: Cambiado al siguiente mes: 2025-05
[2025-07-03 17:28:17] Usuario: Juan Lopez (Rol: Administrador) Acción: Calendario para el mes: 2025-06 generado correctamente.
[2025-07-03 17:28:17] Usuario: Juan Lopez (Rol: Administrador) Acción: Cambiado al siguiente mes: 2025-06
[2025-07-03 17:28:17] Usuario: Juan Lopez (Rol: Administrador) Acción: Calendario para el mes: 2025-07 generado correctamente.
[2025-07-03 17:28:17] Usuario: Juan Lopez (Rol: Administrador) Acción: Cambiado al siguiente mes: 2025-07
[2025-07-03 17:28:17] Usuario: Juan Lopez (Rol: Administrador) Acción: Calendario para el mes: 2025-08 generado correctamente.
[2025-07-03 17:28:17] Usuario: Juan Lopez (Rol: Administrador) Acción: Cambiado al siguiente mes: 2025-08
[2025-07-03 17:28:24] Usuario: Juan Lopez (Rol: Administrador) Acción: Calendario para el mes: 2025-09 generado correctamente.
[2025-07-03 17:28:24] Usuario: Juan Lopez (Rol: Administrador) Acción: Cambiado al siguiente mes: 2025-09
[2025-07-03 17:28:26] Usuario: Juan Lopez (Rol: Administrador) Acción: Calendario para el mes: 2025-10 generado correctamente.
[2025-07-03 17:28:26] Usuario: Juan Lopez (Rol: Administrador) Acción: Cambiado al siguiente mes: 2025-10
[2025-07-03 17:28:28] Usuario: Juan Lopez (Rol: Administrador) Acción: Calendario para el mes: 2025-11 generado correctamente.
[2025-07-03 17:28:28] Usuario: Juan Lopez (Rol: Administrador) Acción: Cambiado al siguiente mes: 2025-11
[2025-07-03 17:28:30] Usuario: Juan Lopez (Rol: Administrador) Acción: Calendario para el mes: 2025-12 generado correctamente.
[2025-07-03 17:28:30] Usuario: Juan Lopez (Rol: Administrador) Acción: Cambiado al siguiente mes: 2025-12
[2025-07-03 17:28:33] Usuario: Juan Lopez (Rol: Administrador) Acción: Calendario para el mes: 2026-01 generado correctamente.
[2025-07-03 17:28:33] Usuario: Juan Lopez (Rol: Administrador) Acción: Cambiado al siguiente mes: 2026-01
[2025-07-03 17:28:34] Usuario: Juan Lopez (Rol: Administrador) Acción: Calendario para el mes: 2026-02 generado correctamente.
[2025-07-03 17:28:34] Usuario: Juan Lopez (Rol: Administrador) Acción: Cambiado al siguiente mes: 2026-02
[2025-07-03 17:28:35] Usuario: Juan Lopez (Rol: Administrador) Acción: Calendario para el mes: 2026-03 generado correctamente.
[2025-07-03 17:28:35] Usuario: Juan Lopez (Rol: Administrador) Acción: Cambiado al siguiente mes: 2026-03
[2025-07-03 17:28:35] Usuario: Juan Lopez (Rol: Administrador) Acción: Calendario para el mes: 2026-04 generado correctamente.
[2025-07-03 17:28:35] Usuario: Juan Lopez (Rol: Administrador) Acción: Cambiado al siguiente mes: 2026-04
[2025-07-03 17:28:35] Usuario: Juan Lopez (Rol: Administrador) Acción: Calendario para el mes: 2026-05 generado correctamente.
[2025-07-03 17:28:35] Usuario: Juan Lopez (Rol: Administrador) Acción: Cambiado al siguiente mes: 2026-05
[2025-07-03 17:28:43] Usuario: Juan Lopez (Rol: Administrador) Acción: Calendario para el mes: 2026-06 generado correctamente.
[2025-07-03 17:28:43] Usuario: Juan Lopez (Rol: Administrador) Acción: Cambiado al siguiente mes: 2026-06
[2025-07-03 17:28:45] Usuario: Juan Lopez (Rol: Administrador) Acción: Calendario para el mes: 2026-07 generado correctamente.
[2025-07-03 17:28:45] Usuario: Juan Lopez (Rol: Administrador) Acción: Cambiado al siguiente mes: 2026-07
[2025-07-03 17:28:45] Usuario: Juan Lopez (Rol: Administrador) Acción: Calendario para el mes: 2026-08 generado correctamente.
[2025-07-03 17:28:45] Usuario: Juan Lopez (Rol: Administrador) Acción: Cambiado al siguiente mes: 2026-08
[2025-07-03 17:28:47] Usuario: Juan Lopez (Rol: Administrador) Acción: Calendario para el mes: 2026-09 generado correctamente.
[2025-07-03 17:28:47] Usuario: Juan Lopez (Rol: Administrador) Acción: Cambiado al siguiente mes: 2026-09
[2025-07-03 17:28:47] Usuario: Juan Lopez (Rol: Administrador) Acción: Calendario para el mes: 2026-10 generado correctamente.
[2025-07-03 17:28:47] Usuario: Juan Lopez (Rol: Administrador) Acción: Cambiado al siguiente mes: 2026-10
[2025-07-03 17:28:48] Usuario: Juan Lopez (Rol: Administrador) Acción: Calendario para el mes: 2026-11 generado correctamente.
[2025-07-03 17:28:48] Usuario: Juan Lopez (Rol: Administrador) Acción: Cambiado al siguiente mes: 2026-11
[2025-07-03 17:28:49] Usuario: Juan Lopez (Rol: Administrador) Acción: Calendario para el mes: 2026-12 generado correctamente.
[2025-07-03 17:28:49] Usuario: Juan Lopez (Rol: Administrador) Acción: Cambiado al siguiente mes: 2026-12
[2025-07-03 17:28:50] Usuario: Juan Lopez (Rol: Administrador) Acción: Calendario para el mes: 2027-01 generado correctamente.
[2025-07-03 17:28:50] Usuario: Juan Lopez (Rol: Administrador) Acción: Cambiado al siguiente mes: 2027-01
[2025-07-03 17:30:25] Usuario: Juan Lopez (Rol: Administrador) Acción: El usuario ha iniciado sesión.
[2025-07-03 17:30:25] Usuario: Juan Lopez (Rol: Administrador) Acción: Volviendo al menú principal.
[2025-07-03 17:30:26] Usuario: Juan Lopez (Rol: Administrador) Acción: Accedió a la sección de Eventos
[2025-07-03 17:30:27] Usuario: Juan Lopez (Rol: Administrador) Acción: Evento agregado para la fecha: 2024-11-15
[2025-07-03 17:30:27] Usuario: Juan Lopez (Rol: Administrador) Acción: Evento agregado para la fecha: 2024-12-10
[2025-07-03 17:30:27] Usuario: Juan Lopez (Rol: Administrador) Acción: Evento agregado para la fecha: 2024-12-20
[2025-07-03 17:30:27] Usuario: Juan Lopez (Rol: Administrador) Acción: Evento agregado para la fecha: 2024-10-27
[2025-07-03 17:30:27] Usuario: Juan Lopez (Rol: Administrador) Acción: Evento agregado para la fecha: 2024-11-30
[2025-07-03 17:30:27] Usuario: Juan Lopez (Rol: Administrador) Acción: Evento agregado para la fecha: 2024-10-25
[2025-07-03 17:30:27] Usuario: Juan Lopez (Rol: Administrador) Acción: Calendario para el mes: 2025-07 generado correctamente.
[2025-07-03 17:30:27] Usuario: Juan Lopez (Rol: Administrador) Acción: Evento agregado para la fecha: 2025-07-05
[2025-07-03 17:30:27] Usuario: Juan Lopez (Rol: Administrador) Acción: Calendario para el mes: 2025-07 generado correctamente.
[2025-07-03 17:30:27] Usuario: Juan Lopez (Rol: Administrador) Acción: Evento agregado para la fecha: 2025-07-18
[2025-07-03 17:30:27] Usuario: Juan Lopez (Rol: Administrador) Acción: Calendario para el mes: 2025-07 generado correctamente.
[2025-07-03 17:30:27] Usuario: Juan Lopez (Rol: Administrador) Acción: Calendario para el mes: 2025-07 generado correctamente.
[2025-07-03 17:30:27] Usuario: Juan Lopez (Rol: Administrador) Acción: Calendario inicializado para el mes: 2025-07
[2025-07-03 17:30:29] Usuario: Juan Lopez (Rol: Administrador) Acción: Calendario para el mes: 2025-08 generado correctamente.
[2025-07-03 17:30:29] Usuario: Juan Lopez (Rol: Administrador) Acción: Cambiado al siguiente mes: 2025-08
[2025-07-03 17:34:39] Usuario: Juan Lopez (Rol: Administrador) Acción: El usuario ha iniciado sesión.
[2025-07-03 17:34:41] Usuario: Juan Lopez (Rol: Administrador) Acción: Accedió a la sección de Eventos
[2025-07-03 17:34:41] Usuario: Juan Lopez (Rol: Administrador) Acción: Evento agregado para la fecha: 2024-11-15
[2025-07-03 17:34:41] Usuario: Juan Lopez (Rol: Administrador) Acción: Evento agregado para la fecha: 2024-12-10
[2025-07-03 17:34:41] Usuario: Juan Lopez (Rol: Administrador) Acción: Evento agregado para la fecha: 2024-12-20
[2025-07-03 17:34:41] Usuario: Juan Lopez (Rol: Administrador) Acción: Evento agregado para la fecha: 2024-10-27
[2025-07-03 17:34:41] Usuario: Juan Lopez (Rol: Administrador) Acción: Evento agregado para la fecha: 2024-11-30
[2025-07-03 17:34:41] Usuario: Juan Lopez (Rol: Administrador) Acción: Evento agregado para la fecha: 2024-10-25
[2025-07-03 17:34:42] Usuario: Juan Lopez (Rol: Administrador) Acción: Calendario para el mes: 2025-07 generado correctamente.
[2025-07-03 17:34:42] Usuario: Juan Lopez (Rol: Administrador) Acción: Evento agregado para la fecha: 2025-07-05
[2025-07-03 17:34:42] Usuario: Juan Lopez (Rol: Administrador) Acción: Calendario para el mes: 2025-07 generado correctamente.
[2025-07-03 17:34:42] Usuario: Juan Lopez (Rol: Administrador) Acción: Evento agregado para la fecha: 2025-07-18
[2025-07-03 17:34:42] Usuario: Juan Lopez (Rol: Administrador) Acción: Calendario para el mes: 2025-07 generado correctamente.
[2025-07-03 17:34:42] Usuario: Juan Lopez (Rol: Administrador) Acción: Calendario para el mes: 2025-07 generado correctamente.
[2025-07-03 17:34:42] Usuario: Juan Lopez (Rol: Administrador) Acción: Calendario inicializado para el mes: 2025-07
[2025-07-03 17:34:43] Usuario: Juan Lopez (Rol: Administrador) Acción: Calendario para el mes: 2025-08 generado correctamente.
[2025-07-03 17:34:43] Usuario: Juan Lopez (Rol: Administrador) Acción: Cambiado al siguiente mes: 2025-08
[2025-07-03 17:34:47] Usuario: Juan Lopez (Rol: Administrador) Acción: Calendario para el mes: 2025-09 generado correctamente.
[2025-07-03 17:34:47] Usuario: Juan Lopez (Rol: Administrador) Acción: Cambiado al siguiente mes: 2025-09
[2025-07-03 17:34:51] Usuario: Juan Lopez (Rol: Administrador) Acción: Calendario para el mes: 2025-10 generado correctamente.
[2025-07-03 17:34:51] Usuario: Juan Lopez (Rol: Administrador) Acción: Cambiado al siguiente mes: 2025-10
[2025-07-03 17:34:53] Usuario: Juan Lopez (Rol: Administrador) Acción: Calendario para el mes: 2025-11 generado correctamente.
[2025-07-03 17:34:53] Usuario: Juan Lopez (Rol: Administrador) Acción: Cambiado al siguiente mes: 2025-11
[2025-07-03 17:34:57] Usuario: Juan Lopez (Rol: Administrador) Acción: Calendario para el mes: 2025-12 generado correctamente.
[2025-07-03 17:34:57] Usuario: Juan Lopez (Rol: Administrador) Acción: Cambiado al siguiente mes: 2025-12
[2025-07-03 17:34:59] Usuario: Juan Lopez (Rol: Administrador) Acción: Calendario para el mes: 2026-01 generado correctamente.
[2025-07-03 17:34:59] Usuario: Juan Lopez (Rol: Administrador) Acción: Cambiado al siguiente mes: 2026-01
[2025-07-03 17:35:01] Usuario: Juan Lopez (Rol: Administrador) Acción: Calendario para el mes: 2026-02 generado correctamente.
[2025-07-03 17:35:01] Usuario: Juan Lopez (Rol: Administrador) Acción: Cambiado al siguiente mes: 2026-02
[2025-07-03 17:35:05] Usuario: Juan Lopez (Rol: Administrador) Acción: Calendario para el mes: 2026-03 generado correctamente.
[2025-07-03 17:35:05] Usuario: Juan Lopez (Rol: Administrador) Acción: Cambiado al siguiente mes: 2026-03
[2025-07-03 17:35:07] Usuario: Juan Lopez (Rol: Administrador) Acción: Calendario para el mes: 2026-02 generado correctamente.
[2025-07-03 17:35:07] Usuario: Juan Lopez (Rol: Administrador) Acción: Cambiado al mes anterior: 2026-02
[2025-07-03 17:35:09] Usuario: Juan Lopez (Rol: Administrador) Acción: Calendario para el mes: 2026-03 generado correctamente.
[2025-07-03 17:35:09] Usuario: Juan Lopez (Rol: Administrador) Acción: Cambiado al siguiente mes: 2026-03
[2025-07-03 17:35:09] Usuario: Juan Lopez (Rol: Administrador) Acción: Calendario para el mes: 2026-04 generado correctamente.
[2025-07-03 17:35:09] Usuario: Juan Lopez (Rol: Administrador) Acción: Cambiado al siguiente mes: 2026-04
[2025-07-03 17:35:12] Usuario: Juan Lopez (Rol: Administrador) Acción: Calendario para el mes: 2026-05 generado correctamente.
[2025-07-03 17:35:12] Usuario: Juan Lopez (Rol: Administrador) Acción: Cambiado al siguiente mes: 2026-05
[2025-07-03 17:35:15] Usuario: Juan Lopez (Rol: Administrador) Acción: Calendario para el mes: 2026-06 generado correctamente.
[2025-07-03 17:35:15] Usuario: Juan Lopez (Rol: Administrador) Acción: Cambiado al siguiente mes: 2026-06
[2025-07-03 17:35:23] Usuario: Juan Lopez (Rol: Administrador) Acción: Calendario para el mes: 2026-07 generado correctamente.
[2025-07-03 17:35:23] Usuario: Juan Lopez (Rol: Administrador) Acción: Cambiado al siguiente mes: 2026-07
[2025-07-03 17:35:24] Usuario: Juan Lopez (Rol: Administrador) Acción: Calendario para el mes: 2026-08 generado correctamente.
[2025-07-03 17:35:24] Usuario: Juan Lopez (Rol: Administrador) Acción: Cambiado al siguiente mes: 2026-08
[2025-07-03 17:35:29] Usuario: Juan Lopez (Rol: Administrador) Acción: Calendario para el mes: 2026-09 generado correctamente.
[2025-07-03 17:35:29] Usuario: Juan Lopez (Rol: Administrador) Acción: Cambiado al siguiente mes: 2026-09
[2025-07-03 17:35:31] Usuario: Juan Lopez (Rol: Administrador) Acción: Calendario para el mes: 2026-10 generado correctamente.
[2025-07-03 17:35:31] Usuario: Juan Lopez (Rol: Administrador) Acción: Cambiado al siguiente mes: 2026-10
[2025-07-03 17:35:33] Usuario: Juan Lopez (Rol: Administrador) Acción: Calendario para el mes: 2026-09 generado correctamente.
[2025-07-03 17:35:33] Usuario: Juan Lopez (Rol: Administrador) Acción: Cambiado al mes anterior: 2026-09
[2025-07-03 17:35:33] Usuario: Juan Lopez (Rol: Administrador) Acción: Calendario para el mes: 2026-08 generado correctamente.
[2025-07-03 17:35:33] Usuario: Juan Lopez (Rol: Administrador) Acción: Cambiado al mes anterior: 2026-08
[2025-07-03 17:35:33] Usuario: Juan Lopez (Rol: Administrador) Acción: Calendario para el mes: 2026-07 generado correctamente.
[2025-07-03 17:35:33] Usuario: Juan Lopez (Rol: Administrador) Acción: Cambiado al mes anterior: 2026-07
[2025-07-03 17:35:34] Usuario: Juan Lopez (Rol: Administrador) Acción: Calendario para el mes: 2026-06 generado correctamente.
[2025-07-03 17:35:34] Usuario: Juan Lopez (Rol: Administrador) Acción: Cambiado al mes anterior: 2026-06
[2025-07-03 17:35:34] Usuario: Juan Lopez (Rol: Administrador) Acción: Calendario para el mes: 2026-05 generado correctamente.
[2025-07-03 17:35:34] Usuario: Juan Lopez (Rol: Administrador) Acción: Cambiado al mes anterior: 2026-05
[2025-07-03 17:35:34] Usuario: Juan Lopez (Rol: Administrador) Acción: Calendario para el mes: 2026-04 generado correctamente.
[2025-07-03 17:35:34] Usuario: Juan Lopez (Rol: Administrador) Acción: Cambiado al mes anterior: 2026-04
[2025-07-03 17:35:34] Usuario: Juan Lopez (Rol: Administrador) Acción: Calendario para el mes: 2026-03 generado correctamente.
[2025-07-03 17:35:34] Usuario: Juan Lopez (Rol: Administrador) Acción: Cambiado al mes anterior: 2026-03
[2025-07-03 17:35:34] Usuario: Juan Lopez (Rol: Administrador) Acción: Calendario para el mes: 2026-02 generado correctamente.
[2025-07-03 17:35:34] Usuario: Juan Lopez (Rol: Administrador) Acción: Cambiado al mes anterior: 2026-02
[2025-07-03 17:35:34] Usuario: Juan Lopez (Rol: Administrador) Acción: Calendario para el mes: 2026-01 generado correctamente.
[2025-07-03 17:35:34] Usuario: Juan Lopez (Rol: Administrador) Acción: Cambiado al mes anterior: 2026-01
[2025-07-03 17:35:35] Usuario: Juan Lopez (Rol: Administrador) Acción: Calendario para el mes: 2025-12 generado correctamente.
[2025-07-03 17:35:35] Usuario: Juan Lopez (Rol: Administrador) Acción: Cambiado al mes anterior: 2025-12
[2025-07-03 17:35:35] Usuario: Juan Lopez (Rol: Administrador) Acción: Calendario para el mes: 2025-11 generado correctamente.
[2025-07-03 17:35:35] Usuario: Juan Lopez (Rol: Administrador) Acción: Cambiado al mes anterior: 2025-11
[2025-07-03 17:35:35] Usuario: Juan Lopez (Rol: Administrador) Acción: Calendario para el mes: 2025-10 generado correctamente.
[2025-07-03 17:35:35] Usuario: Juan Lopez (Rol: Administrador) Acción: Cambiado al mes anterior: 2025-10
[2025-07-03 17:35:36] Usuario: Juan Lopez (Rol: Administrador) Acción: Calendario para el mes: 2025-09 generado correctamente.
[2025-07-03 17:35:36] Usuario: Juan Lopez (Rol: Administrador) Acción: Cambiado al mes anterior: 2025-09
[2025-07-03 17:35:36] Usuario: Juan Lopez (Rol: Administrador) Acción: Calendario para el mes: 2025-08 generado correctamente.
[2025-07-03 17:35:36] Usuario: Juan Lopez (Rol: Administrador) Acción: Cambiado al mes anterior: 2025-08
[2025-07-03 17:38:59] Usuario: Juan Lopez (Rol: Administrador) Acción: El usuario ha iniciado sesión.
[2025-07-03 17:39:00] Usuario: Juan Lopez (Rol: Administrador) Acción: Accedió a la sección de Eventos
[2025-07-03 17:39:01] Usuario: Juan Lopez (Rol: Administrador) Acción: Evento agregado para la fecha: 2024-11-15
[2025-07-03 17:39:01] Usuario: Juan Lopez (Rol: Administrador) Acción: Evento agregado para la fecha: 2024-12-10
[2025-07-03 17:39:01] Usuario: Juan Lopez (Rol: Administrador) Acción: Evento agregado para la fecha: 2024-12-20
[2025-07-03 17:39:01] Usuario: Juan Lopez (Rol: Administrador) Acción: Evento agregado para la fecha: 2024-10-27
[2025-07-03 17:39:01] Usuario: Juan Lopez (Rol: Administrador) Acción: Evento agregado para la fecha: 2024-11-30
[2025-07-03 17:39:01] Usuario: Juan Lopez (Rol: Administrador) Acción: Evento agregado para la fecha: 2024-10-25
[2025-07-03 17:39:01] Usuario: Juan Lopez (Rol: Administrador) Acción: Calendario para el mes: 2025-07 generado correctamente.
[2025-07-03 17:39:01] Usuario: Juan Lopez (Rol: Administrador) Acción: Evento agregado para la fecha: 2025-07-05
[2025-07-03 17:39:01] Usuario: Juan Lopez (Rol: Administrador) Acción: Calendario para el mes: 2025-07 generado correctamente.
[2025-07-03 17:39:01] Usuario: Juan Lopez (Rol: Administrador) Acción: Evento agregado para la fecha: 2025-07-18
[2025-07-03 17:39:01] Usuario: Juan Lopez (Rol: Administrador) Acción: Calendario para el mes: 2025-07 generado correctamente.
[2025-07-03 17:39:01] Usuario: Juan Lopez (Rol: Administrador) Acción: Calendario para el mes: 2025-07 generado correctamente.
[2025-07-03 17:39:01] Usuario: Juan Lopez (Rol: Administrador) Acción: Calendario inicializado para el mes: 2025-07
[2025-07-03 17:39:07] Usuario: Juan Lopez (Rol: Administrador) Acción: Calendario para el mes: 2025-08 generado correctamente.
[2025-07-03 17:39:07] Usuario: Juan Lopez (Rol: Administrador) Acción: Cambiado al siguiente mes: 2025-08
[2025-07-03 17:39:11] Usuario: Juan Lopez (Rol: Administrador) Acción: Calendario para el mes: 2025-07 generado correctamente.
[2025-07-03 17:39:11] Usuario: Juan Lopez (Rol: Administrador) Acción: Cambiado al mes anterior: 2025-07
[2025-07-03 17:39:12] Usuario: Juan Lopez (Rol: Administrador) Acción: Calendario para el mes: 2025-06 generado correctamente.
[2025-07-03 17:39:12] Usuario: Juan Lopez (Rol: Administrador) Acción: Cambiado al mes anterior: 2025-06
[2025-07-03 17:39:13] Usuario: Juan Lopez (Rol: Administrador) Acción: Calendario para el mes: 2025-05 generado correctamente.
[2025-07-03 17:39:13] Usuario: Juan Lopez (Rol: Administrador) Acción: Cambiado al mes anterior: 2025-05
[2025-07-03 17:39:14] Usuario: Juan Lopez (Rol: Administrador) Acción: Calendario para el mes: 2025-06 generado correctamente.
[2025-07-03 17:39:14] Usuario: Juan Lopez (Rol: Administrador) Acción: Cambiado al siguiente mes: 2025-06
[2025-07-03 17:39:14] Usuario: Juan Lopez (Rol: Administrador) Acción: Calendario para el mes: 2025-07 generado correctamente.
[2025-07-03 17:39:14] Usuario: Juan Lopez (Rol: Administrador) Acción: Cambiado al siguiente mes: 2025-07
[2025-07-03 17:39:17] Usuario: Juan Lopez (Rol: Administrador) Acción: Detalles del evento cargados para la fecha: 2025-07-18
[2025-07-03 17:39:25] Usuario: Juan Lopez (Rol: Administrador) Acción: Detalles del evento cargados para la fecha: 2025-07-05
[2025-07-03 17:39:27] Usuario: Juan Lopez (Rol: Administrador) Acción: Detalles del evento cargados para la fecha: 2025-07-18
[2025-07-03 17:39:28] Usuario: Juan Lopez (Rol: Administrador) Acción: Detalles del evento cargados para la fecha: 2025-07-05
[2025-07-03 17:39:29] Usuario: Juan Lopez (Rol: Administrador) Acción: Detalles del evento cargados para la fecha: 2025-07-18
[2025-07-03 17:39:30] Usuario: Juan Lopez (Rol: Administrador) Acción: Calendario para el mes: 2025-08 generado correctamente.
[2025-07-03 17:39:30] Usuario: Juan Lopez (Rol: Administrador) Acción: Cambiado al siguiente mes: 2025-08
[2025-07-03 17:39:32] Usuario: Juan Lopez (Rol: Administrador) Acción: Calendario para el mes: 2025-09 generado correctamente.
[2025-07-03 17:39:32] Usuario: Juan Lopez (Rol: Administrador) Acción: Cambiado al siguiente mes: 2025-09
[2025-07-03 17:39:36] Usuario: Juan Lopez (Rol: Administrador) Acción: Calendario para el mes: 2025-08 generado correctamente.
[2025-07-03 17:39:36] Usuario: Juan Lopez (Rol: Administrador) Acción: Cambiado al mes anterior: 2025-08
[2025-07-03 17:39:37] Usuario: Juan Lopez (Rol: Administrador) Acción: Calendario para el mes: 2025-07 generado correctamente.
[2025-07-03 17:39:37] Usuario: Juan Lopez (Rol: Administrador) Acción: Cambiado al mes anterior: 2025-07
[2025-07-03 17:39:38] Usuario: Juan Lopez (Rol: Administrador) Acción: Calendario para el mes: 2025-08 generado correctamente.
[2025-07-03 17:39:38] Usuario: Juan Lopez (Rol: Administrador) Acción: Cambiado al siguiente mes: 2025-08
[2025-07-03 17:39:39] Usuario: Juan Lopez (Rol: Administrador) Acción: Calendario para el mes: 2025-09 generado correctamente.
[2025-07-03 17:39:39] Usuario: Juan Lopez (Rol: Administrador) Acción: Cambiado al siguiente mes: 2025-09
[2025-07-03 17:39:45] Usuario: Juan Lopez (Rol: Administrador) Acción: Calendario para el mes: 2025-10 generado correctamente.
[2025-07-03 17:39:45] Usuario: Juan Lopez (Rol: Administrador) Acción: Cambiado al siguiente mes: 2025-10
[2025-07-03 17:39:47] Usuario: Juan Lopez (Rol: Administrador) Acción: Calendario para el mes: 2025-09 generado correctamente.
[2025-07-03 17:39:47] Usuario: Juan Lopez (Rol: Administrador) Acción: Cambiado al mes anterior: 2025-09
[2025-07-03 17:39:48] Usuario: Juan Lopez (Rol: Administrador) Acción: Calendario para el mes: 2025-08 generado correctamente.
[2025-07-03 17:39:48] Usuario: Juan Lopez (Rol: Administrador) Acción: Cambiado al mes anterior: 2025-08
[2025-07-03 17:39:50] Usuario: Juan Lopez (Rol: Administrador) Acción: Calendario para el mes: 2025-07 generado correctamente.
[2025-07-03 17:39:50] Usuario: Juan Lopez (Rol: Administrador) Acción: Cambiado al mes anterior: 2025-07
[2025-07-03 17:39:59] Usuario: Juan Lopez (Rol: Administrador) Acción: Calendario para el mes: 2025-08 generado correctamente.
[2025-07-03 17:39:59] Usuario: Juan Lopez (Rol: Administrador) Acción: Cambiado al siguiente mes: 2025-08
[2025-07-03 17:40:00] Usuario: Juan Lopez (Rol: Administrador) Acción: Calendario para el mes: 2025-09 generado correctamente.
[2025-07-03 17:40:00] Usuario: Juan Lopez (Rol: Administrador) Acción: Cambiado al siguiente mes: 2025-09
[2025-07-03 17:40:03] Usuario: Juan Lopez (Rol: Administrador) Acción: Calendario para el mes: 2025-10 generado correctamente.
[2025-07-03 17:40:03] Usuario: Juan Lopez (Rol: Administrador) Acción: Cambiado al siguiente mes: 2025-10
[2025-07-03 17:40:04] Usuario: Juan Lopez (Rol: Administrador) Acción: Calendario para el mes: 2025-11 generado correctamente.
[2025-07-03 17:40:04] Usuario: Juan Lopez (Rol: Administrador) Acción: Cambiado al siguiente mes: 2025-11
[2025-07-03 17:40:05] Usuario: Juan Lopez (Rol: Administrador) Acción: Calendario para el mes: 2025-12 generado correctamente.
[2025-07-03 17:40:05] Usuario: Juan Lopez (Rol: Administrador) Acción: Cambiado al siguiente mes: 2025-12
[2025-07-03 17:40:06] Usuario: Juan Lopez (Rol: Administrador) Acción: Calendario para el mes: 2026-01 generado correctamente.
[2025-07-03 17:40:06] Usuario: Juan Lopez (Rol: Administrador) Acción: Cambiado al siguiente mes: 2026-01
[2025-07-03 17:40:08] Usuario: Juan Lopez (Rol: Administrador) Acción: Calendario para el mes: 2026-02 generado correctamente.
[2025-07-03 17:40:08] Usuario: Juan Lopez (Rol: Administrador) Acción: Cambiado al siguiente mes: 2026-02
[2025-07-03 17:40:08] Usuario: Juan Lopez (Rol: Administrador) Acción: Calendario para el mes: 2026-03 generado correctamente.
[2025-07-03 17:40:08] Usuario: Juan Lopez (Rol: Administrador) Acción: Cambiado al siguiente mes: 2026-03
[2025-07-03 17:40:11] Usuario: Juan Lopez (Rol: Administrador) Acción: Calendario para el mes: 2026-02 generado correctamente.
[2025-07-03 17:40:11] Usuario: Juan Lopez (Rol: Administrador) Acción: Cambiado al mes anterior: 2026-02
[2025-07-03 17:40:12] Usuario: Juan Lopez (Rol: Administrador) Acción: Calendario para el mes: 2026-01 generado correctamente.
[2025-07-03 17:40:12] Usuario: Juan Lopez (Rol: Administrador) Acción: Cambiado al mes anterior: 2026-01
[2025-07-03 17:40:12] Usuario: Juan Lopez (Rol: Administrador) Acción: Calendario para el mes: 2025-12 generado correctamente.
[2025-07-03 17:40:12] Usuario: Juan Lopez (Rol: Administrador) Acción: Cambiado al mes anterior: 2025-12
[2025-07-03 17:40:12] Usuario: Juan Lopez (Rol: Administrador) Acción: Calendario para el mes: 2025-11 generado correctamente.
[2025-07-03 17:40:12] Usuario: Juan Lopez (Rol: Administrador) Acción: Cambiado al mes anterior: 2025-11
[2025-07-03 17:40:12] Usuario: Juan Lopez (Rol: Administrador) Acción: Calendario para el mes: 2025-10 generado correctamente.
[2025-07-03 17:40:12] Usuario: Juan Lopez (Rol: Administrador) Acción: Cambiado al mes anterior: 2025-10
[2025-07-03 17:42:03] Usuario: Juan Lopez (Rol: Administrador) Acción: El usuario ha iniciado sesión.
[2025-07-03 17:42:05] Usuario: Juan Lopez (Rol: Administrador) Acción: Accedió a la sección de Eventos
[2025-07-03 17:42:06] Usuario: Juan Lopez (Rol: Administrador) Acción: Evento agregado para la fecha: 2024-11-15
[2025-07-03 17:42:06] Usuario: Juan Lopez (Rol: Administrador) Acción: Evento agregado para la fecha: 2024-12-10
[2025-07-03 17:42:06] Usuario: Juan Lopez (Rol: Administrador) Acción: Evento agregado para la fecha: 2024-12-20
[2025-07-03 17:42:06] Usuario: Juan Lopez (Rol: Administrador) Acción: Evento agregado para la fecha: 2024-10-27
[2025-07-03 17:42:06] Usuario: Juan Lopez (Rol: Administrador) Acción: Evento agregado para la fecha: 2024-11-30
[2025-07-03 17:42:06] Usuario: Juan Lopez (Rol: Administrador) Acción: Evento agregado para la fecha: 2024-10-25
[2025-07-03 17:42:06] Usuario: Juan Lopez (Rol: Administrador) Acción: Calendario para el mes: 2025-07 generado correctamente.
[2025-07-03 17:42:06] Usuario: Juan Lopez (Rol: Administrador) Acción: Evento agregado para la fecha: 2025-07-05
[2025-07-03 17:42:06] Usuario: Juan Lopez (Rol: Administrador) Acción: Calendario para el mes: 2025-07 generado correctamente.
[2025-07-03 17:42:06] Usuario: Juan Lopez (Rol: Administrador) Acción: Evento agregado para la fecha: 2025-07-18
[2025-07-03 17:42:06] Usuario: Juan Lopez (Rol: Administrador) Acción: Calendario para el mes: 2025-07 generado correctamente.
[2025-07-03 17:42:06] Usuario: Juan Lopez (Rol: Administrador) Acción: Calendario para el mes: 2025-07 generado correctamente.
[2025-07-03 17:42:06] Usuario: Juan Lopez (Rol: Administrador) Acción: Calendario inicializado para el mes: 2025-07
[2025-07-03 17:42:14] Usuario: Juan Lopez (Rol: Administrador) Acción: Detalles del evento cargados para la fecha: 2025-07-05
[2025-07-03 17:42:16] Usuario: Juan Lopez (Rol: Administrador) Acción: Detalles del evento cargados para la fecha: 2025-07-18
[2025-07-03 17:45:30] Usuario: Juan Lopez (Rol: Administrador) Acción: El usuario ha iniciado sesión.
[2025-07-03 17:45:32] Usuario: Juan Lopez (Rol: Administrador) Acción: Accedió a la sección de Eventos
[2025-07-03 17:45:32] Usuario: Juan Lopez (Rol: Administrador) Acción: Evento agregado para la fecha: 2024-11-15
[2025-07-03 17:45:32] Usuario: Juan Lopez (Rol: Administrador) Acción: Evento agregado para la fecha: 2024-12-10
[2025-07-03 17:45:32] Usuario: Juan Lopez (Rol: Administrador) Acción: Evento agregado para la fecha: 2024-12-20
[2025-07-03 17:45:32] Usuario: Juan Lopez (Rol: Administrador) Acción: Evento agregado para la fecha: 2024-10-27
[2025-07-03 17:45:32] Usuario: Juan Lopez (Rol: Administrador) Acción: Evento agregado para la fecha: 2024-11-30
[2025-07-03 17:45:32] Usuario: Juan Lopez (Rol: Administrador) Acción: Evento agregado para la fecha: 2024-10-25
[2025-07-03 17:45:32] Usuario: Juan Lopez (Rol: Administrador) Acción: Calendario para el mes: 2025-07 generado correctamente.
[2025-07-03 17:45:32] Usuario: Juan Lopez (Rol: Administrador) Acción: Evento agregado para la fecha: 2025-07-05
[2025-07-03 17:45:32] Usuario: Juan Lopez (Rol: Administrador) Acción: Calendario para el mes: 2025-07 generado correctamente.
[2025-07-03 17:45:32] Usuario: Juan Lopez (Rol: Administrador) Acción: Evento agregado para la fecha: 2025-07-18
[2025-07-03 17:45:32] Usuario: Juan Lopez (Rol: Administrador) Acción: Calendario para el mes: 2025-07 generado correctamente.
[2025-07-03 17:45:32] Usuario: Juan Lopez (Rol: Administrador) Acción: Calendario para el mes: 2025-07 generado correctamente.
[2025-07-03 17:45:32] Usuario: Juan Lopez (Rol: Administrador) Acción: Calendario inicializado para el mes: 2025-07
[2025-07-03 17:45:40] Usuario: Juan Lopez (Rol: Administrador) Acción: Calendario para el mes: 2025-06 generado correctamente.
[2025-07-03 17:45:40] Usuario: Juan Lopez (Rol: Administrador) Acción: Cambiado al mes anterior: 2025-06
[2025-07-03 17:45:41] Usuario: Juan Lopez (Rol: Administrador) Acción: Calendario para el mes: 2025-05 generado correctamente.
[2025-07-03 17:45:41] Usuario: Juan Lopez (Rol: Administrador) Acción: Cambiado al mes anterior: 2025-05
[2025-07-03 17:45:42] Usuario: Juan Lopez (Rol: Administrador) Acción: Calendario para el mes: 2025-04 generado correctamente.
[2025-07-03 17:45:42] Usuario: Juan Lopez (Rol: Administrador) Acción: Cambiado al mes anterior: 2025-04
[2025-07-03 17:45:42] Usuario: Juan Lopez (Rol: Administrador) Acción: Calendario para el mes: 2025-03 generado correctamente.
[2025-07-03 17:45:42] Usuario: Juan Lopez (Rol: Administrador) Acción: Cambiado al mes anterior: 2025-03
[2025-07-03 17:45:43] Usuario: Juan Lopez (Rol: Administrador) Acción: Calendario para el mes: 2025-02 generado correctamente.
[2025-07-03 17:45:43] Usuario: Juan Lopez (Rol: Administrador) Acción: Cambiado al mes anterior: 2025-02
[2025-07-03 17:45:43] Usuario: Juan Lopez (Rol: Administrador) Acción: Calendario para el mes: 2025-01 generado correctamente.
[2025-07-03 17:45:43] Usuario: Juan Lopez (Rol: Administrador) Acción: Cambiado al mes anterior: 2025-01
[2025-07-03 17:45:44] Usuario: Juan Lopez (Rol: Administrador) Acción: Calendario para el mes: 2024-12 generado correctamente.
[2025-07-03 17:45:44] Usuario: Juan Lopez (Rol: Administrador) Acción: Cambiado al mes anterior: 2024-12
[2025-07-03 17:45:44] Usuario: Juan Lopez (Rol: Administrador) Acción: Calendario para el mes: 2024-11 generado correctamente.
[2025-07-03 17:45:44] Usuario: Juan Lopez (Rol: Administrador) Acción: Cambiado al mes anterior: 2024-11
[2025-07-03 17:45:46] Usuario: Juan Lopez (Rol: Administrador) Acción: Calendario para el mes: 2024-12 generado correctamente.
[2025-07-03 17:45:46] Usuario: Juan Lopez (Rol: Administrador) Acción: Cambiado al siguiente mes: 2024-12
[2025-07-03 17:45:46] Usuario: Juan Lopez (Rol: Administrador) Acción: Calendario para el mes: 2025-01 generado correctamente.
[2025-07-03 17:45:46] Usuario: Juan Lopez (Rol: Administrador) Acción: Cambiado al siguiente mes: 2025-01
[2025-07-03 17:45:46] Usuario: Juan Lopez (Rol: Administrador) Acción: Calendario para el mes: 2025-02 generado correctamente.
[2025-07-03 17:45:46] Usuario: Juan Lopez (Rol: Administrador) Acción: Cambiado al siguiente mes: 2025-02
[2025-07-03 17:45:47] Usuario: Juan Lopez (Rol: Administrador) Acción: Calendario para el mes: 2025-03 generado correctamente.
[2025-07-03 17:45:47] Usuario: Juan Lopez (Rol: Administrador) Acción: Cambiado al siguiente mes: 2025-03
[2025-07-03 17:45:48] Usuario: Juan Lopez (Rol: Administrador) Acción: Calendario para el mes: 2025-04 generado correctamente.
[2025-07-03 17:45:48] Usuario: Juan Lopez (Rol: Administrador) Acción: Cambiado al siguiente mes: 2025-04
[2025-07-03 17:46:57] Usuario: Juan Lopez (Rol: Administrador) Acción: Calendario para el mes: 2025-03 generado correctamente.
[2025-07-03 17:46:57] Usuario: Juan Lopez (Rol: Administrador) Acción: Cambiado al mes anterior: 2025-03
[2025-07-03 17:46:58] Usuario: Juan Lopez (Rol: Administrador) Acción: Calendario para el mes: 2025-02 generado correctamente.
[2025-07-03 17:46:58] Usuario: Juan Lopez (Rol: Administrador) Acción: Cambiado al mes anterior: 2025-02
[2025-07-03 17:46:58] Usuario: Juan Lopez (Rol: Administrador) Acción: Calendario para el mes: 2025-01 generado correctamente.
[2025-07-03 17:46:58] Usuario: Juan Lopez (Rol: Administrador) Acción: Cambiado al mes anterior: 2025-01
[2025-07-03 17:47:00] Usuario: Juan Lopez (Rol: Administrador) Acción: Calendario para el mes: 2025-02 generado correctamente.
[2025-07-03 17:47:00] Usuario: Juan Lopez (Rol: Administrador) Acción: Cambiado al siguiente mes: 2025-02
[2025-07-03 17:47:00] Usuario: Juan Lopez (Rol: Administrador) Acción: Calendario para el mes: 2025-03 generado correctamente.
[2025-07-03 17:47:00] Usuario: Juan Lopez (Rol: Administrador) Acción: Cambiado al siguiente mes: 2025-03
[2025-07-03 17:47:00] Usuario: Juan Lopez (Rol: Administrador) Acción: Calendario para el mes: 2025-04 generado correctamente.
[2025-07-03 17:47:00] Usuario: Juan Lopez (Rol: Administrador) Acción: Cambiado al siguiente mes: 2025-04
[2025-07-03 17:47:01] Usuario: Juan Lopez (Rol: Administrador) Acción: Calendario para el mes: 2025-05 generado correctamente.
[2025-07-03 17:47:01] Usuario: Juan Lopez (Rol: Administrador) Acción: Cambiado al siguiente mes: 2025-05
[2025-07-03 17:47:01] Usuario: Juan Lopez (Rol: Administrador) Acción: Calendario para el mes: 2025-06 generado correctamente.
[2025-07-03 17:47:01] Usuario: Juan Lopez (Rol: Administrador) Acción: Cambiado al siguiente mes: 2025-06
[2025-07-03 17:47:02] Usuario: Juan Lopez (Rol: Administrador) Acción: Calendario para el mes: 2025-07 generado correctamente.
[2025-07-03 17:47:02] Usuario: Juan Lopez (Rol: Administrador) Acción: Cambiado al siguiente mes: 2025-07
[2025-07-03 17:49:44] Usuario: Juan Lopez (Rol: Administrador) Acción: El usuario ha iniciado sesión.
[2025-07-03 17:49:46] Usuario: Juan Lopez (Rol: Administrador) Acción: Accedió a la sección de Eventos
[2025-07-03 17:49:47] Usuario: Juan Lopez (Rol: Administrador) Acción: Evento agregado para la fecha: 2024-11-15
[2025-07-03 17:49:47] Usuario: Juan Lopez (Rol: Administrador) Acción: Evento agregado para la fecha: 2024-12-10
[2025-07-03 17:49:47] Usuario: Juan Lopez (Rol: Administrador) Acción: Evento agregado para la fecha: 2024-12-20
[2025-07-03 17:49:47] Usuario: Juan Lopez (Rol: Administrador) Acción: Evento agregado para la fecha: 2024-10-27
[2025-07-03 17:49:47] Usuario: Juan Lopez (Rol: Administrador) Acción: Evento agregado para la fecha: 2024-11-30
[2025-07-03 17:49:47] Usuario: Juan Lopez (Rol: Administrador) Acción: Evento agregado para la fecha: 2024-10-25
[2025-07-03 17:49:47] Usuario: Juan Lopez (Rol: Administrador) Acción: Calendario para el mes: 2025-07 generado correctamente.
[2025-07-03 17:49:47] Usuario: Juan Lopez (Rol: Administrador) Acción: Evento agregado para la fecha: 2025-07-05
[2025-07-03 17:49:47] Usuario: Juan Lopez (Rol: Administrador) Acción: Calendario para el mes: 2025-07 generado correctamente.
[2025-07-03 17:49:47] Usuario: Juan Lopez (Rol: Administrador) Acción: Evento agregado para la fecha: 2025-07-18
[2025-07-03 17:49:47] Usuario: Juan Lopez (Rol: Administrador) Acción: Calendario para el mes: 2025-07 generado correctamente.
[2025-07-03 17:49:47] Usuario: Juan Lopez (Rol: Administrador) Acción: Calendario para el mes: 2025-07 generado correctamente.
[2025-07-03 17:49:47] Usuario: Juan Lopez (Rol: Administrador) Acción: Calendario inicializado para el mes: 2025-07
[2025-07-03 17:49:54] Usuario: Juan Lopez (Rol: Administrador) Acción: Formulario de evento cerrado sin guardar.
[2025-07-03 17:49:55] Usuario: Juan Lopez (Rol: Administrador) Acción: Evento agregado para la fecha: 2024-11-15
[2025-07-03 17:49:55] Usuario: Juan Lopez (Rol: Administrador) Acción: Evento agregado para la fecha: 2024-12-10
[2025-07-03 17:49:55] Usuario: Juan Lopez (Rol: Administrador) Acción: Evento agregado para la fecha: 2024-12-20
[2025-07-03 17:49:55] Usuario: Juan Lopez (Rol: Administrador) Acción: Evento agregado para la fecha: 2024-10-27
[2025-07-03 17:49:55] Usuario: Juan Lopez (Rol: Administrador) Acción: Evento agregado para la fecha: 2024-11-30
[2025-07-03 17:49:55] Usuario: Juan Lopez (Rol: Administrador) Acción: Evento agregado para la fecha: 2024-10-25
[2025-07-03 17:49:55] Usuario: Juan Lopez (Rol: Administrador) Acción: Calendario para el mes: 2025-07 generado correctamente.
[2025-07-03 17:49:55] Usuario: Juan Lopez (Rol: Administrador) Acción: Evento agregado para la fecha: 2025-07-05
[2025-07-03 17:49:55] Usuario: Juan Lopez (Rol: Administrador) Acción: Calendario para el mes: 2025-07 generado correctamente.
[2025-07-03 17:49:55] Usuario: Juan Lopez (Rol: Administrador) Acción: Evento agregado para la fecha: 2025-07-18
[2025-07-03 17:49:55] Usuario: Juan Lopez (Rol: Administrador) Acción: Calendario para el mes: 2025-07 generado correctamente.
[2025-07-03 17:49:55] Usuario: Juan Lopez (Rol: Administrador) Acción: Evento agregado o modificado correctamente.
[2025-07-03 17:49:55] Usuario: Juan Lopez (Rol: Administrador) Acción: Detalles del evento cargados para la fecha: 2025-07-05
[2025-07-03 19:06:39] Usuario: Juan Lopez (Rol: Administrador) Acción: El usuario ha iniciado sesión.
[2025-07-03 19:06:49] Usuario: Juan Lopez (Rol: Administrador) Acción: Accedió a la sección de Pedidos
[2025-07-03 19:06:55] Usuario: Juan Lopez (Rol: Administrador) Acción: El usuario ha iniciado sesión.
[2025-07-03 19:14:09] Usuario: Juan Lopez (Rol: Administrador) Acción: El usuario ha iniciado sesión.
[2025-07-03 19:18:15] Usuario: Juan Lopez (Rol: Administrador) Acción: El usuario ha iniciado sesión.
[2025-07-03 19:18:33] Usuario: Juan Lopez (Rol: Administrador) Acción: Accedió a la sección de Pedidos
[2025-07-03 19:18:40] Usuario: Juan Lopez (Rol: Administrador) Acción: El usuario ha iniciado sesión.
[2025-07-03 19:20:59] Usuario: Juan Lopez (Rol: Administrador) Acción: El usuario ha iniciado sesión.
[2025-07-03 19:24:30] Usuario: Juan Lopez (Rol: Administrador) Acción: El usuario ha iniciado sesión.
[2025-07-03 19:28:00] Usuario: Juan Lopez (Rol: Administrador) Acción: El usuario ha iniciado sesión.
[2025-07-03 19:34:36] Usuario: Juan Lopez (Rol: Administrador) Acción: El usuario ha iniciado sesión.
[2025-07-03 19:38:09] Usuario: Juan Lopez (Rol: Administrador) Acción: El usuario ha iniciado sesión.
[2025-07-03 19:40:55] Usuario: Juan Lopez (Rol: Administrador) Acción: El usuario ha iniciado sesión.
[2025-07-03 19:44:55] Usuario: Juan Lopez (Rol: Administrador) Acción: El usuario ha iniciado sesión.
[2025-07-03 19:46:26] Usuario: Juan Lopez (Rol: Administrador) Acción: El usuario ha iniciado sesión.
[2025-07-03 19:48:00] Usuario: null (Rol: Sin rol) Acción: Intento de login fallido con DNI: 12345678
[2025-07-03 19:48:07] Usuario: Juan Lopez (Rol: Administrador) Acción: El usuario ha iniciado sesión.
[2025-07-03 19:48:18] Usuario: Juan Lopez (Rol: Administrador) Acción: Accedió a la sección de Estadísticas
[2025-07-03 19:48:20] Usuario: Juan Lopez (Rol: Administrador) Acción: El usuario ha iniciado sesión.
[2025-07-03 19:53:04] Usuario: Juan Lopez (Rol: Administrador) Acción: El usuario ha iniciado sesión.
[2025-07-03 19:53:10] Usuario: Juan Lopez (Rol: Administrador) Acción: Accedió a la sección de Pedidos
[2025-07-03 19:55:40] Usuario: Juan Lopez (Rol: Administrador) Acción: El usuario ha iniciado sesión.
[2025-07-03 19:58:28] Usuario: Juan Lopez (Rol: Administrador) Acción: Accedió a la sección de Estadísticas
[2025-07-03 19:58:30] Usuario: Juan Lopez (Rol: Administrador) Acción: El usuario ha iniciado sesión.
[2025-07-03 20:46:52] Usuario: Juan Lopez (Rol: Administrador) Acción: El usuario ha iniciado sesión.
[2025-07-03 20:51:38] Usuario: Juan Lopez (Rol: Administrador) Acción: El usuario ha iniciado sesión.
[2025-07-03 20:51:50] Usuario: Juan Lopez (Rol: Administrador) Acción: Accedió a la sección de Eventos
[2025-07-03 20:51:50] Usuario: Juan Lopez (Rol: Administrador) Acción: Evento agregado para la fecha: 2024-11-15
[2025-07-03 20:51:50] Usuario: Juan Lopez (Rol: Administrador) Acción: Evento agregado para la fecha: 2024-12-10
[2025-07-03 20:51:50] Usuario: Juan Lopez (Rol: Administrador) Acción: Evento agregado para la fecha: 2024-12-20
[2025-07-03 20:51:50] Usuario: Juan Lopez (Rol: Administrador) Acción: Evento agregado para la fecha: 2024-10-27
[2025-07-03 20:51:50] Usuario: Juan Lopez (Rol: Administrador) Acción: Evento agregado para la fecha: 2024-11-30
[2025-07-03 20:51:50] Usuario: Juan Lopez (Rol: Administrador) Acción: Evento agregado para la fecha: 2024-10-25
[2025-07-03 20:51:50] Usuario: Juan Lopez (Rol: Administrador) Acción: Calendario para el mes: 2025-07 generado correctamente.
[2025-07-03 20:51:50] Usuario: Juan Lopez (Rol: Administrador) Acción: Evento agregado para la fecha: 2025-07-05
[2025-07-03 20:51:50] Usuario: Juan Lopez (Rol: Administrador) Acción: Calendario para el mes: 2025-07 generado correctamente.
[2025-07-03 20:51:50] Usuario: Juan Lopez (Rol: Administrador) Acción: Evento agregado para la fecha: 2025-07-18
[2025-07-03 20:51:50] Usuario: Juan Lopez (Rol: Administrador) Acción: Calendario para el mes: 2025-07 generado correctamente.
[2025-07-03 20:51:50] Usuario: Juan Lopez (Rol: Administrador) Acción: Calendario para el mes: 2025-07 generado correctamente.
[2025-07-03 20:51:50] Usuario: Juan Lopez (Rol: Administrador) Acción: Calendario inicializado para el mes: 2025-07
[2025-07-03 20:51:52] Usuario: Juan Lopez (Rol: Administrador) Acción: El usuario ha iniciado sesión.
[2025-07-03 20:51:53] Usuario: Juan Lopez (Rol: Administrador) Acción: Volviendo al menú principal.
[2025-07-03 20:57:45] Usuario: Juan Lopez (Rol: Administrador) Acción: El usuario ha iniciado sesión.
[2025-07-03 20:59:49] Usuario: Juan Lopez (Rol: Administrador) Acción: El usuario ha iniciado sesión.
[2025-07-03 21:00:52] Usuario: Juan Lopez (Rol: Administrador) Acción: El usuario ha iniciado sesión.
[2025-07-03 21:03:15] Usuario: Juan Lopez (Rol: Administrador) Acción: El usuario ha iniciado sesión.
[2025-07-03 21:03:24] Usuario: Juan Lopez (Rol: Administrador) Acción: Accedió a la sección de Pedidos
[2025-07-03 21:03:29] Usuario: Juan Lopez (Rol: Administrador) Acción: El usuario ha iniciado sesión.
[2025-07-03 21:04:25] Usuario: Juan Lopez (Rol: Administrador) Acción: El usuario ha iniciado sesión.
