[2024-12-19 01:47:49] Usuario: Juan Lopez (Rol: Administrador) Acción: El usuario ha iniciado sesión.
[2024-12-19 01:47:54] Usuario: Juan Lopez (Rol: Administrador) Acción: Accedió a la sección de Pedidos
[2024-12-19 01:48:44] Usuario: Juan Lopez (Rol: Administrador) Acción: Se canceló el pedido sin guardar.
[2024-12-19 01:51:33] Usuario: Juan Lopez (Rol: Administrador) Acción: El usuario ha iniciado sesión.
[2024-12-19 01:51:40] Usuario: Juan Lopez (Rol: Administrador) Acción: Accedió a la sección de Pedidos
[2024-12-19 01:52:13] Usuario: Juan Lopez (Rol: Administrador) Acción: El usuario ha iniciado sesión.
[2024-12-19 01:52:15] Usuario: Juan Lopez (Rol: Administrador) Acción: El usuario accedió a la sección de Configuración
[2024-12-19 01:52:17] Usuario: Juan Lopez (Rol: Administrador) Acción: El usuario abrió la ventana de gestión de clientes para administrar la información de los clientes.
[2024-12-19 01:52:24] Usuario: Juan Lopez (Rol: Administrador) Acción: El usuario modificó el cliente: 44280200
[2024-12-19 01:52:43] Usuario: Juan Lopez (Rol: Administrador) Acción: El usuario modificó el cliente: 44280200
[2024-12-19 01:53:54] Usuario: Juan Lopez (Rol: Administrador) Acción: El usuario ha iniciado sesión.
[2024-12-19 01:53:54] Usuario: Juan Lopez (Rol: Administrador) Acción: El usuario regresó al menú principal desde la vista de configuraciones.
[2024-12-19 01:53:55] Usuario: Juan Lopez (Rol: Administrador) Acción: Accedió a la sección de Pedidos
[2024-12-19 02:01:19] Usuario: Juan Lopez (Rol: Administrador) Acción: El usuario ha iniciado sesión.
[2024-12-19 02:01:22] Usuario: Juan Lopez (Rol: Administrador) Acción: Accedió a la sección de Pedidos
[2024-12-19 02:03:34] Usuario: Juan Lopez (Rol: Administrador) Acción: El usuario ha iniciado sesión.
[2024-12-19 02:14:17] Usuario: Juan Lopez (Rol: Administrador) Acción: El usuario ha iniciado sesión.
[2024-12-19 02:14:20] Usuario: Juan Lopez (Rol: Administrador) Acción: Accedió a la sección de Pedidos
[2024-12-19 02:18:43] Usuario: Juan Lopez (Rol: Administrador) Acción: El usuario ha iniciado sesión.
[2024-12-19 02:18:45] Usuario: Juan Lopez (Rol: Administrador) Acción: Accedió a la sección de Pedidos
[2024-12-19 02:24:46] Usuario: Juan Lopez (Rol: Administrador) Acción: El usuario ha iniciado sesión.
[2024-12-19 02:24:49] Usuario: Juan Lopez (Rol: Administrador) Acción: Accedió a la sección de Pedidos
[2024-12-19 02:30:15] Usuario: Juan Lopez (Rol: Administrador) Acción: El usuario ha iniciado sesión.
[2024-12-19 02:30:17] Usuario: Juan Lopez (Rol: Administrador) Acción: Accedió a la sección de Pedidos
[2024-12-19 02:30:51] Usuario: Juan Lopez (Rol: Administrador) Acción: Abrió el catálogo de pedidos.
[2024-12-19 02:34:50] Usuario: Juan Lopez (Rol: Administrador) Acción: El usuario ha iniciado sesión.
[2024-12-19 02:34:52] Usuario: Juan Lopez (Rol: Administrador) Acción: Accedió a la sección de Pedidos
[2024-12-19 02:35:42] Usuario: Juan Lopez (Rol: Administrador) Acción: El usuario ha iniciado sesión.
[2024-12-19 02:36:46] Usuario: Juan Lopez (Rol: Administrador) Acción: Accedió a la sección de Pedidos
[2024-12-19 02:43:24] Usuario: Juan Lopez (Rol: Administrador) Acción: El usuario ha iniciado sesión.
[2024-12-19 02:43:27] Usuario: Juan Lopez (Rol: Administrador) Acción: Accedió a la sección de Pedidos
[2024-12-19 02:43:54] Usuario: Juan Lopez (Rol: Administrador) Acción: Abrió el catálogo de pedidos.
[2024-12-19 02:52:50] Usuario: Juan Lopez (Rol: Administrador) Acción: El usuario ha iniciado sesión.
[2024-12-19 02:52:52] Usuario: Juan Lopez (Rol: Administrador) Acción: Accedió a la sección de Pedidos
[2024-12-19 02:55:27] Usuario: Juan Lopez (Rol: Administrador) Acción: El usuario ha iniciado sesión.
[2024-12-19 02:55:32] Usuario: Juan Lopez (Rol: Administrador) Acción: Accedió a la sección de Pedidos
[2024-12-19 02:57:42] Usuario: Juan Lopez (Rol: Administrador) Acción: El usuario ha iniciado sesión.
[2024-12-19 02:57:44] Usuario: Juan Lopez (Rol: Administrador) Acción: Accedió a la sección de Pedidos
[2024-12-19 03:04:03] Usuario: Juan Lopez (Rol: Administrador) Acción: El usuario ha iniciado sesión.
[2024-12-19 03:04:04] Usuario: Juan Lopez (Rol: Administrador) Acción: Accedió a la sección de Pedidos
[2024-12-19 03:06:02] Usuario: Juan Lopez (Rol: Administrador) Acción: Abrió el catálogo de pedidos.
[2024-12-19 03:15:25] Usuario: Juan Lopez (Rol: Administrador) Acción: El usuario ha iniciado sesión.
[2024-12-19 03:15:27] Usuario: Juan Lopez (Rol: Administrador) Acción: Accedió a la sección de Pedidos
[2024-12-19 03:15:48] Usuario: Juan Lopez (Rol: Administrador) Acción: Abrió el catálogo de pedidos.
[2024-12-19 03:22:39] Usuario: Juan Lopez (Rol: Administrador) Acción: El usuario ha iniciado sesión.
[2024-12-19 03:22:41] Usuario: Juan Lopez (Rol: Administrador) Acción: Accedió a la sección de Pedidos
[2024-12-19 03:22:59] Usuario: Juan Lopez (Rol: Administrador) Acción: Abrió el catálogo de pedidos.
[2024-12-19 10:31:38] Usuario: Juan Lopez (Rol: Administrador) Acción: El usuario ha iniciado sesión.
[2024-12-19 10:31:40] Usuario: Juan Lopez (Rol: Administrador) Acción: Accedió a la sección de Pedidos
[2024-12-19 10:32:06] Usuario: Juan Lopez (Rol: Administrador) Acción: Abrió el catálogo de pedidos.
[2024-12-19 10:32:23] Usuario: Juan Lopez (Rol: Administrador) Acción: Se canceló el pedido sin guardar.
[2024-12-19 10:57:36] Usuario: Juan Lopez (Rol: Administrador) Acción: El usuario ha iniciado sesión.
[2024-12-19 10:57:40] Usuario: Juan Lopez (Rol: Administrador) Acción: Accedió a la sección de Pedidos
[2024-12-19 10:58:02] Usuario: Juan Lopez (Rol: Administrador) Acción: Catálogo de pedidos abierto correctamente.
[2024-12-19 10:58:33] Usuario: Juan Lopez (Rol: Administrador) Acción: El usuario ha iniciado sesión.
[2024-12-19 10:58:34] Usuario: Juan Lopez (Rol: Administrador) Acción: Accedió a la sección de Stock
[2024-12-19 10:58:42] Usuario: Juan Lopez (Rol: Administrador) Acción: El usuario ha iniciado sesión.
[2024-12-19 10:58:42] Usuario: Juan Lopez (Rol: Administrador) Acción: El usuario regresó al menú principal desde la pantalla de gestión de insumos.
[2024-12-19 10:58:43] Usuario: Juan Lopez (Rol: Administrador) Acción: Accedió a la sección de Recetas
[2024-12-19 10:58:47] Usuario: Juan Lopez (Rol: Administrador) Acción: El usuario regresó al menú principal desde la pantalla de gestión de recetas.
[2024-12-19 10:58:47] Usuario: Juan Lopez (Rol: Administrador) Acción: El usuario ha iniciado sesión.
[2024-12-19 11:13:27] Usuario: Juan Lopez (Rol: Administrador) Acción: El usuario ha iniciado sesión.
[2024-12-19 11:13:29] Usuario: Juan Lopez (Rol: Administrador) Acción: Accedió a la sección de Pedidos
[2024-12-19 11:13:53] Usuario: Juan Lopez (Rol: Administrador) Acción: Catálogo de pedidos abierto correctamente.
[2024-12-19 11:13:55] Usuario: Juan Lopez (Rol: Administrador) Acción: Insumo insuficiente: HARINA. Requerido: 200.0, disponible: 50.0
[2024-12-19 11:25:40] Usuario: Juan Lopez (Rol: Administrador) Acción: El usuario ha iniciado sesión.
[2024-12-19 11:25:43] Usuario: Juan Lopez (Rol: Administrador) Acción: Accedió a la sección de Pedidos
[2024-12-19 11:26:03] Usuario: Juan Lopez (Rol: Administrador) Acción: Catálogo de pedidos abierto correctamente.
[2024-12-19 11:31:11] Usuario: Juan Lopez (Rol: Administrador) Acción: El usuario ha iniciado sesión.
[2024-12-19 11:31:12] Usuario: Juan Lopez (Rol: Administrador) Acción: Accedió a la sección de Pedidos
[2024-12-19 11:31:37] Usuario: Juan Lopez (Rol: Administrador) Acción: Catálogo de pedidos abierto correctamente.
[2024-12-19 11:31:38] Usuario: Juan Lopez (Rol: Administrador) Acción: Insumo insuficiente: HARINA. Requerido: 250.0, disponible: 50.0
[2024-12-19 11:31:59] Usuario: Juan Lopez (Rol: Administrador) Acción: El usuario ha iniciado sesión.
[2024-12-19 11:32:01] Usuario: Juan Lopez (Rol: Administrador) Acción: Accedió a la sección de Stock
[2024-12-19 11:32:07] Usuario: Juan Lopez (Rol: Administrador) Acción: El usuario ha iniciado sesión.
[2024-12-19 11:32:07] Usuario: Juan Lopez (Rol: Administrador) Acción: El usuario regresó al menú principal desde la pantalla de gestión de insumos.
[2024-12-19 12:12:11] Usuario: Juan Lopez (Rol: Administrador) Acción: El usuario ha iniciado sesión.
[2024-12-19 12:12:14] Usuario: Juan Lopez (Rol: Administrador) Acción: Accedió a la sección de Pedidos
[2024-12-19 12:12:57] Usuario: Juan Lopez (Rol: Administrador) Acción: Catálogo de pedidos abierto correctamente.
[2024-12-19 12:13:55] Usuario: Juan Lopez (Rol: Administrador) Acción: Insumo insuficiente: HARINA. Requerido: 250.0, disponible: 50.0
[2024-12-19 12:46:21] Usuario: Juan Lopez (Rol: Administrador) Acción: El usuario ha iniciado sesión.
[2024-12-19 12:46:22] Usuario: Juan Lopez (Rol: Administrador) Acción: Accedió a la sección de Pedidos
[2024-12-19 12:48:49] Usuario: Juan Lopez (Rol: Administrador) Acción: Pedido modificado: DNI Cliente = null
[2024-12-19 12:50:34] Usuario: Juan Lopez (Rol: Administrador) Acción: Catálogo de pedidos abierto correctamente.
[2024-12-19 12:50:41] Usuario: Juan Lopez (Rol: Administrador) Acción: Catálogo de pedidos abierto correctamente.
[2024-12-19 17:04:26] Usuario: Juan Lopez (Rol: Administrador) Acción: El usuario ha iniciado sesión.
[2024-12-19 17:04:36] Usuario: Juan Lopez (Rol: Administrador) Acción: Accedió a la sección de Recetas
[2024-12-19 17:04:44] Usuario: Juan Lopez (Rol: Administrador) Acción: El usuario quiere modificar la receta: Receta Tarta de Fresa
[2024-12-19 17:04:50] Usuario: Juan Lopez (Rol: Administrador) Acción: El usuario regresó al menú principal desde la pantalla de gestión de recetas.
[2024-12-19 17:04:50] Usuario: Juan Lopez (Rol: Administrador) Acción: El usuario ha iniciado sesión.
[2024-12-19 17:04:51] Usuario: Juan Lopez (Rol: Administrador) Acción: Accedió a la sección de Productos
[2024-12-19 17:09:12] Usuario: Juan Lopez (Rol: Administrador) Acción: El usuario ha iniciado sesión.
[2024-12-19 17:09:16] Usuario: Juan Lopez (Rol: Administrador) Acción: Accedió a la sección de Productos
[2024-12-19 17:09:22] Usuario: Juan Lopez (Rol: Administrador) Acción: El usuario ha iniciado sesión.
[2024-12-19 17:09:22] Usuario: Juan Lopez (Rol: Administrador) Acción: El usuario regresó al menú principal desde la pantalla de Productos.
[2024-12-19 17:09:24] Usuario: Juan Lopez (Rol: Administrador) Acción: Accedió a la sección de Pedidos
[2024-12-19 17:14:18] Usuario: Juan Lopez (Rol: Administrador) Acción: El usuario ha iniciado sesión.
[2024-12-19 17:14:24] Usuario: Juan Lopez (Rol: Administrador) Acción: Accedió a la sección de Pedidos
[2024-12-19 17:22:02] Usuario: Juan Lopez (Rol: Administrador) Acción: El usuario ha iniciado sesión.
[2024-12-19 17:22:04] Usuario: Juan Lopez (Rol: Administrador) Acción: Accedió a la sección de Pedidos
[2024-12-19 17:25:28] Usuario: Juan Lopez (Rol: Administrador) Acción: El usuario ha iniciado sesión.
[2024-12-19 17:25:30] Usuario: Juan Lopez (Rol: Administrador) Acción: Accedió a la sección de Pedidos
[2024-12-19 17:42:15] Usuario: Juan Lopez (Rol: Administrador) Acción: El usuario ha iniciado sesión.
[2024-12-19 17:42:17] Usuario: Juan Lopez (Rol: Administrador) Acción: Accedió a la sección de Pedidos
[2024-12-19 17:46:01] Usuario: Juan Lopez (Rol: Administrador) Acción: El usuario ha iniciado sesión.
[2024-12-19 17:46:03] Usuario: Juan Lopez (Rol: Administrador) Acción: Accedió a la sección de Pedidos
[2024-12-19 17:46:07] Usuario: Juan Lopez (Rol: Administrador) Acción: Accedió a la sección de Pedidos
[2024-12-19 17:51:28] Usuario: Juan Lopez (Rol: Administrador) Acción: El usuario ha iniciado sesión.
[2024-12-19 17:51:30] Usuario: Juan Lopez (Rol: Administrador) Acción: Accedió a la sección de Pedidos
[2024-12-19 17:53:28] Usuario: Juan Lopez (Rol: Administrador) Acción: El usuario ha iniciado sesión.
[2024-12-19 17:53:29] Usuario: Juan Lopez (Rol: Administrador) Acción: Accedió a la sección de Pedidos
[2024-12-19 18:20:04] Usuario: Juan Lopez (Rol: Administrador) Acción: El usuario ha iniciado sesión.
[2024-12-19 18:20:07] Usuario: Juan Lopez (Rol: Administrador) Acción: Accedió a la sección de Pedidos
[2024-12-19 18:36:41] Usuario: Juan Lopez (Rol: Administrador) Acción: El usuario ha iniciado sesión.
[2024-12-19 18:36:42] Usuario: Juan Lopez (Rol: Administrador) Acción: Accedió a la sección de Pedidos
[2024-12-19 18:40:00] Usuario: Juan Lopez (Rol: Administrador) Acción: El usuario ha iniciado sesión.
[2024-12-19 18:40:02] Usuario: Juan Lopez (Rol: Administrador) Acción: Accedió a la sección de Pedidos
[2024-12-19 18:50:46] Usuario: Juan Lopez (Rol: Administrador) Acción: El usuario ha iniciado sesión.
[2024-12-19 18:50:48] Usuario: Juan Lopez (Rol: Administrador) Acción: Accedió a la sección de Pedidos
[2024-12-19 18:50:54] Usuario: Juan Lopez (Rol: Administrador) Acción: El usuario ha iniciado sesión.
