[2025-07-04 09:31:44] Usuario: Juan Lopez (Rol: Administrador) Acción: El usuario ha iniciado sesión.
[2025-07-04 09:32:07] Usuario: Juan Lopez (Rol: Administrador) Acción: Accedió a la sección de Eventos
[2025-07-04 09:32:07] Usuario: Juan Lopez (Rol: Administrador) Acción: Evento agregado para la fecha: 2024-11-15
[2025-07-04 09:32:07] Usuario: Juan Lopez (Rol: Administrador) Acción: Evento agregado para la fecha: 2024-12-10
[2025-07-04 09:32:07] Usuario: Juan Lopez (Rol: Administrador) Acción: Evento agregado para la fecha: 2024-12-20
[2025-07-04 09:32:07] Usuario: Juan Lopez (Rol: Administrador) Acción: Evento agregado para la fecha: 2024-10-27
[2025-07-04 09:32:07] Usuario: Juan Lopez (Rol: Administrador) Acción: Evento agregado para la fecha: 2024-11-30
[2025-07-04 09:32:07] Usuario: Juan Lopez (Rol: Administrador) Acción: Evento agregado para la fecha: 2024-10-25
[2025-07-04 09:32:07] Usuario: Juan Lopez (Rol: Administrador) Acción: Calendario para el mes: 2025-07 generado correctamente.
[2025-07-04 09:32:07] Usuario: Juan Lopez (Rol: Administrador) Acción: Evento agregado para la fecha: 2025-07-05
[2025-07-04 09:32:07] Usuario: Juan Lopez (Rol: Administrador) Acción: Calendario para el mes: 2025-07 generado correctamente.
[2025-07-04 09:32:07] Usuario: Juan Lopez (Rol: Administrador) Acción: Evento agregado para la fecha: 2025-07-18
[2025-07-04 09:32:07] Usuario: Juan Lopez (Rol: Administrador) Acción: Calendario para el mes: 2025-07 generado correctamente.
[2025-07-04 09:32:07] Usuario: Juan Lopez (Rol: Administrador) Acción: Calendario para el mes: 2025-07 generado correctamente.
[2025-07-04 09:32:07] Usuario: Juan Lopez (Rol: Administrador) Acción: Calendario inicializado para el mes: 2025-07
[2025-07-04 09:32:09] Usuario: Juan Lopez (Rol: Administrador) Acción: El usuario ha iniciado sesión.
[2025-07-04 09:32:10] Usuario: Juan Lopez (Rol: Administrador) Acción: Volviendo al menú principal.
[2025-07-04 09:32:16] Usuario: Juan Lopez (Rol: Administrador) Acción: Accedió a la sección de Estadísticas
[2025-07-04 09:32:18] Usuario: Juan Lopez (Rol: Administrador) Acción: El usuario ha iniciado sesión.
[2025-07-04 09:35:52] Usuario: Juan Lopez (Rol: Administrador) Acción: Accedió a la sección de Eventos
[2025-07-04 09:35:52] Usuario: Juan Lopez (Rol: Administrador) Acción: Evento agregado para la fecha: 2024-11-15
[2025-07-04 09:35:52] Usuario: Juan Lopez (Rol: Administrador) Acción: Evento agregado para la fecha: 2024-12-10
[2025-07-04 09:35:52] Usuario: Juan Lopez (Rol: Administrador) Acción: Evento agregado para la fecha: 2024-12-20
[2025-07-04 09:35:52] Usuario: Juan Lopez (Rol: Administrador) Acción: Evento agregado para la fecha: 2024-10-27
[2025-07-04 09:35:52] Usuario: Juan Lopez (Rol: Administrador) Acción: Evento agregado para la fecha: 2024-11-30
[2025-07-04 09:35:52] Usuario: Juan Lopez (Rol: Administrador) Acción: Evento agregado para la fecha: 2024-10-25
[2025-07-04 09:35:52] Usuario: Juan Lopez (Rol: Administrador) Acción: Calendario para el mes: 2025-07 generado correctamente.
[2025-07-04 09:35:52] Usuario: Juan Lopez (Rol: Administrador) Acción: Evento agregado para la fecha: 2025-07-05
[2025-07-04 09:35:52] Usuario: Juan Lopez (Rol: Administrador) Acción: Calendario para el mes: 2025-07 generado correctamente.
[2025-07-04 09:35:52] Usuario: Juan Lopez (Rol: Administrador) Acción: Evento agregado para la fecha: 2025-07-18
[2025-07-04 09:35:52] Usuario: Juan Lopez (Rol: Administrador) Acción: Calendario para el mes: 2025-07 generado correctamente.
[2025-07-04 09:35:52] Usuario: Juan Lopez (Rol: Administrador) Acción: Calendario para el mes: 2025-07 generado correctamente.
[2025-07-04 09:35:52] Usuario: Juan Lopez (Rol: Administrador) Acción: Calendario inicializado para el mes: 2025-07
[2025-07-04 09:35:53] Usuario: Juan Lopez (Rol: Administrador) Acción: El usuario ha iniciado sesión.
[2025-07-04 09:35:54] Usuario: Juan Lopez (Rol: Administrador) Acción: Volviendo al menú principal.
[2025-07-04 09:42:52] Usuario: Jose Gonzalez (Rol: Cajera) Acción: El usuario ha iniciado sesión.
[2025-07-04 09:44:51] Usuario: Juan Lopez (Rol: Administrador) Acción: El usuario ha iniciado sesión.
[2025-07-04 09:44:58] Usuario: Juan Lopez (Rol: Administrador) Acción: El usuario cerró sesión
[2025-07-04 09:45:10] Usuario: Jose Gonzalez (Rol: Cajera) Acción: El usuario ha iniciado sesión.
[2025-07-04 09:47:08] Usuario: Juan Lopez (Rol: Administrador) Acción: El usuario ha iniciado sesión.
[2025-07-04 09:47:14] Usuario: Juan Lopez (Rol: Administrador) Acción: El usuario cerró sesión
[2025-07-04 09:47:25] Usuario: Jose Gonzalez (Rol: Cajera) Acción: El usuario ha iniciado sesión.
[2025-07-04 09:49:43] Usuario: Jose Gonzalez (Rol: Cajera) Acción: El usuario ha iniciado sesión.
[2025-07-04 09:50:04] Usuario: Jose Gonzalez (Rol: Cajera) Acción: El usuario accedió a la sección de Ayuda
[2025-07-04 09:50:05] Usuario: Jose Gonzalez (Rol: Cajera) Acción: El usuario regresó al menú principal desde la pantalla de Ayuda.
[2025-07-04 09:50:05] Usuario: Jose Gonzalez (Rol: Cajera) Acción: El usuario ha iniciado sesión.
[2025-07-04 09:51:27] Usuario: Jose Gonzalez (Rol: Cajera) Acción: El usuario ha iniciado sesión.
[2025-07-04 09:56:17] Usuario: Jose Gonzalez (Rol: Cajera) Acción: El usuario ha iniciado sesión.
[2025-07-04 09:57:31] Usuario: Jose Gonzalez (Rol: Cajera) Acción: El usuario ha iniciado sesión.
[2025-07-04 09:59:11] Usuario: Jose Gonzalez (Rol: Cajera) Acción: El usuario ha iniciado sesión.
[2025-07-04 09:59:30] Usuario: Jose Gonzalez (Rol: Cajera) Acción: El usuario cerró sesión
[2025-07-04 09:59:39] Usuario: Lionel Messi (Rol: Empleado) Acción: El usuario ha iniciado sesión.
[2025-07-04 09:59:46] Usuario: Lionel Messi (Rol: Empleado) Acción: El usuario accedió a la sección de Configuración
[2025-07-04 09:59:49] Usuario: Lionel Messi (Rol: Empleado) Acción: El usuario abrió la ventana de gestión de sabores para administrar los sabores disponibles en la pastelería.
[2025-07-04 09:59:52] Usuario: Lionel Messi (Rol: Empleado) Acción: El usuario abrió la ventana de gestión de insumos para supervisar y registrar los ingredientes en stock.
[2025-07-04 09:59:54] Usuario: Lionel Messi (Rol: Empleado) Acción: El usuario ha iniciado sesión.
[2025-07-04 09:59:55] Usuario: Lionel Messi (Rol: Empleado) Acción: El usuario regresó al menú principal desde la vista de configuraciones.
[2025-07-04 10:03:55] Usuario: Edison Cavani (Rol: Empleado) Acción: El usuario ha iniciado sesión.
[2025-07-04 10:04:49] Usuario: Jose Gonzalez (Rol: Cajera) Acción: El usuario ha iniciado sesión.
[2025-07-04 10:05:19] Usuario: Edison Cavani (Rol: Empleado) Acción: El usuario ha iniciado sesión.
[2025-07-04 10:06:17] Usuario: Edison Cavani (Rol: Empleado) Acción: El usuario ha iniciado sesión.
[2025-07-04 10:07:08] Usuario: Edison Cavani (Rol: Empleado) Acción: El usuario ha iniciado sesión.
[2025-07-04 10:09:55] Usuario: Edison Cavani (Rol: Empleado) Acción: El usuario ha iniciado sesión.
[2025-07-04 10:10:56] Usuario: Edison Cavani (Rol: Empleado) Acción: El usuario ha iniciado sesión.
[2025-07-04 10:11:34] Usuario: Edison Cavani (Rol: Empleado) Acción: El usuario ha iniciado sesión.
[2025-07-04 10:18:09] Usuario: Juan Lopez (Rol: Administrador) Acción: El usuario ha iniciado sesión.
[2025-07-04 10:20:35] Usuario: null (Rol: Sin rol) Acción: Intento de login fallido con DNI: 12345678
[2025-07-04 10:20:41] Usuario: Juan Lopez (Rol: Administrador) Acción: El usuario ha iniciado sesión.
[2025-07-04 10:23:18] Usuario: Juan Lopez (Rol: Administrador) Acción: El usuario ha iniciado sesión.
[2025-07-04 10:25:46] Usuario: Juan Lopez (Rol: Administrador) Acción: El usuario ha iniciado sesión.
[2025-07-04 10:29:22] Usuario: Juan Lopez (Rol: Administrador) Acción: El usuario ha iniciado sesión.
[2025-07-04 10:33:35] Usuario: Juan Lopez (Rol: Administrador) Acción: El usuario ha iniciado sesión.
[2025-07-04 10:35:01] Usuario: Juan Lopez (Rol: Administrador) Acción: El usuario ha iniciado sesión.
[2025-07-04 10:38:33] Usuario: Juan Lopez (Rol: Administrador) Acción: El usuario ha iniciado sesión.
[2025-07-04 10:41:01] Usuario: Juan Lopez (Rol: Administrador) Acción: El usuario ha iniciado sesión.
[2025-07-04 10:42:05] Usuario: Juan Lopez (Rol: Administrador) Acción: El usuario ha iniciado sesión.
[2025-07-04 10:42:49] Usuario: Juan Lopez (Rol: Administrador) Acción: El usuario ha iniciado sesión.
[2025-07-04 10:47:47] Usuario: Juan Lopez (Rol: Administrador) Acción: El usuario ha iniciado sesión.
[2025-07-04 11:33:36] Usuario: Juan Lopez (Rol: Administrador) Acción: El usuario ha iniciado sesión.
[2025-07-04 11:33:43] Usuario: Juan Lopez (Rol: Administrador) Acción: Accedió a la sección de Eventos
[2025-07-04 11:33:44] Usuario: Juan Lopez (Rol: Administrador) Acción: Evento agregado para la fecha: 2024-11-15
[2025-07-04 11:33:44] Usuario: Juan Lopez (Rol: Administrador) Acción: Evento agregado para la fecha: 2024-12-10
[2025-07-04 11:33:44] Usuario: Juan Lopez (Rol: Administrador) Acción: Evento agregado para la fecha: 2024-12-20
[2025-07-04 11:33:44] Usuario: Juan Lopez (Rol: Administrador) Acción: Evento agregado para la fecha: 2024-10-27
[2025-07-04 11:33:44] Usuario: Juan Lopez (Rol: Administrador) Acción: Evento agregado para la fecha: 2024-11-30
[2025-07-04 11:33:44] Usuario: Juan Lopez (Rol: Administrador) Acción: Evento agregado para la fecha: 2024-10-25
[2025-07-04 11:33:44] Usuario: Juan Lopez (Rol: Administrador) Acción: Calendario para el mes: 2025-07 generado correctamente.
[2025-07-04 11:33:44] Usuario: Juan Lopez (Rol: Administrador) Acción: Evento agregado para la fecha: 2025-07-05
[2025-07-04 11:33:44] Usuario: Juan Lopez (Rol: Administrador) Acción: Calendario para el mes: 2025-07 generado correctamente.
[2025-07-04 11:33:44] Usuario: Juan Lopez (Rol: Administrador) Acción: Evento agregado para la fecha: 2025-07-18
[2025-07-04 11:33:44] Usuario: Juan Lopez (Rol: Administrador) Acción: Calendario para el mes: 2025-07 generado correctamente.
[2025-07-04 11:33:44] Usuario: Juan Lopez (Rol: Administrador) Acción: Calendario para el mes: 2025-07 generado correctamente.
[2025-07-04 11:33:44] Usuario: Juan Lopez (Rol: Administrador) Acción: Calendario inicializado para el mes: 2025-07
[2025-07-04 11:33:45] Usuario: Juan Lopez (Rol: Administrador) Acción: El usuario ha iniciado sesión.
[2025-07-04 11:33:46] Usuario: Juan Lopez (Rol: Administrador) Acción: Volviendo al menú principal.
[2025-07-04 11:33:51] Usuario: Juan Lopez (Rol: Administrador) Acción: Accedió a la sección de Pedidos
[2025-07-04 11:33:58] Usuario: Juan Lopez (Rol: Administrador) Acción: El usuario ha iniciado sesión.
[2025-07-04 11:35:57] Usuario: Juan Lopez (Rol: Administrador) Acción: El usuario ha iniciado sesión.
[2025-07-04 11:36:05] Usuario: Juan Lopez (Rol: Administrador) Acción: Accedió a la sección de Eventos
[2025-07-04 11:36:05] Usuario: Juan Lopez (Rol: Administrador) Acción: Evento agregado para la fecha: 2024-11-15
[2025-07-04 11:36:05] Usuario: Juan Lopez (Rol: Administrador) Acción: Evento agregado para la fecha: 2024-12-10
[2025-07-04 11:36:05] Usuario: Juan Lopez (Rol: Administrador) Acción: Evento agregado para la fecha: 2024-12-20
[2025-07-04 11:36:05] Usuario: Juan Lopez (Rol: Administrador) Acción: Evento agregado para la fecha: 2024-10-27
[2025-07-04 11:36:05] Usuario: Juan Lopez (Rol: Administrador) Acción: Evento agregado para la fecha: 2024-11-30
[2025-07-04 11:36:05] Usuario: Juan Lopez (Rol: Administrador) Acción: Evento agregado para la fecha: 2024-10-25
[2025-07-04 11:36:05] Usuario: Juan Lopez (Rol: Administrador) Acción: Calendario para el mes: 2025-07 generado correctamente.
[2025-07-04 11:36:05] Usuario: Juan Lopez (Rol: Administrador) Acción: Evento agregado para la fecha: 2025-07-05
[2025-07-04 11:36:05] Usuario: Juan Lopez (Rol: Administrador) Acción: Calendario para el mes: 2025-07 generado correctamente.
[2025-07-04 11:36:05] Usuario: Juan Lopez (Rol: Administrador) Acción: Evento agregado para la fecha: 2025-07-18
[2025-07-04 11:36:05] Usuario: Juan Lopez (Rol: Administrador) Acción: Calendario para el mes: 2025-07 generado correctamente.
[2025-07-04 11:36:05] Usuario: Juan Lopez (Rol: Administrador) Acción: Calendario para el mes: 2025-07 generado correctamente.
[2025-07-04 11:36:05] Usuario: Juan Lopez (Rol: Administrador) Acción: Calendario inicializado para el mes: 2025-07
[2025-07-04 11:36:06] Usuario: Juan Lopez (Rol: Administrador) Acción: El usuario ha iniciado sesión.
[2025-07-04 11:36:06] Usuario: Juan Lopez (Rol: Administrador) Acción: Volviendo al menú principal.
[2025-07-04 11:36:07] Usuario: Juan Lopez (Rol: Administrador) Acción: Accedió a la sección de Estadísticas
[2025-07-04 11:36:09] Usuario: Juan Lopez (Rol: Administrador) Acción: El usuario ha iniciado sesión.
[2025-07-04 11:49:54] Usuario: Juan Lopez (Rol: Administrador) Acción: El usuario ha iniciado sesión.
[2025-07-04 13:59:15] Usuario: Juan Lopez (Rol: Administrador) Acción: El usuario ha iniciado sesión.
[2025-07-04 13:59:19] Usuario: Juan Lopez (Rol: Administrador) Acción: El usuario accedió a la sección de Configuración
[2025-07-04 13:59:25] Usuario: Juan Lopez (Rol: Administrador) Acción: El usuario accedió a la pantalla de gestión de roles.
[2025-07-04 13:59:25] Usuario: Juan Lopez (Rol: Administrador) Acción: Roles cargados desde la base de datos: 3 roles disponibles.
[2025-07-04 13:59:25] Usuario: Juan Lopez (Rol: Administrador) Acción: No se seleccionó ningún rol. Los permisos han sido deshabilitados.
[2025-07-04 13:59:25] Usuario: Juan Lopez (Rol: Administrador) Acción: El usuario accedió a la ventana de control de roles y permisos para gestionar los privilegios de los usuarios.
[2025-07-04 14:04:04] Usuario: Juan Lopez (Rol: Administrador) Acción: El usuario ha iniciado sesión.
[2025-07-04 14:04:08] Usuario: Juan Lopez (Rol: Administrador) Acción: El usuario accedió a la sección de Configuración
[2025-07-04 14:04:11] Usuario: Juan Lopez (Rol: Administrador) Acción: El usuario abrió la ventana de acciones de usuario para visualizar las acciones.
[2025-07-04 14:04:11] Usuario: Juan Lopez (Rol: Administrador) Acción: El usuario abrió la ventana de gestión de clientes para administrar la información de los clientes.
[2025-07-04 14:04:13] Usuario: Juan Lopez (Rol: Administrador) Acción: El usuario abrió la ventana de acciones de usuario para visualizar las acciones.
[2025-07-04 14:04:14] Usuario: Juan Lopez (Rol: Administrador) Acción: El usuario abrió la ventana de gestión de clientes para administrar la información de los clientes.
[2025-07-04 14:10:52] Usuario: Juan Lopez (Rol: Administrador) Acción: El usuario ha iniciado sesión.
[2025-07-04 14:10:59] Usuario: Juan Lopez (Rol: Administrador) Acción: El usuario accedió a la sección de Configuración
[2025-07-04 14:11:06] Usuario: Juan Lopez (Rol: Administrador) Acción: El usuario accedió a la sección de Configuración
[2025-07-04 14:15:53] Usuario: Juan Lopez (Rol: Administrador) Acción: El usuario ha iniciado sesión.
[2025-07-04 14:15:57] Usuario: Juan Lopez (Rol: Administrador) Acción: El usuario accedió a la sección de Configuración
[2025-07-04 14:18:09] Usuario: Juan Lopez (Rol: Administrador) Acción: El usuario ha iniciado sesión.
[2025-07-04 14:18:12] Usuario: Juan Lopez (Rol: Administrador) Acción: El usuario accedió a la sección de Configuración
[2025-07-04 14:22:38] Usuario: Juan Lopez (Rol: Administrador) Acción: El usuario ha iniciado sesión.
[2025-07-04 14:22:41] Usuario: Juan Lopez (Rol: Administrador) Acción: El usuario accedió a la sección de Configuración
[2025-07-04 14:22:43] Usuario: Juan Lopez (Rol: Administrador) Acción: El usuario abrió la ventana de configuración de notificaciones.
[2025-07-04 14:22:47] Usuario: Juan Lopez (Rol: Administrador) Acción: El usuario abrió la ventana de acciones de usuario para visualizar las acciones.
[2025-07-04 14:22:48] Usuario: Juan Lopez (Rol: Administrador) Acción: El usuario abrió la ventana de gestión de clientes para administrar la información de los clientes.
[2025-07-04 14:22:50] Usuario: Juan Lopez (Rol: Administrador) Acción: El usuario abrió la ventana de gestión de insumos para supervisar y registrar los ingredientes en stock.
[2025-07-04 14:22:51] Usuario: Juan Lopez (Rol: Administrador) Acción: El usuario abrió la ventana de gestión de sabores para administrar los sabores disponibles en la pastelería.
[2025-07-04 14:22:52] Usuario: Juan Lopez (Rol: Administrador) Acción: El usuario abrió la ventana de configuración de notificaciones.
[2025-07-04 14:23:08] Usuario: Juan Lopez (Rol: Administrador) Acción: El usuario accedió a la pantalla de gestión de roles.
[2025-07-04 14:23:08] Usuario: Juan Lopez (Rol: Administrador) Acción: Roles cargados desde la base de datos: 3 roles disponibles.
[2025-07-04 14:23:08] Usuario: Juan Lopez (Rol: Administrador) Acción: No se seleccionó ningún rol. Los permisos han sido deshabilitados.
[2025-07-04 14:23:08] Usuario: Juan Lopez (Rol: Administrador) Acción: El usuario accedió a la ventana de control de roles y permisos para gestionar los privilegios de los usuarios.
[2025-07-04 14:23:08] Usuario: Juan Lopez (Rol: Administrador) Acción: El usuario abrió la ventana de gestión de sabores para administrar los sabores disponibles en la pastelería.
[2025-07-04 14:23:10] Usuario: Juan Lopez (Rol: Administrador) Acción: El usuario abrió la ventana de configuración de notificaciones.
[2025-07-04 14:23:12] Usuario: Juan Lopez (Rol: Administrador) Acción: El usuario abrió la ventana de acciones de usuario para visualizar las acciones.
[2025-07-04 14:23:13] Usuario: Juan Lopez (Rol: Administrador) Acción: El usuario abrió la ventana de gestión de clientes para administrar la información de los clientes.
[2025-07-04 14:25:04] Usuario: Juan Lopez (Rol: Administrador) Acción: El usuario ha iniciado sesión.
[2025-07-04 14:25:07] Usuario: Juan Lopez (Rol: Administrador) Acción: El usuario accedió a la sección de Configuración
[2025-07-04 14:25:10] Usuario: Juan Lopez (Rol: Administrador) Acción: El usuario abrió la ventana de configuración de notificaciones.
[2025-07-04 14:25:11] Usuario: Juan Lopez (Rol: Administrador) Acción: El usuario abrió la ventana de acciones de usuario para visualizar las acciones.
[2025-07-04 14:25:12] Usuario: Juan Lopez (Rol: Administrador) Acción: El usuario abrió la ventana de configuración de notificaciones.
[2025-07-04 14:25:12] Usuario: Juan Lopez (Rol: Administrador) Acción: El usuario abrió la ventana de acciones de usuario para visualizar las acciones.
[2025-07-04 14:25:13] Usuario: Juan Lopez (Rol: Administrador) Acción: El usuario abrió la ventana de gestión de clientes para administrar la información de los clientes.
[2025-07-04 14:25:15] Usuario: Juan Lopez (Rol: Administrador) Acción: El usuario abrió la ventana de configuración de notificaciones.
[2025-07-04 14:46:45] Usuario: Juan Lopez (Rol: Administrador) Acción: El usuario ha iniciado sesión.
[2025-07-04 14:46:48] Usuario: Juan Lopez (Rol: Administrador) Acción: El usuario accedió a la sección de Configuración
[2025-07-04 14:46:50] Usuario: Juan Lopez (Rol: Administrador) Acción: El usuario abrió la ventana de configuración de notificaciones.
[2025-07-04 14:48:44] Usuario: Juan Lopez (Rol: Administrador) Acción: El usuario ha iniciado sesión.
[2025-07-04 14:48:48] Usuario: Juan Lopez (Rol: Administrador) Acción: El usuario accedió a la sección de Configuración
[2025-07-04 14:48:50] Usuario: Juan Lopez (Rol: Administrador) Acción: El usuario abrió la ventana de configuración de notificaciones.
[2025-07-04 15:13:26] Usuario: Juan Lopez (Rol: Administrador) Acción: El usuario ha iniciado sesión.
[2025-07-04 15:13:29] Usuario: Juan Lopez (Rol: Administrador) Acción: El usuario accedió a la sección de Configuración
[2025-07-04 15:13:31] Usuario: Juan Lopez (Rol: Administrador) Acción: El usuario abrió la ventana de configuración de notificaciones.
[2025-07-04 15:13:32] Usuario: Juan Lopez (Rol: Administrador) Acción: El usuario abrió la ventana de acciones de usuario para visualizar las acciones.
[2025-07-04 15:13:34] Usuario: Juan Lopez (Rol: Administrador) Acción: El usuario abrió la ventana de gestión de clientes para administrar la información de los clientes.
[2025-07-04 15:13:35] Usuario: Juan Lopez (Rol: Administrador) Acción: El usuario abrió la ventana de gestión de insumos para supervisar y registrar los ingredientes en stock.
[2025-07-04 15:13:35] Usuario: Juan Lopez (Rol: Administrador) Acción: El usuario abrió la ventana de gestión de sabores para administrar los sabores disponibles en la pastelería.
[2025-07-04 15:13:36] Usuario: Juan Lopez (Rol: Administrador) Acción: El usuario accedió a la pantalla de gestión de roles.
[2025-07-04 15:13:36] Usuario: Juan Lopez (Rol: Administrador) Acción: Roles cargados desde la base de datos: 3 roles disponibles.
[2025-07-04 15:13:36] Usuario: Juan Lopez (Rol: Administrador) Acción: No se seleccionó ningún rol. Los permisos han sido deshabilitados.
[2025-07-04 15:13:36] Usuario: Juan Lopez (Rol: Administrador) Acción: El usuario accedió a la ventana de control de roles y permisos para gestionar los privilegios de los usuarios.
[2025-07-04 15:22:24] Usuario: Juan Lopez (Rol: Administrador) Acción: El usuario ha iniciado sesión.
[2025-07-04 15:22:28] Usuario: Juan Lopez (Rol: Administrador) Acción: El usuario accedió a la sección de Configuración
[2025-07-04 15:22:31] Usuario: Juan Lopez (Rol: Administrador) Acción: El usuario abrió la ventana de gestión de insumos para supervisar y registrar los ingredientes en stock.
[2025-07-04 15:22:32] Usuario: Juan Lopez (Rol: Administrador) Acción: El usuario abrió la ventana de gestión de sabores para administrar los sabores disponibles en la pastelería.
[2025-07-04 15:22:33] Usuario: Juan Lopez (Rol: Administrador) Acción: El usuario abrió la ventana de gestión de clientes para administrar la información de los clientes.
[2025-07-04 15:22:35] Usuario: Juan Lopez (Rol: Administrador) Acción: El usuario accedió a la pantalla de gestión de roles.
[2025-07-04 15:22:35] Usuario: Juan Lopez (Rol: Administrador) Acción: Roles cargados desde la base de datos: 3 roles disponibles.
[2025-07-04 15:22:35] Usuario: Juan Lopez (Rol: Administrador) Acción: No se seleccionó ningún rol. Los permisos han sido deshabilitados.
[2025-07-04 15:22:35] Usuario: Juan Lopez (Rol: Administrador) Acción: El usuario accedió a la ventana de control de roles y permisos para gestionar los privilegios de los usuarios.
[2025-07-04 15:22:40] Usuario: Juan Lopez (Rol: Administrador) Acción: El usuario abrió la ventana de gestión de insumos para supervisar y registrar los ingredientes en stock.
[2025-07-04 15:22:41] Usuario: Juan Lopez (Rol: Administrador) Acción: El usuario abrió la ventana de configuración de notificaciones.
[2025-07-04 15:22:42] Usuario: Juan Lopez (Rol: Administrador) Acción: El usuario abrió la ventana de acciones de usuario para visualizar las acciones.
[2025-07-04 15:22:45] Usuario: Juan Lopez (Rol: Administrador) Acción: El usuario abrió la ventana de configuración de notificaciones.
[2025-07-04 15:22:47] Usuario: Juan Lopez (Rol: Administrador) Acción: El usuario abrió la ventana de gestión de insumos para supervisar y registrar los ingredientes en stock.
[2025-07-04 15:22:47] Usuario: Juan Lopez (Rol: Administrador) Acción: El usuario abrió la ventana de gestión de sabores para administrar los sabores disponibles en la pastelería.
[2025-07-04 15:22:48] Usuario: Juan Lopez (Rol: Administrador) Acción: El usuario abrió la ventana de gestión de clientes para administrar la información de los clientes.
[2025-07-04 15:22:49] Usuario: Juan Lopez (Rol: Administrador) Acción: El usuario accedió a la pantalla de gestión de roles.
[2025-07-04 15:22:49] Usuario: Juan Lopez (Rol: Administrador) Acción: Roles cargados desde la base de datos: 3 roles disponibles.
[2025-07-04 15:22:49] Usuario: Juan Lopez (Rol: Administrador) Acción: No se seleccionó ningún rol. Los permisos han sido deshabilitados.
[2025-07-04 15:22:49] Usuario: Juan Lopez (Rol: Administrador) Acción: El usuario accedió a la ventana de control de roles y permisos para gestionar los privilegios de los usuarios.
[2025-07-04 15:22:53] Usuario: Juan Lopez (Rol: Administrador) Acción: El usuario ha iniciado sesión.
[2025-07-04 15:22:53] Usuario: Juan Lopez (Rol: Administrador) Acción: El usuario regresó al menú principal desde la vista de configuraciones.
[2025-07-04 15:25:23] Usuario: Juan Lopez (Rol: Administrador) Acción: El usuario accedió a la sección de Configuración
[2025-07-04 15:25:26] Usuario: Juan Lopez (Rol: Administrador) Acción: El usuario ha iniciado sesión.
[2025-07-04 15:25:26] Usuario: Juan Lopez (Rol: Administrador) Acción: El usuario regresó al menú principal desde la vista de configuraciones.
[2025-07-04 15:25:45] Usuario: Juan Lopez (Rol: Administrador) Acción: El usuario accedió a la sección de Configuración
[2025-07-04 15:25:48] Usuario: Juan Lopez (Rol: Administrador) Acción: El usuario abrió la ventana de configuración de notificaciones.
[2025-07-04 15:27:59] Usuario: Juan Lopez (Rol: Administrador) Acción: El usuario ha iniciado sesión.
[2025-07-04 15:28:03] Usuario: Juan Lopez (Rol: Administrador) Acción: El usuario accedió a la sección de Configuración
[2025-07-04 15:28:07] Usuario: Juan Lopez (Rol: Administrador) Acción: El usuario abrió la ventana de configuración de notificaciones.
[2025-07-04 15:32:08] Usuario: Juan Lopez (Rol: Administrador) Acción: El usuario ha iniciado sesión.
[2025-07-04 15:32:12] Usuario: Juan Lopez (Rol: Administrador) Acción: El usuario accedió a la sección de Configuración
[2025-07-04 15:32:15] Usuario: Juan Lopez (Rol: Administrador) Acción: El usuario abrió la ventana de configuración de notificaciones.
[2025-07-04 15:41:44] Usuario: Juan Lopez (Rol: Administrador) Acción: El usuario ha iniciado sesión.
[2025-07-04 15:41:47] Usuario: Juan Lopez (Rol: Administrador) Acción: El usuario accedió a la sección de Configuración
[2025-07-04 15:41:50] Usuario: Juan Lopez (Rol: Administrador) Acción: El usuario abrió la ventana de configuración de notificaciones.
[2025-07-04 15:41:52] Usuario: Juan Lopez (Rol: Administrador) Acción: El usuario accedió a la pantalla de gestión de roles.
[2025-07-04 15:41:53] Usuario: Juan Lopez (Rol: Administrador) Acción: Roles cargados desde la base de datos: 3 roles disponibles.
[2025-07-04 15:41:53] Usuario: Juan Lopez (Rol: Administrador) Acción: No se seleccionó ningún rol. Los permisos han sido deshabilitados.
[2025-07-04 15:41:53] Usuario: Juan Lopez (Rol: Administrador) Acción: El usuario accedió a la ventana de control de roles y permisos para gestionar los privilegios de los usuarios.
[2025-07-04 15:41:55] Usuario: Juan Lopez (Rol: Administrador) Acción: El usuario asignó el permiso Estadísticas-ver al rol: Cajera
[2025-07-04 15:41:55] Usuario: Juan Lopez (Rol: Administrador) Acción: El usuario asignó el permiso Eventos-ver al rol: Cajera
[2025-07-04 15:41:55] Usuario: Juan Lopez (Rol: Administrador) Acción: El usuario asignó el permiso Pedidos-ver al rol: Cajera
[2025-07-04 15:41:55] Usuario: Juan Lopez (Rol: Administrador) Acción: El usuario asignó el permiso Recetas-ver al rol: Cajera
[2025-07-04 15:41:55] Usuario: Juan Lopez (Rol: Administrador) Acción: El usuario asignó el permiso Productos-ver al rol: Cajera
[2025-07-04 15:41:55] Usuario: Juan Lopez (Rol: Administrador) Acción: El usuario asignó el permiso Proveedores-ver al rol: Cajera
[2025-07-04 15:41:56] Usuario: Juan Lopez (Rol: Administrador) Acción: El usuario asignó el permiso Stock-ver al rol: Cajera
[2025-07-04 15:41:56] Usuario: Juan Lopez (Rol: Administrador) Acción: El usuario asignó el permiso Agenda-ver al rol: Cajera
[2025-07-04 15:41:56] Usuario: Juan Lopez (Rol: Administrador) Acción: Se cargaron permisos para el rol: Cajera
[2025-07-04 15:41:57] Usuario: Juan Lopez (Rol: Administrador) Acción: El usuario revocó el permiso Agenda-ver al rol: Empleado
[2025-07-04 15:41:57] Usuario: Juan Lopez (Rol: Administrador) Acción: El usuario revocó el permiso Proveedores-ver al rol: Empleado
[2025-07-04 15:41:57] Usuario: Juan Lopez (Rol: Administrador) Acción: El usuario revocó el permiso Productos-ver al rol: Empleado
[2025-07-04 15:41:57] Usuario: Juan Lopez (Rol: Administrador) Acción: El usuario revocó el permiso Recetas-ver al rol: Empleado
[2025-07-04 15:41:57] Usuario: Juan Lopez (Rol: Administrador) Acción: El usuario revocó el permiso Stock-ver al rol: Empleado
[2025-07-04 15:41:57] Usuario: Juan Lopez (Rol: Administrador) Acción: El usuario revocó el permiso Pedidos-ver al rol: Empleado
[2025-07-04 15:41:58] Usuario: Juan Lopez (Rol: Administrador) Acción: El usuario revocó el permiso Eventos-ver al rol: Empleado
[2025-07-04 15:41:58] Usuario: Juan Lopez (Rol: Administrador) Acción: El usuario revocó el permiso Estadísticas-ver al rol: Empleado
[2025-07-04 15:41:58] Usuario: Juan Lopez (Rol: Administrador) Acción: El usuario asignó el permiso Settings-ver al rol: Empleado
[2025-07-04 15:41:58] Usuario: Juan Lopez (Rol: Administrador) Acción: El usuario asignó el permiso Sabores-ver al rol: Empleado
[2025-07-04 15:41:58] Usuario: Juan Lopez (Rol: Administrador) Acción: El usuario asignó el permiso Insumos-ver al rol: Empleado
[2025-07-04 15:41:58] Usuario: Juan Lopez (Rol: Administrador) Acción: Se cargaron permisos para el rol: Empleado
[2025-07-04 15:42:03] Usuario: Juan Lopez (Rol: Administrador) Acción: El usuario ha iniciado sesión.
[2025-07-04 15:42:04] Usuario: Juan Lopez (Rol: Administrador) Acción: El usuario regresó al menú principal desde la vista de configuraciones.
[2025-07-04 15:42:05] Usuario: Juan Lopez (Rol: Administrador) Acción: El usuario cerró sesión
[2025-07-04 15:42:22] Usuario: Lionel Messi (Rol: Empleado) Acción: El usuario ha iniciado sesión.
[2025-07-04 15:42:26] Usuario: Lionel Messi (Rol: Empleado) Acción: El usuario accedió a la sección de Configuración
[2025-07-04 15:42:29] Usuario: Lionel Messi (Rol: Empleado) Acción: El usuario abrió la ventana de configuración de notificaciones.
[2025-07-04 15:42:31] Usuario: Lionel Messi (Rol: Empleado) Acción: El usuario abrió la ventana de gestión de insumos para supervisar y registrar los ingredientes en stock.
[2025-07-04 15:42:31] Usuario: Lionel Messi (Rol: Empleado) Acción: El usuario abrió la ventana de gestión de sabores para administrar los sabores disponibles en la pastelería.
[2025-07-04 15:42:32] Usuario: Lionel Messi (Rol: Empleado) Acción: El usuario abrió la ventana de gestión de insumos para supervisar y registrar los ingredientes en stock.
[2025-07-04 15:42:33] Usuario: Lionel Messi (Rol: Empleado) Acción: El usuario abrió la ventana de configuración de notificaciones.
[2025-07-04 15:44:09] Usuario: Lionel Messi (Rol: Empleado) Acción: El usuario ha iniciado sesión.
[2025-07-04 15:44:12] Usuario: Lionel Messi (Rol: Empleado) Acción: El usuario accedió a la sección de Configuración
[2025-07-04 16:25:08] Usuario: Lionel Messi (Rol: Empleado) Acción: El usuario ha iniciado sesión.
[2025-07-04 16:25:08] Usuario: Lionel Messi (Rol: Empleado) Acción: El usuario regresó al menú principal desde la vista de configuraciones.
[2025-07-04 16:25:23] Usuario: Lionel Messi (Rol: Empleado) Acción: El usuario accedió a la sección de Configuración
[2025-07-04 16:25:27] Usuario: Lionel Messi (Rol: Empleado) Acción: El usuario abrió la ventana de gestión de sabores para administrar los sabores disponibles en la pastelería.
[2025-07-04 16:25:30] Usuario: Lionel Messi (Rol: Empleado) Acción: El usuario abrió la ventana de gestión de insumos para supervisar y registrar los ingredientes en stock.
[2025-07-04 16:25:32] Usuario: Lionel Messi (Rol: Empleado) Acción: El usuario ha iniciado sesión.
[2025-07-04 16:25:32] Usuario: Lionel Messi (Rol: Empleado) Acción: El usuario regresó al menú principal desde la vista de configuraciones.
[2025-07-04 16:34:28] Usuario: Juan Lopez (Rol: Administrador) Acción: El usuario ha iniciado sesión.
[2025-07-04 16:34:32] Usuario: Juan Lopez (Rol: Administrador) Acción: El usuario accedió a la sección de Ayuda
[2025-07-04 16:34:36] Usuario: Juan Lopez (Rol: Administrador) Acción: El usuario regresó al menú principal desde la pantalla de Ayuda.
[2025-07-04 16:34:36] Usuario: Juan Lopez (Rol: Administrador) Acción: El usuario ha iniciado sesión.
[2025-07-04 16:34:38] Usuario: Juan Lopez (Rol: Administrador) Acción: Accedió a la sección de Recetas
[2025-07-04 16:34:51] Usuario: Juan Lopez (Rol: Administrador) Acción: El usuario regresó al menú principal desde la pantalla de gestión de recetas.
[2025-07-04 16:34:51] Usuario: Juan Lopez (Rol: Administrador) Acción: El usuario ha iniciado sesión.
[2025-07-04 16:35:34] Usuario: Juan Lopez (Rol: Administrador) Acción: El usuario ha iniciado sesión.
[2025-07-04 16:35:37] Usuario: Juan Lopez (Rol: Administrador) Acción: Accedió a la sección de Recetas
[2025-07-04 16:35:45] Usuario: Juan Lopez (Rol: Administrador) Acción: El usuario regresó al menú principal desde la pantalla de gestión de recetas.
[2025-07-04 16:35:45] Usuario: Juan Lopez (Rol: Administrador) Acción: El usuario ha iniciado sesión.
[2025-07-04 16:35:48] Usuario: Juan Lopez (Rol: Administrador) Acción: Accedió a la sección de Eventos
[2025-07-04 16:35:48] Usuario: Juan Lopez (Rol: Administrador) Acción: Evento agregado para la fecha: 2024-11-15
[2025-07-04 16:35:48] Usuario: Juan Lopez (Rol: Administrador) Acción: Evento agregado para la fecha: 2024-12-10
[2025-07-04 16:35:48] Usuario: Juan Lopez (Rol: Administrador) Acción: Evento agregado para la fecha: 2024-12-20
[2025-07-04 16:35:48] Usuario: Juan Lopez (Rol: Administrador) Acción: Evento agregado para la fecha: 2024-10-27
[2025-07-04 16:35:48] Usuario: Juan Lopez (Rol: Administrador) Acción: Evento agregado para la fecha: 2024-11-30
[2025-07-04 16:35:48] Usuario: Juan Lopez (Rol: Administrador) Acción: Evento agregado para la fecha: 2024-10-25
[2025-07-04 16:35:48] Usuario: Juan Lopez (Rol: Administrador) Acción: Calendario para el mes: 2025-07 generado correctamente.
[2025-07-04 16:35:48] Usuario: Juan Lopez (Rol: Administrador) Acción: Evento agregado para la fecha: 2025-07-05
[2025-07-04 16:35:48] Usuario: Juan Lopez (Rol: Administrador) Acción: Calendario para el mes: 2025-07 generado correctamente.
[2025-07-04 16:35:48] Usuario: Juan Lopez (Rol: Administrador) Acción: Evento agregado para la fecha: 2025-07-18
[2025-07-04 16:35:48] Usuario: Juan Lopez (Rol: Administrador) Acción: Calendario para el mes: 2025-07 generado correctamente.
[2025-07-04 16:35:48] Usuario: Juan Lopez (Rol: Administrador) Acción: Calendario para el mes: 2025-07 generado correctamente.
[2025-07-04 16:35:48] Usuario: Juan Lopez (Rol: Administrador) Acción: Calendario inicializado para el mes: 2025-07
[2025-07-04 16:36:02] Usuario: Juan Lopez (Rol: Administrador) Acción: El usuario ha iniciado sesión.
[2025-07-04 16:36:02] Usuario: Juan Lopez (Rol: Administrador) Acción: Volviendo al menú principal.
[2025-07-04 16:36:18] Usuario: Juan Lopez (Rol: Administrador) Acción: Accedió a la sección de Pedidos
[2025-07-04 16:36:34] Usuario: Juan Lopez (Rol: Administrador) Acción: El usuario ha iniciado sesión.
[2025-07-04 16:36:35] Usuario: Juan Lopez (Rol: Administrador) Acción: Accedió a la sección de Stock
[2025-07-04 16:36:37] Usuario: Juan Lopez (Rol: Administrador) Acción: El usuario ha iniciado sesión.
[2025-07-04 16:36:37] Usuario: Juan Lopez (Rol: Administrador) Acción: El usuario regresó al menú principal desde la pantalla de gestión de insumos.
[2025-07-04 16:36:38] Usuario: Juan Lopez (Rol: Administrador) Acción: Accedió a la sección de Agenda
[2025-07-04 16:36:41] Usuario: Juan Lopez (Rol: Administrador) Acción: El usuario ha iniciado sesión.
[2025-07-04 16:36:42] Usuario: Juan Lopez (Rol: Administrador) Acción: Accedió a la sección de Recetas
[2025-07-04 16:38:43] Usuario: Juan Lopez (Rol: Administrador) Acción: El usuario ha iniciado sesión.
[2025-07-04 16:38:54] Usuario: Juan Lopez (Rol: Administrador) Acción: Accedió a la sección de Estadísticas
[2025-07-04 16:38:58] Usuario: Juan Lopez (Rol: Administrador) Acción: El usuario ha iniciado sesión.
[2025-07-04 16:38:59] Usuario: Juan Lopez (Rol: Administrador) Acción: Accedió a la sección de Recetas
[2025-07-04 16:39:01] Usuario: Juan Lopez (Rol: Administrador) Acción: El usuario regresó al menú principal desde la pantalla de gestión de recetas.
[2025-07-04 16:39:01] Usuario: Juan Lopez (Rol: Administrador) Acción: El usuario ha iniciado sesión.
[2025-07-04 16:39:02] Usuario: Juan Lopez (Rol: Administrador) Acción: Accedió a la sección de Proveedores
[2025-07-04 16:39:05] Usuario: Juan Lopez (Rol: Administrador) Acción: El usuario ha iniciado sesión.
[2025-07-04 16:39:05] Usuario: Juan Lopez (Rol: Administrador) Acción: Volviendo al menú principal.
[2025-07-04 16:39:06] Usuario: Juan Lopez (Rol: Administrador) Acción: Accedió a la sección de Agenda
[2025-07-04 16:39:08] Usuario: Juan Lopez (Rol: Administrador) Acción: El usuario ha iniciado sesión.
[2025-07-04 16:39:09] Usuario: Juan Lopez (Rol: Administrador) Acción: Accedió a la sección de Stock
[2025-07-04 16:39:12] Usuario: Juan Lopez (Rol: Administrador) Acción: El usuario ha iniciado sesión.
[2025-07-04 16:39:12] Usuario: Juan Lopez (Rol: Administrador) Acción: El usuario regresó al menú principal desde la pantalla de gestión de insumos.
[2025-07-04 16:39:15] Usuario: Juan Lopez (Rol: Administrador) Acción: Accedió a la sección de Productos
[2025-07-04 16:39:17] Usuario: Juan Lopez (Rol: Administrador) Acción: El usuario ha iniciado sesión.
[2025-07-04 16:39:17] Usuario: Juan Lopez (Rol: Administrador) Acción: El usuario regresó al menú principal desde la pantalla de Productos.
[2025-07-04 19:45:16] Usuario: Juan Lopez (Rol: Administrador) Acción: El usuario ha iniciado sesión.
[2025-07-04 19:45:19] Usuario: Juan Lopez (Rol: Administrador) Acción: Accedió a la sección de Pedidos
[2025-07-04 19:45:56] Usuario: Juan Lopez (Rol: Administrador) Acción: Pedido modificado: DNI Cliente = Pedido(numeroPedido=2, cliente=Cliente(dni=44280200, nombre=Martín, apellido=Schonberger, telefono=3751366634, direccion=Junin 2462 3B, correo=mschonberger11@gmail.com), empleadoAsignado=Julieta Ibaez, formaEntrega=Retira del local, fechaEntrega=2025-07-04, estadoPedido=Sin empezar, descripcion=1 Mousse de Limón
3 Tarta de Fresa
, totalPedido=67.75)
