[2025-07-06 13:03:29] Usuario: Juan Lopez (Rol: Administrador) Acción: El usuario ha iniciado sesión.
[2025-07-06 13:03:35] Usuario: Juan Lopez (Rol: Administrador) Acción: El usuario accedió a la sección de Configuración
[2025-07-06 13:03:39] Usuario: Juan Lopez (Rol: Administrador) Acción: El usuario abrió la ventana de configuración de notificaciones.
[2025-07-06 13:03:44] Usuario: Juan Lopez (Rol: Administrador) Acción: El usuario accedió a la pantalla de gestión de roles.
[2025-07-06 13:03:44] Usuario: Juan Lopez (Rol: Administrador) Acción: Roles cargados desde la base de datos: 3 roles disponibles.
[2025-07-06 13:03:44] Usuario: Juan Lopez (Rol: Administrador) Acción: No se seleccionó ningún rol. Los permisos han sido deshabilitados.
[2025-07-06 13:03:44] Usuario: Juan Lopez (Rol: Administrador) Acción: El usuario accedió a la ventana de control de roles y permisos para gestionar los privilegios de los usuarios.
[2025-07-06 13:03:49] Usuario: Juan Lopez (Rol: Administrador) Acción: El usuario abrió la ventana de gestión de clientes para administrar la información de los clientes.
[2025-07-06 13:03:51] Usuario: Juan Lopez (Rol: Administrador) Acción: El usuario abrió la ventana de gestión de sabores para administrar los sabores disponibles en la pastelería.
[2025-07-06 13:03:53] Usuario: Juan Lopez (Rol: Administrador) Acción: El usuario abrió la ventana de gestión de insumos para supervisar y registrar los ingredientes en stock.
[2025-07-06 13:03:54] Usuario: Juan Lopez (Rol: Administrador) Acción: El usuario abrió la ventana de configuración de notificaciones.
[2025-07-06 13:03:55] Usuario: Juan Lopez (Rol: Administrador) Acción: El usuario abrió la ventana de gestión de sabores para administrar los sabores disponibles en la pastelería.
[2025-07-06 13:03:56] Usuario: Juan Lopez (Rol: Administrador) Acción: El usuario abrió la ventana de gestión de clientes para administrar la información de los clientes.
[2025-07-06 13:03:57] Usuario: Juan Lopez (Rol: Administrador) Acción: El usuario accedió a la pantalla de gestión de roles.
[2025-07-06 13:03:57] Usuario: Juan Lopez (Rol: Administrador) Acción: Roles cargados desde la base de datos: 3 roles disponibles.
[2025-07-06 13:03:57] Usuario: Juan Lopez (Rol: Administrador) Acción: No se seleccionó ningún rol. Los permisos han sido deshabilitados.
[2025-07-06 13:03:57] Usuario: Juan Lopez (Rol: Administrador) Acción: El usuario accedió a la ventana de control de roles y permisos para gestionar los privilegios de los usuarios.
[2025-07-06 13:04:00] Usuario: Juan Lopez (Rol: Administrador) Acción: El usuario accedió a la pantalla de gestión de roles.
[2025-07-06 13:04:00] Usuario: Juan Lopez (Rol: Administrador) Acción: Roles cargados desde la base de datos: 3 roles disponibles.
[2025-07-06 13:04:00] Usuario: Juan Lopez (Rol: Administrador) Acción: No se seleccionó ningún rol. Los permisos han sido deshabilitados.
[2025-07-06 13:04:00] Usuario: Juan Lopez (Rol: Administrador) Acción: El usuario accedió a la ventana de control de roles y permisos para gestionar los privilegios de los usuarios.
[2025-07-06 13:04:02] Usuario: Juan Lopez (Rol: Administrador) Acción: El usuario accedió a la pantalla de gestión de roles.
[2025-07-06 13:04:02] Usuario: Juan Lopez (Rol: Administrador) Acción: Roles cargados desde la base de datos: 3 roles disponibles.
[2025-07-06 13:04:02] Usuario: Juan Lopez (Rol: Administrador) Acción: No se seleccionó ningún rol. Los permisos han sido deshabilitados.
[2025-07-06 13:04:02] Usuario: Juan Lopez (Rol: Administrador) Acción: El usuario accedió a la ventana de control de roles y permisos para gestionar los privilegios de los usuarios.
[2025-07-06 13:04:04] Usuario: Juan Lopez (Rol: Administrador) Acción: El usuario accedió a la pantalla de gestión de roles.
[2025-07-06 13:04:04] Usuario: Juan Lopez (Rol: Administrador) Acción: Roles cargados desde la base de datos: 3 roles disponibles.
[2025-07-06 13:04:04] Usuario: Juan Lopez (Rol: Administrador) Acción: No se seleccionó ningún rol. Los permisos han sido deshabilitados.
[2025-07-06 13:04:04] Usuario: Juan Lopez (Rol: Administrador) Acción: El usuario accedió a la ventana de control de roles y permisos para gestionar los privilegios de los usuarios.
[2025-07-06 13:04:21] Usuario: Juan Lopez (Rol: Administrador) Acción: El usuario abrió la ventana de gestión de clientes para administrar la información de los clientes.
[2025-07-06 13:04:22] Usuario: Juan Lopez (Rol: Administrador) Acción: El usuario accedió a la pantalla de gestión de roles.
[2025-07-06 13:04:22] Usuario: Juan Lopez (Rol: Administrador) Acción: Roles cargados desde la base de datos: 3 roles disponibles.
[2025-07-06 13:04:22] Usuario: Juan Lopez (Rol: Administrador) Acción: No se seleccionó ningún rol. Los permisos han sido deshabilitados.
[2025-07-06 13:04:22] Usuario: Juan Lopez (Rol: Administrador) Acción: El usuario accedió a la ventana de control de roles y permisos para gestionar los privilegios de los usuarios.
[2025-07-06 13:04:56] Usuario: Juan Lopez (Rol: Administrador) Acción: El usuario abrió la ventana de gestión de clientes para administrar la información de los clientes.
[2025-07-06 13:04:57] Usuario: Juan Lopez (Rol: Administrador) Acción: El usuario accedió a la pantalla de gestión de roles.
[2025-07-06 13:04:57] Usuario: Juan Lopez (Rol: Administrador) Acción: Roles cargados desde la base de datos: 3 roles disponibles.
[2025-07-06 13:04:57] Usuario: Juan Lopez (Rol: Administrador) Acción: No se seleccionó ningún rol. Los permisos han sido deshabilitados.
[2025-07-06 13:04:57] Usuario: Juan Lopez (Rol: Administrador) Acción: El usuario accedió a la ventana de control de roles y permisos para gestionar los privilegios de los usuarios.
[2025-07-06 13:04:58] Usuario: Juan Lopez (Rol: Administrador) Acción: El usuario abrió la ventana de gestión de clientes para administrar la información de los clientes.
[2025-07-06 13:11:08] Usuario: Juan Lopez (Rol: Administrador) Acción: El usuario ha iniciado sesión.
[2025-07-06 13:11:36] Usuario: Juan Lopez (Rol: Administrador) Acción: El usuario accedió a la sección de Configuración
[2025-07-06 13:11:43] Usuario: Juan Lopez (Rol: Administrador) Acción: El usuario accedió a la pantalla de gestión de roles.
[2025-07-06 13:11:43] Usuario: Juan Lopez (Rol: Administrador) Acción: Roles cargados desde la base de datos: 3 roles disponibles.
[2025-07-06 13:11:43] Usuario: Juan Lopez (Rol: Administrador) Acción: No se seleccionó ningún rol. Los permisos han sido deshabilitados.
[2025-07-06 13:11:43] Usuario: Juan Lopez (Rol: Administrador) Acción: El usuario accedió a la ventana de control de roles y permisos para gestionar los privilegios de los usuarios.
[2025-07-06 13:11:46] Usuario: Juan Lopez (Rol: Administrador) Acción: Se activaron todos los permisos para el rol Administrador.
[2025-07-06 13:11:47] Usuario: Juan Lopez (Rol: Administrador) Acción: El usuario revocó el permiso Agenda-todos al rol: Cajera
[2025-07-06 13:11:47] Usuario: Juan Lopez (Rol: Administrador) Acción: El usuario revocó el permiso Agenda-crear al rol: Cajera
[2025-07-06 13:11:47] Usuario: Juan Lopez (Rol: Administrador) Acción: El usuario revocó el permiso Stock-todos al rol: Cajera
[2025-07-06 13:11:47] Usuario: Juan Lopez (Rol: Administrador) Acción: El usuario revocó el permiso Stock-modificar al rol: Cajera
[2025-07-06 13:11:47] Usuario: Juan Lopez (Rol: Administrador) Acción: El usuario revocó el permiso Agenda-ver al rol: Cajera
[2025-07-06 13:11:47] Usuario: Juan Lopez (Rol: Administrador) Acción: El usuario revocó el permiso Productos-todos al rol: Cajera
[2025-07-06 13:11:47] Usuario: Juan Lopez (Rol: Administrador) Acción: El usuario revocó el permiso Productos-eliminar al rol: Cajera
[2025-07-06 13:11:47] Usuario: Juan Lopez (Rol: Administrador) Acción: El usuario revocó el permiso Config. Empleados-todos al rol: Cajera
[2025-07-06 13:11:47] Usuario: Juan Lopez (Rol: Administrador) Acción: El usuario revocó el permiso Config. Empleados-modificar al rol: Cajera
[2025-07-06 13:11:47] Usuario: Juan Lopez (Rol: Administrador) Acción: El usuario revocó el permiso Settings-ver al rol: Cajera
[2025-07-06 13:11:47] Usuario: Juan Lopez (Rol: Administrador) Acción: El usuario revocó el permiso Config. Empleados-ver al rol: Cajera
[2025-07-06 13:11:47] Usuario: Juan Lopez (Rol: Administrador) Acción: El usuario revocó el permiso Productos-modificar al rol: Cajera
[2025-07-06 13:11:47] Usuario: Juan Lopez (Rol: Administrador) Acción: El usuario revocó el permiso Pedidos-todos al rol: Cajera
[2025-07-06 13:11:47] Usuario: Juan Lopez (Rol: Administrador) Acción: El usuario revocó el permiso Pedidos-eliminar al rol: Cajera
[2025-07-06 13:11:47] Usuario: Juan Lopez (Rol: Administrador) Acción: El usuario revocó el permiso Pedidos-crear al rol: Cajera
[2025-07-06 13:11:47] Usuario: Juan Lopez (Rol: Administrador) Acción: El usuario revocó el permiso Insumos-todos al rol: Cajera
[2025-07-06 13:11:47] Usuario: Juan Lopez (Rol: Administrador) Acción: El usuario revocó el permiso Insumos-modificar al rol: Cajera
[2025-07-06 13:11:47] Usuario: Juan Lopez (Rol: Administrador) Acción: El usuario revocó el permiso Recetas-todos al rol: Cajera
[2025-07-06 13:11:47] Usuario: Juan Lopez (Rol: Administrador) Acción: El usuario revocó el permiso Recetas-eliminar al rol: Cajera
[2025-07-06 13:11:47] Usuario: Juan Lopez (Rol: Administrador) Acción: El usuario revocó el permiso Estadísticas-todos al rol: Cajera
[2025-07-06 13:11:47] Usuario: Juan Lopez (Rol: Administrador) Acción: El usuario revocó el permiso Proveedores-todos al rol: Cajera
[2025-07-06 13:11:48] Usuario: Juan Lopez (Rol: Administrador) Acción: El usuario revocó el permiso Proveedores-ver al rol: Cajera
[2025-07-06 13:11:48] Usuario: Juan Lopez (Rol: Administrador) Acción: El usuario revocó el permiso Clientes-todos al rol: Cajera
[2025-07-06 13:11:48] Usuario: Juan Lopez (Rol: Administrador) Acción: El usuario revocó el permiso Clientes-modificar al rol: Cajera
[2025-07-06 13:11:48] Usuario: Juan Lopez (Rol: Administrador) Acción: El usuario revocó el permiso Productos-ver al rol: Cajera
[2025-07-06 13:11:48] Usuario: Juan Lopez (Rol: Administrador) Acción: El usuario revocó el permiso Proveedores-eliminar al rol: Cajera
[2025-07-06 13:11:48] Usuario: Juan Lopez (Rol: Administrador) Acción: El usuario revocó el permiso Clientes-crear al rol: Cajera
[2025-07-06 13:11:48] Usuario: Juan Lopez (Rol: Administrador) Acción: El usuario revocó el permiso Eventos-todos al rol: Cajera
[2025-07-06 13:11:48] Usuario: Juan Lopez (Rol: Administrador) Acción: El usuario revocó el permiso Eventos-modificar al rol: Cajera
[2025-07-06 13:11:48] Usuario: Juan Lopez (Rol: Administrador) Acción: El usuario revocó el permiso Eventos-crear al rol: Cajera
[2025-07-06 13:11:48] Usuario: Juan Lopez (Rol: Administrador) Acción: El usuario revocó el permiso Stock-crear al rol: Cajera
[2025-07-06 13:11:48] Usuario: Juan Lopez (Rol: Administrador) Acción: El usuario revocó el permiso Recetas-ver al rol: Cajera
[2025-07-06 13:11:48] Usuario: Juan Lopez (Rol: Administrador) Acción: El usuario revocó el permiso Notificaciones-ver al rol: Cajera
[2025-07-06 13:11:48] Usuario: Juan Lopez (Rol: Administrador) Acción: El usuario revocó el permiso Stock-ver al rol: Cajera
[2025-07-06 13:11:48] Usuario: Juan Lopez (Rol: Administrador) Acción: El usuario revocó el permiso Sabores-todos al rol: Cajera
[2025-07-06 13:11:48] Usuario: Juan Lopez (Rol: Administrador) Acción: El usuario revocó el permiso Sabores-eliminar al rol: Cajera
[2025-07-06 13:11:48] Usuario: Juan Lopez (Rol: Administrador) Acción: El usuario revocó el permiso Sabores-ver al rol: Cajera
[2025-07-06 13:11:48] Usuario: Juan Lopez (Rol: Administrador) Acción: El usuario revocó el permiso Pedidos-ver al rol: Cajera
[2025-07-06 13:11:48] Usuario: Juan Lopez (Rol: Administrador) Acción: El usuario revocó el permiso Agenda-modificar al rol: Cajera
[2025-07-06 13:11:48] Usuario: Juan Lopez (Rol: Administrador) Acción: El usuario revocó el permiso Clientes-eliminar al rol: Cajera
[2025-07-06 13:11:48] Usuario: Juan Lopez (Rol: Administrador) Acción: El usuario revocó el permiso Insumos-eliminar al rol: Cajera
[2025-07-06 13:11:48] Usuario: Juan Lopez (Rol: Administrador) Acción: El usuario revocó el permiso Estadísticas-modificar al rol: Cajera
[2025-07-06 13:11:48] Usuario: Juan Lopez (Rol: Administrador) Acción: El usuario revocó el permiso Eventos-ver al rol: Cajera
[2025-07-06 13:11:48] Usuario: Juan Lopez (Rol: Administrador) Acción: El usuario revocó el permiso Pedidos-modificar al rol: Cajera
[2025-07-06 13:11:48] Usuario: Juan Lopez (Rol: Administrador) Acción: El usuario revocó el permiso Productos-crear al rol: Cajera
[2025-07-06 13:11:48] Usuario: Juan Lopez (Rol: Administrador) Acción: El usuario revocó el permiso Stock-eliminar al rol: Cajera
[2025-07-06 13:11:48] Usuario: Juan Lopez (Rol: Administrador) Acción: El usuario revocó el permiso Agenda-eliminar al rol: Cajera
[2025-07-06 13:11:48] Usuario: Juan Lopez (Rol: Administrador) Acción: El usuario revocó el permiso Clientes-ver al rol: Cajera
[2025-07-06 13:11:48] Usuario: Juan Lopez (Rol: Administrador) Acción: El usuario revocó el permiso Sabores-crear al rol: Cajera
[2025-07-06 13:11:48] Usuario: Juan Lopez (Rol: Administrador) Acción: El usuario revocó el permiso Config. Empleados-eliminar al rol: Cajera
[2025-07-06 13:11:48] Usuario: Juan Lopez (Rol: Administrador) Acción: El usuario revocó el permiso Recetas-crear al rol: Cajera
[2025-07-06 13:11:48] Usuario: Juan Lopez (Rol: Administrador) Acción: El usuario revocó el permiso Insumos-crear al rol: Cajera
[2025-07-06 13:11:48] Usuario: Juan Lopez (Rol: Administrador) Acción: El usuario revocó el permiso Sabores-modificar al rol: Cajera
[2025-07-06 13:11:48] Usuario: Juan Lopez (Rol: Administrador) Acción: El usuario revocó el permiso Insumos-ver al rol: Cajera
[2025-07-06 13:11:48] Usuario: Juan Lopez (Rol: Administrador) Acción: El usuario revocó el permiso Estadísticas-crear al rol: Cajera
[2025-07-06 13:11:48] Usuario: Juan Lopez (Rol: Administrador) Acción: El usuario revocó el permiso Config. Empleados-crear al rol: Cajera
[2025-07-06 13:11:48] Usuario: Juan Lopez (Rol: Administrador) Acción: El usuario revocó el permiso Proveedores-crear al rol: Cajera
[2025-07-06 13:11:48] Usuario: Juan Lopez (Rol: Administrador) Acción: El usuario revocó el permiso Estadísticas-eliminar al rol: Cajera
[2025-07-06 13:11:48] Usuario: Juan Lopez (Rol: Administrador) Acción: El usuario revocó el permiso Eventos-eliminar al rol: Cajera
[2025-07-06 13:11:48] Usuario: Juan Lopez (Rol: Administrador) Acción: El usuario revocó el permiso Recetas-modificar al rol: Cajera
[2025-07-06 13:11:48] Usuario: Juan Lopez (Rol: Administrador) Acción: El usuario revocó el permiso Proveedores-modificar al rol: Cajera
[2025-07-06 13:11:48] Usuario: Juan Lopez (Rol: Administrador) Acción: El usuario revocó el permiso Estadísticas-ver al rol: Cajera
[2025-07-06 13:11:48] Usuario: Juan Lopez (Rol: Administrador) Acción: Se cargaron permisos para el rol: Cajera
[2025-07-06 13:11:54] Usuario: Juan Lopez (Rol: Administrador) Acción: El usuario asignó el permiso Settings-ver al rol: Empleado
[2025-07-06 13:11:54] Usuario: Juan Lopez (Rol: Administrador) Acción: El usuario asignó el permiso Sabores-ver al rol: Empleado
[2025-07-06 13:11:54] Usuario: Juan Lopez (Rol: Administrador) Acción: El usuario asignó el permiso Insumos-ver al rol: Empleado
[2025-07-06 13:11:54] Usuario: Juan Lopez (Rol: Administrador) Acción: Se cargaron permisos para el rol: Empleado
[2025-07-06 13:11:57] Usuario: Juan Lopez (Rol: Administrador) Acción: El usuario revocó el permiso Insumos-ver al rol: Empleado
[2025-07-06 13:11:59] Usuario: Juan Lopez (Rol: Administrador) Acción: El usuario asignó el permiso Insumos-ver al rol: Empleado
[2025-07-06 13:12:13] Usuario: Juan Lopez (Rol: Administrador) Acción: El usuario abrió la ventana de gestión de insumos para supervisar y registrar los ingredientes en stock.
[2025-07-06 13:12:15] Usuario: Juan Lopez (Rol: Administrador) Acción: El usuario abrió la ventana de gestión de sabores para administrar los sabores disponibles en la pastelería.
[2025-07-06 13:12:16] Usuario: Juan Lopez (Rol: Administrador) Acción: El usuario abrió la ventana de gestión de clientes para administrar la información de los clientes.
[2025-07-06 13:12:18] Usuario: Juan Lopez (Rol: Administrador) Acción: El usuario accedió a la pantalla de gestión de roles.
[2025-07-06 13:12:18] Usuario: Juan Lopez (Rol: Administrador) Acción: Roles cargados desde la base de datos: 3 roles disponibles.
[2025-07-06 13:12:18] Usuario: Juan Lopez (Rol: Administrador) Acción: No se seleccionó ningún rol. Los permisos han sido deshabilitados.
[2025-07-06 13:12:18] Usuario: Juan Lopez (Rol: Administrador) Acción: El usuario accedió a la ventana de control de roles y permisos para gestionar los privilegios de los usuarios.
[2025-07-06 13:12:21] Usuario: Juan Lopez (Rol: Administrador) Acción: El usuario abrió la ventana de configuración de notificaciones.
[2025-07-06 13:12:22] Usuario: Juan Lopez (Rol: Administrador) Acción: El usuario abrió la ventana de acciones de usuario para visualizar las acciones.
[2025-07-06 13:12:23] Usuario: Juan Lopez (Rol: Administrador) Acción: El usuario abrió la ventana de configuración de notificaciones.
[2025-07-06 13:12:24] Usuario: Juan Lopez (Rol: Administrador) Acción: El usuario abrió la ventana de acciones de usuario para visualizar las acciones.
[2025-07-06 13:13:29] Usuario: Juan Lopez (Rol: Administrador) Acción: El usuario ha iniciado sesión.
[2025-07-06 13:13:29] Usuario: Juan Lopez (Rol: Administrador) Acción: El usuario regresó al menú principal desde la vista de configuraciones.
[2025-07-06 13:13:33] Usuario: Juan Lopez (Rol: Administrador) Acción: Accedió a la sección de Pedidos
[2025-07-06 13:14:04] Usuario: Juan Lopez (Rol: Administrador) Acción: El usuario ha iniciado sesión.
[2025-07-06 13:14:05] Usuario: Juan Lopez (Rol: Administrador) Acción: Accedió a la sección de Pedidos
[2025-07-06 13:14:56] Usuario: Juan Lopez (Rol: Administrador) Acción: El usuario ha iniciado sesión.
[2025-07-06 13:14:57] Usuario: Juan Lopez (Rol: Administrador) Acción: Accedió a la sección de Pedidos
[2025-07-06 13:15:37] Usuario: Juan Lopez (Rol: Administrador) Acción: Catálogo abierto correctamente.
[2025-07-06 13:15:39] Usuario: Juan Lopez (Rol: Administrador) Acción: Pedido creado: Martín con productos: [Pastel de Chocolate, Trufas de Chocolate]
[2025-07-06 13:15:39] Usuario: Juan Lopez (Rol: Administrador) Acción: Pedido creado: Martín con productos: [Pastel de Chocolate, Trufas de Chocolate]
[2025-07-06 13:15:43] Usuario: Juan Lopez (Rol: Administrador) Acción: El usuario ha iniciado sesión.
[2025-07-06 13:15:44] Usuario: Juan Lopez (Rol: Administrador) Acción: Accedió a la sección de Pedidos
[2025-07-06 13:23:13] Usuario: Juan Lopez (Rol: Administrador) Acción: El usuario ha iniciado sesión.
[2025-07-06 13:23:20] Usuario: Juan Lopez (Rol: Administrador) Acción: El usuario accedió a la sección de Configuración
[2025-07-06 13:23:22] Usuario: Juan Lopez (Rol: Administrador) Acción: El usuario ha iniciado sesión.
[2025-07-06 13:23:22] Usuario: Juan Lopez (Rol: Administrador) Acción: El usuario regresó al menú principal desde la vista de configuraciones.
[2025-07-06 13:23:23] Usuario: Juan Lopez (Rol: Administrador) Acción: Accedió a la sección de Pedidos
[2025-07-06 13:23:37] Usuario: Juan Lopez (Rol: Administrador) Acción: El usuario ha iniciado sesión.
[2025-07-06 13:23:37] Usuario: Juan Lopez (Rol: Administrador) Acción: Accedió a la sección de Pedidos
[2025-07-06 13:31:57] Usuario: null (Rol: Sin rol) Acción: Intento de login fallido con DNI: 12345678
[2025-07-06 13:32:02] Usuario: Juan Lopez (Rol: Administrador) Acción: El usuario ha iniciado sesión.
[2025-07-06 13:32:04] Usuario: Juan Lopez (Rol: Administrador) Acción: Accedió a la sección de Pedidos
[2025-07-06 13:36:49] Usuario: Juan Lopez (Rol: Administrador) Acción: El usuario ha iniciado sesión.
[2025-07-06 13:36:52] Usuario: Juan Lopez (Rol: Administrador) Acción: Accedió a la sección de Pedidos
[2025-07-06 13:42:29] Usuario: Juan Lopez (Rol: Administrador) Acción: El usuario ha iniciado sesión.
[2025-07-06 13:42:31] Usuario: Juan Lopez (Rol: Administrador) Acción: Accedió a la sección de Pedidos
[2025-07-06 13:48:48] Usuario: Juan Lopez (Rol: Administrador) Acción: El usuario ha iniciado sesión.
[2025-07-06 13:48:51] Usuario: Juan Lopez (Rol: Administrador) Acción: Accedió a la sección de Pedidos
[2025-07-06 13:49:09] Usuario: Juan Lopez (Rol: Administrador) Acción: El usuario ha iniciado sesión.
[2025-07-06 13:49:10] Usuario: Juan Lopez (Rol: Administrador) Acción: Accedió a la sección de Pedidos
[2025-07-06 13:49:28] Usuario: Juan Lopez (Rol: Administrador) Acción: Accedió a nuevo cliente.
[2025-07-06 13:49:30] Usuario: Juan Lopez (Rol: Administrador) Acción: Operación de cliente cancelada.
[2025-07-06 13:49:36] Usuario: Juan Lopez (Rol: Administrador) Acción: Pedido modificado: DNI Cliente = Pedido(numeroPedido=2, cliente=Cliente(dni=44280200, nombre=Martín, apellido=Schonberger, telefono=3751366634, direccion=Junin 2462 3B, correo=mschonberger11@gmail.com), empleadoAsignado=Julieta Ibaez, formaEntrega=Retira del local, fechaEntrega=2025-07-04, estadoPedido=Hecho, descripcion=1 Mousse de Limón
3 Tarta de Fresa
, totalPedido=0)
[2025-07-06 13:50:01] Usuario: Juan Lopez (Rol: Administrador) Acción: Catálogo abierto correctamente.
[2025-07-06 13:50:05] Usuario: Juan Lopez (Rol: Administrador) Acción: Pedido creado: Martín con productos: [Mousse de Limón, Tarta de Fresa, Pastel de Chocolate, Trufas de Chocolate, Galletas de Vainilla]
[2025-07-06 13:50:05] Usuario: Juan Lopez (Rol: Administrador) Acción: Pedido creado: Martín con productos: [Mousse de Limón, Tarta de Fresa, Pastel de Chocolate, Trufas de Chocolate, Galletas de Vainilla]
[2025-07-06 13:50:09] Usuario: Juan Lopez (Rol: Administrador) Acción: El usuario ha iniciado sesión.
[2025-07-06 13:50:10] Usuario: Juan Lopez (Rol: Administrador) Acción: Accedió a la sección de Pedidos
[2025-07-06 13:50:26] Usuario: Juan Lopez (Rol: Administrador) Acción: El usuario ha iniciado sesión.
[2025-07-06 13:50:27] Usuario: Juan Lopez (Rol: Administrador) Acción: Accedió a la sección de Pedidos
[2025-07-06 13:54:11] Usuario: Juan Lopez (Rol: Administrador) Acción: El usuario ha iniciado sesión.
[2025-07-06 13:54:12] Usuario: Juan Lopez (Rol: Administrador) Acción: Accedió a la sección de Pedidos
[2025-07-06 13:55:20] Usuario: Juan Lopez (Rol: Administrador) Acción: El usuario ha iniciado sesión.
[2025-07-06 13:55:21] Usuario: Juan Lopez (Rol: Administrador) Acción: Accedió a la sección de Pedidos
[2025-07-06 13:55:49] Usuario: Juan Lopez (Rol: Administrador) Acción: El usuario ha iniciado sesión.
[2025-07-06 13:55:50] Usuario: Juan Lopez (Rol: Administrador) Acción: Accedió a la sección de Pedidos
[2025-07-06 13:56:03] Usuario: Juan Lopez (Rol: Administrador) Acción: El usuario ha iniciado sesión.
[2025-07-06 13:56:04] Usuario: Juan Lopez (Rol: Administrador) Acción: Accedió a la sección de Pedidos
[2025-07-06 13:56:23] Usuario: Juan Lopez (Rol: Administrador) Acción: El usuario ha iniciado sesión.
[2025-07-06 13:56:24] Usuario: Juan Lopez (Rol: Administrador) Acción: Accedió a la sección de Pedidos
[2025-07-06 13:57:07] Usuario: Juan Lopez (Rol: Administrador) Acción: El usuario ha iniciado sesión.
[2025-07-06 13:57:08] Usuario: Juan Lopez (Rol: Administrador) Acción: Accedió a la sección de Pedidos
[2025-07-06 13:57:35] Usuario: Juan Lopez (Rol: Administrador) Acción: El usuario ha iniciado sesión.
[2025-07-06 13:57:36] Usuario: Juan Lopez (Rol: Administrador) Acción: Accedió a la sección de Pedidos
